2026-02-22 13:59:25,719 | WARNING | Missing ask price for aec-nba-cle-okc-2026-02-22 or KXNBAGAME-26FEB22CLEOKC-CLE. Skipping double buy arb.
2026-02-22 13:59:25,719 | WARNING | Missing ask price for aec-nba-bkn-atl-2026-02-22 or KXNBAGAME-26FEB22BKNATL-BKN. Skipping double buy arb.
2026-02-22 13:59:25,719 | WARNING | Missing ask price for aec-nba-den-gs-2026-02-22 or KXNBAGAME-26FEB22DENGSW-DEN. Skipping double buy arb.
2026-02-22 13:59:25,719 | WARNING | Missing ask price for aec-nba-tor-mil-2026-02-22 or KXNBAGAME-26FEB22TORMIL-TOR. Skipping double buy arb.
2026-02-22 13:59:25,719 | WARNING | Missing ask price for aec-nba-dal-ind-2026-02-22 or KXNBAGAME-26FEB22DALIND-DAL. Skipping double buy arb.
2026-02-22 13:59:25,719 | WARNING | Missing ask price for aec-nba-cha-was-2026-02-22 or KXNBAGAME-26FEB22CHAWAS-CHA. Skipping double buy arb.
2026-02-22 13:59:25,719 | WARNING | Missing ask price for aec-nba-bos-lal-2026-02-22 or KXNBAGAME-26FEB22BOSLAL-BOS. Skipping double buy arb.
2026-02-22 13:59:25,719 | WARNING | Missing ask price for aec-nba-phi-min-2026-02-22 or KXNBAGAME-26FEB22PHIMIN-PHI. Skipping double buy arb.
2026-02-22 13:59:25,719 | WARNING | Missing ask price for aec-nba-ny-chi-2026-02-22 or KXNBAGAME-26FEB22NYKCHI-NYK. Skipping double buy arb.
2026-02-22 13:59:25,719 | WARNING | Missing ask price for aec-nba-por-pho-2026-02-22 or KXNBAGAME-26FEB22PORPHX-POR. Skipping double buy arb.
2026-02-22 13:59:25,719 | WARNING | Missing ask price for aec-nba-orl-lac-2026-02-22 or KXNBAGAME-26FEB22ORLLAC-ORL. Skipping double buy arb.
2026-02-22 14:09:58,354 | WARNING | Missing ask price for aec-nba-cle-okc-2026-02-22 or KXNBAGAME-26FEB22CLEOKC-CLE. Skipping double buy arb.
2026-02-22 14:09:58,354 | WARNING | Missing ask price for aec-nba-bkn-atl-2026-02-22 or KXNBAGAME-26FEB22BKNATL-BKN. Skipping double buy arb.
2026-02-22 14:09:58,354 | WARNING | Missing ask price for aec-nba-den-gs-2026-02-22 or KXNBAGAME-26FEB22DENGSW-DEN. Skipping double buy arb.
2026-02-22 14:09:58,354 | WARNING | Missing ask price for aec-nba-tor-mil-2026-02-22 or KXNBAGAME-26FEB22TORMIL-TOR. Skipping double buy arb.
2026-02-22 14:09:58,354 | WARNING | Missing ask price for aec-nba-dal-ind-2026-02-22 or KXNBAGAME-26FEB22DALIND-DAL. Skipping double buy arb.
2026-02-22 14:09:58,354 | WARNING | Missing ask price for aec-nba-cha-was-2026-02-22 or KXNBAGAME-26FEB22CHAWAS-CHA. Skipping double buy arb.
2026-02-22 14:09:58,354 | WARNING | Missing ask price for aec-nba-bos-lal-2026-02-22 or KXNBAGAME-26FEB22BOSLAL-BOS. Skipping double buy arb.
2026-02-22 14:09:58,354 | WARNING | Missing ask price for aec-nba-phi-min-2026-02-22 or KXNBAGAME-26FEB22PHIMIN-PHI. Skipping double buy arb.
2026-02-22 14:09:58,354 | WARNING | Missing ask price for aec-nba-ny-chi-2026-02-22 or KXNBAGAME-26FEB22NYKCHI-NYK. Skipping double buy arb.
2026-02-22 14:09:58,354 | WARNING | Missing ask price for aec-nba-por-pho-2026-02-22 or KXNBAGAME-26FEB22PORPHX-POR. Skipping double buy arb.
2026-02-22 14:09:58,354 | WARNING | Missing ask price for aec-nba-orl-lac-2026-02-22 or KXNBAGAME-26FEB22ORLLAC-ORL. Skipping double buy arb.
2026-02-22 14:35:45,600 | WARNING | Missing ask price for aec-nba-cle-okc-2026-02-22 or KXNBAGAME-26FEB22CLEOKC-CLE. Skipping double buy arb.
2026-02-22 14:35:45,601 | WARNING | Missing ask price for aec-nba-bkn-atl-2026-02-22 or KXNBAGAME-26FEB22BKNATL-BKN. Skipping double buy arb.
2026-02-22 14:35:45,601 | WARNING | Missing ask price for aec-nba-den-gs-2026-02-22 or KXNBAGAME-26FEB22DENGSW-DEN. Skipping double buy arb.
2026-02-22 14:35:45,601 | WARNING | Missing ask price for aec-nba-tor-mil-2026-02-22 or KXNBAGAME-26FEB22TORMIL-TOR. Skipping double buy arb.
2026-02-22 14:35:45,601 | WARNING | Missing ask price for aec-nba-dal-ind-2026-02-22 or KXNBAGAME-26FEB22DALIND-DAL. Skipping double buy arb.
2026-02-22 14:35:45,601 | WARNING | Missing ask price for aec-nba-cha-was-2026-02-22 or KXNBAGAME-26FEB22CHAWAS-CHA. Skipping double buy arb.
2026-02-22 14:35:45,601 | WARNING | Missing ask price for aec-nba-bos-lal-2026-02-22 or KXNBAGAME-26FEB22BOSLAL-BOS. Skipping double buy arb.
2026-02-22 14:35:45,601 | WARNING | Missing ask price for aec-nba-phi-min-2026-02-22 or KXNBAGAME-26FEB22PHIMIN-PHI. Skipping double buy arb.
2026-02-22 14:35:45,601 | WARNING | Missing ask price for aec-nba-ny-chi-2026-02-22 or KXNBAGAME-26FEB22NYKCHI-NYK. Skipping double buy arb.
2026-02-22 14:35:45,601 | WARNING | Missing ask price for aec-nba-por-pho-2026-02-22 or KXNBAGAME-26FEB22PORPHX-POR. Skipping double buy arb.
2026-02-22 14:35:45,601 | WARNING | Missing ask price for aec-nba-orl-lac-2026-02-22 or KXNBAGAME-26FEB22ORLLAC-ORL. Skipping double buy arb.
2026-02-22 14:38:41,095 | INFO | {'type': 'double_sell', 'total_sale': Decimal('1.010000000000000064392935428'), 'profit': Decimal('0.010000000000000064392935428'), 'poly_id': 'aec-nba-cle-okc-2026-02-22'}
2026-02-22 14:38:59,123 | INFO | {'type': 'double_sell', 'total_sale': Decimal('1.010000000000000064392935428'), 'profit': Decimal('0.010000000000000064392935428'), 'poly_id': 'aec-nba-cle-okc-2026-02-22'}
2026-02-22 14:39:47,175 | INFO | {'type': 'same_side', 'direction': 'buy_poly_sell_kalshi', 'poly_id': 'aec-nba-cle-okc-2026-02-22-inverse', 'kalshi_ticker': 'KXNBAGAME-26FEB22CLEOKC-OKC', 'buy_price': Decimal('0.330'), 'sell_price': Decimal('0.34999999999999997779553950749686919152736663818359375'), 'edge': Decimal('0.01999999999999997779553950750'), 'size': Decimal('1.000')}
2026-02-22 14:39:47,175 | INFO | {'type': 'double_sell', 'total_sale': Decimal('1.019999999999999977795539507'), 'profit': Decimal('0.019999999999999977795539507'), 'poly_id': 'aec-nba-cle-okc-2026-02-22'}
2026-02-22 14:39:48,177 | INFO | {'type': 'same_side', 'direction': 'buy_kalshi_sell_poly', 'poly_id': 'aec-nba-cle-okc-2026-02-22', 'kalshi_ticker': 'KXNBAGAME-26FEB22CLEOKC-CLE', 'buy_price': Decimal('0.6400'), 'sell_price': Decimal('0.670'), 'edge': Decimal('0.0300'), 'size': Decimal('1.000')}
2026-02-22 14:39:48,177 | INFO | {'type': 'same_side', 'direction': 'buy_poly_sell_kalshi', 'poly_id': 'aec-nba-cle-okc-2026-02-22-inverse', 'kalshi_ticker': 'KXNBAGAME-26FEB22CLEOKC-OKC', 'buy_price': Decimal('0.330'), 'sell_price': Decimal('0.34999999999999997779553950749686919152736663818359375'), 'edge': Decimal('0.01999999999999997779553950750'), 'size': Decimal('1.000')}
2026-02-22 14:39:48,177 | INFO | {'type': 'double_buy', 'total_cost': Decimal('0.9700'), 'profit': Decimal('0.0300'), 'poly_id': 'aec-nba-cle-okc-2026-02-22'}
2026-02-22 14:39:48,177 | INFO | {'type': 'double_sell', 'total_sale': Decimal('1.019999999999999977795539507'), 'profit': Decimal('0.019999999999999977795539507'), 'poly_id': 'aec-nba-cle-okc-2026-02-22'}
2026-02-22 14:43:00,395 | INFO | {'type': 'double_sell', 'total_sale': Decimal('1.010000000000000008881784197'), 'profit': Decimal('0.010000000000000008881784197'), 'poly_id': 'aec-nba-cle-okc-2026-02-22'}
2026-02-22 14:45:38,342 | INFO | {'type': 'double_sell', 'total_sale': Decimal('1.010000000000000008881784197'), 'profit': Decimal('0.010000000000000008881784197'), 'poly_id': 'aec-nba-cle-okc-2026-02-22'}
2026-02-22 14:46:19,521 | INFO | {'type': 'double_sell', 'total_sale': Decimal('1.010000000000000064392935428'), 'profit': Decimal('0.010000000000000064392935428'), 'poly_id': 'aec-nba-cle-okc-2026-02-22'}
2026-02-22 14:46:20,539 | INFO | {'type': 'double_sell', 'total_sale': Decimal('1.010000000000000064392935428'), 'profit': Decimal('0.010000000000000064392935428'), 'poly_id': 'aec-nba-cle-okc-2026-02-22'}
2026-02-22 14:46:21,539 | INFO | {'type': 'double_sell', 'total_sale': Decimal('1.010000000000000064392935428'), 'profit': Decimal('0.010000000000000064392935428'), 'poly_id': 'aec-nba-cle-okc-2026-02-22'}
2026-02-22 14:46:22,516 | INFO | {'type': 'double_sell', 'total_sale': Decimal('1.010000000000000064392935428'), 'profit': Decimal('0.010000000000000064392935428'), 'poly_id': 'aec-nba-cle-okc-2026-02-22'}
2026-02-22 14:46:23,527 | INFO | {'type': 'double_sell', 'total_sale': Decimal('1.010000000000000064392935428'), 'profit': Decimal('0.010000000000000064392935428'), 'poly_id': 'aec-nba-cle-okc-2026-02-22'}
2026-02-22 14:47:52,543 | INFO | {'type': 'double_buy', 'total_cost': Decimal('0.9800'), 'profit': Decimal('0.0200'), 'poly_id': 'aec-nba-cle-okc-2026-02-22'}
2026-02-22 14:49:38,670 | INFO | {'type': 'double_sell', 'total_sale': Decimal('1.010000000000000008881784197'), 'profit': Decimal('0.010000000000000008881784197'), 'poly_id': 'aec-nba-cle-okc-2026-02-22'}
2026-02-22 14:49:39,669 | INFO | {'type': 'double_sell', 'total_sale': Decimal('1.010000000000000008881784197'), 'profit': Decimal('0.010000000000000008881784197'), 'poly_id': 'aec-nba-cle-okc-2026-02-22'}
2026-02-22 14:50:16,735 | INFO | {'type': 'double_buy', 'total_cost': Decimal('0.9800'), 'profit': Decimal('0.0200'), 'poly_id': 'aec-nba-cle-okc-2026-02-22'}
2026-02-22 14:50:17,725 | INFO | {'type': 'double_buy', 'total_cost': Decimal('0.9700'), 'profit': Decimal('0.0300'), 'poly_id': 'aec-nba-cle-okc-2026-02-22'}
2026-02-22 14:50:18,718 | INFO | {'type': 'double_buy', 'total_cost': Decimal('0.9700'), 'profit': Decimal('0.0300'), 'poly_id': 'aec-nba-cle-okc-2026-02-22'}
2026-02-22 14:50:35,770 | INFO | {'type': 'same_side', 'direction': 'buy_poly_sell_kalshi', 'poly_id': 'aec-nba-cle-okc-2026-02-22-inverse', 'kalshi_ticker': 'KXNBAGAME-26FEB22CLEOKC-OKC', 'buy_price': Decimal('0.390'), 'sell_price': Decimal('0.40000000000000002220446049250313080847263336181640625'), 'edge': Decimal('0.01000000000000002220446049250'), 'size': Decimal('1.000')}
2026-02-22 14:50:35,770 | INFO | {'type': 'double_sell', 'total_sale': Decimal('1.010000000000000022204460493'), 'profit': Decimal('0.010000000000000022204460493'), 'poly_id': 'aec-nba-cle-okc-2026-02-22'}
2026-02-22 14:50:36,768 | INFO | {'type': 'same_side', 'direction': 'buy_poly_sell_kalshi', 'poly_id': 'aec-nba-cle-okc-2026-02-22-inverse', 'kalshi_ticker': 'KXNBAGAME-26FEB22CLEOKC-OKC', 'buy_price': Decimal('0.390'), 'sell_price': Decimal('0.40000000000000002220446049250313080847263336181640625'), 'edge': Decimal('0.01000000000000002220446049250'), 'size': Decimal('1.000')}
2026-02-22 14:50:36,768 | INFO | {'type': 'double_sell', 'total_sale': Decimal('1.010000000000000022204460493'), 'profit': Decimal('0.010000000000000022204460493'), 'poly_id': 'aec-nba-cle-okc-2026-02-22'}
2026-02-22 14:52:18,176 | INFO | {'type': 'same_side', 'direction': 'buy_kalshi_sell_poly', 'poly_id': 'aec-nba-cle-okc-2026-02-22', 'kalshi_ticker': 'KXNBAGAME-26FEB22CLEOKC-CLE', 'buy_price': Decimal('0.6400'), 'sell_price': Decimal('0.660'), 'edge': Decimal('0.0200'), 'size': Decimal('758.000')}
2026-02-22 14:52:18,176 | INFO | {'type': 'double_buy', 'total_cost': Decimal('0.9800'), 'profit': Decimal('0.0200'), 'poly_id': 'aec-nba-cle-okc-2026-02-22'}
2026-02-22 14:52:19,180 | INFO | {'type': 'same_side', 'direction': 'buy_kalshi_sell_poly', 'poly_id': 'aec-nba-cle-okc-2026-02-22', 'kalshi_ticker': 'KXNBAGAME-26FEB22CLEOKC-CLE', 'buy_price': Decimal('0.6400'), 'sell_price': Decimal('0.660'), 'edge': Decimal('0.0200'), 'size': Decimal('758.000')}
2026-02-22 14:52:19,180 | INFO | {'type': 'double_buy', 'total_cost': Decimal('0.9800'), 'profit': Decimal('0.0200'), 'poly_id': 'aec-nba-cle-okc-2026-02-22'}
2026-02-22 14:52:20,169 | INFO | {'type': 'same_side', 'direction': 'buy_kalshi_sell_poly', 'poly_id': 'aec-nba-cle-okc-2026-02-22', 'kalshi_ticker': 'KXNBAGAME-26FEB22CLEOKC-CLE', 'buy_price': Decimal('0.6400'), 'sell_price': Decimal('0.660'), 'edge': Decimal('0.0200'), 'size': Decimal('753.000')}
2026-02-22 14:52:20,169 | INFO | {'type': 'double_buy', 'total_cost': Decimal('0.9800'), 'profit': Decimal('0.0200'), 'poly_id': 'aec-nba-cle-okc-2026-02-22'}
2026-02-22 14:52:21,187 | INFO | {'type': 'same_side', 'direction': 'buy_kalshi_sell_poly', 'poly_id': 'aec-nba-cle-okc-2026-02-22', 'kalshi_ticker': 'KXNBAGAME-26FEB22CLEOKC-CLE', 'buy_price': Decimal('0.6400'), 'sell_price': Decimal('0.660'), 'edge': Decimal('0.0200'), 'size': Decimal('724.000')}
2026-02-22 14:52:21,187 | INFO | {'type': 'double_buy', 'total_cost': Decimal('0.9800'), 'profit': Decimal('0.0200'), 'poly_id': 'aec-nba-cle-okc-2026-02-22'}
2026-02-22 14:52:22,195 | INFO | {'type': 'same_side', 'direction': 'buy_kalshi_sell_poly', 'poly_id': 'aec-nba-cle-okc-2026-02-22', 'kalshi_ticker': 'KXNBAGAME-26FEB22CLEOKC-CLE', 'buy_price': Decimal('0.6400'), 'sell_price': Decimal('0.660'), 'edge': Decimal('0.0200'), 'size': Decimal('724.000')}
2026-02-22 14:52:22,195 | INFO | {'type': 'double_buy', 'total_cost': Decimal('0.9800'), 'profit': Decimal('0.0200'), 'poly_id': 'aec-nba-cle-okc-2026-02-22'}
2026-02-22 14:52:23,193 | INFO | {'type': 'same_side', 'direction': 'buy_kalshi_sell_poly', 'poly_id': 'aec-nba-cle-okc-2026-02-22', 'kalshi_ticker': 'KXNBAGAME-26FEB22CLEOKC-CLE', 'buy_price': Decimal('0.6400'), 'sell_price': Decimal('0.660'), 'edge': Decimal('0.0200'), 'size': Decimal('724.000')}
2026-02-22 14:52:23,194 | INFO | {'type': 'double_buy', 'total_cost': Decimal('0.9800'), 'profit': Decimal('0.0200'), 'poly_id': 'aec-nba-cle-okc-2026-02-22'}
2026-02-22 14:52:24,195 | INFO | {'type': 'same_side', 'direction': 'buy_kalshi_sell_poly', 'poly_id': 'aec-nba-cle-okc-2026-02-22', 'kalshi_ticker': 'KXNBAGAME-26FEB22CLEOKC-CLE', 'buy_price': Decimal('0.6400'), 'sell_price': Decimal('0.660'), 'edge': Decimal('0.0200'), 'size': Decimal('724.000')}
2026-02-22 14:52:24,195 | INFO | {'type': 'double_buy', 'total_cost': Decimal('0.9800'), 'profit': Decimal('0.0200'), 'poly_id': 'aec-nba-cle-okc-2026-02-22'}
2026-02-22 14:52:25,192 | INFO | {'type': 'same_side', 'direction': 'buy_kalshi_sell_poly', 'poly_id': 'aec-nba-cle-okc-2026-02-22', 'kalshi_ticker': 'KXNBAGAME-26FEB22CLEOKC-CLE', 'buy_price': Decimal('0.6400'), 'sell_price': Decimal('0.660'), 'edge': Decimal('0.0200'), 'size': Decimal('724.000')}
2026-02-22 14:52:25,194 | INFO | {'type': 'double_buy', 'total_cost': Decimal('0.9800'), 'profit': Decimal('0.0200'), 'poly_id': 'aec-nba-cle-okc-2026-02-22'}
2026-02-22 14:52:26,195 | INFO | {'type': 'same_side', 'direction': 'buy_kalshi_sell_poly', 'poly_id': 'aec-nba-cle-okc-2026-02-22', 'kalshi_ticker': 'KXNBAGAME-26FEB22CLEOKC-CLE', 'buy_price': Decimal('0.6400'), 'sell_price': Decimal('0.660'), 'edge': Decimal('0.0200'), 'size': Decimal('724.000')}
2026-02-22 14:52:26,195 | INFO | {'type': 'double_buy', 'total_cost': Decimal('0.9800'), 'profit': Decimal('0.0200'), 'poly_id': 'aec-nba-cle-okc-2026-02-22'}
2026-02-22 14:52:27,184 | INFO | {'type': 'same_side', 'direction': 'buy_kalshi_sell_poly', 'poly_id': 'aec-nba-cle-okc-2026-02-22', 'kalshi_ticker': 'KXNBAGAME-26FEB22CLEOKC-CLE', 'buy_price': Decimal('0.6400'), 'sell_price': Decimal('0.660'), 'edge': Decimal('0.0200'), 'size': Decimal('724.000')}
2026-02-22 14:52:27,184 | INFO | {'type': 'double_buy', 'total_cost': Decimal('0.9800'), 'profit': Decimal('0.0200'), 'poly_id': 'aec-nba-cle-okc-2026-02-22'}
2026-02-22 14:52:28,187 | INFO | {'type': 'same_side', 'direction': 'buy_kalshi_sell_poly', 'poly_id': 'aec-nba-cle-okc-2026-02-22', 'kalshi_ticker': 'KXNBAGAME-26FEB22CLEOKC-CLE', 'buy_price': Decimal('0.6400'), 'sell_price': Decimal('0.660'), 'edge': Decimal('0.0200'), 'size': Decimal('724.000')}
2026-02-22 14:52:28,187 | INFO | {'type': 'double_buy', 'total_cost': Decimal('0.9800'), 'profit': Decimal('0.0200'), 'poly_id': 'aec-nba-cle-okc-2026-02-22'}
2026-02-22 14:52:29,196 | INFO | {'type': 'same_side', 'direction': 'buy_kalshi_sell_poly', 'poly_id': 'aec-nba-cle-okc-2026-02-22', 'kalshi_ticker': 'KXNBAGAME-26FEB22CLEOKC-CLE', 'buy_price': Decimal('0.6400'), 'sell_price': Decimal('0.660'), 'edge': Decimal('0.0200'), 'size': Decimal('698.000')}
2026-02-22 14:52:29,198 | INFO | {'type': 'double_buy', 'total_cost': Decimal('0.9800'), 'profit': Decimal('0.0200'), 'poly_id': 'aec-nba-cle-okc-2026-02-22'}
2026-02-22 14:52:30,226 | INFO | {'type': 'same_side', 'direction': 'buy_kalshi_sell_poly', 'poly_id': 'aec-nba-cle-okc-2026-02-22', 'kalshi_ticker': 'KXNBAGAME-26FEB22CLEOKC-CLE', 'buy_price': Decimal('0.6400'), 'sell_price': Decimal('0.660'), 'edge': Decimal('0.0200'), 'size': Decimal('690.000')}
2026-02-22 14:52:30,227 | INFO | {'type': 'double_buy', 'total_cost': Decimal('0.9800'), 'profit': Decimal('0.0200'), 'poly_id': 'aec-nba-cle-okc-2026-02-22'}
2026-02-22 14:52:31,217 | INFO | {'type': 'same_side', 'direction': 'buy_kalshi_sell_poly', 'poly_id': 'aec-nba-cle-okc-2026-02-22', 'kalshi_ticker': 'KXNBAGAME-26FEB22CLEOKC-CLE', 'buy_price': Decimal('0.6400'), 'sell_price': Decimal('0.660'), 'edge': Decimal('0.0200'), 'size': Decimal('690.000')}
2026-02-22 14:52:31,217 | INFO | {'type': 'double_buy', 'total_cost': Decimal('0.9800'), 'profit': Decimal('0.0200'), 'poly_id': 'aec-nba-cle-okc-2026-02-22'}
2026-02-22 14:52:32,236 | INFO | {'type': 'same_side', 'direction': 'buy_kalshi_sell_poly', 'poly_id': 'aec-nba-cle-okc-2026-02-22', 'kalshi_ticker': 'KXNBAGAME-26FEB22CLEOKC-CLE', 'buy_price': Decimal('0.6400'), 'sell_price': Decimal('0.660'), 'edge': Decimal('0.0200'), 'size': Decimal('690.000')}
2026-02-22 14:52:32,237 | INFO | {'type': 'double_buy', 'total_cost': Decimal('0.9800'), 'profit': Decimal('0.0200'), 'poly_id': 'aec-nba-cle-okc-2026-02-22'}
2026-02-22 14:52:33,220 | INFO | {'type': 'same_side', 'direction': 'buy_kalshi_sell_poly', 'poly_id': 'aec-nba-cle-okc-2026-02-22', 'kalshi_ticker': 'KXNBAGAME-26FEB22CLEOKC-CLE', 'buy_price': Decimal('0.6400'), 'sell_price': Decimal('0.660'), 'edge': Decimal('0.0200'), 'size': Decimal('690.000')}
2026-02-22 14:52:33,220 | INFO | {'type': 'double_buy', 'total_cost': Decimal('0.9800'), 'profit': Decimal('0.0200'), 'poly_id': 'aec-nba-cle-okc-2026-02-22'}
2026-02-22 14:52:34,217 | INFO | {'type': 'same_side', 'direction': 'buy_kalshi_sell_poly', 'poly_id': 'aec-nba-cle-okc-2026-02-22', 'kalshi_ticker': 'KXNBAGAME-26FEB22CLEOKC-CLE', 'buy_price': Decimal('0.6400'), 'sell_price': Decimal('0.660'), 'edge': Decimal('0.0200'), 'size': Decimal('690.000')}
2026-02-22 14:52:34,217 | INFO | {'type': 'same_side', 'direction': 'buy_poly_sell_kalshi', 'poly_id': 'aec-nba-cle-okc-2026-02-22-inverse', 'kalshi_ticker': 'KXNBAGAME-26FEB22CLEOKC-OKC', 'buy_price': Decimal('0.340'), 'sell_price': Decimal('0.35999999999999998667732370449812151491641998291015625'), 'edge': Decimal('0.01999999999999998667732370450'), 'size': Decimal('690.000')}
2026-02-22 14:52:34,217 | INFO | {'type': 'double_buy', 'total_cost': Decimal('0.9800'), 'profit': Decimal('0.0200'), 'poly_id': 'aec-nba-cle-okc-2026-02-22'}
2026-02-22 14:52:34,217 | INFO | {'type': 'double_sell', 'total_sale': Decimal('1.019999999999999986677323704'), 'profit': Decimal('0.019999999999999986677323704'), 'poly_id': 'aec-nba-cle-okc-2026-02-22'}
2026-02-22 14:52:35,220 | INFO | {'type': 'same_side', 'direction': 'buy_kalshi_sell_poly', 'poly_id': 'aec-nba-cle-okc-2026-02-22', 'kalshi_ticker': 'KXNBAGAME-26FEB22CLEOKC-CLE', 'buy_price': Decimal('0.6400'), 'sell_price': Decimal('0.660'), 'edge': Decimal('0.0200'), 'size': Decimal('632.000')}
2026-02-22 14:52:35,220 | INFO | {'type': 'same_side', 'direction': 'buy_poly_sell_kalshi', 'poly_id': 'aec-nba-cle-okc-2026-02-22-inverse', 'kalshi_ticker': 'KXNBAGAME-26FEB22CLEOKC-OKC', 'buy_price': Decimal('0.340'), 'sell_price': Decimal('0.35999999999999998667732370449812151491641998291015625'), 'edge': Decimal('0.01999999999999998667732370450'), 'size': Decimal('632.000')}
2026-02-22 14:52:35,220 | INFO | {'type': 'double_buy', 'total_cost': Decimal('0.9800'), 'profit': Decimal('0.0200'), 'poly_id': 'aec-nba-cle-okc-2026-02-22'}
2026-02-22 14:52:35,220 | INFO | {'type': 'double_sell', 'total_sale': Decimal('1.019999999999999986677323704'), 'profit': Decimal('0.019999999999999986677323704'), 'poly_id': 'aec-nba-cle-okc-2026-02-22'}
2026-02-22 14:52:36,229 | INFO | {'type': 'same_side', 'direction': 'buy_kalshi_sell_poly', 'poly_id': 'aec-nba-cle-okc-2026-02-22', 'kalshi_ticker': 'KXNBAGAME-26FEB22CLEOKC-CLE', 'buy_price': Decimal('0.6400'), 'sell_price': Decimal('0.660'), 'edge': Decimal('0.0200'), 'size': Decimal('632.000')}
2026-02-22 14:52:36,229 | INFO | {'type': 'same_side', 'direction': 'buy_poly_sell_kalshi', 'poly_id': 'aec-nba-cle-okc-2026-02-22-inverse', 'kalshi_ticker': 'KXNBAGAME-26FEB22CLEOKC-OKC', 'buy_price': Decimal('0.340'), 'sell_price': Decimal('0.35999999999999998667732370449812151491641998291015625'), 'edge': Decimal('0.01999999999999998667732370450'), 'size': Decimal('632.000')}
2026-02-22 14:52:36,229 | INFO | {'type': 'double_buy', 'total_cost': Decimal('0.9800'), 'profit': Decimal('0.0200'), 'poly_id': 'aec-nba-cle-okc-2026-02-22'}
2026-02-22 14:52:36,229 | INFO | {'type': 'double_sell', 'total_sale': Decimal('1.019999999999999986677323704'), 'profit': Decimal('0.019999999999999986677323704'), 'poly_id': 'aec-nba-cle-okc-2026-02-22'}
2026-02-22 14:52:37,244 | INFO | {'type': 'same_side', 'direction': 'buy_kalshi_sell_poly', 'poly_id': 'aec-nba-cle-okc-2026-02-22', 'kalshi_ticker': 'KXNBAGAME-26FEB22CLEOKC-CLE', 'buy_price': Decimal('0.6400'), 'sell_price': Decimal('0.660'), 'edge': Decimal('0.0200'), 'size': Decimal('632.000')}
2026-02-22 14:52:37,245 | INFO | {'type': 'same_side', 'direction': 'buy_poly_sell_kalshi', 'poly_id': 'aec-nba-cle-okc-2026-02-22-inverse', 'kalshi_ticker': 'KXNBAGAME-26FEB22CLEOKC-OKC', 'buy_price': Decimal('0.340'), 'sell_price': Decimal('0.35999999999999998667732370449812151491641998291015625'), 'edge': Decimal('0.01999999999999998667732370450'), 'size': Decimal('632.000')}
2026-02-22 14:52:37,245 | INFO | {'type': 'double_buy', 'total_cost': Decimal('0.9800'), 'profit': Decimal('0.0200'), 'poly_id': 'aec-nba-cle-okc-2026-02-22'}
2026-02-22 14:52:37,245 | INFO | {'type': 'double_sell', 'total_sale': Decimal('1.019999999999999986677323704'), 'profit': Decimal('0.019999999999999986677323704'), 'poly_id': 'aec-nba-cle-okc-2026-02-22'}
2026-02-22 14:52:38,263 | INFO | {'type': 'same_side', 'direction': 'buy_kalshi_sell_poly', 'poly_id': 'aec-nba-cle-okc-2026-02-22', 'kalshi_ticker': 'KXNBAGAME-26FEB22CLEOKC-CLE', 'buy_price': Decimal('0.6400'), 'sell_price': Decimal('0.660'), 'edge': Decimal('0.0200'), 'size': Decimal('632.000')}
2026-02-22 14:52:38,263 | INFO | {'type': 'same_side', 'direction': 'buy_poly_sell_kalshi', 'poly_id': 'aec-nba-cle-okc-2026-02-22-inverse', 'kalshi_ticker': 'KXNBAGAME-26FEB22CLEOKC-OKC', 'buy_price': Decimal('0.340'), 'sell_price': Decimal('0.35999999999999998667732370449812151491641998291015625'), 'edge': Decimal('0.01999999999999998667732370450'), 'size': Decimal('632.000')}
2026-02-22 14:52:38,263 | INFO | {'type': 'double_buy', 'total_cost': Decimal('0.9800'), 'profit': Decimal('0.0200'), 'poly_id': 'aec-nba-cle-okc-2026-02-22'}
2026-02-22 14:52:38,263 | INFO | {'type': 'double_sell', 'total_sale': Decimal('1.019999999999999986677323704'), 'profit': Decimal('0.019999999999999986677323704'), 'poly_id': 'aec-nba-cle-okc-2026-02-22'}
2026-02-22 14:52:48,326 | INFO | {'type': 'same_side', 'direction': 'buy_poly_sell_kalshi', 'poly_id': 'aec-nba-cle-okc-2026-02-22-inverse', 'kalshi_ticker': 'KXNBAGAME-26FEB22CLEOKC-OKC', 'buy_price': Decimal('0.350'), 'sell_price': Decimal('0.36999999999999999555910790149937383830547332763671875'), 'edge': Decimal('0.01999999999999999555910790150'), 'size': 405.0}
2026-02-22 14:52:48,326 | INFO | {'type': 'double_sell', 'total_sale': Decimal('1.019999999999999995559107901'), 'profit': Decimal('0.019999999999999995559107901'), 'poly_id': 'aec-nba-cle-okc-2026-02-22'}
2026-02-22 14:52:49,345 | INFO | {'type': 'same_side', 'direction': 'buy_poly_sell_kalshi', 'poly_id': 'aec-nba-cle-okc-2026-02-22-inverse', 'kalshi_ticker': 'KXNBAGAME-26FEB22CLEOKC-OKC', 'buy_price': Decimal('0.350'), 'sell_price': Decimal('0.36999999999999999555910790149937383830547332763671875'), 'edge': Decimal('0.01999999999999999555910790150'), 'size': 405.0}
2026-02-22 14:52:49,345 | INFO | {'type': 'double_sell', 'total_sale': Decimal('1.019999999999999995559107901'), 'profit': Decimal('0.019999999999999995559107901'), 'poly_id': 'aec-nba-cle-okc-2026-02-22'}
2026-02-22 14:52:50,346 | INFO | {'type': 'same_side', 'direction': 'buy_poly_sell_kalshi', 'poly_id': 'aec-nba-cle-okc-2026-02-22-inverse', 'kalshi_ticker': 'KXNBAGAME-26FEB22CLEOKC-OKC', 'buy_price': Decimal('0.350'), 'sell_price': Decimal('0.36999999999999999555910790149937383830547332763671875'), 'edge': Decimal('0.01999999999999999555910790150'), 'size': 405.0}
2026-02-22 14:52:50,346 | INFO | {'type': 'double_sell', 'total_sale': Decimal('1.019999999999999995559107901'), 'profit': Decimal('0.019999999999999995559107901'), 'poly_id': 'aec-nba-cle-okc-2026-02-22'}
2026-02-22 14:52:51,349 | INFO | {'type': 'same_side', 'direction': 'buy_poly_sell_kalshi', 'poly_id': 'aec-nba-cle-okc-2026-02-22-inverse', 'kalshi_ticker': 'KXNBAGAME-26FEB22CLEOKC-OKC', 'buy_price': Decimal('0.350'), 'sell_price': Decimal('0.36999999999999999555910790149937383830547332763671875'), 'edge': Decimal('0.01999999999999999555910790150'), 'size': 405.0}
2026-02-22 14:52:51,350 | INFO | {'type': 'double_sell', 'total_sale': Decimal('1.019999999999999995559107901'), 'profit': Decimal('0.019999999999999995559107901'), 'poly_id': 'aec-nba-cle-okc-2026-02-22'}
2026-02-22 14:52:52,345 | INFO | {'type': 'same_side', 'direction': 'buy_poly_sell_kalshi', 'poly_id': 'aec-nba-cle-okc-2026-02-22-inverse', 'kalshi_ticker': 'KXNBAGAME-26FEB22CLEOKC-OKC', 'buy_price': Decimal('0.350'), 'sell_price': Decimal('0.36999999999999999555910790149937383830547332763671875'), 'edge': Decimal('0.01999999999999999555910790150'), 'size': 405.0}
2026-02-22 14:52:52,345 | INFO | {'type': 'double_sell', 'total_sale': Decimal('1.019999999999999995559107901'), 'profit': Decimal('0.019999999999999995559107901'), 'poly_id': 'aec-nba-cle-okc-2026-02-22'}
2026-02-22 14:52:53,339 | INFO | {'type': 'same_side', 'direction': 'buy_poly_sell_kalshi', 'poly_id': 'aec-nba-cle-okc-2026-02-22-inverse', 'kalshi_ticker': 'KXNBAGAME-26FEB22CLEOKC-OKC', 'buy_price': Decimal('0.350'), 'sell_price': Decimal('0.36999999999999999555910790149937383830547332763671875'), 'edge': Decimal('0.01999999999999999555910790150'), 'size': 405.0}
2026-02-22 14:52:53,339 | INFO | {'type': 'double_sell', 'total_sale': Decimal('1.019999999999999995559107901'), 'profit': Decimal('0.019999999999999995559107901'), 'poly_id': 'aec-nba-cle-okc-2026-02-22'}
2026-02-22 14:52:54,357 | INFO | {'type': 'same_side', 'direction': 'buy_poly_sell_kalshi', 'poly_id': 'aec-nba-cle-okc-2026-02-22-inverse', 'kalshi_ticker': 'KXNBAGAME-26FEB22CLEOKC-OKC', 'buy_price': Decimal('0.350'), 'sell_price': Decimal('0.36999999999999999555910790149937383830547332763671875'), 'edge': Decimal('0.01999999999999999555910790150'), 'size': 102.0}
2026-02-22 14:52:54,357 | INFO | {'type': 'double_sell', 'total_sale': Decimal('1.019999999999999995559107901'), 'profit': Decimal('0.019999999999999995559107901'), 'poly_id': 'aec-nba-cle-okc-2026-02-22'}
2026-02-22 14:52:55,348 | INFO | {'type': 'same_side', 'direction': 'buy_poly_sell_kalshi', 'poly_id': 'aec-nba-cle-okc-2026-02-22-inverse', 'kalshi_ticker': 'KXNBAGAME-26FEB22CLEOKC-OKC', 'buy_price': Decimal('0.350'), 'sell_price': Decimal('0.36999999999999999555910790149937383830547332763671875'), 'edge': Decimal('0.01999999999999999555910790150'), 'size': 102.0}
2026-02-22 14:52:55,348 | INFO | {'type': 'double_sell', 'total_sale': Decimal('1.019999999999999995559107901'), 'profit': Decimal('0.019999999999999995559107901'), 'poly_id': 'aec-nba-cle-okc-2026-02-22'}
2026-02-22 14:52:56,345 | INFO | {'type': 'same_side', 'direction': 'buy_kalshi_sell_poly', 'poly_id': 'aec-nba-cle-okc-2026-02-22', 'kalshi_ticker': 'KXNBAGAME-26FEB22CLEOKC-CLE', 'buy_price': Decimal('0.6300'), 'sell_price': Decimal('0.650'), 'edge': Decimal('0.0200'), 'size': 500.0}
2026-02-22 14:52:56,345 | INFO | {'type': 'same_side', 'direction': 'buy_poly_sell_kalshi', 'poly_id': 'aec-nba-cle-okc-2026-02-22-inverse', 'kalshi_ticker': 'KXNBAGAME-26FEB22CLEOKC-OKC', 'buy_price': Decimal('0.350'), 'sell_price': Decimal('0.36999999999999999555910790149937383830547332763671875'), 'edge': Decimal('0.01999999999999999555910790150'), 'size': 102.0}
2026-02-22 14:52:56,345 | INFO | {'type': 'double_buy', 'total_cost': Decimal('0.9800'), 'profit': Decimal('0.0200'), 'poly_id': 'aec-nba-cle-okc-2026-02-22'}
2026-02-22 14:52:56,345 | INFO | {'type': 'double_sell', 'total_sale': Decimal('1.019999999999999995559107901'), 'profit': Decimal('0.019999999999999995559107901'), 'poly_id': 'aec-nba-cle-okc-2026-02-22'}
2026-02-22 14:52:57,345 | INFO | {'type': 'same_side', 'direction': 'buy_poly_sell_kalshi', 'poly_id': 'aec-nba-cle-okc-2026-02-22-inverse', 'kalshi_ticker': 'KXNBAGAME-26FEB22CLEOKC-OKC', 'buy_price': Decimal('0.350'), 'sell_price': Decimal('0.36999999999999999555910790149937383830547332763671875'), 'edge': Decimal('0.01999999999999999555910790150'), 'size': 102.0}
2026-02-22 14:52:57,345 | INFO | {'type': 'double_sell', 'total_sale': Decimal('1.019999999999999995559107901'), 'profit': Decimal('0.019999999999999995559107901'), 'poly_id': 'aec-nba-cle-okc-2026-02-22'}
2026-02-22 14:53:07,399 | INFO | {'type': 'same_side', 'direction': 'buy_kalshi_sell_poly', 'poly_id': 'aec-nba-cle-okc-2026-02-22', 'kalshi_ticker': 'KXNBAGAME-26FEB22CLEOKC-CLE', 'buy_price': Decimal('0.6300'), 'sell_price': Decimal('0.650'), 'edge': Decimal('0.0200'), 'size': 500.0}
2026-02-22 14:53:07,399 | INFO | {'type': 'double_buy', 'total_cost': Decimal('0.9800'), 'profit': Decimal('0.0200'), 'poly_id': 'aec-nba-cle-okc-2026-02-22'}
2026-02-22 14:54:45,924 | INFO | {'type': 'double_sell', 'total_sale': Decimal('1.010000000000000008881784197'), 'profit': Decimal('0.010000000000000008881784197'), 'poly_id': 'aec-nba-cle-okc-2026-02-22'}
2026-02-22 14:54:46,940 | INFO | {'type': 'double_sell', 'total_sale': Decimal('1.010000000000000008881784197'), 'profit': Decimal('0.010000000000000008881784197'), 'poly_id': 'aec-nba-cle-okc-2026-02-22'}
2026-02-22 14:54:47,941 | INFO | {'type': 'double_sell', 'total_sale': Decimal('1.010000000000000008881784197'), 'profit': Decimal('0.010000000000000008881784197'), 'poly_id': 'aec-nba-cle-okc-2026-02-22'}
2026-02-22 14:54:48,940 | INFO | {'type': 'same_side', 'direction': 'buy_poly_sell_kalshi', 'poly_id': 'aec-nba-cle-okc-2026-02-22-inverse', 'kalshi_ticker': 'KXNBAGAME-26FEB22CLEOKC-OKC', 'buy_price': Decimal('0.370'), 'sell_price': Decimal('0.38000000000000000444089209850062616169452667236328125'), 'edge': Decimal('0.01000000000000000444089209850'), 'size': 151.0}
2026-02-22 14:54:48,940 | INFO | {'type': 'double_sell', 'total_sale': Decimal('1.010000000000000008881784197'), 'profit': Decimal('0.010000000000000008881784197'), 'poly_id': 'aec-nba-cle-okc-2026-02-22'}
2026-02-22 14:54:49,932 | INFO | {'type': 'same_side', 'direction': 'buy_poly_sell_kalshi', 'poly_id': 'aec-nba-cle-okc-2026-02-22-inverse', 'kalshi_ticker': 'KXNBAGAME-26FEB22CLEOKC-OKC', 'buy_price': Decimal('0.370'), 'sell_price': Decimal('0.38000000000000000444089209850062616169452667236328125'), 'edge': Decimal('0.01000000000000000444089209850'), 'size': Decimal('46.000')}
2026-02-22 14:54:49,933 | INFO | {'type': 'double_sell', 'total_sale': Decimal('1.010000000000000008881784197'), 'profit': Decimal('0.010000000000000008881784197'), 'poly_id': 'aec-nba-cle-okc-2026-02-22'}
2026-02-22 14:55:22,951 | INFO | {'type': 'double_buy', 'total_cost': Decimal('0.9800'), 'profit': Decimal('0.0200'), 'poly_id': 'aec-nba-cle-okc-2026-02-22'}
2026-02-22 14:55:59,093 | INFO | {'type': 'same_side', 'direction': 'buy_poly_sell_kalshi', 'poly_id': 'aec-nba-cle-okc-2026-02-22-inverse', 'kalshi_ticker': 'KXNBAGAME-26FEB22CLEOKC-OKC', 'buy_price': Decimal('0.380'), 'sell_price': Decimal('0.39000000000000001332267629550187848508358001708984375'), 'edge': Decimal('0.01000000000000001332267629550'), 'size': Decimal('2.000')}
2026-02-22 14:55:59,094 | INFO | {'type': 'double_sell', 'total_sale': Decimal('1.010000000000000013322676296'), 'profit': Decimal('0.010000000000000013322676296'), 'poly_id': 'aec-nba-cle-okc-2026-02-22'}
2026-02-22 14:56:00,108 | INFO | {'type': 'same_side', 'direction': 'buy_poly_sell_kalshi', 'poly_id': 'aec-nba-cle-okc-2026-02-22-inverse', 'kalshi_ticker': 'KXNBAGAME-26FEB22CLEOKC-OKC', 'buy_price': Decimal('0.380'), 'sell_price': Decimal('0.39000000000000001332267629550187848508358001708984375'), 'edge': Decimal('0.01000000000000001332267629550'), 'size': Decimal('2.000')}
2026-02-22 14:56:00,108 | INFO | {'type': 'double_sell', 'total_sale': Decimal('1.010000000000000013322676296'), 'profit': Decimal('0.010000000000000013322676296'), 'poly_id': 'aec-nba-cle-okc-2026-02-22'}
2026-02-22 14:56:01,113 | INFO | {'type': 'same_side', 'direction': 'buy_poly_sell_kalshi', 'poly_id': 'aec-nba-cle-okc-2026-02-22-inverse', 'kalshi_ticker': 'KXNBAGAME-26FEB22CLEOKC-OKC', 'buy_price': Decimal('0.380'), 'sell_price': Decimal('0.39000000000000001332267629550187848508358001708984375'), 'edge': Decimal('0.01000000000000001332267629550'), 'size': Decimal('2.000')}
2026-02-22 14:56:01,113 | INFO | {'type': 'double_sell', 'total_sale': Decimal('1.010000000000000013322676296'), 'profit': Decimal('0.010000000000000013322676296'), 'poly_id': 'aec-nba-cle-okc-2026-02-22'}
2026-02-22 14:56:58,224 | INFO | {'type': 'same_side', 'direction': 'buy_poly_sell_kalshi', 'poly_id': 'aec-nba-cle-okc-2026-02-22-inverse', 'kalshi_ticker': 'KXNBAGAME-26FEB22CLEOKC-OKC', 'buy_price': Decimal('0.470'), 'sell_price': Decimal('0.4899999999999999911182158029987476766109466552734375'), 'edge': Decimal('0.01999999999999999111821580300'), 'size': 103.0}
2026-02-22 14:56:58,224 | INFO | {'type': 'double_sell', 'total_sale': Decimal('1.019999999999999991118215803'), 'profit': Decimal('0.019999999999999991118215803'), 'poly_id': 'aec-nba-cle-okc-2026-02-22'}
2026-02-22 14:56:59,235 | INFO | {'type': 'same_side', 'direction': 'buy_kalshi_sell_poly', 'poly_id': 'aec-nba-cle-okc-2026-02-22', 'kalshi_ticker': 'KXNBAGAME-26FEB22CLEOKC-CLE', 'buy_price': Decimal('0.5100'), 'sell_price': Decimal('0.530'), 'edge': Decimal('0.0200'), 'size': Decimal('937.000')}
2026-02-22 14:56:59,235 | INFO | {'type': 'double_buy', 'total_cost': Decimal('0.9800'), 'profit': Decimal('0.0200'), 'poly_id': 'aec-nba-cle-okc-2026-02-22'}
2026-02-22 14:57:00,223 | INFO | {'type': 'same_side', 'direction': 'buy_kalshi_sell_poly', 'poly_id': 'aec-nba-cle-okc-2026-02-22', 'kalshi_ticker': 'KXNBAGAME-26FEB22CLEOKC-CLE', 'buy_price': Decimal('0.5100'), 'sell_price': Decimal('0.530'), 'edge': Decimal('0.0200'), 'size': Decimal('937.000')}
2026-02-22 14:57:00,223 | INFO | {'type': 'double_buy', 'total_cost': Decimal('0.9800'), 'profit': Decimal('0.0200'), 'poly_id': 'aec-nba-cle-okc-2026-02-22'}
2026-02-22 14:57:01,221 | INFO | {'type': 'same_side', 'direction': 'buy_kalshi_sell_poly', 'poly_id': 'aec-nba-cle-okc-2026-02-22', 'kalshi_ticker': 'KXNBAGAME-26FEB22CLEOKC-CLE', 'buy_price': Decimal('0.5100'), 'sell_price': Decimal('0.530'), 'edge': Decimal('0.0200'), 'size': Decimal('937.000')}
2026-02-22 14:57:01,221 | INFO | {'type': 'same_side', 'direction': 'buy_poly_sell_kalshi', 'poly_id': 'aec-nba-cle-okc-2026-02-22-inverse', 'kalshi_ticker': 'KXNBAGAME-26FEB22CLEOKC-OKC', 'buy_price': Decimal('0.470'), 'sell_price': Decimal('0.4899999999999999911182158029987476766109466552734375'), 'edge': Decimal('0.01999999999999999111821580300'), 'size': 50.0}
2026-02-22 14:57:01,221 | INFO | {'type': 'double_buy', 'total_cost': Decimal('0.9800'), 'profit': Decimal('0.0200'), 'poly_id': 'aec-nba-cle-okc-2026-02-22'}
2026-02-22 14:57:01,221 | INFO | {'type': 'double_sell', 'total_sale': Decimal('1.019999999999999991118215803'), 'profit': Decimal('0.019999999999999991118215803'), 'poly_id': 'aec-nba-cle-okc-2026-02-22'}
2026-02-22 14:57:02,230 | INFO | {'type': 'same_side', 'direction': 'buy_kalshi_sell_poly', 'poly_id': 'aec-nba-cle-okc-2026-02-22', 'kalshi_ticker': 'KXNBAGAME-26FEB22CLEOKC-CLE', 'buy_price': Decimal('0.5100'), 'sell_price': Decimal('0.530'), 'edge': Decimal('0.0200'), 'size': Decimal('937.000')}
2026-02-22 14:57:02,231 | INFO | {'type': 'same_side', 'direction': 'buy_poly_sell_kalshi', 'poly_id': 'aec-nba-cle-okc-2026-02-22-inverse', 'kalshi_ticker': 'KXNBAGAME-26FEB22CLEOKC-OKC', 'buy_price': Decimal('0.470'), 'sell_price': Decimal('0.4899999999999999911182158029987476766109466552734375'), 'edge': Decimal('0.01999999999999999111821580300'), 'size': 50.0}
2026-02-22 14:57:02,231 | INFO | {'type': 'double_buy', 'total_cost': Decimal('0.9800'), 'profit': Decimal('0.0200'), 'poly_id': 'aec-nba-cle-okc-2026-02-22'}
2026-02-22 14:57:02,231 | INFO | {'type': 'double_sell', 'total_sale': Decimal('1.019999999999999991118215803'), 'profit': Decimal('0.019999999999999991118215803'), 'poly_id': 'aec-nba-cle-okc-2026-02-22'}
2026-02-22 14:57:03,230 | INFO | {'type': 'same_side', 'direction': 'buy_kalshi_sell_poly', 'poly_id': 'aec-nba-cle-okc-2026-02-22', 'kalshi_ticker': 'KXNBAGAME-26FEB22CLEOKC-CLE', 'buy_price': Decimal('0.5100'), 'sell_price': Decimal('0.530'), 'edge': Decimal('0.0200'), 'size': Decimal('937.000')}
2026-02-22 14:57:03,231 | INFO | {'type': 'same_side', 'direction': 'buy_poly_sell_kalshi', 'poly_id': 'aec-nba-cle-okc-2026-02-22-inverse', 'kalshi_ticker': 'KXNBAGAME-26FEB22CLEOKC-OKC', 'buy_price': Decimal('0.470'), 'sell_price': Decimal('0.4899999999999999911182158029987476766109466552734375'), 'edge': Decimal('0.01999999999999999111821580300'), 'size': 50.0}
2026-02-22 14:57:03,231 | INFO | {'type': 'double_buy', 'total_cost': Decimal('0.9800'), 'profit': Decimal('0.0200'), 'poly_id': 'aec-nba-cle-okc-2026-02-22'}
2026-02-22 14:57:03,231 | INFO | {'type': 'double_sell', 'total_sale': Decimal('1.019999999999999991118215803'), 'profit': Decimal('0.019999999999999991118215803'), 'poly_id': 'aec-nba-cle-okc-2026-02-22'}
2026-02-22 14:57:04,250 | INFO | {'type': 'same_side', 'direction': 'buy_kalshi_sell_poly', 'poly_id': 'aec-nba-cle-okc-2026-02-22', 'kalshi_ticker': 'KXNBAGAME-26FEB22CLEOKC-CLE', 'buy_price': Decimal('0.5100'), 'sell_price': Decimal('0.530'), 'edge': Decimal('0.0200'), 'size': Decimal('937.000')}
2026-02-22 14:57:04,250 | INFO | {'type': 'same_side', 'direction': 'buy_poly_sell_kalshi', 'poly_id': 'aec-nba-cle-okc-2026-02-22-inverse', 'kalshi_ticker': 'KXNBAGAME-26FEB22CLEOKC-OKC', 'buy_price': Decimal('0.470'), 'sell_price': Decimal('0.4899999999999999911182158029987476766109466552734375'), 'edge': Decimal('0.01999999999999999111821580300'), 'size': 50.0}
2026-02-22 14:57:04,251 | INFO | {'type': 'double_buy', 'total_cost': Decimal('0.9800'), 'profit': Decimal('0.0200'), 'poly_id': 'aec-nba-cle-okc-2026-02-22'}
2026-02-22 14:57:04,251 | INFO | {'type': 'double_sell', 'total_sale': Decimal('1.019999999999999991118215803'), 'profit': Decimal('0.019999999999999991118215803'), 'poly_id': 'aec-nba-cle-okc-2026-02-22'}
2026-02-22 14:57:05,269 | INFO | {'type': 'same_side', 'direction': 'buy_kalshi_sell_poly', 'poly_id': 'aec-nba-cle-okc-2026-02-22', 'kalshi_ticker': 'KXNBAGAME-26FEB22CLEOKC-CLE', 'buy_price': Decimal('0.5100'), 'sell_price': Decimal('0.530'), 'edge': Decimal('0.0200'), 'size': Decimal('937.000')}
2026-02-22 14:57:05,269 | INFO | {'type': 'same_side', 'direction': 'buy_poly_sell_kalshi', 'poly_id': 'aec-nba-cle-okc-2026-02-22-inverse', 'kalshi_ticker': 'KXNBAGAME-26FEB22CLEOKC-OKC', 'buy_price': Decimal('0.470'), 'sell_price': Decimal('0.4899999999999999911182158029987476766109466552734375'), 'edge': Decimal('0.01999999999999999111821580300'), 'size': 50.0}
2026-02-22 14:57:05,269 | INFO | {'type': 'double_buy', 'total_cost': Decimal('0.9800'), 'profit': Decimal('0.0200'), 'poly_id': 'aec-nba-cle-okc-2026-02-22'}
2026-02-22 14:57:05,269 | INFO | {'type': 'double_sell', 'total_sale': Decimal('1.019999999999999991118215803'), 'profit': Decimal('0.019999999999999991118215803'), 'poly_id': 'aec-nba-cle-okc-2026-02-22'}
2026-02-22 14:57:06,284 | INFO | {'type': 'same_side', 'direction': 'buy_kalshi_sell_poly', 'poly_id': 'aec-nba-cle-okc-2026-02-22', 'kalshi_ticker': 'KXNBAGAME-26FEB22CLEOKC-CLE', 'buy_price': Decimal('0.5100'), 'sell_price': Decimal('0.530'), 'edge': Decimal('0.0200'), 'size': Decimal('937.000')}
2026-02-22 14:57:06,284 | INFO | {'type': 'double_buy', 'total_cost': Decimal('0.9800'), 'profit': Decimal('0.0200'), 'poly_id': 'aec-nba-cle-okc-2026-02-22'}
2026-02-22 14:57:07,285 | INFO | {'type': 'same_side', 'direction': 'buy_kalshi_sell_poly', 'poly_id': 'aec-nba-cle-okc-2026-02-22', 'kalshi_ticker': 'KXNBAGAME-26FEB22CLEOKC-CLE', 'buy_price': Decimal('0.5100'), 'sell_price': Decimal('0.530'), 'edge': Decimal('0.0200'), 'size': Decimal('937.000')}
2026-02-22 14:57:07,285 | INFO | {'type': 'double_buy', 'total_cost': Decimal('0.9800'), 'profit': Decimal('0.0200'), 'poly_id': 'aec-nba-cle-okc-2026-02-22'}
2026-02-22 14:57:08,270 | INFO | {'type': 'same_side', 'direction': 'buy_kalshi_sell_poly', 'poly_id': 'aec-nba-cle-okc-2026-02-22', 'kalshi_ticker': 'KXNBAGAME-26FEB22CLEOKC-CLE', 'buy_price': Decimal('0.5100'), 'sell_price': Decimal('0.530'), 'edge': Decimal('0.0200'), 'size': Decimal('937.000')}
2026-02-22 14:57:08,270 | INFO | {'type': 'double_buy', 'total_cost': Decimal('0.9800'), 'profit': Decimal('0.0200'), 'poly_id': 'aec-nba-cle-okc-2026-02-22'}
2026-02-22 14:57:09,291 | INFO | {'type': 'same_side', 'direction': 'buy_kalshi_sell_poly', 'poly_id': 'aec-nba-cle-okc-2026-02-22', 'kalshi_ticker': 'KXNBAGAME-26FEB22CLEOKC-CLE', 'buy_price': Decimal('0.5100'), 'sell_price': Decimal('0.530'), 'edge': Decimal('0.0200'), 'size': Decimal('937.000')}
2026-02-22 14:57:09,291 | INFO | {'type': 'same_side', 'direction': 'buy_poly_sell_kalshi', 'poly_id': 'aec-nba-cle-okc-2026-02-22-inverse', 'kalshi_ticker': 'KXNBAGAME-26FEB22CLEOKC-OKC', 'buy_price': Decimal('0.470'), 'sell_price': Decimal('0.4899999999999999911182158029987476766109466552734375'), 'edge': Decimal('0.01999999999999999111821580300'), 'size': Decimal('937.000')}
2026-02-22 14:57:09,291 | INFO | {'type': 'double_buy', 'total_cost': Decimal('0.9800'), 'profit': Decimal('0.0200'), 'poly_id': 'aec-nba-cle-okc-2026-02-22'}
2026-02-22 14:57:09,291 | INFO | {'type': 'double_sell', 'total_sale': Decimal('1.019999999999999991118215803'), 'profit': Decimal('0.019999999999999991118215803'), 'poly_id': 'aec-nba-cle-okc-2026-02-22'}
2026-02-22 14:57:37,345 | INFO | {'type': 'double_sell', 'total_sale': Decimal('1.010000000000000008881784197'), 'profit': Decimal('0.010000000000000008881784197'), 'poly_id': 'aec-nba-cle-okc-2026-02-22'}
2026-02-22 14:57:43,345 | INFO | {'type': 'double_sell', 'total_sale': Decimal('1.010000000000000008881784197'), 'profit': Decimal('0.010000000000000008881784197'), 'poly_id': 'aec-nba-cle-okc-2026-02-22'}
2026-02-22 14:57:55,364 | INFO | {'type': 'same_side', 'direction': 'buy_poly_sell_kalshi', 'poly_id': 'aec-nba-cle-okc-2026-02-22-inverse', 'kalshi_ticker': 'KXNBAGAME-26FEB22CLEOKC-OKC', 'buy_price': Decimal('0.510'), 'sell_price': Decimal('0.520000000000000017763568394002504646778106689453125'), 'edge': Decimal('0.01000000000000001776356839400'), 'size': Decimal('100.000')}
2026-02-22 14:57:55,364 | INFO | {'type': 'double_sell', 'total_sale': Decimal('1.020000000000000017763568394'), 'profit': Decimal('0.020000000000000017763568394'), 'poly_id': 'aec-nba-cle-okc-2026-02-22'}
2026-02-22 14:57:56,345 | INFO | {'type': 'same_side', 'direction': 'buy_poly_sell_kalshi', 'poly_id': 'aec-nba-cle-okc-2026-02-22-inverse', 'kalshi_ticker': 'KXNBAGAME-26FEB22CLEOKC-OKC', 'buy_price': Decimal('0.510'), 'sell_price': Decimal('0.520000000000000017763568394002504646778106689453125'), 'edge': Decimal('0.01000000000000001776356839400'), 'size': Decimal('100.000')}
2026-02-22 14:57:56,345 | INFO | {'type': 'double_sell', 'total_sale': Decimal('1.020000000000000017763568394'), 'profit': Decimal('0.020000000000000017763568394'), 'poly_id': 'aec-nba-cle-okc-2026-02-22'}
2026-02-22 14:57:57,342 | INFO | {'type': 'same_side', 'direction': 'buy_poly_sell_kalshi', 'poly_id': 'aec-nba-cle-okc-2026-02-22-inverse', 'kalshi_ticker': 'KXNBAGAME-26FEB22CLEOKC-OKC', 'buy_price': Decimal('0.510'), 'sell_price': Decimal('0.520000000000000017763568394002504646778106689453125'), 'edge': Decimal('0.01000000000000001776356839400'), 'size': Decimal('1020.000')}
2026-02-22 14:57:57,342 | INFO | {'type': 'double_sell', 'total_sale': Decimal('1.010000000000000017763568394'), 'profit': Decimal('0.010000000000000017763568394'), 'poly_id': 'aec-nba-cle-okc-2026-02-22'}
2026-02-22 14:57:58,346 | INFO | {'type': 'same_side', 'direction': 'buy_poly_sell_kalshi', 'poly_id': 'aec-nba-cle-okc-2026-02-22-inverse', 'kalshi_ticker': 'KXNBAGAME-26FEB22CLEOKC-OKC', 'buy_price': Decimal('0.510'), 'sell_price': Decimal('0.520000000000000017763568394002504646778106689453125'), 'edge': Decimal('0.01000000000000001776356839400'), 'size': Decimal('1120.000')}
2026-02-22 14:57:58,346 | INFO | {'type': 'double_sell', 'total_sale': Decimal('1.010000000000000017763568394'), 'profit': Decimal('0.010000000000000017763568394'), 'poly_id': 'aec-nba-cle-okc-2026-02-22'}
2026-02-22 14:57:59,351 | INFO | {'type': 'same_side', 'direction': 'buy_poly_sell_kalshi', 'poly_id': 'aec-nba-cle-okc-2026-02-22-inverse', 'kalshi_ticker': 'KXNBAGAME-26FEB22CLEOKC-OKC', 'buy_price': Decimal('0.510'), 'sell_price': Decimal('0.520000000000000017763568394002504646778106689453125'), 'edge': Decimal('0.01000000000000001776356839400'), 'size': Decimal('1120.000')}
2026-02-22 14:57:59,352 | INFO | {'type': 'double_sell', 'total_sale': Decimal('1.010000000000000017763568394'), 'profit': Decimal('0.010000000000000017763568394'), 'poly_id': 'aec-nba-cle-okc-2026-02-22'}
2026-02-22 15:02:26,148 | INFO | {'type': 'same_side', 'direction': 'buy_kalshi_sell_poly', 'poly_id': 'aec-nba-cle-okc-2026-02-22', 'kalshi_ticker': 'KXNBAGAME-26FEB22CLEOKC-CLE', 'buy_price': Decimal('0.4200'), 'sell_price': Decimal('0.460'), 'edge': Decimal('0.0400'), 'size': Decimal('843.000')}
2026-02-22 15:02:26,148 | INFO | {'type': 'same_side', 'direction': 'buy_poly_sell_kalshi', 'poly_id': 'aec-nba-cle-okc-2026-02-22-inverse', 'kalshi_ticker': 'KXNBAGAME-26FEB22CLEOKC-OKC', 'buy_price': Decimal('0.540'), 'sell_price': Decimal('0.56999999999999995115018691649311222136020660400390625'), 'edge': Decimal('0.02999999999999995115018691649'), 'size': Decimal('843.000')}
2026-02-22 15:02:26,148 | INFO | {'type': 'double_buy', 'total_cost': Decimal('0.9600'), 'profit': Decimal('0.0400'), 'poly_id': 'aec-nba-cle-okc-2026-02-22'}
2026-02-22 15:02:26,148 | INFO | {'type': 'double_sell', 'total_sale': Decimal('1.029999999999999951150186916'), 'profit': Decimal('0.029999999999999951150186916'), 'poly_id': 'aec-nba-cle-okc-2026-02-22'}
2026-02-22 15:02:27,138 | INFO | {'type': 'same_side', 'direction': 'buy_kalshi_sell_poly', 'poly_id': 'aec-nba-cle-okc-2026-02-22', 'kalshi_ticker': 'KXNBAGAME-26FEB22CLEOKC-CLE', 'buy_price': Decimal('0.4100'), 'sell_price': Decimal('0.460'), 'edge': Decimal('0.0500'), 'size': Decimal('743.000')}
2026-02-22 15:02:27,138 | INFO | {'type': 'same_side', 'direction': 'buy_poly_sell_kalshi', 'poly_id': 'aec-nba-cle-okc-2026-02-22-inverse', 'kalshi_ticker': 'KXNBAGAME-26FEB22CLEOKC-OKC', 'buy_price': Decimal('0.540'), 'sell_price': Decimal('0.560000000000000053290705182007513940334320068359375'), 'edge': Decimal('0.02000000000000005329070518201'), 'size': Decimal('743.000')}
2026-02-22 15:02:27,138 | INFO | {'type': 'double_buy', 'total_cost': Decimal('0.9500'), 'profit': Decimal('0.0500'), 'poly_id': 'aec-nba-cle-okc-2026-02-22'}
2026-02-22 15:02:27,138 | INFO | {'type': 'double_sell', 'total_sale': Decimal('1.020000000000000053290705182'), 'profit': Decimal('0.020000000000000053290705182'), 'poly_id': 'aec-nba-cle-okc-2026-02-22'}
2026-02-22 15:02:59,220 | INFO | {'type': 'double_sell', 'total_sale': Decimal('1.010000000000000064392935428'), 'profit': Decimal('0.010000000000000064392935428'), 'poly_id': 'aec-nba-cle-okc-2026-02-22'}
2026-02-22 15:03:00,218 | INFO | {'type': 'double_sell', 'total_sale': Decimal('1.010000000000000064392935428'), 'profit': Decimal('0.010000000000000064392935428'), 'poly_id': 'aec-nba-cle-okc-2026-02-22'}
2026-02-22 15:03:01,234 | INFO | {'type': 'double_sell', 'total_sale': Decimal('1.010000000000000064392935428'), 'profit': Decimal('0.010000000000000064392935428'), 'poly_id': 'aec-nba-cle-okc-2026-02-22'}
2026-02-22 15:03:16,220 | INFO | {'type': 'same_side', 'direction': 'buy_poly_sell_kalshi', 'poly_id': 'aec-nba-cle-okc-2026-02-22', 'kalshi_ticker': 'KXNBAGAME-26FEB22CLEOKC-CLE', 'buy_price': Decimal('0.460'), 'sell_price': Decimal('0.479999999999999982236431605997495353221893310546875'), 'edge': Decimal('0.01999999999999998223643160600'), 'size': Decimal('1.000')}
2026-02-22 15:03:16,220 | INFO | {'type': 'same_side', 'direction': 'buy_kalshi_sell_poly', 'poly_id': 'aec-nba-cle-okc-2026-02-22-inverse', 'kalshi_ticker': 'KXNBAGAME-26FEB22CLEOKC-OKC', 'buy_price': Decimal('0.5200'), 'sell_price': Decimal('0.540'), 'edge': Decimal('0.0200'), 'size': Decimal('1.000')}
2026-02-22 15:03:16,220 | INFO | {'type': 'double_buy', 'total_cost': Decimal('0.9800'), 'profit': Decimal('0.0200'), 'poly_id': 'aec-nba-cle-okc-2026-02-22'}
2026-02-22 15:03:16,220 | INFO | {'type': 'double_sell', 'total_sale': Decimal('1.019999999999999982236431606'), 'profit': Decimal('0.019999999999999982236431606'), 'poly_id': 'aec-nba-cle-okc-2026-02-22'}
2026-02-22 15:03:50,315 | INFO | {'type': 'double_sell', 'total_sale': Decimal('1.020000000000000017763568394'), 'profit': Decimal('0.020000000000000017763568394'), 'poly_id': 'aec-nba-cle-okc-2026-02-22'}
2026-02-22 15:03:51,308 | INFO | {'type': 'double_sell', 'total_sale': Decimal('1.020000000000000017763568394'), 'profit': Decimal('0.020000000000000017763568394'), 'poly_id': 'aec-nba-cle-okc-2026-02-22'}
2026-02-22 15:04:53,599 | INFO | {'type': 'double_sell', 'total_sale': Decimal('1.010000000000000008881784197'), 'profit': Decimal('0.010000000000000008881784197'), 'poly_id': 'aec-nba-cle-okc-2026-02-22'}
2026-02-22 15:05:15,596 | INFO | {'type': 'same_side', 'direction': 'buy_poly_sell_kalshi', 'poly_id': 'aec-nba-cle-okc-2026-02-22-inverse', 'kalshi_ticker': 'KXNBAGAME-26FEB22CLEOKC-OKC', 'buy_price': Decimal('0.530'), 'sell_price': Decimal('0.54000000000000003552713678800500929355621337890625'), 'edge': Decimal('0.01000000000000003552713678801'), 'size': Decimal('1.000')}
2026-02-22 15:05:15,598 | INFO | {'type': 'double_sell', 'total_sale': Decimal('1.010000000000000035527136788'), 'profit': Decimal('0.010000000000000035527136788'), 'poly_id': 'aec-nba-cle-okc-2026-02-22'}
2026-02-22 15:05:16,612 | INFO | {'type': 'same_side', 'direction': 'buy_poly_sell_kalshi', 'poly_id': 'aec-nba-cle-okc-2026-02-22-inverse', 'kalshi_ticker': 'KXNBAGAME-26FEB22CLEOKC-OKC', 'buy_price': Decimal('0.530'), 'sell_price': Decimal('0.54000000000000003552713678800500929355621337890625'), 'edge': Decimal('0.01000000000000003552713678801'), 'size': Decimal('1.000')}
2026-02-22 15:05:16,612 | INFO | {'type': 'double_sell', 'total_sale': Decimal('1.010000000000000035527136788'), 'profit': Decimal('0.010000000000000035527136788'), 'poly_id': 'aec-nba-cle-okc-2026-02-22'}
2026-02-22 15:05:17,591 | INFO | {'type': 'same_side', 'direction': 'buy_poly_sell_kalshi', 'poly_id': 'aec-nba-cle-okc-2026-02-22-inverse', 'kalshi_ticker': 'KXNBAGAME-26FEB22CLEOKC-OKC', 'buy_price': Decimal('0.530'), 'sell_price': Decimal('0.5500000000000000444089209850062616169452667236328125'), 'edge': Decimal('0.02000000000000004440892098501'), 'size': Decimal('1.000')}
2026-02-22 15:05:17,591 | INFO | {'type': 'double_sell', 'total_sale': Decimal('1.020000000000000044408920985'), 'profit': Decimal('0.020000000000000044408920985'), 'poly_id': 'aec-nba-cle-okc-2026-02-22'}
2026-02-22 15:05:33,659 | INFO | {'type': 'same_side', 'direction': 'buy_kalshi_sell_poly', 'poly_id': 'aec-nba-cle-okc-2026-02-22', 'kalshi_ticker': 'KXNBAGAME-26FEB22CLEOKC-CLE', 'buy_price': Decimal('0.4700'), 'sell_price': Decimal('0.490'), 'edge': Decimal('0.0200'), 'size': Decimal('1.000')}
2026-02-22 15:05:33,659 | INFO | {'type': 'same_side', 'direction': 'buy_poly_sell_kalshi', 'poly_id': 'aec-nba-cle-okc-2026-02-22-inverse', 'kalshi_ticker': 'KXNBAGAME-26FEB22CLEOKC-OKC', 'buy_price': Decimal('0.510'), 'sell_price': Decimal('0.5300000000000000266453525910037569701671600341796875'), 'edge': Decimal('0.02000000000000002664535259100'), 'size': Decimal('1.000')}
2026-02-22 15:05:33,659 | INFO | {'type': 'double_buy', 'total_cost': Decimal('0.9800'), 'profit': Decimal('0.0200'), 'poly_id': 'aec-nba-cle-okc-2026-02-22'}
2026-02-22 15:05:33,659 | INFO | {'type': 'double_sell', 'total_sale': Decimal('1.020000000000000026645352591'), 'profit': Decimal('0.020000000000000026645352591'), 'poly_id': 'aec-nba-cle-okc-2026-02-22'}
2026-02-22 15:06:15,675 | INFO | {'type': 'same_side', 'direction': 'buy_kalshi_sell_poly', 'poly_id': 'aec-nba-cle-okc-2026-02-22', 'kalshi_ticker': 'KXNBAGAME-26FEB22CLEOKC-CLE', 'buy_price': Decimal('0.3800'), 'sell_price': Decimal('0.420'), 'edge': Decimal('0.0400'), 'size': Decimal('1190.000')}
2026-02-22 15:06:15,675 | INFO | {'type': 'double_buy', 'total_cost': Decimal('0.9600'), 'profit': Decimal('0.0400'), 'poly_id': 'aec-nba-cle-okc-2026-02-22'}
2026-02-22 15:07:03,670 | INFO | {'type': 'same_side', 'direction': 'buy_poly_sell_kalshi', 'poly_id': 'aec-nba-cle-okc-2026-02-22-inverse', 'kalshi_ticker': 'KXNBAGAME-26FEB22CLEOKC-OKC', 'buy_price': Decimal('0.650'), 'sell_price': Decimal('0.66000000000000003108624468950438313186168670654296875'), 'edge': Decimal('0.01000000000000003108624468950'), 'size': Decimal('30.000')}
2026-02-22 15:07:03,670 | INFO | {'type': 'double_sell', 'total_sale': Decimal('1.010000000000000031086244690'), 'profit': Decimal('0.010000000000000031086244690'), 'poly_id': 'aec-nba-cle-okc-2026-02-22'}
2026-02-22 15:07:56,764 | INFO | {'type': 'same_side', 'direction': 'buy_poly_sell_kalshi', 'poly_id': 'aec-nba-cle-okc-2026-02-22-inverse', 'kalshi_ticker': 'KXNBAGAME-26FEB22CLEOKC-OKC', 'buy_price': Decimal('0.640'), 'sell_price': Decimal('0.65000000000000002220446049250313080847263336181640625'), 'edge': Decimal('0.01000000000000002220446049250'), 'size': Decimal('1389.000')}
2026-02-22 15:07:56,764 | INFO | {'type': 'double_sell', 'total_sale': Decimal('1.010000000000000022204460493'), 'profit': Decimal('0.010000000000000022204460493'), 'poly_id': 'aec-nba-cle-okc-2026-02-22'}
2026-02-22 15:07:57,774 | INFO | {'type': 'same_side', 'direction': 'buy_poly_sell_kalshi', 'poly_id': 'aec-nba-cle-okc-2026-02-22-inverse', 'kalshi_ticker': 'KXNBAGAME-26FEB22CLEOKC-OKC', 'buy_price': Decimal('0.640'), 'sell_price': Decimal('0.65000000000000002220446049250313080847263336181640625'), 'edge': Decimal('0.01000000000000002220446049250'), 'size': Decimal('1389.000')}
2026-02-22 15:07:57,774 | INFO | {'type': 'double_sell', 'total_sale': Decimal('1.010000000000000022204460493'), 'profit': Decimal('0.010000000000000022204460493'), 'poly_id': 'aec-nba-cle-okc-2026-02-22'}
2026-02-22 15:07:58,780 | INFO | {'type': 'same_side', 'direction': 'buy_poly_sell_kalshi', 'poly_id': 'aec-nba-cle-okc-2026-02-22-inverse', 'kalshi_ticker': 'KXNBAGAME-26FEB22CLEOKC-OKC', 'buy_price': Decimal('0.640'), 'sell_price': Decimal('0.65000000000000002220446049250313080847263336181640625'), 'edge': Decimal('0.01000000000000002220446049250'), 'size': Decimal('1389.000')}
2026-02-22 15:07:58,781 | INFO | {'type': 'double_sell', 'total_sale': Decimal('1.010000000000000022204460493'), 'profit': Decimal('0.010000000000000022204460493'), 'poly_id': 'aec-nba-cle-okc-2026-02-22'}
2026-02-22 15:07:59,765 | INFO | {'type': 'same_side', 'direction': 'buy_poly_sell_kalshi', 'poly_id': 'aec-nba-cle-okc-2026-02-22-inverse', 'kalshi_ticker': 'KXNBAGAME-26FEB22CLEOKC-OKC', 'buy_price': Decimal('0.640'), 'sell_price': Decimal('0.65000000000000002220446049250313080847263336181640625'), 'edge': Decimal('0.01000000000000002220446049250'), 'size': Decimal('1389.000')}
2026-02-22 15:07:59,765 | INFO | {'type': 'double_sell', 'total_sale': Decimal('1.010000000000000022204460493'), 'profit': Decimal('0.010000000000000022204460493'), 'poly_id': 'aec-nba-cle-okc-2026-02-22'}
2026-02-22 15:08:00,770 | INFO | {'type': 'same_side', 'direction': 'buy_poly_sell_kalshi', 'poly_id': 'aec-nba-cle-okc-2026-02-22-inverse', 'kalshi_ticker': 'KXNBAGAME-26FEB22CLEOKC-OKC', 'buy_price': Decimal('0.640'), 'sell_price': Decimal('0.65000000000000002220446049250313080847263336181640625'), 'edge': Decimal('0.01000000000000002220446049250'), 'size': Decimal('1489.000')}
2026-02-22 15:08:00,770 | INFO | {'type': 'double_sell', 'total_sale': Decimal('1.010000000000000022204460493'), 'profit': Decimal('0.010000000000000022204460493'), 'poly_id': 'aec-nba-cle-okc-2026-02-22'}
2026-02-22 15:08:01,770 | INFO | {'type': 'same_side', 'direction': 'buy_poly_sell_kalshi', 'poly_id': 'aec-nba-cle-okc-2026-02-22-inverse', 'kalshi_ticker': 'KXNBAGAME-26FEB22CLEOKC-OKC', 'buy_price': Decimal('0.640'), 'sell_price': Decimal('0.65000000000000002220446049250313080847263336181640625'), 'edge': Decimal('0.01000000000000002220446049250'), 'size': Decimal('1489.000')}
2026-02-22 15:08:01,770 | INFO | {'type': 'double_sell', 'total_sale': Decimal('1.010000000000000022204460493'), 'profit': Decimal('0.010000000000000022204460493'), 'poly_id': 'aec-nba-cle-okc-2026-02-22'}
2026-02-22 15:08:02,768 | INFO | {'type': 'same_side', 'direction': 'buy_poly_sell_kalshi', 'poly_id': 'aec-nba-cle-okc-2026-02-22-inverse', 'kalshi_ticker': 'KXNBAGAME-26FEB22CLEOKC-OKC', 'buy_price': Decimal('0.640'), 'sell_price': Decimal('0.65000000000000002220446049250313080847263336181640625'), 'edge': Decimal('0.01000000000000002220446049250'), 'size': Decimal('1489.000')}
2026-02-22 15:08:02,768 | INFO | {'type': 'double_sell', 'total_sale': Decimal('1.010000000000000022204460493'), 'profit': Decimal('0.010000000000000022204460493'), 'poly_id': 'aec-nba-cle-okc-2026-02-22'}
2026-02-22 15:08:03,766 | INFO | {'type': 'same_side', 'direction': 'buy_poly_sell_kalshi', 'poly_id': 'aec-nba-cle-okc-2026-02-22-inverse', 'kalshi_ticker': 'KXNBAGAME-26FEB22CLEOKC-OKC', 'buy_price': Decimal('0.640'), 'sell_price': Decimal('0.65000000000000002220446049250313080847263336181640625'), 'edge': Decimal('0.01000000000000002220446049250'), 'size': Decimal('1489.000')}
2026-02-22 15:08:03,766 | INFO | {'type': 'double_sell', 'total_sale': Decimal('1.010000000000000022204460493'), 'profit': Decimal('0.010000000000000022204460493'), 'poly_id': 'aec-nba-cle-okc-2026-02-22'}
2026-02-22 15:08:04,770 | INFO | {'type': 'same_side', 'direction': 'buy_poly_sell_kalshi', 'poly_id': 'aec-nba-cle-okc-2026-02-22-inverse', 'kalshi_ticker': 'KXNBAGAME-26FEB22CLEOKC-OKC', 'buy_price': Decimal('0.640'), 'sell_price': Decimal('0.65000000000000002220446049250313080847263336181640625'), 'edge': Decimal('0.01000000000000002220446049250'), 'size': Decimal('1489.000')}
2026-02-22 15:08:04,770 | INFO | {'type': 'double_sell', 'total_sale': Decimal('1.010000000000000022204460493'), 'profit': Decimal('0.010000000000000022204460493'), 'poly_id': 'aec-nba-cle-okc-2026-02-22'}
2026-02-22 15:08:05,785 | INFO | {'type': 'same_side', 'direction': 'buy_poly_sell_kalshi', 'poly_id': 'aec-nba-cle-okc-2026-02-22-inverse', 'kalshi_ticker': 'KXNBAGAME-26FEB22CLEOKC-OKC', 'buy_price': Decimal('0.640'), 'sell_price': Decimal('0.65000000000000002220446049250313080847263336181640625'), 'edge': Decimal('0.01000000000000002220446049250'), 'size': 1317.0}
2026-02-22 15:08:05,785 | INFO | {'type': 'double_sell', 'total_sale': Decimal('1.010000000000000022204460493'), 'profit': Decimal('0.010000000000000022204460493'), 'poly_id': 'aec-nba-cle-okc-2026-02-22'}
2026-02-22 15:08:06,775 | INFO | {'type': 'double_sell', 'total_sale': Decimal('1.010000000000000008881784197'), 'profit': Decimal('0.010000000000000008881784197'), 'poly_id': 'aec-nba-cle-okc-2026-02-22'}
2026-02-22 15:08:07,776 | INFO | {'type': 'double_sell', 'total_sale': Decimal('1.010000000000000008881784197'), 'profit': Decimal('0.010000000000000008881784197'), 'poly_id': 'aec-nba-cle-okc-2026-02-22'}
2026-02-22 15:08:14,824 | INFO | {'type': 'double_buy', 'total_cost': Decimal('0.9800'), 'profit': Decimal('0.0200'), 'poly_id': 'aec-nba-cle-okc-2026-02-22'}
2026-02-22 15:08:35,885 | INFO | {'type': 'double_buy', 'total_cost': Decimal('0.9800'), 'profit': Decimal('0.0200'), 'poly_id': 'aec-nba-cle-okc-2026-02-22'}
2026-02-22 15:12:56,166 | INFO | {'type': 'double_sell', 'total_sale': Decimal('1.010000000000000008881784197'), 'profit': Decimal('0.010000000000000008881784197'), 'poly_id': 'aec-nba-cle-okc-2026-02-22'}
2026-02-22 15:13:07,168 | INFO | {'type': 'double_buy', 'total_cost': Decimal('0.9700'), 'profit': Decimal('0.0300'), 'poly_id': 'aec-nba-cle-okc-2026-02-22'}
2026-02-22 15:13:44,172 | INFO | {'type': 'same_side', 'direction': 'buy_poly_sell_kalshi', 'poly_id': 'aec-nba-cle-okc-2026-02-22-inverse', 'kalshi_ticker': 'KXNBAGAME-26FEB22CLEOKC-OKC', 'buy_price': Decimal('0.780'), 'sell_price': Decimal('0.79000000000000003552713678800500929355621337890625'), 'edge': Decimal('0.01000000000000003552713678801'), 'size': Decimal('2000.000')}
2026-02-22 15:13:44,172 | INFO | {'type': 'double_sell', 'total_sale': Decimal('1.010000000000000035527136788'), 'profit': Decimal('0.010000000000000035527136788'), 'poly_id': 'aec-nba-cle-okc-2026-02-22'}
2026-02-22 15:13:45,171 | INFO | {'type': 'same_side', 'direction': 'buy_poly_sell_kalshi', 'poly_id': 'aec-nba-cle-okc-2026-02-22-inverse', 'kalshi_ticker': 'KXNBAGAME-26FEB22CLEOKC-OKC', 'buy_price': Decimal('0.780'), 'sell_price': Decimal('0.8000000000000000444089209850062616169452667236328125'), 'edge': Decimal('0.02000000000000004440892098501'), 'size': Decimal('2000.000')}
2026-02-22 15:13:45,172 | INFO | {'type': 'double_sell', 'total_sale': Decimal('1.020000000000000044408920985'), 'profit': Decimal('0.020000000000000044408920985'), 'poly_id': 'aec-nba-cle-okc-2026-02-22'}
2026-02-22 15:13:46,193 | INFO | {'type': 'same_side', 'direction': 'buy_kalshi_sell_poly', 'poly_id': 'aec-nba-cle-okc-2026-02-22', 'kalshi_ticker': 'KXNBAGAME-26FEB22CLEOKC-CLE', 'buy_price': Decimal('0.2000'), 'sell_price': Decimal('0.220'), 'edge': Decimal('0.0200'), 'size': Decimal('2000.000')}
2026-02-22 15:13:46,193 | INFO | {'type': 'same_side', 'direction': 'buy_poly_sell_kalshi', 'poly_id': 'aec-nba-cle-okc-2026-02-22-inverse', 'kalshi_ticker': 'KXNBAGAME-26FEB22CLEOKC-OKC', 'buy_price': Decimal('0.780'), 'sell_price': Decimal('0.8000000000000000444089209850062616169452667236328125'), 'edge': Decimal('0.02000000000000004440892098501'), 'size': Decimal('2000.000')}
2026-02-22 15:13:46,193 | INFO | {'type': 'double_buy', 'total_cost': Decimal('0.9800'), 'profit': Decimal('0.0200'), 'poly_id': 'aec-nba-cle-okc-2026-02-22'}
2026-02-22 15:13:46,193 | INFO | {'type': 'double_sell', 'total_sale': Decimal('1.020000000000000044408920985'), 'profit': Decimal('0.020000000000000044408920985'), 'poly_id': 'aec-nba-cle-okc-2026-02-22'}
2026-02-22 15:13:47,175 | INFO | {'type': 'same_side', 'direction': 'buy_kalshi_sell_poly', 'poly_id': 'aec-nba-cle-okc-2026-02-22', 'kalshi_ticker': 'KXNBAGAME-26FEB22CLEOKC-CLE', 'buy_price': Decimal('0.2000'), 'sell_price': Decimal('0.220'), 'edge': Decimal('0.0200'), 'size': Decimal('2000.000')}
2026-02-22 15:13:47,175 | INFO | {'type': 'same_side', 'direction': 'buy_poly_sell_kalshi', 'poly_id': 'aec-nba-cle-okc-2026-02-22-inverse', 'kalshi_ticker': 'KXNBAGAME-26FEB22CLEOKC-OKC', 'buy_price': Decimal('0.780'), 'sell_price': Decimal('0.8000000000000000444089209850062616169452667236328125'), 'edge': Decimal('0.02000000000000004440892098501'), 'size': 1239.0}
2026-02-22 15:13:47,175 | INFO | {'type': 'double_buy', 'total_cost': Decimal('0.9800'), 'profit': Decimal('0.0200'), 'poly_id': 'aec-nba-cle-okc-2026-02-22'}
2026-02-22 15:13:47,175 | INFO | {'type': 'double_sell', 'total_sale': Decimal('1.020000000000000044408920985'), 'profit': Decimal('0.020000000000000044408920985'), 'poly_id': 'aec-nba-cle-okc-2026-02-22'}
2026-02-22 15:13:48,166 | INFO | {'type': 'same_side', 'direction': 'buy_kalshi_sell_poly', 'poly_id': 'aec-nba-cle-okc-2026-02-22', 'kalshi_ticker': 'KXNBAGAME-26FEB22CLEOKC-CLE', 'buy_price': Decimal('0.1900'), 'sell_price': Decimal('0.220'), 'edge': Decimal('0.0300'), 'size': 100.0}
2026-02-22 15:13:48,167 | INFO | {'type': 'same_side', 'direction': 'buy_poly_sell_kalshi', 'poly_id': 'aec-nba-cle-okc-2026-02-22-inverse', 'kalshi_ticker': 'KXNBAGAME-26FEB22CLEOKC-OKC', 'buy_price': Decimal('0.780'), 'sell_price': Decimal('0.8000000000000000444089209850062616169452667236328125'), 'edge': Decimal('0.02000000000000004440892098501'), 'size': 1289.0}
2026-02-22 15:13:48,167 | INFO | {'type': 'double_buy', 'total_cost': Decimal('0.9700'), 'profit': Decimal('0.0300'), 'poly_id': 'aec-nba-cle-okc-2026-02-22'}
2026-02-22 15:13:48,167 | INFO | {'type': 'double_sell', 'total_sale': Decimal('1.020000000000000044408920985'), 'profit': Decimal('0.020000000000000044408920985'), 'poly_id': 'aec-nba-cle-okc-2026-02-22'}
2026-02-22 15:13:49,179 | INFO | {'type': 'same_side', 'direction': 'buy_kalshi_sell_poly', 'poly_id': 'aec-nba-cle-okc-2026-02-22', 'kalshi_ticker': 'KXNBAGAME-26FEB22CLEOKC-CLE', 'buy_price': Decimal('0.1800'), 'sell_price': Decimal('0.220'), 'edge': Decimal('0.0400'), 'size': 99.0}
2026-02-22 15:13:49,179 | INFO | {'type': 'same_side', 'direction': 'buy_poly_sell_kalshi', 'poly_id': 'aec-nba-cle-okc-2026-02-22-inverse', 'kalshi_ticker': 'KXNBAGAME-26FEB22CLEOKC-OKC', 'buy_price': Decimal('0.780'), 'sell_price': Decimal('0.8000000000000000444089209850062616169452667236328125'), 'edge': Decimal('0.02000000000000004440892098501'), 'size': 1104.0}
2026-02-22 15:13:49,179 | INFO | {'type': 'double_buy', 'total_cost': Decimal('0.9600'), 'profit': Decimal('0.0400'), 'poly_id': 'aec-nba-cle-okc-2026-02-22'}
2026-02-22 15:13:49,179 | INFO | {'type': 'double_sell', 'total_sale': Decimal('1.020000000000000044408920985'), 'profit': Decimal('0.020000000000000044408920985'), 'poly_id': 'aec-nba-cle-okc-2026-02-22'}
2026-02-22 15:13:50,173 | INFO | {'type': 'same_side', 'direction': 'buy_kalshi_sell_poly', 'poly_id': 'aec-nba-cle-okc-2026-02-22', 'kalshi_ticker': 'KXNBAGAME-26FEB22CLEOKC-CLE', 'buy_price': Decimal('0.2000'), 'sell_price': Decimal('0.220'), 'edge': Decimal('0.0200'), 'size': Decimal('1393.000')}
2026-02-22 15:13:50,173 | INFO | {'type': 'same_side', 'direction': 'buy_poly_sell_kalshi', 'poly_id': 'aec-nba-cle-okc-2026-02-22-inverse', 'kalshi_ticker': 'KXNBAGAME-26FEB22CLEOKC-OKC', 'buy_price': Decimal('0.780'), 'sell_price': Decimal('0.8000000000000000444089209850062616169452667236328125'), 'edge': Decimal('0.02000000000000004440892098501'), 'size': 1104.0}
2026-02-22 15:13:50,173 | INFO | {'type': 'double_buy', 'total_cost': Decimal('0.9800'), 'profit': Decimal('0.0200'), 'poly_id': 'aec-nba-cle-okc-2026-02-22'}
2026-02-22 15:13:50,173 | INFO | {'type': 'double_sell', 'total_sale': Decimal('1.020000000000000044408920985'), 'profit': Decimal('0.020000000000000044408920985'), 'poly_id': 'aec-nba-cle-okc-2026-02-22'}
2026-02-22 15:13:51,178 | INFO | {'type': 'same_side', 'direction': 'buy_kalshi_sell_poly', 'poly_id': 'aec-nba-cle-okc-2026-02-22', 'kalshi_ticker': 'KXNBAGAME-26FEB22CLEOKC-CLE', 'buy_price': Decimal('0.2000'), 'sell_price': Decimal('0.220'), 'edge': Decimal('0.0200'), 'size': Decimal('1393.000')}
2026-02-22 15:13:51,179 | INFO | {'type': 'same_side', 'direction': 'buy_poly_sell_kalshi', 'poly_id': 'aec-nba-cle-okc-2026-02-22-inverse', 'kalshi_ticker': 'KXNBAGAME-26FEB22CLEOKC-OKC', 'buy_price': Decimal('0.780'), 'sell_price': Decimal('0.79000000000000003552713678800500929355621337890625'), 'edge': Decimal('0.01000000000000003552713678801'), 'size': Decimal('1393.000')}
2026-02-22 15:13:51,179 | INFO | {'type': 'double_buy', 'total_cost': Decimal('0.9800'), 'profit': Decimal('0.0200'), 'poly_id': 'aec-nba-cle-okc-2026-02-22'}
2026-02-22 15:13:51,179 | INFO | {'type': 'double_sell', 'total_sale': Decimal('1.010000000000000035527136788'), 'profit': Decimal('0.010000000000000035527136788'), 'poly_id': 'aec-nba-cle-okc-2026-02-22'}
2026-02-22 15:13:52,180 | INFO | {'type': 'same_side', 'direction': 'buy_kalshi_sell_poly', 'poly_id': 'aec-nba-cle-okc-2026-02-22', 'kalshi_ticker': 'KXNBAGAME-26FEB22CLEOKC-CLE', 'buy_price': Decimal('0.2000'), 'sell_price': Decimal('0.220'), 'edge': Decimal('0.0200'), 'size': Decimal('1393.000')}
2026-02-22 15:13:52,180 | INFO | {'type': 'same_side', 'direction': 'buy_poly_sell_kalshi', 'poly_id': 'aec-nba-cle-okc-2026-02-22-inverse', 'kalshi_ticker': 'KXNBAGAME-26FEB22CLEOKC-OKC', 'buy_price': Decimal('0.780'), 'sell_price': Decimal('0.79000000000000003552713678800500929355621337890625'), 'edge': Decimal('0.01000000000000003552713678801'), 'size': Decimal('1393.000')}
2026-02-22 15:13:52,180 | INFO | {'type': 'double_buy', 'total_cost': Decimal('0.9800'), 'profit': Decimal('0.0200'), 'poly_id': 'aec-nba-cle-okc-2026-02-22'}
2026-02-22 15:13:52,180 | INFO | {'type': 'double_sell', 'total_sale': Decimal('1.010000000000000035527136788'), 'profit': Decimal('0.010000000000000035527136788'), 'poly_id': 'aec-nba-cle-okc-2026-02-22'}
2026-02-22 15:13:53,171 | INFO | {'type': 'same_side', 'direction': 'buy_kalshi_sell_poly', 'poly_id': 'aec-nba-cle-okc-2026-02-22', 'kalshi_ticker': 'KXNBAGAME-26FEB22CLEOKC-CLE', 'buy_price': Decimal('0.2000'), 'sell_price': Decimal('0.220'), 'edge': Decimal('0.0200'), 'size': 135.0}
2026-02-22 15:13:53,171 | INFO | {'type': 'same_side', 'direction': 'buy_poly_sell_kalshi', 'poly_id': 'aec-nba-cle-okc-2026-02-22-inverse', 'kalshi_ticker': 'KXNBAGAME-26FEB22CLEOKC-OKC', 'buy_price': Decimal('0.780'), 'sell_price': Decimal('0.79000000000000003552713678800500929355621337890625'), 'edge': Decimal('0.01000000000000003552713678801'), 'size': Decimal('1393.000')}
2026-02-22 15:13:53,171 | INFO | {'type': 'double_buy', 'total_cost': Decimal('0.9800'), 'profit': Decimal('0.0200'), 'poly_id': 'aec-nba-cle-okc-2026-02-22'}
2026-02-22 15:13:53,171 | INFO | {'type': 'double_sell', 'total_sale': Decimal('1.010000000000000035527136788'), 'profit': Decimal('0.010000000000000035527136788'), 'poly_id': 'aec-nba-cle-okc-2026-02-22'}
2026-02-22 15:13:54,177 | INFO | {'type': 'same_side', 'direction': 'buy_poly_sell_kalshi', 'poly_id': 'aec-nba-cle-okc-2026-02-22-inverse', 'kalshi_ticker': 'KXNBAGAME-26FEB22CLEOKC-OKC', 'buy_price': Decimal('0.780'), 'sell_price': Decimal('0.79000000000000003552713678800500929355621337890625'), 'edge': Decimal('0.01000000000000003552713678801'), 'size': Decimal('728.000')}
2026-02-22 15:13:54,178 | INFO | {'type': 'double_sell', 'total_sale': Decimal('1.010000000000000035527136788'), 'profit': Decimal('0.010000000000000035527136788'), 'poly_id': 'aec-nba-cle-okc-2026-02-22'}
2026-02-22 15:13:55,186 | INFO | {'type': 'same_side', 'direction': 'buy_poly_sell_kalshi', 'poly_id': 'aec-nba-cle-okc-2026-02-22-inverse', 'kalshi_ticker': 'KXNBAGAME-26FEB22CLEOKC-OKC', 'buy_price': Decimal('0.780'), 'sell_price': Decimal('0.79000000000000003552713678800500929355621337890625'), 'edge': Decimal('0.01000000000000003552713678801'), 'size': Decimal('646.000')}
2026-02-22 15:13:55,186 | INFO | {'type': 'double_sell', 'total_sale': Decimal('1.010000000000000035527136788'), 'profit': Decimal('0.010000000000000035527136788'), 'poly_id': 'aec-nba-cle-okc-2026-02-22'}
2026-02-22 15:13:56,171 | INFO | {'type': 'same_side', 'direction': 'buy_poly_sell_kalshi', 'poly_id': 'aec-nba-cle-okc-2026-02-22-inverse', 'kalshi_ticker': 'KXNBAGAME-26FEB22CLEOKC-OKC', 'buy_price': Decimal('0.780'), 'sell_price': Decimal('0.79000000000000003552713678800500929355621337890625'), 'edge': Decimal('0.01000000000000003552713678801'), 'size': Decimal('646.000')}
2026-02-22 15:13:56,171 | INFO | {'type': 'double_sell', 'total_sale': Decimal('1.010000000000000035527136788'), 'profit': Decimal('0.010000000000000035527136788'), 'poly_id': 'aec-nba-cle-okc-2026-02-22'}
2026-02-22 15:13:57,188 | INFO | {'type': 'same_side', 'direction': 'buy_poly_sell_kalshi', 'poly_id': 'aec-nba-cle-okc-2026-02-22-inverse', 'kalshi_ticker': 'KXNBAGAME-26FEB22CLEOKC-OKC', 'buy_price': Decimal('0.780'), 'sell_price': Decimal('0.79000000000000003552713678800500929355621337890625'), 'edge': Decimal('0.01000000000000003552713678801'), 'size': Decimal('646.000')}
2026-02-22 15:13:57,188 | INFO | {'type': 'double_sell', 'total_sale': Decimal('1.010000000000000035527136788'), 'profit': Decimal('0.010000000000000035527136788'), 'poly_id': 'aec-nba-cle-okc-2026-02-22'}
2026-02-22 15:13:58,178 | INFO | {'type': 'same_side', 'direction': 'buy_poly_sell_kalshi', 'poly_id': 'aec-nba-cle-okc-2026-02-22-inverse', 'kalshi_ticker': 'KXNBAGAME-26FEB22CLEOKC-OKC', 'buy_price': Decimal('0.780'), 'sell_price': Decimal('0.79000000000000003552713678800500929355621337890625'), 'edge': Decimal('0.01000000000000003552713678801'), 'size': Decimal('646.000')}
2026-02-22 15:13:58,178 | INFO | {'type': 'double_sell', 'total_sale': Decimal('1.010000000000000035527136788'), 'profit': Decimal('0.010000000000000035527136788'), 'poly_id': 'aec-nba-cle-okc-2026-02-22'}
2026-02-22 15:14:07,168 | INFO | {'type': 'same_side', 'direction': 'buy_poly_sell_kalshi', 'poly_id': 'aec-nba-cle-okc-2026-02-22', 'kalshi_ticker': 'KXNBAGAME-26FEB22CLEOKC-CLE', 'buy_price': Decimal('0.280'), 'sell_price': Decimal('0.299999999999999988897769753748434595763683319091796875'), 'edge': Decimal('0.01999999999999998889776975375'), 'size': Decimal('204.000')}
2026-02-22 15:14:07,168 | INFO | {'type': 'double_sell', 'total_sale': Decimal('1.019999999999999988897769754'), 'profit': Decimal('0.019999999999999988897769754'), 'poly_id': 'aec-nba-cle-okc-2026-02-22'}
2026-02-22 15:15:55,397 | INFO | {'type': 'double_sell', 'total_sale': Decimal('1.010000000000000008881784197'), 'profit': Decimal('0.010000000000000008881784197'), 'poly_id': 'aec-nba-cle-okc-2026-02-22'}
2026-02-22 17:11:59,682 | WARNING | Missing ask price for aec-nba-cle-okc-2026-02-22 or KXNBAGAME-26FEB22CLEOKC-CLE. Skipping double buy arb.
2026-02-22 17:11:59,682 | WARNING | Missing ask price for aec-nba-bkn-atl-2026-02-22 or KXNBAGAME-26FEB22BKNATL-BKN. Skipping double buy arb.
2026-02-22 17:11:59,682 | WARNING | Missing ask price for aec-nba-den-gs-2026-02-22 or KXNBAGAME-26FEB22DENGSW-DEN. Skipping double buy arb.
2026-02-22 17:11:59,682 | WARNING | Missing ask price for aec-nba-tor-mil-2026-02-22 or KXNBAGAME-26FEB22TORMIL-TOR. Skipping double buy arb.
2026-02-22 17:11:59,682 | WARNING | Missing ask price for aec-nba-dal-ind-2026-02-22 or KXNBAGAME-26FEB22DALIND-DAL. Skipping double buy arb.
2026-02-22 17:11:59,682 | WARNING | Missing ask price for aec-nba-cha-was-2026-02-22 or KXNBAGAME-26FEB22CHAWAS-CHA. Skipping double buy arb.
2026-02-22 17:11:59,682 | WARNING | Missing ask price for aec-nba-bos-lal-2026-02-22 or KXNBAGAME-26FEB22BOSLAL-BOS. Skipping double buy arb.
2026-02-22 17:11:59,682 | WARNING | Missing ask price for aec-nba-phi-min-2026-02-22 or KXNBAGAME-26FEB22PHIMIN-PHI. Skipping double buy arb.
2026-02-22 17:11:59,682 | WARNING | Missing ask price for aec-nba-ny-chi-2026-02-22 or KXNBAGAME-26FEB22NYKCHI-NYK. Skipping double buy arb.
2026-02-22 17:11:59,682 | WARNING | Missing ask price for aec-nba-por-pho-2026-02-22 or KXNBAGAME-26FEB22PORPHX-POR. Skipping double buy arb.
2026-02-22 17:11:59,682 | WARNING | Missing ask price for aec-nba-orl-lac-2026-02-22 or KXNBAGAME-26FEB22ORLLAC-ORL. Skipping double buy arb.
2026-02-22 17:12:00,669 | WARNING | Missing ask price for aec-nba-cle-okc-2026-02-22 or KXNBAGAME-26FEB22CLEOKC-CLE. Skipping double buy arb.
2026-02-22 17:12:01,673 | WARNING | Missing ask price for aec-nba-cle-okc-2026-02-22 or KXNBAGAME-26FEB22CLEOKC-CLE. Skipping double buy arb.
2026-02-22 17:12:01,673 | INFO | {'type': 'same_side', 'direction': 'buy_poly_sell_kalshi', 'poly_id': 'aec-nba-den-gs-2026-02-22', 'kalshi_ticker': 'KXNBAGAME-26FEB22DENGSW-DEN', 'buy_price': Decimal('0.550'), 'sell_price': Decimal('0.560000000000000053290705182007513940334320068359375'), 'edge': Decimal('0.01000000000000005329070518201'), 'size': 30.0}
2026-02-22 17:12:02,678 | WARNING | Missing ask price for aec-nba-cle-okc-2026-02-22 or KXNBAGAME-26FEB22CLEOKC-CLE. Skipping double buy arb.
2026-02-22 17:12:02,679 | INFO | {'type': 'same_side', 'direction': 'buy_poly_sell_kalshi', 'poly_id': 'aec-nba-den-gs-2026-02-22', 'kalshi_ticker': 'KXNBAGAME-26FEB22DENGSW-DEN', 'buy_price': Decimal('0.550'), 'sell_price': Decimal('0.560000000000000053290705182007513940334320068359375'), 'edge': Decimal('0.01000000000000005329070518201'), 'size': 30.0}
2026-02-22 17:12:03,682 | WARNING | Missing ask price for aec-nba-cle-okc-2026-02-22 or KXNBAGAME-26FEB22CLEOKC-CLE. Skipping double buy arb.
2026-02-22 17:12:03,682 | INFO | {'type': 'same_side', 'direction': 'buy_poly_sell_kalshi', 'poly_id': 'aec-nba-den-gs-2026-02-22', 'kalshi_ticker': 'KXNBAGAME-26FEB22DENGSW-DEN', 'buy_price': Decimal('0.550'), 'sell_price': Decimal('0.560000000000000053290705182007513940334320068359375'), 'edge': Decimal('0.01000000000000005329070518201'), 'size': 30.0}
2026-02-22 17:12:04,671 | WARNING | Missing ask price for aec-nba-cle-okc-2026-02-22 or KXNBAGAME-26FEB22CLEOKC-CLE. Skipping double buy arb.
2026-02-22 17:12:04,671 | INFO | {'type': 'same_side', 'direction': 'buy_poly_sell_kalshi', 'poly_id': 'aec-nba-den-gs-2026-02-22', 'kalshi_ticker': 'KXNBAGAME-26FEB22DENGSW-DEN', 'buy_price': Decimal('0.550'), 'sell_price': Decimal('0.560000000000000053290705182007513940334320068359375'), 'edge': Decimal('0.01000000000000005329070518201'), 'size': 30.0}
2026-02-22 17:12:05,667 | WARNING | Missing ask price for aec-nba-cle-okc-2026-02-22 or KXNBAGAME-26FEB22CLEOKC-CLE. Skipping double buy arb.
2026-02-22 17:12:05,667 | INFO | {'type': 'same_side', 'direction': 'buy_poly_sell_kalshi', 'poly_id': 'aec-nba-den-gs-2026-02-22', 'kalshi_ticker': 'KXNBAGAME-26FEB22DENGSW-DEN', 'buy_price': Decimal('0.550'), 'sell_price': Decimal('0.560000000000000053290705182007513940334320068359375'), 'edge': Decimal('0.01000000000000005329070518201'), 'size': 1.0}
2026-02-22 17:12:06,666 | WARNING | Missing ask price for aec-nba-cle-okc-2026-02-22 or KXNBAGAME-26FEB22CLEOKC-CLE. Skipping double buy arb.
2026-02-22 17:12:07,670 | WARNING | Missing ask price for aec-nba-cle-okc-2026-02-22 or KXNBAGAME-26FEB22CLEOKC-CLE. Skipping double buy arb.
2026-02-22 17:12:08,672 | WARNING | Missing ask price for aec-nba-cle-okc-2026-02-22 or KXNBAGAME-26FEB22CLEOKC-CLE. Skipping double buy arb.
2026-02-22 17:12:09,699 | WARNING | Missing ask price for aec-nba-cle-okc-2026-02-22 or KXNBAGAME-26FEB22CLEOKC-CLE. Skipping double buy arb.
2026-02-22 17:12:10,706 | WARNING | Missing ask price for aec-nba-cle-okc-2026-02-22 or KXNBAGAME-26FEB22CLEOKC-CLE. Skipping double buy arb.
2026-02-22 17:12:11,722 | WARNING | Missing ask price for aec-nba-cle-okc-2026-02-22 or KXNBAGAME-26FEB22CLEOKC-CLE. Skipping double buy arb.
2026-02-22 17:12:12,732 | WARNING | Missing ask price for aec-nba-cle-okc-2026-02-22 or KXNBAGAME-26FEB22CLEOKC-CLE. Skipping double buy arb.
2026-02-22 17:12:13,728 | WARNING | Missing ask price for aec-nba-cle-okc-2026-02-22 or KXNBAGAME-26FEB22CLEOKC-CLE. Skipping double buy arb.
2026-02-22 17:12:14,721 | WARNING | Missing ask price for aec-nba-cle-okc-2026-02-22 or KXNBAGAME-26FEB22CLEOKC-CLE. Skipping double buy arb.
2026-02-22 17:12:15,714 | WARNING | Missing ask price for aec-nba-cle-okc-2026-02-22 or KXNBAGAME-26FEB22CLEOKC-CLE. Skipping double buy arb.
2026-02-22 17:12:16,724 | WARNING | Missing ask price for aec-nba-cle-okc-2026-02-22 or KXNBAGAME-26FEB22CLEOKC-CLE. Skipping double buy arb.
2026-02-22 17:12:17,718 | WARNING | Missing ask price for aec-nba-cle-okc-2026-02-22 or KXNBAGAME-26FEB22CLEOKC-CLE. Skipping double buy arb.
2026-02-22 17:12:18,722 | WARNING | Missing ask price for aec-nba-cle-okc-2026-02-22 or KXNBAGAME-26FEB22CLEOKC-CLE. Skipping double buy arb.
2026-02-22 17:12:19,724 | WARNING | Missing ask price for aec-nba-cle-okc-2026-02-22 or KXNBAGAME-26FEB22CLEOKC-CLE. Skipping double buy arb.
2026-02-22 17:12:20,716 | WARNING | Missing ask price for aec-nba-cle-okc-2026-02-22 or KXNBAGAME-26FEB22CLEOKC-CLE. Skipping double buy arb.
2026-02-22 17:12:21,714 | WARNING | Missing ask price for aec-nba-cle-okc-2026-02-22 or KXNBAGAME-26FEB22CLEOKC-CLE. Skipping double buy arb.
2026-02-22 17:12:22,713 | WARNING | Missing ask price for aec-nba-cle-okc-2026-02-22 or KXNBAGAME-26FEB22CLEOKC-CLE. Skipping double buy arb.
2026-02-22 17:12:23,715 | WARNING | Missing ask price for aec-nba-cle-okc-2026-02-22 or KXNBAGAME-26FEB22CLEOKC-CLE. Skipping double buy arb.
2026-02-22 17:12:24,721 | WARNING | Missing ask price for aec-nba-cle-okc-2026-02-22 or KXNBAGAME-26FEB22CLEOKC-CLE. Skipping double buy arb.
2026-02-22 17:12:25,713 | WARNING | Missing ask price for aec-nba-cle-okc-2026-02-22 or KXNBAGAME-26FEB22CLEOKC-CLE. Skipping double buy arb.
2026-02-22 17:12:26,713 | WARNING | Missing ask price for aec-nba-cle-okc-2026-02-22 or KXNBAGAME-26FEB22CLEOKC-CLE. Skipping double buy arb.
2026-02-22 17:12:27,713 | WARNING | Missing ask price for aec-nba-cle-okc-2026-02-22 or KXNBAGAME-26FEB22CLEOKC-CLE. Skipping double buy arb.
2026-02-22 17:12:28,725 | WARNING | Missing ask price for aec-nba-cle-okc-2026-02-22 or KXNBAGAME-26FEB22CLEOKC-CLE. Skipping double buy arb.
2026-02-22 17:12:29,713 | WARNING | Missing ask price for aec-nba-cle-okc-2026-02-22 or KXNBAGAME-26FEB22CLEOKC-CLE. Skipping double buy arb.
2026-02-22 17:12:30,715 | WARNING | Missing ask price for aec-nba-cle-okc-2026-02-22 or KXNBAGAME-26FEB22CLEOKC-CLE. Skipping double buy arb.
2026-02-22 17:12:31,725 | WARNING | Missing ask price for aec-nba-cle-okc-2026-02-22 or KXNBAGAME-26FEB22CLEOKC-CLE. Skipping double buy arb.
2026-02-22 17:12:32,713 | WARNING | Missing ask price for aec-nba-cle-okc-2026-02-22 or KXNBAGAME-26FEB22CLEOKC-CLE. Skipping double buy arb.
2026-02-22 17:12:33,713 | WARNING | Missing ask price for aec-nba-cle-okc-2026-02-22 or KXNBAGAME-26FEB22CLEOKC-CLE. Skipping double buy arb.
2026-02-22 17:12:34,719 | WARNING | Missing ask price for aec-nba-cle-okc-2026-02-22 or KXNBAGAME-26FEB22CLEOKC-CLE. Skipping double buy arb.
2026-02-22 17:12:35,713 | WARNING | Missing ask price for aec-nba-cle-okc-2026-02-22 or KXNBAGAME-26FEB22CLEOKC-CLE. Skipping double buy arb.
2026-02-22 17:12:36,722 | WARNING | Missing ask price for aec-nba-cle-okc-2026-02-22 or KXNBAGAME-26FEB22CLEOKC-CLE. Skipping double buy arb.
2026-02-22 17:12:37,713 | WARNING | Missing ask price for aec-nba-cle-okc-2026-02-22 or KXNBAGAME-26FEB22CLEOKC-CLE. Skipping double buy arb.
2026-02-22 17:12:38,714 | WARNING | Missing ask price for aec-nba-cle-okc-2026-02-22 or KXNBAGAME-26FEB22CLEOKC-CLE. Skipping double buy arb.
2026-02-22 17:12:39,718 | WARNING | Missing ask price for aec-nba-cle-okc-2026-02-22 or KXNBAGAME-26FEB22CLEOKC-CLE. Skipping double buy arb.
2026-02-22 17:12:40,728 | WARNING | Missing ask price for aec-nba-cle-okc-2026-02-22 or KXNBAGAME-26FEB22CLEOKC-CLE. Skipping double buy arb.
2026-02-22 17:12:41,729 | WARNING | Missing ask price for aec-nba-cle-okc-2026-02-22 or KXNBAGAME-26FEB22CLEOKC-CLE. Skipping double buy arb.
2026-02-22 17:12:42,717 | WARNING | Missing ask price for aec-nba-cle-okc-2026-02-22 or KXNBAGAME-26FEB22CLEOKC-CLE. Skipping double buy arb.
2026-02-22 17:12:43,723 | WARNING | Missing ask price for aec-nba-cle-okc-2026-02-22 or KXNBAGAME-26FEB22CLEOKC-CLE. Skipping double buy arb.
2026-02-22 17:12:44,716 | WARNING | Missing ask price for aec-nba-cle-okc-2026-02-22 or KXNBAGAME-26FEB22CLEOKC-CLE. Skipping double buy arb.
2026-02-22 17:12:45,731 | WARNING | Missing ask price for aec-nba-cle-okc-2026-02-22 or KXNBAGAME-26FEB22CLEOKC-CLE. Skipping double buy arb.
2026-02-22 17:12:46,723 | WARNING | Missing ask price for aec-nba-cle-okc-2026-02-22 or KXNBAGAME-26FEB22CLEOKC-CLE. Skipping double buy arb.
2026-02-22 17:12:47,729 | WARNING | Missing ask price for aec-nba-cle-okc-2026-02-22 or KXNBAGAME-26FEB22CLEOKC-CLE. Skipping double buy arb.
2026-02-22 17:12:48,722 | WARNING | Missing ask price for aec-nba-cle-okc-2026-02-22 or KXNBAGAME-26FEB22CLEOKC-CLE. Skipping double buy arb.
2026-02-22 17:12:49,721 | WARNING | Missing ask price for aec-nba-cle-okc-2026-02-22 or KXNBAGAME-26FEB22CLEOKC-CLE. Skipping double buy arb.
2026-02-22 17:12:50,723 | WARNING | Missing ask price for aec-nba-cle-okc-2026-02-22 or KXNBAGAME-26FEB22CLEOKC-CLE. Skipping double buy arb.
2026-02-22 17:12:51,715 | WARNING | Missing ask price for aec-nba-cle-okc-2026-02-22 or KXNBAGAME-26FEB22CLEOKC-CLE. Skipping double buy arb.
2026-02-22 17:12:52,717 | WARNING | Missing ask price for aec-nba-cle-okc-2026-02-22 or KXNBAGAME-26FEB22CLEOKC-CLE. Skipping double buy arb.
2026-02-22 17:12:53,715 | WARNING | Missing ask price for aec-nba-cle-okc-2026-02-22 or KXNBAGAME-26FEB22CLEOKC-CLE. Skipping double buy arb.
2026-02-22 17:12:54,721 | WARNING | Missing ask price for aec-nba-cle-okc-2026-02-22 or KXNBAGAME-26FEB22CLEOKC-CLE. Skipping double buy arb.
2026-02-22 17:12:55,717 | WARNING | Missing ask price for aec-nba-cle-okc-2026-02-22 or KXNBAGAME-26FEB22CLEOKC-CLE. Skipping double buy arb.
2026-02-22 17:12:56,719 | WARNING | Missing ask price for aec-nba-cle-okc-2026-02-22 or KXNBAGAME-26FEB22CLEOKC-CLE. Skipping double buy arb.
2026-02-22 17:12:57,721 | WARNING | Missing ask price for aec-nba-cle-okc-2026-02-22 or KXNBAGAME-26FEB22CLEOKC-CLE. Skipping double buy arb.
2026-02-22 17:12:58,713 | WARNING | Missing ask price for aec-nba-cle-okc-2026-02-22 or KXNBAGAME-26FEB22CLEOKC-CLE. Skipping double buy arb.
2026-02-22 17:12:59,713 | WARNING | Missing ask price for aec-nba-cle-okc-2026-02-22 or KXNBAGAME-26FEB22CLEOKC-CLE. Skipping double buy arb.
2026-02-22 17:13:00,717 | WARNING | Missing ask price for aec-nba-cle-okc-2026-02-22 or KXNBAGAME-26FEB22CLEOKC-CLE. Skipping double buy arb.
2026-02-22 17:13:01,715 | WARNING | Missing ask price for aec-nba-cle-okc-2026-02-22 or KXNBAGAME-26FEB22CLEOKC-CLE. Skipping double buy arb.
2026-02-22 17:13:02,725 | WARNING | Missing ask price for aec-nba-cle-okc-2026-02-22 or KXNBAGAME-26FEB22CLEOKC-CLE. Skipping double buy arb.
2026-02-22 17:13:03,730 | WARNING | Missing ask price for aec-nba-cle-okc-2026-02-22 or KXNBAGAME-26FEB22CLEOKC-CLE. Skipping double buy arb.
2026-02-22 17:13:04,716 | WARNING | Missing ask price for aec-nba-cle-okc-2026-02-22 or KXNBAGAME-26FEB22CLEOKC-CLE. Skipping double buy arb.
2026-02-22 17:13:05,721 | WARNING | Missing ask price for aec-nba-cle-okc-2026-02-22 or KXNBAGAME-26FEB22CLEOKC-CLE. Skipping double buy arb.
2026-02-22 17:13:06,716 | WARNING | Missing ask price for aec-nba-cle-okc-2026-02-22 or KXNBAGAME-26FEB22CLEOKC-CLE. Skipping double buy arb.
2026-02-22 17:13:07,728 | WARNING | Missing ask price for aec-nba-cle-okc-2026-02-22 or KXNBAGAME-26FEB22CLEOKC-CLE. Skipping double buy arb.
2026-02-22 17:13:08,735 | WARNING | Missing ask price for aec-nba-cle-okc-2026-02-22 or KXNBAGAME-26FEB22CLEOKC-CLE. Skipping double buy arb.
2026-02-22 17:13:09,747 | WARNING | Missing ask price for aec-nba-cle-okc-2026-02-22 or KXNBAGAME-26FEB22CLEOKC-CLE. Skipping double buy arb.
2026-02-22 17:13:10,763 | WARNING | Missing ask price for aec-nba-cle-okc-2026-02-22 or KXNBAGAME-26FEB22CLEOKC-CLE. Skipping double buy arb.
2026-02-22 17:13:11,762 | WARNING | Missing ask price for aec-nba-cle-okc-2026-02-22 or KXNBAGAME-26FEB22CLEOKC-CLE. Skipping double buy arb.
2026-02-22 17:13:12,763 | WARNING | Missing ask price for aec-nba-cle-okc-2026-02-22 or KXNBAGAME-26FEB22CLEOKC-CLE. Skipping double buy arb.
2026-02-22 17:13:13,778 | WARNING | Missing ask price for aec-nba-cle-okc-2026-02-22 or KXNBAGAME-26FEB22CLEOKC-CLE. Skipping double buy arb.
2026-02-22 17:13:14,766 | WARNING | Missing ask price for aec-nba-cle-okc-2026-02-22 or KXNBAGAME-26FEB22CLEOKC-CLE. Skipping double buy arb.
2026-02-22 17:13:15,771 | WARNING | Missing ask price for aec-nba-cle-okc-2026-02-22 or KXNBAGAME-26FEB22CLEOKC-CLE. Skipping double buy arb.
2026-02-22 17:13:16,767 | WARNING | Missing ask price for aec-nba-cle-okc-2026-02-22 or KXNBAGAME-26FEB22CLEOKC-CLE. Skipping double buy arb.
2026-02-22 17:13:17,761 | WARNING | Missing ask price for aec-nba-cle-okc-2026-02-22 or KXNBAGAME-26FEB22CLEOKC-CLE. Skipping double buy arb.
2026-02-22 17:13:17,761 | INFO | {'type': 'double_buy', 'total_cost': Decimal('0.9800'), 'profit': Decimal('0.0200'), 'market_A': 'Kalshi', 'ask_A_price': Decimal('0.3800'), 'ask_A_size': 2891.0, 'market_B': 'Kalshi', 'ask_B_price': Decimal('0.6000'), 'ask_B_size': 15.0}
2026-02-22 17:13:18,764 | WARNING | Missing ask price for aec-nba-cle-okc-2026-02-22 or KXNBAGAME-26FEB22CLEOKC-CLE. Skipping double buy arb.
2026-02-22 17:13:19,767 | WARNING | Missing ask price for aec-nba-cle-okc-2026-02-22 or KXNBAGAME-26FEB22CLEOKC-CLE. Skipping double buy arb.
2026-02-22 17:13:20,779 | WARNING | Missing ask price for aec-nba-cle-okc-2026-02-22 or KXNBAGAME-26FEB22CLEOKC-CLE. Skipping double buy arb.
2026-02-22 17:13:21,785 | WARNING | Missing ask price for aec-nba-cle-okc-2026-02-22 or KXNBAGAME-26FEB22CLEOKC-CLE. Skipping double buy arb.
2026-02-22 17:13:22,769 | WARNING | Missing ask price for aec-nba-cle-okc-2026-02-22 or KXNBAGAME-26FEB22CLEOKC-CLE. Skipping double buy arb.
2026-02-22 17:13:23,766 | WARNING | Missing ask price for aec-nba-cle-okc-2026-02-22 or KXNBAGAME-26FEB22CLEOKC-CLE. Skipping double buy arb.
2026-02-22 17:13:24,760 | WARNING | Missing ask price for aec-nba-cle-okc-2026-02-22 or KXNBAGAME-26FEB22CLEOKC-CLE. Skipping double buy arb.
2026-02-22 17:13:25,766 | WARNING | Missing ask price for aec-nba-cle-okc-2026-02-22 or KXNBAGAME-26FEB22CLEOKC-CLE. Skipping double buy arb.
2026-02-22 17:13:26,763 | WARNING | Missing ask price for aec-nba-cle-okc-2026-02-22 or KXNBAGAME-26FEB22CLEOKC-CLE. Skipping double buy arb.
2026-02-22 17:13:27,774 | WARNING | Missing ask price for aec-nba-cle-okc-2026-02-22 or KXNBAGAME-26FEB22CLEOKC-CLE. Skipping double buy arb.
2026-02-22 17:13:28,766 | WARNING | Missing ask price for aec-nba-cle-okc-2026-02-22 or KXNBAGAME-26FEB22CLEOKC-CLE. Skipping double buy arb.
2026-02-22 17:13:29,760 | WARNING | Missing ask price for aec-nba-cle-okc-2026-02-22 or KXNBAGAME-26FEB22CLEOKC-CLE. Skipping double buy arb.
2026-02-22 17:13:30,762 | WARNING | Missing ask price for aec-nba-cle-okc-2026-02-22 or KXNBAGAME-26FEB22CLEOKC-CLE. Skipping double buy arb.
2026-02-22 17:13:31,776 | WARNING | Missing ask price for aec-nba-cle-okc-2026-02-22 or KXNBAGAME-26FEB22CLEOKC-CLE. Skipping double buy arb.
2026-02-22 17:13:32,766 | WARNING | Missing ask price for aec-nba-cle-okc-2026-02-22 or KXNBAGAME-26FEB22CLEOKC-CLE. Skipping double buy arb.
2026-02-22 17:13:33,763 | WARNING | Missing ask price for aec-nba-cle-okc-2026-02-22 or KXNBAGAME-26FEB22CLEOKC-CLE. Skipping double buy arb.
2026-02-22 17:13:34,770 | WARNING | Missing ask price for aec-nba-cle-okc-2026-02-22 or KXNBAGAME-26FEB22CLEOKC-CLE. Skipping double buy arb.
2026-02-22 17:13:35,776 | WARNING | Missing ask price for aec-nba-cle-okc-2026-02-22 or KXNBAGAME-26FEB22CLEOKC-CLE. Skipping double buy arb.
