2026-02-27 21:29:45,712 | WARNING | Missing ask price for aec-nba-cle-det-2026-02-27 or KXNBAGAME-26FEB27CLEDET-CLE. Skipping double buy arb.
2026-02-27 21:29:45,712 | WARNING | Missing ask price for aec-nba-ny-mil-2026-02-27 or KXNBAGAME-26FEB27NYKMIL-NYK. Skipping double buy arb.
2026-02-27 21:29:45,712 | WARNING | Missing ask price for aec-nba-bkn-bos-2026-02-27 or KXNBAGAME-26FEB27BKNBOS-BKN. Skipping double buy arb.
2026-02-27 21:29:45,712 | WARNING | Missing ask price for aec-nba-mem-dal-2026-02-27 or KXNBAGAME-26FEB27MEMDAL-MEM. Skipping double buy arb.
2026-02-27 21:29:45,712 | WARNING | Missing ask price for aec-nba-den-okc-2026-02-27 or KXNBAGAME-26FEB27DENOKC-DEN. Skipping double buy arb.
2026-02-27 21:29:46,710 | WARNING | Missing ask price for aec-nba-bkn-bos-2026-02-27-inverse or KXNBAGAME-26FEB27BKNBOS-BOS. Skipping double buy arb.
2026-02-27 21:29:47,711 | WARNING | Missing ask price for aec-nba-bkn-bos-2026-02-27-inverse or KXNBAGAME-26FEB27BKNBOS-BOS. Skipping double buy arb.
2026-02-27 21:29:48,714 | WARNING | Missing ask price for aec-nba-bkn-bos-2026-02-27-inverse or KXNBAGAME-26FEB27BKNBOS-BOS. Skipping double buy arb.
2026-02-27 21:29:49,711 | WARNING | Missing ask price for aec-nba-bkn-bos-2026-02-27-inverse or KXNBAGAME-26FEB27BKNBOS-BOS. Skipping double buy arb.
2026-02-27 21:29:50,703 | WARNING | Missing ask price for aec-nba-bkn-bos-2026-02-27-inverse or KXNBAGAME-26FEB27BKNBOS-BOS. Skipping double buy arb.
2026-02-27 21:29:51,703 | WARNING | Missing ask price for aec-nba-bkn-bos-2026-02-27-inverse or KXNBAGAME-26FEB27BKNBOS-BOS. Skipping double buy arb.
2026-02-27 21:29:52,705 | WARNING | Missing ask price for aec-nba-bkn-bos-2026-02-27-inverse or KXNBAGAME-26FEB27BKNBOS-BOS. Skipping double buy arb.
2026-02-27 21:29:53,711 | WARNING | Missing ask price for aec-nba-bkn-bos-2026-02-27-inverse or KXNBAGAME-26FEB27BKNBOS-BOS. Skipping double buy arb.
2026-02-27 21:29:54,712 | WARNING | Missing ask price for aec-nba-bkn-bos-2026-02-27-inverse or KXNBAGAME-26FEB27BKNBOS-BOS. Skipping double buy arb.
2026-02-27 21:29:55,714 | WARNING | Missing ask price for aec-nba-bkn-bos-2026-02-27-inverse or KXNBAGAME-26FEB27BKNBOS-BOS. Skipping double buy arb.
2026-02-27 21:29:56,705 | WARNING | Missing ask price for aec-nba-bkn-bos-2026-02-27-inverse or KXNBAGAME-26FEB27BKNBOS-BOS. Skipping double buy arb.
2026-02-27 21:29:57,720 | WARNING | Missing ask price for aec-nba-bkn-bos-2026-02-27-inverse or KXNBAGAME-26FEB27BKNBOS-BOS. Skipping double buy arb.
2026-02-27 21:29:58,734 | WARNING | Missing ask price for aec-nba-bkn-bos-2026-02-27-inverse or KXNBAGAME-26FEB27BKNBOS-BOS. Skipping double buy arb.
2026-02-27 21:29:59,760 | WARNING | Missing ask price for aec-nba-bkn-bos-2026-02-27-inverse or KXNBAGAME-26FEB27BKNBOS-BOS. Skipping double buy arb.
2026-02-27 21:30:00,770 | WARNING | Missing ask price for aec-nba-bkn-bos-2026-02-27-inverse or KXNBAGAME-26FEB27BKNBOS-BOS. Skipping double buy arb.
2026-02-27 21:30:01,753 | WARNING | Missing ask price for aec-nba-bkn-bos-2026-02-27-inverse or KXNBAGAME-26FEB27BKNBOS-BOS. Skipping double buy arb.
2026-02-27 21:30:02,754 | WARNING | Missing ask price for aec-nba-bkn-bos-2026-02-27-inverse or KXNBAGAME-26FEB27BKNBOS-BOS. Skipping double buy arb.
2026-02-27 21:30:03,753 | WARNING | Missing ask price for aec-nba-bkn-bos-2026-02-27-inverse or KXNBAGAME-26FEB27BKNBOS-BOS. Skipping double buy arb.
2026-02-27 21:30:04,763 | WARNING | Missing ask price for aec-nba-bkn-bos-2026-02-27-inverse or KXNBAGAME-26FEB27BKNBOS-BOS. Skipping double buy arb.
2026-02-27 21:30:05,752 | WARNING | Missing ask price for aec-nba-bkn-bos-2026-02-27-inverse or KXNBAGAME-26FEB27BKNBOS-BOS. Skipping double buy arb.
2026-02-27 21:30:06,751 | WARNING | Missing ask price for aec-nba-bkn-bos-2026-02-27-inverse or KXNBAGAME-26FEB27BKNBOS-BOS. Skipping double buy arb.
2026-02-27 21:30:07,753 | WARNING | Missing ask price for aec-nba-bkn-bos-2026-02-27-inverse or KXNBAGAME-26FEB27BKNBOS-BOS. Skipping double buy arb.
2026-02-27 21:30:08,763 | WARNING | Missing ask price for aec-nba-bkn-bos-2026-02-27-inverse or KXNBAGAME-26FEB27BKNBOS-BOS. Skipping double buy arb.
2026-02-27 21:30:09,769 | WARNING | Missing ask price for aec-nba-bkn-bos-2026-02-27-inverse or KXNBAGAME-26FEB27BKNBOS-BOS. Skipping double buy arb.
2026-02-27 21:30:10,770 | WARNING | Missing ask price for aec-nba-bkn-bos-2026-02-27-inverse or KXNBAGAME-26FEB27BKNBOS-BOS. Skipping double buy arb.
2026-02-27 21:30:11,755 | WARNING | Missing ask price for aec-nba-bkn-bos-2026-02-27-inverse or KXNBAGAME-26FEB27BKNBOS-BOS. Skipping double buy arb.
2026-02-27 21:30:12,751 | WARNING | Missing ask price for aec-nba-bkn-bos-2026-02-27-inverse or KXNBAGAME-26FEB27BKNBOS-BOS. Skipping double buy arb.
2026-02-27 21:30:13,775 | WARNING | Missing ask price for aec-nba-bkn-bos-2026-02-27-inverse or KXNBAGAME-26FEB27BKNBOS-BOS. Skipping double buy arb.
2026-02-27 21:30:14,752 | WARNING | Missing ask price for aec-nba-bkn-bos-2026-02-27-inverse or KXNBAGAME-26FEB27BKNBOS-BOS. Skipping double buy arb.
2026-02-27 21:30:15,764 | WARNING | Missing ask price for aec-nba-bkn-bos-2026-02-27-inverse or KXNBAGAME-26FEB27BKNBOS-BOS. Skipping double buy arb.
2026-02-27 21:30:16,762 | WARNING | Missing ask price for aec-nba-bkn-bos-2026-02-27-inverse or KXNBAGAME-26FEB27BKNBOS-BOS. Skipping double buy arb.
2026-02-27 21:30:17,764 | WARNING | Missing ask price for aec-nba-bkn-bos-2026-02-27-inverse or KXNBAGAME-26FEB27BKNBOS-BOS. Skipping double buy arb.
2026-02-27 21:30:18,766 | WARNING | Missing ask price for aec-nba-bkn-bos-2026-02-27-inverse or KXNBAGAME-26FEB27BKNBOS-BOS. Skipping double buy arb.
2026-02-27 21:30:19,761 | WARNING | Missing ask price for aec-nba-bkn-bos-2026-02-27-inverse or KXNBAGAME-26FEB27BKNBOS-BOS. Skipping double buy arb.
2026-02-27 21:30:20,775 | WARNING | Missing ask price for aec-nba-bkn-bos-2026-02-27-inverse or KXNBAGAME-26FEB27BKNBOS-BOS. Skipping double buy arb.
2026-02-27 21:30:21,758 | WARNING | Missing ask price for aec-nba-bkn-bos-2026-02-27-inverse or KXNBAGAME-26FEB27BKNBOS-BOS. Skipping double buy arb.
2026-02-27 21:30:22,754 | WARNING | Missing ask price for aec-nba-bkn-bos-2026-02-27-inverse or KXNBAGAME-26FEB27BKNBOS-BOS. Skipping double buy arb.
2026-02-27 21:30:23,766 | WARNING | Missing ask price for aec-nba-bkn-bos-2026-02-27-inverse or KXNBAGAME-26FEB27BKNBOS-BOS. Skipping double buy arb.
2026-02-27 21:30:24,768 | WARNING | Missing ask price for aec-nba-bkn-bos-2026-02-27-inverse or KXNBAGAME-26FEB27BKNBOS-BOS. Skipping double buy arb.
2026-02-27 21:30:25,773 | WARNING | Missing ask price for aec-nba-bkn-bos-2026-02-27-inverse or KXNBAGAME-26FEB27BKNBOS-BOS. Skipping double buy arb.
2026-02-27 21:30:26,752 | WARNING | Missing ask price for aec-nba-bkn-bos-2026-02-27-inverse or KXNBAGAME-26FEB27BKNBOS-BOS. Skipping double buy arb.
2026-02-27 21:30:27,759 | WARNING | Missing ask price for aec-nba-bkn-bos-2026-02-27-inverse or KXNBAGAME-26FEB27BKNBOS-BOS. Skipping double buy arb.
2026-02-27 21:30:28,762 | WARNING | Missing ask price for aec-nba-bkn-bos-2026-02-27-inverse or KXNBAGAME-26FEB27BKNBOS-BOS. Skipping double buy arb.
2026-02-27 21:30:29,755 | WARNING | Missing ask price for aec-nba-ny-mil-2026-02-27 or KXNBAGAME-26FEB27NYKMIL-NYK. Skipping double buy arb.
2026-02-27 21:30:29,755 | WARNING | Missing ask price for aec-nba-bkn-bos-2026-02-27-inverse or KXNBAGAME-26FEB27BKNBOS-BOS. Skipping double buy arb.
2026-02-27 21:30:30,752 | WARNING | Missing ask price for aec-nba-ny-mil-2026-02-27 or KXNBAGAME-26FEB27NYKMIL-NYK. Skipping double buy arb.
2026-02-27 21:30:30,752 | WARNING | Missing ask price for aec-nba-bkn-bos-2026-02-27-inverse or KXNBAGAME-26FEB27BKNBOS-BOS. Skipping double buy arb.
2026-02-27 21:30:31,760 | WARNING | Missing ask price for aec-nba-ny-mil-2026-02-27 or KXNBAGAME-26FEB27NYKMIL-NYK. Skipping double buy arb.
2026-02-27 21:30:31,760 | WARNING | Missing ask price for aec-nba-bkn-bos-2026-02-27-inverse or KXNBAGAME-26FEB27BKNBOS-BOS. Skipping double buy arb.
2026-02-27 21:30:32,762 | WARNING | Missing ask price for aec-nba-ny-mil-2026-02-27 or KXNBAGAME-26FEB27NYKMIL-NYK. Skipping double buy arb.
2026-02-27 21:30:32,762 | WARNING | Missing ask price for aec-nba-bkn-bos-2026-02-27-inverse or KXNBAGAME-26FEB27BKNBOS-BOS. Skipping double buy arb.
2026-02-27 21:30:33,760 | WARNING | Missing ask price for aec-nba-ny-mil-2026-02-27 or KXNBAGAME-26FEB27NYKMIL-NYK. Skipping double buy arb.
2026-02-27 21:30:33,760 | WARNING | Missing ask price for aec-nba-bkn-bos-2026-02-27-inverse or KXNBAGAME-26FEB27BKNBOS-BOS. Skipping double buy arb.
2026-02-27 21:30:34,763 | WARNING | Missing ask price for aec-nba-ny-mil-2026-02-27 or KXNBAGAME-26FEB27NYKMIL-NYK. Skipping double buy arb.
2026-02-27 21:30:34,763 | WARNING | Missing ask price for aec-nba-bkn-bos-2026-02-27-inverse or KXNBAGAME-26FEB27BKNBOS-BOS. Skipping double buy arb.
2026-02-27 21:30:35,762 | WARNING | Missing ask price for aec-nba-ny-mil-2026-02-27 or KXNBAGAME-26FEB27NYKMIL-NYK. Skipping double buy arb.
2026-02-27 21:30:35,762 | WARNING | Missing ask price for aec-nba-bkn-bos-2026-02-27-inverse or KXNBAGAME-26FEB27BKNBOS-BOS. Skipping double buy arb.
2026-02-27 21:30:36,757 | WARNING | Missing ask price for aec-nba-ny-mil-2026-02-27 or KXNBAGAME-26FEB27NYKMIL-NYK. Skipping double buy arb.
2026-02-27 21:30:36,757 | WARNING | Missing ask price for aec-nba-bkn-bos-2026-02-27-inverse or KXNBAGAME-26FEB27BKNBOS-BOS. Skipping double buy arb.
2026-02-27 21:30:37,767 | WARNING | Missing ask price for aec-nba-ny-mil-2026-02-27 or KXNBAGAME-26FEB27NYKMIL-NYK. Skipping double buy arb.
2026-02-27 21:30:37,767 | WARNING | Missing ask price for aec-nba-bkn-bos-2026-02-27-inverse or KXNBAGAME-26FEB27BKNBOS-BOS. Skipping double buy arb.
2026-02-27 21:30:38,765 | WARNING | Missing ask price for aec-nba-ny-mil-2026-02-27 or KXNBAGAME-26FEB27NYKMIL-NYK. Skipping double buy arb.
2026-02-27 21:30:38,765 | WARNING | Missing ask price for aec-nba-bkn-bos-2026-02-27-inverse or KXNBAGAME-26FEB27BKNBOS-BOS. Skipping double buy arb.
2026-02-27 21:30:39,768 | WARNING | Missing ask price for aec-nba-ny-mil-2026-02-27 or KXNBAGAME-26FEB27NYKMIL-NYK. Skipping double buy arb.
2026-02-27 21:30:39,768 | WARNING | Missing ask price for aec-nba-bkn-bos-2026-02-27-inverse or KXNBAGAME-26FEB27BKNBOS-BOS. Skipping double buy arb.
2026-02-27 21:30:40,755 | WARNING | Missing ask price for aec-nba-ny-mil-2026-02-27 or KXNBAGAME-26FEB27NYKMIL-NYK. Skipping double buy arb.
2026-02-27 21:30:40,755 | WARNING | Missing ask price for aec-nba-bkn-bos-2026-02-27-inverse or KXNBAGAME-26FEB27BKNBOS-BOS. Skipping double buy arb.
2026-02-27 21:30:41,754 | WARNING | Missing ask price for aec-nba-ny-mil-2026-02-27 or KXNBAGAME-26FEB27NYKMIL-NYK. Skipping double buy arb.
2026-02-27 21:30:41,754 | WARNING | Missing ask price for aec-nba-bkn-bos-2026-02-27-inverse or KXNBAGAME-26FEB27BKNBOS-BOS. Skipping double buy arb.
2026-02-27 21:30:42,758 | WARNING | Missing ask price for aec-nba-bkn-bos-2026-02-27-inverse or KXNBAGAME-26FEB27BKNBOS-BOS. Skipping double buy arb.
2026-02-27 21:30:43,760 | WARNING | Missing ask price for aec-nba-bkn-bos-2026-02-27-inverse or KXNBAGAME-26FEB27BKNBOS-BOS. Skipping double buy arb.
2026-02-27 21:30:44,751 | WARNING | Missing ask price for aec-nba-bkn-bos-2026-02-27-inverse or KXNBAGAME-26FEB27BKNBOS-BOS. Skipping double buy arb.
2026-02-27 21:30:45,753 | WARNING | Missing ask price for aec-nba-bkn-bos-2026-02-27-inverse or KXNBAGAME-26FEB27BKNBOS-BOS. Skipping double buy arb.
2026-02-27 21:30:46,758 | WARNING | Missing ask price for aec-nba-bkn-bos-2026-02-27-inverse or KXNBAGAME-26FEB27BKNBOS-BOS. Skipping double buy arb.
2026-02-27 21:30:47,753 | WARNING | Missing ask price for aec-nba-bkn-bos-2026-02-27-inverse or KXNBAGAME-26FEB27BKNBOS-BOS. Skipping double buy arb.
2026-02-27 21:30:48,759 | WARNING | Missing ask price for aec-nba-bkn-bos-2026-02-27-inverse or KXNBAGAME-26FEB27BKNBOS-BOS. Skipping double buy arb.
2026-02-27 21:30:49,755 | WARNING | Missing ask price for aec-nba-bkn-bos-2026-02-27-inverse or KXNBAGAME-26FEB27BKNBOS-BOS. Skipping double buy arb.
2026-02-27 21:30:50,755 | WARNING | Missing ask price for aec-nba-bkn-bos-2026-02-27-inverse or KXNBAGAME-26FEB27BKNBOS-BOS. Skipping double buy arb.
2026-02-27 21:30:51,763 | WARNING | Missing ask price for aec-nba-bkn-bos-2026-02-27-inverse or KXNBAGAME-26FEB27BKNBOS-BOS. Skipping double buy arb.
2026-02-27 21:30:52,753 | WARNING | Missing ask price for aec-nba-bkn-bos-2026-02-27-inverse or KXNBAGAME-26FEB27BKNBOS-BOS. Skipping double buy arb.
2026-02-27 21:30:53,762 | WARNING | Missing ask price for aec-nba-bkn-bos-2026-02-27-inverse or KXNBAGAME-26FEB27BKNBOS-BOS. Skipping double buy arb.
2026-02-27 21:30:54,751 | WARNING | Missing ask price for aec-nba-bkn-bos-2026-02-27-inverse or KXNBAGAME-26FEB27BKNBOS-BOS. Skipping double buy arb.
2026-02-27 21:30:55,761 | WARNING | Missing ask price for aec-nba-bkn-bos-2026-02-27-inverse or KXNBAGAME-26FEB27BKNBOS-BOS. Skipping double buy arb.
2026-02-27 21:30:56,761 | WARNING | Missing ask price for aec-nba-bkn-bos-2026-02-27-inverse or KXNBAGAME-26FEB27BKNBOS-BOS. Skipping double buy arb.
2026-02-27 21:30:57,762 | WARNING | Missing ask price for aec-nba-bkn-bos-2026-02-27-inverse or KXNBAGAME-26FEB27BKNBOS-BOS. Skipping double buy arb.
2026-02-27 21:30:58,762 | WARNING | Missing ask price for aec-nba-bkn-bos-2026-02-27-inverse or KXNBAGAME-26FEB27BKNBOS-BOS. Skipping double buy arb.
2026-02-27 21:30:59,767 | WARNING | Missing ask price for aec-nba-bkn-bos-2026-02-27-inverse or KXNBAGAME-26FEB27BKNBOS-BOS. Skipping double buy arb.
2026-02-27 21:31:00,749 | WARNING | Missing ask price for aec-nba-bkn-bos-2026-02-27-inverse or KXNBAGAME-26FEB27BKNBOS-BOS. Skipping double buy arb.
2026-02-27 21:31:01,759 | WARNING | Missing ask price for aec-nba-bkn-bos-2026-02-27-inverse or KXNBAGAME-26FEB27BKNBOS-BOS. Skipping double buy arb.
2026-02-27 21:31:02,758 | WARNING | Missing ask price for aec-nba-bkn-bos-2026-02-27-inverse or KXNBAGAME-26FEB27BKNBOS-BOS. Skipping double buy arb.
2026-02-27 21:31:03,763 | WARNING | Missing ask price for aec-nba-bkn-bos-2026-02-27-inverse or KXNBAGAME-26FEB27BKNBOS-BOS. Skipping double buy arb.
2026-02-27 21:31:04,755 | WARNING | Missing ask price for aec-nba-bkn-bos-2026-02-27-inverse or KXNBAGAME-26FEB27BKNBOS-BOS. Skipping double buy arb.
2026-02-27 21:31:05,764 | WARNING | Missing ask price for aec-nba-bkn-bos-2026-02-27-inverse or KXNBAGAME-26FEB27BKNBOS-BOS. Skipping double buy arb.
2026-02-27 21:31:06,754 | WARNING | Missing ask price for aec-nba-bkn-bos-2026-02-27-inverse or KXNBAGAME-26FEB27BKNBOS-BOS. Skipping double buy arb.
2026-02-27 21:31:07,763 | WARNING | Missing ask price for aec-nba-bkn-bos-2026-02-27-inverse or KXNBAGAME-26FEB27BKNBOS-BOS. Skipping double buy arb.
2026-02-27 21:31:08,753 | WARNING | Missing ask price for aec-nba-bkn-bos-2026-02-27-inverse or KXNBAGAME-26FEB27BKNBOS-BOS. Skipping double buy arb.
2026-02-27 21:31:09,757 | WARNING | Missing ask price for aec-nba-bkn-bos-2026-02-27-inverse or KXNBAGAME-26FEB27BKNBOS-BOS. Skipping double buy arb.
2026-02-27 21:31:10,750 | WARNING | Missing ask price for aec-nba-bkn-bos-2026-02-27-inverse or KXNBAGAME-26FEB27BKNBOS-BOS. Skipping double buy arb.
2026-02-27 21:31:11,753 | WARNING | Missing ask price for aec-nba-bkn-bos-2026-02-27-inverse or KXNBAGAME-26FEB27BKNBOS-BOS. Skipping double buy arb.
2026-02-27 21:31:12,767 | WARNING | Missing ask price for aec-nba-bkn-bos-2026-02-27-inverse or KXNBAGAME-26FEB27BKNBOS-BOS. Skipping double buy arb.
2026-02-27 21:31:13,749 | WARNING | Missing ask price for aec-nba-bkn-bos-2026-02-27-inverse or KXNBAGAME-26FEB27BKNBOS-BOS. Skipping double buy arb.
2026-02-27 21:31:14,772 | WARNING | Missing ask price for aec-nba-bkn-bos-2026-02-27-inverse or KXNBAGAME-26FEB27BKNBOS-BOS. Skipping double buy arb.
2026-02-27 21:31:15,767 | WARNING | Missing ask price for aec-nba-bkn-bos-2026-02-27-inverse or KXNBAGAME-26FEB27BKNBOS-BOS. Skipping double buy arb.
2026-02-27 21:31:16,753 | WARNING | Missing ask price for aec-nba-bkn-bos-2026-02-27-inverse or KXNBAGAME-26FEB27BKNBOS-BOS. Skipping double buy arb.
2026-02-27 21:31:17,752 | WARNING | Missing ask price for aec-nba-bkn-bos-2026-02-27-inverse or KXNBAGAME-26FEB27BKNBOS-BOS. Skipping double buy arb.
2026-02-27 21:31:18,759 | WARNING | Missing ask price for aec-nba-bkn-bos-2026-02-27-inverse or KXNBAGAME-26FEB27BKNBOS-BOS. Skipping double buy arb.
2026-02-27 21:31:19,765 | WARNING | Missing ask price for aec-nba-bkn-bos-2026-02-27-inverse or KXNBAGAME-26FEB27BKNBOS-BOS. Skipping double buy arb.
2026-02-27 21:31:20,770 | WARNING | Missing ask price for aec-nba-bkn-bos-2026-02-27-inverse or KXNBAGAME-26FEB27BKNBOS-BOS. Skipping double buy arb.
2026-02-27 21:31:21,755 | WARNING | Missing ask price for aec-nba-bkn-bos-2026-02-27-inverse or KXNBAGAME-26FEB27BKNBOS-BOS. Skipping double buy arb.
2026-02-27 21:31:22,754 | WARNING | Missing ask price for aec-nba-bkn-bos-2026-02-27-inverse or KXNBAGAME-26FEB27BKNBOS-BOS. Skipping double buy arb.
2026-02-27 21:31:23,761 | WARNING | Missing ask price for aec-nba-bkn-bos-2026-02-27-inverse or KXNBAGAME-26FEB27BKNBOS-BOS. Skipping double buy arb.
2026-02-27 21:31:24,770 | WARNING | Missing ask price for aec-nba-bkn-bos-2026-02-27-inverse or KXNBAGAME-26FEB27BKNBOS-BOS. Skipping double buy arb.
2026-02-27 21:31:25,758 | WARNING | Missing ask price for aec-nba-bkn-bos-2026-02-27-inverse or KXNBAGAME-26FEB27BKNBOS-BOS. Skipping double buy arb.
2026-02-27 21:31:26,758 | WARNING | Missing ask price for aec-nba-bkn-bos-2026-02-27-inverse or KXNBAGAME-26FEB27BKNBOS-BOS. Skipping double buy arb.
2026-02-27 21:31:27,775 | WARNING | Missing ask price for aec-nba-bkn-bos-2026-02-27-inverse or KXNBAGAME-26FEB27BKNBOS-BOS. Skipping double buy arb.
2026-02-27 21:31:28,753 | WARNING | Missing ask price for aec-nba-bkn-bos-2026-02-27-inverse or KXNBAGAME-26FEB27BKNBOS-BOS. Skipping double buy arb.
2026-02-27 21:31:29,766 | WARNING | Missing ask price for aec-nba-bkn-bos-2026-02-27-inverse or KXNBAGAME-26FEB27BKNBOS-BOS. Skipping double buy arb.
2026-02-27 21:31:30,772 | WARNING | Missing ask price for aec-nba-bkn-bos-2026-02-27-inverse or KXNBAGAME-26FEB27BKNBOS-BOS. Skipping double buy arb.
2026-02-27 21:31:31,785 | WARNING | Missing ask price for aec-nba-bkn-bos-2026-02-27-inverse or KXNBAGAME-26FEB27BKNBOS-BOS. Skipping double buy arb.
2026-02-27 21:31:32,782 | WARNING | Missing ask price for aec-nba-bkn-bos-2026-02-27-inverse or KXNBAGAME-26FEB27BKNBOS-BOS. Skipping double buy arb.
2026-02-27 21:31:33,805 | WARNING | Missing ask price for aec-nba-bkn-bos-2026-02-27-inverse or KXNBAGAME-26FEB27BKNBOS-BOS. Skipping double buy arb.
2026-02-27 21:31:34,822 | WARNING | Missing ask price for aec-nba-bkn-bos-2026-02-27-inverse or KXNBAGAME-26FEB27BKNBOS-BOS. Skipping double buy arb.
2026-02-27 21:31:35,804 | WARNING | Missing ask price for aec-nba-bkn-bos-2026-02-27-inverse or KXNBAGAME-26FEB27BKNBOS-BOS. Skipping double buy arb.
2026-02-27 21:31:36,795 | WARNING | Missing ask price for aec-nba-bkn-bos-2026-02-27-inverse or KXNBAGAME-26FEB27BKNBOS-BOS. Skipping double buy arb.
2026-02-27 21:31:37,820 | WARNING | Missing ask price for aec-nba-bkn-bos-2026-02-27-inverse or KXNBAGAME-26FEB27BKNBOS-BOS. Skipping double buy arb.
2026-02-27 21:31:38,809 | WARNING | Missing ask price for aec-nba-bkn-bos-2026-02-27-inverse or KXNBAGAME-26FEB27BKNBOS-BOS. Skipping double buy arb.
2026-02-27 21:31:39,806 | WARNING | Missing ask price for aec-nba-bkn-bos-2026-02-27-inverse or KXNBAGAME-26FEB27BKNBOS-BOS. Skipping double buy arb.
2026-02-27 21:31:40,800 | WARNING | Missing ask price for aec-nba-bkn-bos-2026-02-27-inverse or KXNBAGAME-26FEB27BKNBOS-BOS. Skipping double buy arb.
2026-02-27 21:31:41,812 | WARNING | Missing ask price for aec-nba-bkn-bos-2026-02-27-inverse or KXNBAGAME-26FEB27BKNBOS-BOS. Skipping double buy arb.
2026-02-27 21:31:42,808 | WARNING | Missing ask price for aec-nba-bkn-bos-2026-02-27-inverse or KXNBAGAME-26FEB27BKNBOS-BOS. Skipping double buy arb.
2026-02-27 21:31:43,802 | WARNING | Missing ask price for aec-nba-bkn-bos-2026-02-27-inverse or KXNBAGAME-26FEB27BKNBOS-BOS. Skipping double buy arb.
2026-02-27 21:31:44,815 | WARNING | Missing ask price for aec-nba-bkn-bos-2026-02-27-inverse or KXNBAGAME-26FEB27BKNBOS-BOS. Skipping double buy arb.
2026-02-27 21:31:45,802 | WARNING | Missing ask price for aec-nba-bkn-bos-2026-02-27-inverse or KXNBAGAME-26FEB27BKNBOS-BOS. Skipping double buy arb.
2026-02-27 21:31:46,803 | WARNING | Missing ask price for aec-nba-bkn-bos-2026-02-27-inverse or KXNBAGAME-26FEB27BKNBOS-BOS. Skipping double buy arb.
2026-02-27 21:31:47,797 | WARNING | Missing ask price for aec-nba-bkn-bos-2026-02-27-inverse or KXNBAGAME-26FEB27BKNBOS-BOS. Skipping double buy arb.
2026-02-27 21:31:48,805 | WARNING | Missing ask price for aec-nba-bkn-bos-2026-02-27-inverse or KXNBAGAME-26FEB27BKNBOS-BOS. Skipping double buy arb.
2026-02-27 21:31:49,813 | WARNING | Missing ask price for aec-nba-bkn-bos-2026-02-27-inverse or KXNBAGAME-26FEB27BKNBOS-BOS. Skipping double buy arb.
2026-02-27 21:31:50,797 | WARNING | Missing ask price for aec-nba-bkn-bos-2026-02-27-inverse or KXNBAGAME-26FEB27BKNBOS-BOS. Skipping double buy arb.
2026-02-27 21:31:51,810 | WARNING | Missing ask price for aec-nba-bkn-bos-2026-02-27-inverse or KXNBAGAME-26FEB27BKNBOS-BOS. Skipping double buy arb.
2026-02-27 21:31:52,813 | WARNING | Missing ask price for aec-nba-bkn-bos-2026-02-27-inverse or KXNBAGAME-26FEB27BKNBOS-BOS. Skipping double buy arb.
2026-02-27 21:31:53,814 | WARNING | Missing ask price for aec-nba-bkn-bos-2026-02-27-inverse or KXNBAGAME-26FEB27BKNBOS-BOS. Skipping double buy arb.
2026-02-27 21:31:54,803 | WARNING | Missing ask price for aec-nba-bkn-bos-2026-02-27-inverse or KXNBAGAME-26FEB27BKNBOS-BOS. Skipping double buy arb.
2026-02-27 21:31:55,813 | WARNING | Missing ask price for aec-nba-bkn-bos-2026-02-27-inverse or KXNBAGAME-26FEB27BKNBOS-BOS. Skipping double buy arb.
2026-02-27 21:31:56,807 | WARNING | Missing ask price for aec-nba-bkn-bos-2026-02-27-inverse or KXNBAGAME-26FEB27BKNBOS-BOS. Skipping double buy arb.
2026-02-27 21:31:57,800 | WARNING | Missing ask price for aec-nba-bkn-bos-2026-02-27-inverse or KXNBAGAME-26FEB27BKNBOS-BOS. Skipping double buy arb.
2026-02-27 21:31:58,798 | WARNING | Missing ask price for aec-nba-bkn-bos-2026-02-27-inverse or KXNBAGAME-26FEB27BKNBOS-BOS. Skipping double buy arb.
2026-02-27 21:31:59,814 | WARNING | Missing ask price for aec-nba-bkn-bos-2026-02-27-inverse or KXNBAGAME-26FEB27BKNBOS-BOS. Skipping double buy arb.
2026-02-27 21:32:00,805 | WARNING | Missing ask price for aec-nba-bkn-bos-2026-02-27-inverse or KXNBAGAME-26FEB27BKNBOS-BOS. Skipping double buy arb.
2026-02-27 21:32:01,796 | WARNING | Missing ask price for aec-nba-bkn-bos-2026-02-27-inverse or KXNBAGAME-26FEB27BKNBOS-BOS. Skipping double buy arb.
2026-02-27 21:32:02,821 | WARNING | Missing ask price for aec-nba-bkn-bos-2026-02-27-inverse or KXNBAGAME-26FEB27BKNBOS-BOS. Skipping double buy arb.
2026-02-27 21:32:03,813 | WARNING | Missing ask price for aec-nba-bkn-bos-2026-02-27-inverse or KXNBAGAME-26FEB27BKNBOS-BOS. Skipping double buy arb.
2026-02-27 21:32:04,811 | WARNING | Missing ask price for aec-nba-bkn-bos-2026-02-27-inverse or KXNBAGAME-26FEB27BKNBOS-BOS. Skipping double buy arb.
2026-02-27 21:32:05,808 | WARNING | Missing ask price for aec-nba-bkn-bos-2026-02-27-inverse or KXNBAGAME-26FEB27BKNBOS-BOS. Skipping double buy arb.
2026-02-27 21:32:06,819 | WARNING | Missing ask price for aec-nba-bkn-bos-2026-02-27-inverse or KXNBAGAME-26FEB27BKNBOS-BOS. Skipping double buy arb.
2026-02-27 21:32:07,814 | WARNING | Missing ask price for aec-nba-bkn-bos-2026-02-27-inverse or KXNBAGAME-26FEB27BKNBOS-BOS. Skipping double buy arb.
2026-02-27 21:32:08,817 | WARNING | Missing ask price for aec-nba-bkn-bos-2026-02-27-inverse or KXNBAGAME-26FEB27BKNBOS-BOS. Skipping double buy arb.
2026-02-27 21:32:09,821 | WARNING | Missing ask price for aec-nba-bkn-bos-2026-02-27-inverse or KXNBAGAME-26FEB27BKNBOS-BOS. Skipping double buy arb.
2026-02-27 21:32:10,795 | WARNING | Missing ask price for aec-nba-bkn-bos-2026-02-27-inverse or KXNBAGAME-26FEB27BKNBOS-BOS. Skipping double buy arb.
2026-02-27 21:32:11,800 | WARNING | Missing ask price for aec-nba-bkn-bos-2026-02-27-inverse or KXNBAGAME-26FEB27BKNBOS-BOS. Skipping double buy arb.
2026-02-27 21:32:12,813 | WARNING | Missing ask price for aec-nba-bkn-bos-2026-02-27-inverse or KXNBAGAME-26FEB27BKNBOS-BOS. Skipping double buy arb.
2026-02-27 21:32:13,798 | WARNING | Missing ask price for aec-nba-bkn-bos-2026-02-27-inverse or KXNBAGAME-26FEB27BKNBOS-BOS. Skipping double buy arb.
2026-02-27 21:32:14,804 | WARNING | Missing ask price for aec-nba-bkn-bos-2026-02-27-inverse or KXNBAGAME-26FEB27BKNBOS-BOS. Skipping double buy arb.
2026-02-27 21:32:15,798 | WARNING | Missing ask price for aec-nba-bkn-bos-2026-02-27-inverse or KXNBAGAME-26FEB27BKNBOS-BOS. Skipping double buy arb.
2026-02-27 21:32:16,817 | WARNING | Missing ask price for aec-nba-bkn-bos-2026-02-27-inverse or KXNBAGAME-26FEB27BKNBOS-BOS. Skipping double buy arb.
2026-02-27 21:32:17,817 | WARNING | Missing ask price for aec-nba-bkn-bos-2026-02-27-inverse or KXNBAGAME-26FEB27BKNBOS-BOS. Skipping double buy arb.
2026-02-27 21:32:18,805 | WARNING | Missing ask price for aec-nba-bkn-bos-2026-02-27-inverse or KXNBAGAME-26FEB27BKNBOS-BOS. Skipping double buy arb.
2026-02-27 21:32:19,823 | WARNING | Missing ask price for aec-nba-bkn-bos-2026-02-27-inverse or KXNBAGAME-26FEB27BKNBOS-BOS. Skipping double buy arb.
2026-02-27 21:32:20,822 | WARNING | Missing ask price for aec-nba-bkn-bos-2026-02-27-inverse or KXNBAGAME-26FEB27BKNBOS-BOS. Skipping double buy arb.
2026-02-27 21:32:21,810 | WARNING | Missing ask price for aec-nba-bkn-bos-2026-02-27-inverse or KXNBAGAME-26FEB27BKNBOS-BOS. Skipping double buy arb.
2026-02-27 21:32:22,797 | WARNING | Missing ask price for aec-nba-bkn-bos-2026-02-27-inverse or KXNBAGAME-26FEB27BKNBOS-BOS. Skipping double buy arb.
2026-02-27 21:32:23,801 | WARNING | Missing ask price for aec-nba-bkn-bos-2026-02-27-inverse or KXNBAGAME-26FEB27BKNBOS-BOS. Skipping double buy arb.
2026-02-27 21:32:24,818 | WARNING | Missing ask price for aec-nba-bkn-bos-2026-02-27-inverse or KXNBAGAME-26FEB27BKNBOS-BOS. Skipping double buy arb.
2026-02-27 21:32:25,823 | WARNING | Missing ask price for aec-nba-bkn-bos-2026-02-27-inverse or KXNBAGAME-26FEB27BKNBOS-BOS. Skipping double buy arb.
2026-02-27 21:32:26,826 | WARNING | Missing ask price for aec-nba-bkn-bos-2026-02-27-inverse or KXNBAGAME-26FEB27BKNBOS-BOS. Skipping double buy arb.
2026-02-27 21:32:27,805 | WARNING | Missing ask price for aec-nba-bkn-bos-2026-02-27-inverse or KXNBAGAME-26FEB27BKNBOS-BOS. Skipping double buy arb.
2026-02-27 21:32:28,821 | WARNING | Missing ask price for aec-nba-bkn-bos-2026-02-27-inverse or KXNBAGAME-26FEB27BKNBOS-BOS. Skipping double buy arb.
2026-02-27 21:32:29,810 | WARNING | Missing ask price for aec-nba-bkn-bos-2026-02-27-inverse or KXNBAGAME-26FEB27BKNBOS-BOS. Skipping double buy arb.
2026-02-27 21:32:30,798 | WARNING | Missing ask price for aec-nba-bkn-bos-2026-02-27-inverse or KXNBAGAME-26FEB27BKNBOS-BOS. Skipping double buy arb.
2026-02-27 21:32:31,797 | WARNING | Missing ask price for aec-nba-bkn-bos-2026-02-27-inverse or KXNBAGAME-26FEB27BKNBOS-BOS. Skipping double buy arb.
2026-02-27 21:32:32,816 | WARNING | Missing ask price for aec-nba-bkn-bos-2026-02-27-inverse or KXNBAGAME-26FEB27BKNBOS-BOS. Skipping double buy arb.
2026-02-27 21:32:33,795 | WARNING | Missing ask price for aec-nba-bkn-bos-2026-02-27-inverse or KXNBAGAME-26FEB27BKNBOS-BOS. Skipping double buy arb.
2026-02-27 21:32:34,810 | WARNING | Missing ask price for aec-nba-bkn-bos-2026-02-27-inverse or KXNBAGAME-26FEB27BKNBOS-BOS. Skipping double buy arb.
2026-02-27 21:32:35,809 | WARNING | Missing ask price for aec-nba-bkn-bos-2026-02-27-inverse or KXNBAGAME-26FEB27BKNBOS-BOS. Skipping double buy arb.
2026-02-27 21:32:36,803 | WARNING | Missing ask price for aec-nba-bkn-bos-2026-02-27-inverse or KXNBAGAME-26FEB27BKNBOS-BOS. Skipping double buy arb.
2026-02-27 21:32:37,805 | WARNING | Missing ask price for aec-nba-bkn-bos-2026-02-27-inverse or KXNBAGAME-26FEB27BKNBOS-BOS. Skipping double buy arb.
2026-02-27 21:32:38,817 | WARNING | Missing ask price for aec-nba-bkn-bos-2026-02-27-inverse or KXNBAGAME-26FEB27BKNBOS-BOS. Skipping double buy arb.
2026-02-27 21:32:39,812 | WARNING | Missing ask price for aec-nba-bkn-bos-2026-02-27-inverse or KXNBAGAME-26FEB27BKNBOS-BOS. Skipping double buy arb.
2026-02-27 21:32:40,811 | WARNING | Missing ask price for aec-nba-bkn-bos-2026-02-27-inverse or KXNBAGAME-26FEB27BKNBOS-BOS. Skipping double buy arb.
2026-02-27 21:32:41,815 | WARNING | Missing ask price for aec-nba-bkn-bos-2026-02-27-inverse or KXNBAGAME-26FEB27BKNBOS-BOS. Skipping double buy arb.
2026-02-27 21:32:42,827 | WARNING | Missing ask price for aec-nba-bkn-bos-2026-02-27-inverse or KXNBAGAME-26FEB27BKNBOS-BOS. Skipping double buy arb.
2026-02-27 21:32:43,828 | WARNING | Missing ask price for aec-nba-bkn-bos-2026-02-27-inverse or KXNBAGAME-26FEB27BKNBOS-BOS. Skipping double buy arb.
2026-02-27 21:32:44,841 | WARNING | Missing ask price for aec-nba-bkn-bos-2026-02-27-inverse or KXNBAGAME-26FEB27BKNBOS-BOS. Skipping double buy arb.
2026-02-27 21:32:45,835 | WARNING | Missing ask price for aec-nba-bkn-bos-2026-02-27-inverse or KXNBAGAME-26FEB27BKNBOS-BOS. Skipping double buy arb.
2026-02-27 21:32:46,830 | WARNING | Missing ask price for aec-nba-bkn-bos-2026-02-27-inverse or KXNBAGAME-26FEB27BKNBOS-BOS. Skipping double buy arb.
2026-02-27 21:32:47,833 | WARNING | Missing ask price for aec-nba-bkn-bos-2026-02-27-inverse or KXNBAGAME-26FEB27BKNBOS-BOS. Skipping double buy arb.
2026-02-27 21:32:48,836 | WARNING | Missing ask price for aec-nba-bkn-bos-2026-02-27-inverse or KXNBAGAME-26FEB27BKNBOS-BOS. Skipping double buy arb.
2026-02-27 21:32:49,830 | WARNING | Missing ask price for aec-nba-bkn-bos-2026-02-27-inverse or KXNBAGAME-26FEB27BKNBOS-BOS. Skipping double buy arb.
2026-02-27 21:32:50,840 | WARNING | Missing ask price for aec-nba-bkn-bos-2026-02-27-inverse or KXNBAGAME-26FEB27BKNBOS-BOS. Skipping double buy arb.
2026-02-27 21:32:51,840 | WARNING | Missing ask price for aec-nba-bkn-bos-2026-02-27-inverse or KXNBAGAME-26FEB27BKNBOS-BOS. Skipping double buy arb.
2026-02-27 21:32:52,828 | WARNING | Missing ask price for aec-nba-bkn-bos-2026-02-27-inverse or KXNBAGAME-26FEB27BKNBOS-BOS. Skipping double buy arb.
2026-02-27 21:32:53,831 | WARNING | Missing ask price for aec-nba-bkn-bos-2026-02-27-inverse or KXNBAGAME-26FEB27BKNBOS-BOS. Skipping double buy arb.
2026-02-27 21:32:54,827 | WARNING | Missing ask price for aec-nba-bkn-bos-2026-02-27-inverse or KXNBAGAME-26FEB27BKNBOS-BOS. Skipping double buy arb.
2026-02-27 21:32:55,831 | WARNING | Missing ask price for aec-nba-bkn-bos-2026-02-27-inverse or KXNBAGAME-26FEB27BKNBOS-BOS. Skipping double buy arb.
2026-02-27 21:32:56,833 | WARNING | Missing ask price for aec-nba-bkn-bos-2026-02-27-inverse or KXNBAGAME-26FEB27BKNBOS-BOS. Skipping double buy arb.
2026-02-27 21:32:57,830 | WARNING | Missing ask price for aec-nba-bkn-bos-2026-02-27-inverse or KXNBAGAME-26FEB27BKNBOS-BOS. Skipping double buy arb.
2026-02-27 21:32:58,833 | WARNING | Missing ask price for aec-nba-bkn-bos-2026-02-27-inverse or KXNBAGAME-26FEB27BKNBOS-BOS. Skipping double buy arb.
2026-02-27 21:32:59,833 | WARNING | Missing ask price for aec-nba-bkn-bos-2026-02-27-inverse or KXNBAGAME-26FEB27BKNBOS-BOS. Skipping double buy arb.
2026-02-27 21:33:00,833 | WARNING | Missing ask price for aec-nba-bkn-bos-2026-02-27-inverse or KXNBAGAME-26FEB27BKNBOS-BOS. Skipping double buy arb.
2026-02-27 21:33:01,836 | WARNING | Missing ask price for aec-nba-bkn-bos-2026-02-27-inverse or KXNBAGAME-26FEB27BKNBOS-BOS. Skipping double buy arb.
2026-02-27 21:33:02,833 | WARNING | Missing ask price for aec-nba-bkn-bos-2026-02-27-inverse or KXNBAGAME-26FEB27BKNBOS-BOS. Skipping double buy arb.
2026-02-27 21:33:03,830 | WARNING | Missing ask price for aec-nba-bkn-bos-2026-02-27-inverse or KXNBAGAME-26FEB27BKNBOS-BOS. Skipping double buy arb.
2026-02-27 21:33:04,838 | WARNING | Missing ask price for aec-nba-bkn-bos-2026-02-27-inverse or KXNBAGAME-26FEB27BKNBOS-BOS. Skipping double buy arb.
2026-02-27 21:33:05,838 | WARNING | Missing ask price for aec-nba-bkn-bos-2026-02-27-inverse or KXNBAGAME-26FEB27BKNBOS-BOS. Skipping double buy arb.
2026-02-27 21:33:06,839 | WARNING | Missing ask price for aec-nba-bkn-bos-2026-02-27-inverse or KXNBAGAME-26FEB27BKNBOS-BOS. Skipping double buy arb.
2026-02-27 21:33:07,844 | WARNING | Missing ask price for aec-nba-bkn-bos-2026-02-27-inverse or KXNBAGAME-26FEB27BKNBOS-BOS. Skipping double buy arb.
2026-02-27 21:33:08,844 | WARNING | Missing ask price for aec-nba-bkn-bos-2026-02-27-inverse or KXNBAGAME-26FEB27BKNBOS-BOS. Skipping double buy arb.
2026-02-27 21:33:09,855 | WARNING | Missing ask price for aec-nba-bkn-bos-2026-02-27-inverse or KXNBAGAME-26FEB27BKNBOS-BOS. Skipping double buy arb.
2026-02-27 21:33:10,859 | WARNING | Missing ask price for aec-nba-bkn-bos-2026-02-27-inverse or KXNBAGAME-26FEB27BKNBOS-BOS. Skipping double buy arb.
2026-02-27 21:33:11,843 | WARNING | Missing ask price for aec-nba-bkn-bos-2026-02-27-inverse or KXNBAGAME-26FEB27BKNBOS-BOS. Skipping double buy arb.
2026-02-27 21:33:12,849 | WARNING | Missing ask price for aec-nba-bkn-bos-2026-02-27-inverse or KXNBAGAME-26FEB27BKNBOS-BOS. Skipping double buy arb.
2026-02-27 21:33:13,852 | WARNING | Missing ask price for aec-nba-bkn-bos-2026-02-27-inverse or KXNBAGAME-26FEB27BKNBOS-BOS. Skipping double buy arb.
2026-02-27 21:33:14,854 | WARNING | Missing ask price for aec-nba-bkn-bos-2026-02-27-inverse or KXNBAGAME-26FEB27BKNBOS-BOS. Skipping double buy arb.
2026-02-27 21:33:15,845 | WARNING | Missing ask price for aec-nba-bkn-bos-2026-02-27-inverse or KXNBAGAME-26FEB27BKNBOS-BOS. Skipping double buy arb.
2026-02-27 21:33:16,858 | WARNING | Missing ask price for aec-nba-bkn-bos-2026-02-27-inverse or KXNBAGAME-26FEB27BKNBOS-BOS. Skipping double buy arb.
2026-02-27 21:33:17,852 | WARNING | Missing ask price for aec-nba-bkn-bos-2026-02-27-inverse or KXNBAGAME-26FEB27BKNBOS-BOS. Skipping double buy arb.
2026-02-27 21:33:18,843 | WARNING | Missing ask price for aec-nba-bkn-bos-2026-02-27-inverse or KXNBAGAME-26FEB27BKNBOS-BOS. Skipping double buy arb.
2026-02-27 21:33:19,843 | WARNING | Missing ask price for aec-nba-bkn-bos-2026-02-27-inverse or KXNBAGAME-26FEB27BKNBOS-BOS. Skipping double buy arb.
2026-02-27 21:33:20,856 | WARNING | Missing ask price for aec-nba-bkn-bos-2026-02-27-inverse or KXNBAGAME-26FEB27BKNBOS-BOS. Skipping double buy arb.
2026-02-27 21:33:21,853 | WARNING | Missing ask price for aec-nba-bkn-bos-2026-02-27-inverse or KXNBAGAME-26FEB27BKNBOS-BOS. Skipping double buy arb.
2026-02-27 21:33:22,844 | WARNING | Missing ask price for aec-nba-bkn-bos-2026-02-27-inverse or KXNBAGAME-26FEB27BKNBOS-BOS. Skipping double buy arb.
2026-02-27 21:33:23,845 | WARNING | Missing ask price for aec-nba-bkn-bos-2026-02-27-inverse or KXNBAGAME-26FEB27BKNBOS-BOS. Skipping double buy arb.
2026-02-27 21:33:24,863 | WARNING | Missing ask price for aec-nba-bkn-bos-2026-02-27-inverse or KXNBAGAME-26FEB27BKNBOS-BOS. Skipping double buy arb.
2026-02-27 21:33:25,843 | WARNING | Missing ask price for aec-nba-bkn-bos-2026-02-27-inverse or KXNBAGAME-26FEB27BKNBOS-BOS. Skipping double buy arb.
2026-02-27 21:33:26,843 | WARNING | Missing ask price for aec-nba-bkn-bos-2026-02-27-inverse or KXNBAGAME-26FEB27BKNBOS-BOS. Skipping double buy arb.
2026-02-27 21:33:27,853 | WARNING | Missing ask price for aec-nba-bkn-bos-2026-02-27-inverse or KXNBAGAME-26FEB27BKNBOS-BOS. Skipping double buy arb.
2026-02-27 21:33:28,843 | WARNING | Missing ask price for aec-nba-bkn-bos-2026-02-27-inverse or KXNBAGAME-26FEB27BKNBOS-BOS. Skipping double buy arb.
2026-02-27 21:33:29,852 | WARNING | Missing ask price for aec-nba-bkn-bos-2026-02-27-inverse or KXNBAGAME-26FEB27BKNBOS-BOS. Skipping double buy arb.
2026-02-27 21:33:30,845 | WARNING | Missing ask price for aec-nba-bkn-bos-2026-02-27-inverse or KXNBAGAME-26FEB27BKNBOS-BOS. Skipping double buy arb.
2026-02-27 21:33:31,844 | WARNING | Missing ask price for aec-nba-bkn-bos-2026-02-27-inverse or KXNBAGAME-26FEB27BKNBOS-BOS. Skipping double buy arb.
2026-02-27 21:33:32,842 | WARNING | Missing ask price for aec-nba-bkn-bos-2026-02-27-inverse or KXNBAGAME-26FEB27BKNBOS-BOS. Skipping double buy arb.
2026-02-27 21:33:33,847 | WARNING | Missing ask price for aec-nba-bkn-bos-2026-02-27-inverse or KXNBAGAME-26FEB27BKNBOS-BOS. Skipping double buy arb.
2026-02-27 21:33:34,869 | WARNING | Missing ask price for aec-nba-bkn-bos-2026-02-27-inverse or KXNBAGAME-26FEB27BKNBOS-BOS. Skipping double buy arb.
2026-02-27 21:33:35,856 | WARNING | Missing ask price for aec-nba-bkn-bos-2026-02-27-inverse or KXNBAGAME-26FEB27BKNBOS-BOS. Skipping double buy arb.
2026-02-27 21:33:36,845 | WARNING | Missing ask price for aec-nba-bkn-bos-2026-02-27-inverse or KXNBAGAME-26FEB27BKNBOS-BOS. Skipping double buy arb.
2026-02-27 21:33:37,844 | WARNING | Missing ask price for aec-nba-bkn-bos-2026-02-27-inverse or KXNBAGAME-26FEB27BKNBOS-BOS. Skipping double buy arb.
2026-02-27 21:33:38,845 | WARNING | Missing ask price for aec-nba-bkn-bos-2026-02-27-inverse or KXNBAGAME-26FEB27BKNBOS-BOS. Skipping double buy arb.
2026-02-27 21:33:39,852 | WARNING | Missing ask price for aec-nba-bkn-bos-2026-02-27-inverse or KXNBAGAME-26FEB27BKNBOS-BOS. Skipping double buy arb.
2026-02-27 21:33:40,845 | WARNING | Missing ask price for aec-nba-bkn-bos-2026-02-27-inverse or KXNBAGAME-26FEB27BKNBOS-BOS. Skipping double buy arb.
2026-02-27 21:33:41,853 | WARNING | Missing ask price for aec-nba-bkn-bos-2026-02-27-inverse or KXNBAGAME-26FEB27BKNBOS-BOS. Skipping double buy arb.
2026-02-27 21:33:42,869 | WARNING | Missing ask price for aec-nba-bkn-bos-2026-02-27-inverse or KXNBAGAME-26FEB27BKNBOS-BOS. Skipping double buy arb.
2026-02-27 21:33:43,863 | WARNING | Missing ask price for aec-nba-bkn-bos-2026-02-27-inverse or KXNBAGAME-26FEB27BKNBOS-BOS. Skipping double buy arb.
2026-02-27 21:33:44,875 | WARNING | Missing ask price for aec-nba-bkn-bos-2026-02-27-inverse or KXNBAGAME-26FEB27BKNBOS-BOS. Skipping double buy arb.
2026-02-27 21:33:45,873 | WARNING | Missing ask price for aec-nba-bkn-bos-2026-02-27-inverse or KXNBAGAME-26FEB27BKNBOS-BOS. Skipping double buy arb.
2026-02-27 21:33:46,890 | WARNING | Missing ask price for aec-nba-bkn-bos-2026-02-27-inverse or KXNBAGAME-26FEB27BKNBOS-BOS. Skipping double buy arb.
2026-02-27 21:33:47,883 | WARNING | Missing ask price for aec-nba-bkn-bos-2026-02-27-inverse or KXNBAGAME-26FEB27BKNBOS-BOS. Skipping double buy arb.
2026-02-27 21:33:48,875 | WARNING | Missing ask price for aec-nba-bkn-bos-2026-02-27-inverse or KXNBAGAME-26FEB27BKNBOS-BOS. Skipping double buy arb.
2026-02-27 21:33:49,879 | INFO | {'type': 'same_side', 'direction': 'buy_poly_sell_kalshi', 'poly_id': 'aec-nba-cle-det-2026-02-27', 'kalshi_ticker': 'KXNBAGAME-26FEB27CLEDET-CLE', 'buy_price': Decimal('0.640'), 'sell_price': Decimal('0.65000000000000002220446049250313080847263336181640625'), 'edge': Decimal('0.01000000000000002220446049250'), 'size': Decimal('30.000')}
2026-02-27 21:33:49,879 | ERROR | Failed to place order A: 'CrossExchangeArbitrage' object has no attribute 'polymarket_gateway'
