2026-03-27 19:21:47,043 | INFO | Intra-Kalshi Arbitrage Opportunity: Buy YES on KXNCAABBGAME-26MAR271600ALCAGL-ALC at 0.0100 and Buy YES on KXNCAABBGAME-26MAR271600ALCAGL-AGL at 0.9700 of size 200 | Combined Price: 196.5500
2026-03-27 20:21:38,407 | INFO | Intra-Kalshi Arbitrage Opportunity: Buy YES on KXNCAAMLAXGAME-26MAR28HAMMON-MON at 0.9400 and Buy YES on KXNCAAMLAXGAME-26MAR28HAMMON-HAM at 0.0400 of size 82 | Combined Price: 80.9200
2026-03-27 20:21:38,407 | INFO | Intra-Kalshi Arbitrage Opportunity: Buy YES on KXNCAAMLAXGAME-26MAR28HAMMON-HAM at 0.0400 and Buy YES on KXNCAAMLAXGAME-26MAR28HAMMON-MON at 0.9400 of size 82 | Combined Price: 80.9200
2026-03-27 20:21:39,431 | INFO | Intra-Kalshi Arbitrage Opportunity: Buy YES on KXNCAAMLAXGAME-26MAR28HAMMON-MON at 0.9400 and Buy YES on KXNCAAMLAXGAME-26MAR28HAMMON-HAM at 0.0400 of size 82 | Combined Price: 80.9200
2026-03-27 20:21:39,431 | INFO | Intra-Kalshi Arbitrage Opportunity: Buy YES on KXNCAAMLAXGAME-26MAR28HAMMON-HAM at 0.0400 and Buy YES on KXNCAAMLAXGAME-26MAR28HAMMON-MON at 0.9400 of size 82 | Combined Price: 80.9200
2026-03-27 20:21:40,447 | INFO | Intra-Kalshi Arbitrage Opportunity: Buy YES on KXNCAAMLAXGAME-26MAR28HAMMON-MON at 0.9400 and Buy YES on KXNCAAMLAXGAME-26MAR28HAMMON-HAM at 0.0400 of size 82 | Combined Price: 80.9200
2026-03-27 20:21:40,459 | INFO | Intra-Kalshi Arbitrage Opportunity: Buy YES on KXNCAAMLAXGAME-26MAR28HAMMON-HAM at 0.0400 and Buy YES on KXNCAAMLAXGAME-26MAR28HAMMON-MON at 0.9400 of size 82 | Combined Price: 80.9200
2026-03-27 20:21:41,481 | INFO | Intra-Kalshi Arbitrage Opportunity: Buy YES on KXNCAAMLAXGAME-26MAR28HAMMON-MON at 0.9400 and Buy YES on KXNCAAMLAXGAME-26MAR28HAMMON-HAM at 0.0400 of size 82 | Combined Price: 80.9200
2026-03-27 20:21:41,481 | INFO | Intra-Kalshi Arbitrage Opportunity: Buy YES on KXNCAAMLAXGAME-26MAR28HAMMON-HAM at 0.0400 and Buy YES on KXNCAAMLAXGAME-26MAR28HAMMON-MON at 0.9400 of size 82 | Combined Price: 80.9200
2026-03-27 20:21:42,505 | INFO | Intra-Kalshi Arbitrage Opportunity: Buy YES on KXNCAAMLAXGAME-26MAR28HAMMON-MON at 0.9400 and Buy YES on KXNCAAMLAXGAME-26MAR28HAMMON-HAM at 0.0400 of size 82 | Combined Price: 80.9200
2026-03-27 20:21:42,505 | INFO | Intra-Kalshi Arbitrage Opportunity: Buy YES on KXNCAAMLAXGAME-26MAR28HAMMON-HAM at 0.0400 and Buy YES on KXNCAAMLAXGAME-26MAR28HAMMON-MON at 0.9400 of size 82 | Combined Price: 80.9200
2026-03-27 20:21:43,530 | INFO | Intra-Kalshi Arbitrage Opportunity: Buy YES on KXNCAAMLAXGAME-26MAR28HAMMON-MON at 0.9400 and Buy YES on KXNCAAMLAXGAME-26MAR28HAMMON-HAM at 0.0400 of size 82 | Combined Price: 80.9200
2026-03-27 20:21:43,530 | INFO | Intra-Kalshi Arbitrage Opportunity: Buy YES on KXNCAAMLAXGAME-26MAR28HAMMON-HAM at 0.0400 and Buy YES on KXNCAAMLAXGAME-26MAR28HAMMON-MON at 0.9400 of size 82 | Combined Price: 80.9200
2026-03-27 20:21:44,554 | INFO | Intra-Kalshi Arbitrage Opportunity: Buy YES on KXNCAAMLAXGAME-26MAR28HAMMON-MON at 0.9400 and Buy YES on KXNCAAMLAXGAME-26MAR28HAMMON-HAM at 0.0400 of size 82 | Combined Price: 80.9200
2026-03-27 20:21:44,554 | INFO | Intra-Kalshi Arbitrage Opportunity: Buy YES on KXNCAAMLAXGAME-26MAR28HAMMON-HAM at 0.0400 and Buy YES on KXNCAAMLAXGAME-26MAR28HAMMON-MON at 0.9400 of size 82 | Combined Price: 80.9200
2026-03-27 20:21:45,605 | INFO | Intra-Kalshi Arbitrage Opportunity: Buy YES on KXNCAAMLAXGAME-26MAR28HAMMON-MON at 0.9400 and Buy YES on KXNCAAMLAXGAME-26MAR28HAMMON-HAM at 0.0400 of size 82 | Combined Price: 80.9200
2026-03-27 20:21:45,605 | INFO | Intra-Kalshi Arbitrage Opportunity: Buy YES on KXNCAAMLAXGAME-26MAR28HAMMON-HAM at 0.0400 and Buy YES on KXNCAAMLAXGAME-26MAR28HAMMON-MON at 0.9400 of size 82 | Combined Price: 80.9200
2026-03-27 20:21:46,730 | INFO | Intra-Kalshi Arbitrage Opportunity: Buy YES on KXNCAAMLAXGAME-26MAR28HAMMON-MON at 0.9400 and Buy YES on KXNCAAMLAXGAME-26MAR28HAMMON-HAM at 0.0400 of size 82 | Combined Price: 80.9200
2026-03-27 20:21:46,730 | INFO | Intra-Kalshi Arbitrage Opportunity: Buy YES on KXNCAAMLAXGAME-26MAR28HAMMON-HAM at 0.0400 and Buy YES on KXNCAAMLAXGAME-26MAR28HAMMON-MON at 0.9400 of size 82 | Combined Price: 80.9200
2026-03-27 20:21:47,797 | INFO | Intra-Kalshi Arbitrage Opportunity: Buy YES on KXNCAAMLAXGAME-26MAR28HAMMON-MON at 0.9400 and Buy YES on KXNCAAMLAXGAME-26MAR28HAMMON-HAM at 0.0400 of size 82 | Combined Price: 80.9200
2026-03-27 20:21:47,797 | INFO | Intra-Kalshi Arbitrage Opportunity: Buy YES on KXNCAAMLAXGAME-26MAR28HAMMON-HAM at 0.0400 and Buy YES on KXNCAAMLAXGAME-26MAR28HAMMON-MON at 0.9400 of size 82 | Combined Price: 80.9200
2026-03-27 20:21:48,828 | INFO | Intra-Kalshi Arbitrage Opportunity: Buy YES on KXNCAAMLAXGAME-26MAR28HAMMON-MON at 0.9400 and Buy YES on KXNCAAMLAXGAME-26MAR28HAMMON-HAM at 0.0400 of size 82 | Combined Price: 80.9200
2026-03-27 20:21:48,828 | INFO | Intra-Kalshi Arbitrage Opportunity: Buy YES on KXNCAAMLAXGAME-26MAR28HAMMON-HAM at 0.0400 and Buy YES on KXNCAAMLAXGAME-26MAR28HAMMON-MON at 0.9400 of size 82 | Combined Price: 80.9200
2026-03-27 20:21:49,877 | INFO | Intra-Kalshi Arbitrage Opportunity: Buy YES on KXNCAAMLAXGAME-26MAR28HAMMON-MON at 0.9400 and Buy YES on KXNCAAMLAXGAME-26MAR28HAMMON-HAM at 0.0400 of size 82 | Combined Price: 80.9200
2026-03-27 20:21:49,877 | INFO | Intra-Kalshi Arbitrage Opportunity: Buy YES on KXNCAAMLAXGAME-26MAR28HAMMON-HAM at 0.0400 and Buy YES on KXNCAAMLAXGAME-26MAR28HAMMON-MON at 0.9400 of size 82 | Combined Price: 80.9200
2026-03-27 20:21:50,911 | INFO | Intra-Kalshi Arbitrage Opportunity: Buy YES on KXNCAAMLAXGAME-26MAR28HAMMON-MON at 0.9400 and Buy YES on KXNCAAMLAXGAME-26MAR28HAMMON-HAM at 0.0400 of size 82 | Combined Price: 80.9200
2026-03-27 20:21:50,911 | INFO | Intra-Kalshi Arbitrage Opportunity: Buy YES on KXNCAAMLAXGAME-26MAR28HAMMON-HAM at 0.0400 and Buy YES on KXNCAAMLAXGAME-26MAR28HAMMON-MON at 0.9400 of size 82 | Combined Price: 80.9200
2026-03-27 20:21:51,913 | INFO | Intra-Kalshi Arbitrage Opportunity: Buy YES on KXNCAAMLAXGAME-26MAR28HAMMON-MON at 0.9400 and Buy YES on KXNCAAMLAXGAME-26MAR28HAMMON-HAM at 0.0400 of size 82 | Combined Price: 80.9200
2026-03-27 20:21:51,913 | INFO | Intra-Kalshi Arbitrage Opportunity: Buy YES on KXNCAAMLAXGAME-26MAR28HAMMON-HAM at 0.0400 and Buy YES on KXNCAAMLAXGAME-26MAR28HAMMON-MON at 0.9400 of size 82 | Combined Price: 80.9200
2026-03-27 20:21:52,962 | INFO | Intra-Kalshi Arbitrage Opportunity: Buy YES on KXNCAAMLAXGAME-26MAR28HAMMON-MON at 0.9400 and Buy YES on KXNCAAMLAXGAME-26MAR28HAMMON-HAM at 0.0400 of size 82 | Combined Price: 80.9200
2026-03-27 20:21:52,962 | INFO | Intra-Kalshi Arbitrage Opportunity: Buy YES on KXNCAAMLAXGAME-26MAR28HAMMON-HAM at 0.0400 and Buy YES on KXNCAAMLAXGAME-26MAR28HAMMON-MON at 0.9400 of size 82 | Combined Price: 80.9200
2026-03-27 20:21:54,033 | INFO | Intra-Kalshi Arbitrage Opportunity: Buy YES on KXNCAAMLAXGAME-26MAR28HAMMON-MON at 0.9400 and Buy YES on KXNCAAMLAXGAME-26MAR28HAMMON-HAM at 0.0400 of size 82 | Combined Price: 80.9200
2026-03-27 20:21:54,033 | INFO | Intra-Kalshi Arbitrage Opportunity: Buy YES on KXNCAAMLAXGAME-26MAR28HAMMON-HAM at 0.0400 and Buy YES on KXNCAAMLAXGAME-26MAR28HAMMON-MON at 0.9400 of size 82 | Combined Price: 80.9200
2026-03-27 20:21:55,092 | INFO | Intra-Kalshi Arbitrage Opportunity: Buy YES on KXNCAAMLAXGAME-26MAR28HAMMON-MON at 0.9400 and Buy YES on KXNCAAMLAXGAME-26MAR28HAMMON-HAM at 0.0400 of size 82 | Combined Price: 80.9200
2026-03-27 20:21:55,092 | INFO | Intra-Kalshi Arbitrage Opportunity: Buy YES on KXNCAAMLAXGAME-26MAR28HAMMON-HAM at 0.0400 and Buy YES on KXNCAAMLAXGAME-26MAR28HAMMON-MON at 0.9400 of size 82 | Combined Price: 80.9200
2026-03-27 20:21:56,141 | INFO | Intra-Kalshi Arbitrage Opportunity: Buy YES on KXNCAAMLAXGAME-26MAR28HAMMON-MON at 0.9400 and Buy YES on KXNCAAMLAXGAME-26MAR28HAMMON-HAM at 0.0400 of size 82 | Combined Price: 80.9200
2026-03-27 20:21:56,141 | INFO | Intra-Kalshi Arbitrage Opportunity: Buy YES on KXNCAAMLAXGAME-26MAR28HAMMON-HAM at 0.0400 and Buy YES on KXNCAAMLAXGAME-26MAR28HAMMON-MON at 0.9400 of size 82 | Combined Price: 80.9200
2026-03-27 20:21:57,180 | INFO | Intra-Kalshi Arbitrage Opportunity: Buy YES on KXNCAAMLAXGAME-26MAR28HAMMON-MON at 0.9400 and Buy YES on KXNCAAMLAXGAME-26MAR28HAMMON-HAM at 0.0400 of size 82 | Combined Price: 80.9200
2026-03-27 20:21:57,180 | INFO | Intra-Kalshi Arbitrage Opportunity: Buy YES on KXNCAAMLAXGAME-26MAR28HAMMON-HAM at 0.0400 and Buy YES on KXNCAAMLAXGAME-26MAR28HAMMON-MON at 0.9400 of size 82 | Combined Price: 80.9200
2026-03-27 20:21:58,281 | INFO | Intra-Kalshi Arbitrage Opportunity: Buy YES on KXNCAAMLAXGAME-26MAR28HAMMON-MON at 0.9400 and Buy YES on KXNCAAMLAXGAME-26MAR28HAMMON-HAM at 0.0400 of size 82 | Combined Price: 80.9200
2026-03-27 20:21:58,281 | INFO | Intra-Kalshi Arbitrage Opportunity: Buy YES on KXNCAAMLAXGAME-26MAR28HAMMON-HAM at 0.0400 and Buy YES on KXNCAAMLAXGAME-26MAR28HAMMON-MON at 0.9400 of size 82 | Combined Price: 80.9200
2026-03-27 20:21:59,354 | INFO | Intra-Kalshi Arbitrage Opportunity: Buy YES on KXNCAAMLAXGAME-26MAR28HAMMON-MON at 0.9400 and Buy YES on KXNCAAMLAXGAME-26MAR28HAMMON-HAM at 0.0400 of size 82 | Combined Price: 80.9200
2026-03-27 20:21:59,354 | INFO | Intra-Kalshi Arbitrage Opportunity: Buy YES on KXNCAAMLAXGAME-26MAR28HAMMON-HAM at 0.0400 and Buy YES on KXNCAAMLAXGAME-26MAR28HAMMON-MON at 0.9400 of size 82 | Combined Price: 80.9200
2026-03-27 20:22:00,398 | INFO | Intra-Kalshi Arbitrage Opportunity: Buy YES on KXNCAAMLAXGAME-26MAR28HAMMON-MON at 0.9400 and Buy YES on KXNCAAMLAXGAME-26MAR28HAMMON-HAM at 0.0400 of size 82 | Combined Price: 80.9200
2026-03-27 20:22:00,398 | INFO | Intra-Kalshi Arbitrage Opportunity: Buy YES on KXNCAAMLAXGAME-26MAR28HAMMON-HAM at 0.0400 and Buy YES on KXNCAAMLAXGAME-26MAR28HAMMON-MON at 0.9400 of size 82 | Combined Price: 80.9200
2026-03-27 20:22:01,462 | INFO | Intra-Kalshi Arbitrage Opportunity: Buy YES on KXNCAAMLAXGAME-26MAR28HAMMON-MON at 0.9400 and Buy YES on KXNCAAMLAXGAME-26MAR28HAMMON-HAM at 0.0400 of size 82 | Combined Price: 80.9200
2026-03-27 20:22:01,462 | INFO | Intra-Kalshi Arbitrage Opportunity: Buy YES on KXNCAAMLAXGAME-26MAR28HAMMON-HAM at 0.0400 and Buy YES on KXNCAAMLAXGAME-26MAR28HAMMON-MON at 0.9400 of size 82 | Combined Price: 80.9200
2026-03-27 20:22:02,546 | INFO | Intra-Kalshi Arbitrage Opportunity: Buy YES on KXNCAAMLAXGAME-26MAR28HAMMON-MON at 0.9400 and Buy YES on KXNCAAMLAXGAME-26MAR28HAMMON-HAM at 0.0400 of size 82 | Combined Price: 80.9200
2026-03-27 20:22:02,546 | INFO | Intra-Kalshi Arbitrage Opportunity: Buy YES on KXNCAAMLAXGAME-26MAR28HAMMON-HAM at 0.0400 and Buy YES on KXNCAAMLAXGAME-26MAR28HAMMON-MON at 0.9400 of size 82 | Combined Price: 80.9200
2026-03-27 20:22:03,588 | INFO | Intra-Kalshi Arbitrage Opportunity: Buy YES on KXNCAAMLAXGAME-26MAR28HAMMON-MON at 0.9400 and Buy YES on KXNCAAMLAXGAME-26MAR28HAMMON-HAM at 0.0400 of size 82 | Combined Price: 80.9200
2026-03-27 20:22:03,588 | INFO | Intra-Kalshi Arbitrage Opportunity: Buy YES on KXNCAAMLAXGAME-26MAR28HAMMON-HAM at 0.0400 and Buy YES on KXNCAAMLAXGAME-26MAR28HAMMON-MON at 0.9400 of size 82 | Combined Price: 80.9200
2026-03-27 20:22:04,619 | INFO | Intra-Kalshi Arbitrage Opportunity: Buy YES on KXNCAAMLAXGAME-26MAR28HAMMON-MON at 0.9400 and Buy YES on KXNCAAMLAXGAME-26MAR28HAMMON-HAM at 0.0400 of size 82 | Combined Price: 80.9200
2026-03-27 20:22:04,619 | INFO | Intra-Kalshi Arbitrage Opportunity: Buy YES on KXNCAAMLAXGAME-26MAR28HAMMON-HAM at 0.0400 and Buy YES on KXNCAAMLAXGAME-26MAR28HAMMON-MON at 0.9400 of size 82 | Combined Price: 80.9200
2026-03-27 20:22:05,666 | INFO | Intra-Kalshi Arbitrage Opportunity: Buy YES on KXNCAAMLAXGAME-26MAR28HAMMON-MON at 0.9400 and Buy YES on KXNCAAMLAXGAME-26MAR28HAMMON-HAM at 0.0400 of size 82 | Combined Price: 80.9200
2026-03-27 20:22:05,666 | INFO | Intra-Kalshi Arbitrage Opportunity: Buy YES on KXNCAAMLAXGAME-26MAR28HAMMON-HAM at 0.0400 and Buy YES on KXNCAAMLAXGAME-26MAR28HAMMON-MON at 0.9400 of size 82 | Combined Price: 80.9200
2026-03-27 20:22:06,696 | INFO | Intra-Kalshi Arbitrage Opportunity: Buy YES on KXNCAAMLAXGAME-26MAR28HAMMON-MON at 0.9400 and Buy YES on KXNCAAMLAXGAME-26MAR28HAMMON-HAM at 0.0400 of size 82 | Combined Price: 80.9200
2026-03-27 20:22:06,696 | INFO | Intra-Kalshi Arbitrage Opportunity: Buy YES on KXNCAAMLAXGAME-26MAR28HAMMON-HAM at 0.0400 and Buy YES on KXNCAAMLAXGAME-26MAR28HAMMON-MON at 0.9400 of size 82 | Combined Price: 80.9200
2026-03-27 20:22:07,713 | INFO | Intra-Kalshi Arbitrage Opportunity: Buy YES on KXNCAAMLAXGAME-26MAR28HAMMON-MON at 0.9400 and Buy YES on KXNCAAMLAXGAME-26MAR28HAMMON-HAM at 0.0400 of size 82 | Combined Price: 80.9200
2026-03-27 20:22:07,713 | INFO | Intra-Kalshi Arbitrage Opportunity: Buy YES on KXNCAAMLAXGAME-26MAR28HAMMON-HAM at 0.0400 and Buy YES on KXNCAAMLAXGAME-26MAR28HAMMON-MON at 0.9400 of size 82 | Combined Price: 80.9200
2026-03-27 20:22:08,725 | INFO | Intra-Kalshi Arbitrage Opportunity: Buy YES on KXNCAAMLAXGAME-26MAR28HAMMON-MON at 0.9400 and Buy YES on KXNCAAMLAXGAME-26MAR28HAMMON-HAM at 0.0400 of size 82 | Combined Price: 80.9200
2026-03-27 20:22:08,725 | INFO | Intra-Kalshi Arbitrage Opportunity: Buy YES on KXNCAAMLAXGAME-26MAR28HAMMON-HAM at 0.0400 and Buy YES on KXNCAAMLAXGAME-26MAR28HAMMON-MON at 0.9400 of size 82 | Combined Price: 80.9200
2026-03-27 20:22:09,746 | INFO | Intra-Kalshi Arbitrage Opportunity: Buy YES on KXNCAAMLAXGAME-26MAR28HAMMON-MON at 0.9400 and Buy YES on KXNCAAMLAXGAME-26MAR28HAMMON-HAM at 0.0400 of size 82 | Combined Price: 80.9200
2026-03-27 20:22:09,746 | INFO | Intra-Kalshi Arbitrage Opportunity: Buy YES on KXNCAAMLAXGAME-26MAR28HAMMON-HAM at 0.0400 and Buy YES on KXNCAAMLAXGAME-26MAR28HAMMON-MON at 0.9400 of size 65 | Combined Price: 64.1400
2026-03-27 20:22:09,746 | INFO | Intra-Kalshi Arbitrage Opportunity: Buy NO on KXNCAAMLAXGAME-26MAR28HAMMON-HAM at 0.97 and Buy NO on KXNCAAMLAXGAME-26MAR28HAMMON-MON at 0.37 of size -1 | Combined Price: -1.35
2026-03-27 20:27:42,258 | INFO | Intra-Kalshi Arbitrage Opportunity: Buy YES on KXNCAAMLAXGAME-26MAR28HAMMON-MON at 0.9400 and Buy YES on KXNCAAMLAXGAME-26MAR28HAMMON-HAM at 0.0400 of size 168 | Combined Price: 165.7700
2026-03-27 20:27:42,260 | INFO | Intra-Kalshi Arbitrage Opportunity: Buy YES on KXNCAAMLAXGAME-26MAR28HAMMON-HAM at 0.0400 and Buy YES on KXNCAAMLAXGAME-26MAR28HAMMON-MON at 0.9400 of size 168 | Combined Price: 165.7700
2026-03-27 20:27:43,307 | INFO | Intra-Kalshi Arbitrage Opportunity: Buy YES on KXNCAAMLAXGAME-26MAR28HAMMON-MON at 0.9400 and Buy YES on KXNCAAMLAXGAME-26MAR28HAMMON-HAM at 0.0400 of size 168 | Combined Price: 165.7700
2026-03-27 20:27:43,307 | INFO | Intra-Kalshi Arbitrage Opportunity: Buy YES on KXNCAAMLAXGAME-26MAR28HAMMON-HAM at 0.0400 and Buy YES on KXNCAAMLAXGAME-26MAR28HAMMON-MON at 0.9400 of size 168 | Combined Price: 165.7700
2026-03-27 20:27:44,340 | INFO | Intra-Kalshi Arbitrage Opportunity: Buy YES on KXNCAAMLAXGAME-26MAR28HAMMON-MON at 0.9400 and Buy YES on KXNCAAMLAXGAME-26MAR28HAMMON-HAM at 0.0400 of size 168 | Combined Price: 165.7700
2026-03-27 20:27:44,340 | INFO | Intra-Kalshi Arbitrage Opportunity: Buy YES on KXNCAAMLAXGAME-26MAR28HAMMON-HAM at 0.0400 and Buy YES on KXNCAAMLAXGAME-26MAR28HAMMON-MON at 0.9400 of size 168 | Combined Price: 165.7700
2026-03-27 20:27:45,364 | INFO | Intra-Kalshi Arbitrage Opportunity: Buy YES on KXNCAAMLAXGAME-26MAR28HAMMON-MON at 0.9400 and Buy YES on KXNCAAMLAXGAME-26MAR28HAMMON-HAM at 0.0400 of size 168 | Combined Price: 165.7700
2026-03-27 20:27:45,364 | INFO | Intra-Kalshi Arbitrage Opportunity: Buy YES on KXNCAAMLAXGAME-26MAR28HAMMON-HAM at 0.0400 and Buy YES on KXNCAAMLAXGAME-26MAR28HAMMON-MON at 0.9400 of size 168 | Combined Price: 165.7700
2026-03-27 20:27:46,385 | INFO | Intra-Kalshi Arbitrage Opportunity: Buy YES on KXNCAAMLAXGAME-26MAR28HAMMON-MON at 0.9400 and Buy YES on KXNCAAMLAXGAME-26MAR28HAMMON-HAM at 0.0400 of size 168 | Combined Price: 165.7700
2026-03-27 20:27:46,385 | INFO | Intra-Kalshi Arbitrage Opportunity: Buy YES on KXNCAAMLAXGAME-26MAR28HAMMON-HAM at 0.0400 and Buy YES on KXNCAAMLAXGAME-26MAR28HAMMON-MON at 0.9400 of size 168 | Combined Price: 165.7700
2026-03-27 20:27:47,385 | INFO | Intra-Kalshi Arbitrage Opportunity: Buy YES on KXNCAAMLAXGAME-26MAR28HAMMON-MON at 0.9400 and Buy YES on KXNCAAMLAXGAME-26MAR28HAMMON-HAM at 0.0400 of size 168 | Combined Price: 165.7700
2026-03-27 20:27:47,385 | INFO | Intra-Kalshi Arbitrage Opportunity: Buy YES on KXNCAAMLAXGAME-26MAR28HAMMON-HAM at 0.0400 and Buy YES on KXNCAAMLAXGAME-26MAR28HAMMON-MON at 0.9400 of size 168 | Combined Price: 165.7700
2026-03-27 20:27:48,406 | INFO | Intra-Kalshi Arbitrage Opportunity: Buy YES on KXNCAAMLAXGAME-26MAR28HAMMON-MON at 0.9400 and Buy YES on KXNCAAMLAXGAME-26MAR28HAMMON-HAM at 0.0400 of size 168 | Combined Price: 165.7700
2026-03-27 20:27:48,406 | INFO | Intra-Kalshi Arbitrage Opportunity: Buy YES on KXNCAAMLAXGAME-26MAR28HAMMON-HAM at 0.0400 and Buy YES on KXNCAAMLAXGAME-26MAR28HAMMON-MON at 0.9400 of size 168 | Combined Price: 165.7700
2026-03-27 20:27:49,418 | INFO | Intra-Kalshi Arbitrage Opportunity: Buy YES on KXNCAAMLAXGAME-26MAR28HAMMON-MON at 0.9400 and Buy YES on KXNCAAMLAXGAME-26MAR28HAMMON-HAM at 0.0400 of size 168 | Combined Price: 165.7700
2026-03-27 20:27:49,418 | INFO | Intra-Kalshi Arbitrage Opportunity: Buy YES on KXNCAAMLAXGAME-26MAR28HAMMON-HAM at 0.0400 and Buy YES on KXNCAAMLAXGAME-26MAR28HAMMON-MON at 0.9400 of size 168 | Combined Price: 165.7700
2026-03-27 20:27:50,419 | INFO | Intra-Kalshi Arbitrage Opportunity: Buy YES on KXNCAAMLAXGAME-26MAR28HAMMON-MON at 0.9400 and Buy YES on KXNCAAMLAXGAME-26MAR28HAMMON-HAM at 0.0400 of size 168 | Combined Price: 165.7700
2026-03-27 20:27:50,419 | INFO | Intra-Kalshi Arbitrage Opportunity: Buy YES on KXNCAAMLAXGAME-26MAR28HAMMON-HAM at 0.0400 and Buy YES on KXNCAAMLAXGAME-26MAR28HAMMON-MON at 0.9400 of size 168 | Combined Price: 165.7700
2026-03-27 20:27:51,402 | INFO | Intra-Kalshi Arbitrage Opportunity: Buy YES on KXNCAAMLAXGAME-26MAR28HAMMON-MON at 0.9400 and Buy YES on KXNCAAMLAXGAME-26MAR28HAMMON-HAM at 0.0400 of size 168 | Combined Price: 165.7700
2026-03-27 20:27:51,402 | INFO | Intra-Kalshi Arbitrage Opportunity: Buy YES on KXNCAAMLAXGAME-26MAR28HAMMON-HAM at 0.0400 and Buy YES on KXNCAAMLAXGAME-26MAR28HAMMON-MON at 0.9400 of size 168 | Combined Price: 165.7700
2026-03-27 20:27:52,440 | INFO | Intra-Kalshi Arbitrage Opportunity: Buy YES on KXNCAAMLAXGAME-26MAR28HAMMON-MON at 0.9400 and Buy YES on KXNCAAMLAXGAME-26MAR28HAMMON-HAM at 0.0400 of size 168 | Combined Price: 165.7700
2026-03-27 20:27:52,440 | INFO | Intra-Kalshi Arbitrage Opportunity: Buy YES on KXNCAAMLAXGAME-26MAR28HAMMON-HAM at 0.0400 and Buy YES on KXNCAAMLAXGAME-26MAR28HAMMON-MON at 0.9400 of size 168 | Combined Price: 165.7700
2026-03-27 20:27:53,455 | INFO | Intra-Kalshi Arbitrage Opportunity: Buy YES on KXNCAAMLAXGAME-26MAR28HAMMON-MON at 0.9400 and Buy YES on KXNCAAMLAXGAME-26MAR28HAMMON-HAM at 0.0400 of size 168 | Combined Price: 165.7700
2026-03-27 20:27:53,456 | INFO | Intra-Kalshi Arbitrage Opportunity: Buy YES on KXNCAAMLAXGAME-26MAR28HAMMON-HAM at 0.0400 and Buy YES on KXNCAAMLAXGAME-26MAR28HAMMON-MON at 0.9400 of size 168 | Combined Price: 165.7700
2026-03-27 20:27:54,444 | INFO | Intra-Kalshi Arbitrage Opportunity: Buy YES on KXNCAAMLAXGAME-26MAR28HAMMON-MON at 0.9400 and Buy YES on KXNCAAMLAXGAME-26MAR28HAMMON-HAM at 0.0400 of size 168 | Combined Price: 165.7700
2026-03-27 20:27:54,444 | INFO | Intra-Kalshi Arbitrage Opportunity: Buy YES on KXNCAAMLAXGAME-26MAR28HAMMON-HAM at 0.0400 and Buy YES on KXNCAAMLAXGAME-26MAR28HAMMON-MON at 0.9400 of size 168 | Combined Price: 165.7700
2026-03-27 20:27:55,448 | INFO | Intra-Kalshi Arbitrage Opportunity: Buy YES on KXNCAAMLAXGAME-26MAR28HAMMON-MON at 0.9400 and Buy YES on KXNCAAMLAXGAME-26MAR28HAMMON-HAM at 0.0400 of size 168 | Combined Price: 165.7700
2026-03-27 20:27:55,448 | INFO | Intra-Kalshi Arbitrage Opportunity: Buy YES on KXNCAAMLAXGAME-26MAR28HAMMON-HAM at 0.0400 and Buy YES on KXNCAAMLAXGAME-26MAR28HAMMON-MON at 0.9400 of size 168 | Combined Price: 165.7700
2026-03-27 20:27:56,434 | INFO | Intra-Kalshi Arbitrage Opportunity: Buy YES on KXNCAAMLAXGAME-26MAR28HAMMON-MON at 0.9400 and Buy YES on KXNCAAMLAXGAME-26MAR28HAMMON-HAM at 0.0400 of size 168 | Combined Price: 165.7700
2026-03-27 20:27:56,434 | INFO | Intra-Kalshi Arbitrage Opportunity: Buy YES on KXNCAAMLAXGAME-26MAR28HAMMON-HAM at 0.0400 and Buy YES on KXNCAAMLAXGAME-26MAR28HAMMON-MON at 0.9400 of size 168 | Combined Price: 165.7700
2026-03-27 20:27:57,455 | INFO | Intra-Kalshi Arbitrage Opportunity: Buy YES on KXNCAAMLAXGAME-26MAR28HAMMON-MON at 0.9400 and Buy YES on KXNCAAMLAXGAME-26MAR28HAMMON-HAM at 0.0400 of size 27 | Combined Price: 26.6500
2026-03-27 20:35:37,754 | INFO | Intra-Kalshi Arbitrage Opportunity: Buy YES on KXNCAAMLAXGAME-26MAR28UMASTB-STB at 0.0600 and Buy YES on KXNCAAMLAXGAME-26MAR28UMASTB-UMA at 0.9300 of size 106 | Combined Price: 105.8500
2026-03-27 20:35:37,754 | INFO | Intra-Kalshi Arbitrage Opportunity: Buy YES on KXNCAAMLAXGAME-26MAR28UMASTB-UMA at 0.9300 and Buy YES on KXNCAAMLAXGAME-26MAR28UMASTB-STB at 0.0600 of size 106 | Combined Price: 105.8500
2026-03-27 20:35:37,754 | INFO | Intra-Kalshi Arbitrage Opportunity: Buy YES on KXNCAAMLAXGAME-26MAR28HAMMON-MON at 0.9400 and Buy YES on KXNCAAMLAXGAME-26MAR28HAMMON-HAM at 0.0400 of size 168 | Combined Price: 165.7700
2026-03-27 20:35:37,754 | INFO | Intra-Kalshi Arbitrage Opportunity: Buy YES on KXNCAAMLAXGAME-26MAR28HAMMON-HAM at 0.0400 and Buy YES on KXNCAAMLAXGAME-26MAR28HAMMON-MON at 0.9400 of size 168 | Combined Price: 165.7700
2026-03-27 20:36:05,094 | INFO | Intra-Kalshi Arbitrage Opportunity: Buy YES on KXNCAAMLAXGAME-26MAR28UMASTB-STB at 0.0600 and Buy YES on KXNCAAMLAXGAME-26MAR28UMASTB-UMA at 0.9300 of size 106 | Combined Price: 105.8500
2026-03-27 20:36:05,094 | INFO | Intra-Kalshi Arbitrage Opportunity: Buy YES on KXNCAAMLAXGAME-26MAR28UMASTB-UMA at 0.9300 and Buy YES on KXNCAAMLAXGAME-26MAR28UMASTB-STB at 0.0600 of size 106 | Combined Price: 105.8500
2026-03-27 20:36:05,094 | INFO | Intra-Kalshi Arbitrage Opportunity: Buy YES on KXNCAAMLAXGAME-26MAR28HAMMON-MON at 0.9400 and Buy YES on KXNCAAMLAXGAME-26MAR28HAMMON-HAM at 0.0400 of size 168 | Combined Price: 165.7700
2026-03-27 20:36:05,094 | INFO | Intra-Kalshi Arbitrage Opportunity: Buy YES on KXNCAAMLAXGAME-26MAR28HAMMON-HAM at 0.0400 and Buy YES on KXNCAAMLAXGAME-26MAR28HAMMON-MON at 0.9400 of size 168 | Combined Price: 165.7700
2026-03-27 20:36:18,191 | INFO | Intra-Kalshi Arbitrage Opportunity: Buy YES on KXNCAAMLAXGAME-26MAR28UMASTB-STB at 0.0600 and Buy YES on KXNCAAMLAXGAME-26MAR28UMASTB-UMA at 0.9300 of size 106 | Combined Price: 105.8500
2026-03-27 20:36:18,191 | INFO | Intra-Kalshi Arbitrage Opportunity: Buy YES on KXNCAAMLAXGAME-26MAR28UMASTB-UMA at 0.9300 and Buy YES on KXNCAAMLAXGAME-26MAR28UMASTB-STB at 0.0600 of size 106 | Combined Price: 105.8500
2026-03-27 20:36:18,191 | INFO | Intra-Kalshi Arbitrage Opportunity: Buy YES on KXNCAAMLAXGAME-26MAR28HAMMON-MON at 0.9400 and Buy YES on KXNCAAMLAXGAME-26MAR28HAMMON-HAM at 0.0400 of size 168 | Combined Price: 165.7700
2026-03-27 20:36:18,191 | INFO | Intra-Kalshi Arbitrage Opportunity: Buy YES on KXNCAAMLAXGAME-26MAR28HAMMON-HAM at 0.0400 and Buy YES on KXNCAAMLAXGAME-26MAR28HAMMON-MON at 0.9400 of size 168 | Combined Price: 165.7700
2026-03-27 20:36:20,885 | INFO | Intra-Kalshi Arbitrage Opportunity: Buy YES on KXNCAAMLAXGAME-26MAR28UMASTB-STB at 0.0600 and Buy YES on KXNCAAMLAXGAME-26MAR28UMASTB-UMA at 0.9300 of size 106 | Combined Price: 105.8500
2026-03-27 20:36:20,885 | INFO | Intra-Kalshi Arbitrage Opportunity: Buy YES on KXNCAAMLAXGAME-26MAR28UMASTB-UMA at 0.9300 and Buy YES on KXNCAAMLAXGAME-26MAR28UMASTB-STB at 0.0600 of size 106 | Combined Price: 105.8500
2026-03-27 20:36:20,885 | INFO | Intra-Kalshi Arbitrage Opportunity: Buy YES on KXNCAAMLAXGAME-26MAR28HAMMON-MON at 0.9400 and Buy YES on KXNCAAMLAXGAME-26MAR28HAMMON-HAM at 0.0400 of size 168 | Combined Price: 165.7700
2026-03-27 20:36:20,885 | INFO | Intra-Kalshi Arbitrage Opportunity: Buy YES on KXNCAAMLAXGAME-26MAR28HAMMON-HAM at 0.0400 and Buy YES on KXNCAAMLAXGAME-26MAR28HAMMON-MON at 0.9400 of size 168 | Combined Price: 165.7700
2026-03-27 20:36:22,215 | INFO | Intra-Kalshi Arbitrage Opportunity: Buy YES on KXNCAAMLAXGAME-26MAR28UMASTB-STB at 0.0600 and Buy YES on KXNCAAMLAXGAME-26MAR28UMASTB-UMA at 0.9300 of size 106 | Combined Price: 105.8500
2026-03-27 20:36:22,215 | INFO | Intra-Kalshi Arbitrage Opportunity: Buy YES on KXNCAAMLAXGAME-26MAR28UMASTB-UMA at 0.9300 and Buy YES on KXNCAAMLAXGAME-26MAR28UMASTB-STB at 0.0600 of size 106 | Combined Price: 105.8500
2026-03-27 20:36:22,215 | INFO | Intra-Kalshi Arbitrage Opportunity: Buy YES on KXNCAAMLAXGAME-26MAR28HAMMON-MON at 0.9400 and Buy YES on KXNCAAMLAXGAME-26MAR28HAMMON-HAM at 0.0400 of size 168 | Combined Price: 165.7700
2026-03-27 20:36:22,215 | INFO | Intra-Kalshi Arbitrage Opportunity: Buy YES on KXNCAAMLAXGAME-26MAR28HAMMON-HAM at 0.0400 and Buy YES on KXNCAAMLAXGAME-26MAR28HAMMON-MON at 0.9400 of size 168 | Combined Price: 165.7700
2026-03-27 20:36:23,347 | INFO | Intra-Kalshi Arbitrage Opportunity: Buy YES on KXNCAAMLAXGAME-26MAR28UMASTB-STB at 0.0600 and Buy YES on KXNCAAMLAXGAME-26MAR28UMASTB-UMA at 0.9300 of size 106 | Combined Price: 105.8500
2026-03-27 20:36:23,347 | INFO | Intra-Kalshi Arbitrage Opportunity: Buy YES on KXNCAAMLAXGAME-26MAR28UMASTB-UMA at 0.9300 and Buy YES on KXNCAAMLAXGAME-26MAR28UMASTB-STB at 0.0600 of size 106 | Combined Price: 105.8500
2026-03-27 20:36:23,347 | INFO | Intra-Kalshi Arbitrage Opportunity: Buy YES on KXNCAAMLAXGAME-26MAR28HAMMON-MON at 0.9400 and Buy YES on KXNCAAMLAXGAME-26MAR28HAMMON-HAM at 0.0400 of size 168 | Combined Price: 165.7700
2026-03-27 20:36:23,347 | INFO | Intra-Kalshi Arbitrage Opportunity: Buy YES on KXNCAAMLAXGAME-26MAR28HAMMON-HAM at 0.0400 and Buy YES on KXNCAAMLAXGAME-26MAR28HAMMON-MON at 0.9400 of size 168 | Combined Price: 165.7700
2026-03-27 20:36:24,438 | INFO | Intra-Kalshi Arbitrage Opportunity: Buy YES on KXNCAAMLAXGAME-26MAR28UMASTB-STB at 0.0600 and Buy YES on KXNCAAMLAXGAME-26MAR28UMASTB-UMA at 0.9300 of size 106 | Combined Price: 105.8500
2026-03-27 20:36:24,449 | INFO | Intra-Kalshi Arbitrage Opportunity: Buy YES on KXNCAAMLAXGAME-26MAR28UMASTB-UMA at 0.9300 and Buy YES on KXNCAAMLAXGAME-26MAR28UMASTB-STB at 0.0600 of size 106 | Combined Price: 105.8500
2026-03-27 20:36:24,449 | INFO | Intra-Kalshi Arbitrage Opportunity: Buy YES on KXNCAAMLAXGAME-26MAR28HAMMON-MON at 0.9400 and Buy YES on KXNCAAMLAXGAME-26MAR28HAMMON-HAM at 0.0400 of size 168 | Combined Price: 165.7700
2026-03-27 20:36:24,449 | INFO | Intra-Kalshi Arbitrage Opportunity: Buy YES on KXNCAAMLAXGAME-26MAR28HAMMON-HAM at 0.0400 and Buy YES on KXNCAAMLAXGAME-26MAR28HAMMON-MON at 0.9400 of size 168 | Combined Price: 165.7700
2026-03-27 20:36:24,449 | INFO | Intra-Kalshi Arbitrage Opportunity: Buy NO on KXNCAAMBGAME-26MAR27ALAMICH-MICH at 0.16 and Buy NO on KXNCAAMBGAME-26MAR27ALAMICH-ALA at 0.82 of size 1221 | Combined Price: 1220.69
2026-03-27 20:36:24,449 | INFO | Intra-Kalshi Arbitrage Opportunity: Buy YES on KXNCAAMBGAME-26MAR27ALAMICH-ALA at 0.1900 and Buy YES on KXNCAAMBGAME-26MAR27ALAMICH-MICH at 0.8500 of size -23 | Combined Price: -24.3600
2026-03-27 20:55:46,572 | INFO | Intra-Kalshi Arbitrage Opportunity: Buy YES on KXNCAAMLAXGAME-26MAR28UMASTB-STB at 0.0500 and Buy YES on KXNCAAMLAXGAME-26MAR28UMASTB-UMA at 0.9300 of size 82 | Combined Price: 81.0200
2026-03-27 20:55:46,572 | INFO | Intra-Kalshi Arbitrage Opportunity: Buy YES on KXNCAAMLAXGAME-26MAR28UMASTB-UMA at 0.9300 and Buy YES on KXNCAAMLAXGAME-26MAR28UMASTB-STB at 0.0500 of size 82 | Combined Price: 81.0200
2026-03-27 20:55:46,572 | INFO | Intra-Kalshi Arbitrage Opportunity: Buy YES on KXNCAAMLAXGAME-26MAR28HAMMON-MON at 0.9400 and Buy YES on KXNCAAMLAXGAME-26MAR28HAMMON-HAM at 0.0400 of size 168 | Combined Price: 165.7700
2026-03-27 20:55:46,572 | INFO | Intra-Kalshi Arbitrage Opportunity: Buy YES on KXNCAAMLAXGAME-26MAR28HAMMON-HAM at 0.0400 and Buy YES on KXNCAAMLAXGAME-26MAR28HAMMON-MON at 0.9400 of size 168 | Combined Price: 165.7700
2026-03-27 20:55:47,579 | INFO | Intra-Kalshi Arbitrage Opportunity: Buy YES on KXNCAAMLAXGAME-26MAR28UMASTB-STB at 0.0500 and Buy YES on KXNCAAMLAXGAME-26MAR28UMASTB-UMA at 0.9300 of size 82 | Combined Price: 81.0200
2026-03-27 20:55:47,579 | INFO | Intra-Kalshi Arbitrage Opportunity: Buy YES on KXNCAAMLAXGAME-26MAR28UMASTB-UMA at 0.9300 and Buy YES on KXNCAAMLAXGAME-26MAR28UMASTB-STB at 0.0500 of size 82 | Combined Price: 81.0200
2026-03-27 20:55:47,579 | INFO | Intra-Kalshi Arbitrage Opportunity: Buy YES on KXNCAAMLAXGAME-26MAR28HAMMON-MON at 0.9400 and Buy YES on KXNCAAMLAXGAME-26MAR28HAMMON-HAM at 0.0400 of size 168 | Combined Price: 165.7700
2026-03-27 20:55:47,579 | INFO | Intra-Kalshi Arbitrage Opportunity: Buy YES on KXNCAAMLAXGAME-26MAR28HAMMON-HAM at 0.0400 and Buy YES on KXNCAAMLAXGAME-26MAR28HAMMON-MON at 0.9400 of size 168 | Combined Price: 165.7700
2026-03-27 20:55:48,583 | INFO | Intra-Kalshi Arbitrage Opportunity: Buy YES on KXNCAAMLAXGAME-26MAR28UMASTB-STB at 0.0500 and Buy YES on KXNCAAMLAXGAME-26MAR28UMASTB-UMA at 0.9300 of size 82 | Combined Price: 81.0200
2026-03-27 20:55:48,583 | INFO | Intra-Kalshi Arbitrage Opportunity: Buy YES on KXNCAAMLAXGAME-26MAR28UMASTB-UMA at 0.9300 and Buy YES on KXNCAAMLAXGAME-26MAR28UMASTB-STB at 0.0500 of size 82 | Combined Price: 81.0200
2026-03-27 20:55:48,583 | INFO | Intra-Kalshi Arbitrage Opportunity: Buy YES on KXNCAAMLAXGAME-26MAR28HAMMON-MON at 0.9400 and Buy YES on KXNCAAMLAXGAME-26MAR28HAMMON-HAM at 0.0400 of size 168 | Combined Price: 165.7700
2026-03-27 20:55:48,583 | INFO | Intra-Kalshi Arbitrage Opportunity: Buy YES on KXNCAAMLAXGAME-26MAR28HAMMON-HAM at 0.0400 and Buy YES on KXNCAAMLAXGAME-26MAR28HAMMON-MON at 0.9400 of size 168 | Combined Price: 165.7700
2026-03-27 20:55:49,578 | INFO | Intra-Kalshi Arbitrage Opportunity: Buy YES on KXNCAAMLAXGAME-26MAR28UMASTB-STB at 0.0500 and Buy YES on KXNCAAMLAXGAME-26MAR28UMASTB-UMA at 0.9300 of size 82 | Combined Price: 81.0200
2026-03-27 20:55:49,578 | INFO | Intra-Kalshi Arbitrage Opportunity: Buy YES on KXNCAAMLAXGAME-26MAR28UMASTB-UMA at 0.9300 and Buy YES on KXNCAAMLAXGAME-26MAR28UMASTB-STB at 0.0500 of size 82 | Combined Price: 81.0200
2026-03-27 20:55:49,578 | INFO | Intra-Kalshi Arbitrage Opportunity: Buy YES on KXNCAAMLAXGAME-26MAR28HAMMON-MON at 0.9400 and Buy YES on KXNCAAMLAXGAME-26MAR28HAMMON-HAM at 0.0400 of size 168 | Combined Price: 165.7700
2026-03-27 20:55:49,578 | INFO | Intra-Kalshi Arbitrage Opportunity: Buy YES on KXNCAAMLAXGAME-26MAR28HAMMON-HAM at 0.0400 and Buy YES on KXNCAAMLAXGAME-26MAR28HAMMON-MON at 0.9400 of size 168 | Combined Price: 165.7700
2026-03-27 20:55:50,567 | INFO | Intra-Kalshi Arbitrage Opportunity: Buy YES on KXNCAAMLAXGAME-26MAR28UMASTB-STB at 0.0500 and Buy YES on KXNCAAMLAXGAME-26MAR28UMASTB-UMA at 0.9300 of size 82 | Combined Price: 81.0200
2026-03-27 20:55:50,567 | INFO | Intra-Kalshi Arbitrage Opportunity: Buy YES on KXNCAAMLAXGAME-26MAR28UMASTB-UMA at 0.9300 and Buy YES on KXNCAAMLAXGAME-26MAR28UMASTB-STB at 0.0500 of size 82 | Combined Price: 81.0200
2026-03-27 20:55:50,567 | INFO | Intra-Kalshi Arbitrage Opportunity: Buy YES on KXNCAAMLAXGAME-26MAR28HAMMON-MON at 0.9400 and Buy YES on KXNCAAMLAXGAME-26MAR28HAMMON-HAM at 0.0400 of size 168 | Combined Price: 165.7700
2026-03-27 20:55:50,567 | INFO | Intra-Kalshi Arbitrage Opportunity: Buy YES on KXNCAAMLAXGAME-26MAR28HAMMON-HAM at 0.0400 and Buy YES on KXNCAAMLAXGAME-26MAR28HAMMON-MON at 0.9400 of size 168 | Combined Price: 165.7700
2026-03-27 20:55:51,568 | INFO | Intra-Kalshi Arbitrage Opportunity: Buy YES on KXNCAAMLAXGAME-26MAR28UMASTB-STB at 0.0500 and Buy YES on KXNCAAMLAXGAME-26MAR28UMASTB-UMA at 0.9300 of size 82 | Combined Price: 81.0200
2026-03-27 20:55:51,568 | INFO | Intra-Kalshi Arbitrage Opportunity: Buy YES on KXNCAAMLAXGAME-26MAR28UMASTB-UMA at 0.9300 and Buy YES on KXNCAAMLAXGAME-26MAR28UMASTB-STB at 0.0500 of size 82 | Combined Price: 81.0200
2026-03-27 20:55:51,584 | INFO | Intra-Kalshi Arbitrage Opportunity: Buy YES on KXNCAAMLAXGAME-26MAR28HAMMON-MON at 0.9400 and Buy YES on KXNCAAMLAXGAME-26MAR28HAMMON-HAM at 0.0400 of size 168 | Combined Price: 165.7700
2026-03-27 20:55:51,584 | INFO | Intra-Kalshi Arbitrage Opportunity: Buy YES on KXNCAAMLAXGAME-26MAR28HAMMON-HAM at 0.0400 and Buy YES on KXNCAAMLAXGAME-26MAR28HAMMON-MON at 0.9400 of size 168 | Combined Price: 165.7700
2026-03-27 20:55:52,603 | INFO | Intra-Kalshi Arbitrage Opportunity: Buy YES on KXNCAAMLAXGAME-26MAR28UMASTB-STB at 0.0500 and Buy YES on KXNCAAMLAXGAME-26MAR28UMASTB-UMA at 0.9300 of size 82 | Combined Price: 81.0200
2026-03-27 20:55:52,603 | INFO | Intra-Kalshi Arbitrage Opportunity: Buy YES on KXNCAAMLAXGAME-26MAR28UMASTB-UMA at 0.9300 and Buy YES on KXNCAAMLAXGAME-26MAR28UMASTB-STB at 0.0500 of size 82 | Combined Price: 81.0200
2026-03-27 20:55:52,603 | INFO | Intra-Kalshi Arbitrage Opportunity: Buy YES on KXNCAAMLAXGAME-26MAR28HAMMON-MON at 0.9400 and Buy YES on KXNCAAMLAXGAME-26MAR28HAMMON-HAM at 0.0400 of size 168 | Combined Price: 165.7700
2026-03-27 20:55:52,603 | INFO | Intra-Kalshi Arbitrage Opportunity: Buy YES on KXNCAAMLAXGAME-26MAR28HAMMON-HAM at 0.0400 and Buy YES on KXNCAAMLAXGAME-26MAR28HAMMON-MON at 0.9400 of size 168 | Combined Price: 165.7700
2026-03-27 20:55:53,621 | INFO | Intra-Kalshi Arbitrage Opportunity: Buy YES on KXNCAAMLAXGAME-26MAR28UMASTB-STB at 0.0500 and Buy YES on KXNCAAMLAXGAME-26MAR28UMASTB-UMA at 0.9300 of size 82 | Combined Price: 81.0200
2026-03-27 20:55:53,621 | INFO | Intra-Kalshi Arbitrage Opportunity: Buy YES on KXNCAAMLAXGAME-26MAR28UMASTB-UMA at 0.9300 and Buy YES on KXNCAAMLAXGAME-26MAR28UMASTB-STB at 0.0500 of size 82 | Combined Price: 81.0200
2026-03-27 20:55:53,621 | INFO | Intra-Kalshi Arbitrage Opportunity: Buy YES on KXNCAAMLAXGAME-26MAR28HAMMON-MON at 0.9400 and Buy YES on KXNCAAMLAXGAME-26MAR28HAMMON-HAM at 0.0400 of size 168 | Combined Price: 165.7700
2026-03-27 20:55:53,621 | INFO | Intra-Kalshi Arbitrage Opportunity: Buy YES on KXNCAAMLAXGAME-26MAR28HAMMON-HAM at 0.0400 and Buy YES on KXNCAAMLAXGAME-26MAR28HAMMON-MON at 0.9400 of size 168 | Combined Price: 165.7700
2026-03-27 20:55:54,645 | INFO | Intra-Kalshi Arbitrage Opportunity: Buy YES on KXNCAAMLAXGAME-26MAR28UMASTB-STB at 0.0500 and Buy YES on KXNCAAMLAXGAME-26MAR28UMASTB-UMA at 0.9300 of size 82 | Combined Price: 81.0200
2026-03-27 20:55:54,656 | INFO | Intra-Kalshi Arbitrage Opportunity: Buy YES on KXNCAAMLAXGAME-26MAR28UMASTB-UMA at 0.9300 and Buy YES on KXNCAAMLAXGAME-26MAR28UMASTB-STB at 0.0500 of size 82 | Combined Price: 81.0200
2026-03-27 20:55:54,656 | INFO | Intra-Kalshi Arbitrage Opportunity: Buy YES on KXNCAAMLAXGAME-26MAR28HAMMON-MON at 0.9400 and Buy YES on KXNCAAMLAXGAME-26MAR28HAMMON-HAM at 0.0400 of size 168 | Combined Price: 165.7700
2026-03-27 20:55:54,656 | INFO | Intra-Kalshi Arbitrage Opportunity: Buy YES on KXNCAAMLAXGAME-26MAR28HAMMON-HAM at 0.0400 and Buy YES on KXNCAAMLAXGAME-26MAR28HAMMON-MON at 0.9400 of size 168 | Combined Price: 165.7700
2026-03-27 20:55:55,660 | INFO | Intra-Kalshi Arbitrage Opportunity: Buy YES on KXNCAAMLAXGAME-26MAR28UMASTB-STB at 0.0500 and Buy YES on KXNCAAMLAXGAME-26MAR28UMASTB-UMA at 0.9300 of size 82 | Combined Price: 81.0200
2026-03-27 20:55:55,660 | INFO | Intra-Kalshi Arbitrage Opportunity: Buy YES on KXNCAAMLAXGAME-26MAR28UMASTB-UMA at 0.9300 and Buy YES on KXNCAAMLAXGAME-26MAR28UMASTB-STB at 0.0500 of size 82 | Combined Price: 81.0200
2026-03-27 20:55:55,660 | INFO | Intra-Kalshi Arbitrage Opportunity: Buy YES on KXNCAAMLAXGAME-26MAR28HAMMON-MON at 0.9400 and Buy YES on KXNCAAMLAXGAME-26MAR28HAMMON-HAM at 0.0400 of size 168 | Combined Price: 165.7700
2026-03-27 20:55:55,660 | INFO | Intra-Kalshi Arbitrage Opportunity: Buy YES on KXNCAAMLAXGAME-26MAR28HAMMON-HAM at 0.0400 and Buy YES on KXNCAAMLAXGAME-26MAR28HAMMON-MON at 0.9400 of size 168 | Combined Price: 165.7700
2026-03-27 20:55:56,678 | INFO | Intra-Kalshi Arbitrage Opportunity: Buy YES on KXNCAAMLAXGAME-26MAR28UMASTB-STB at 0.0500 and Buy YES on KXNCAAMLAXGAME-26MAR28UMASTB-UMA at 0.9300 of size 65 | Combined Price: 64.2200
2026-03-27 20:55:56,678 | INFO | Intra-Kalshi Arbitrage Opportunity: Buy NO on KXNCAAMLAXGAME-26MAR28UMASTB-STB at 0.97 and Buy NO on KXNCAAMLAXGAME-26MAR28UMASTB-UMA at 0.14 of size -1 | Combined Price: -1.11
2026-03-27 21:01:09,210 | INFO | Intra-Kalshi Arbitrage Opportunity: Buy YES on KXNCAAMLAXGAME-26MAR28UMASTB-STB at 0.0500 and Buy YES on KXNCAAMLAXGAME-26MAR28UMASTB-UMA at 0.9300 of size 82 | Combined Price: 81.0200
2026-03-27 21:01:09,210 | INFO | Intra-Kalshi Arbitrage Opportunity: Buy YES on KXNCAAMLAXGAME-26MAR28UMASTB-UMA at 0.9300 and Buy YES on KXNCAAMLAXGAME-26MAR28UMASTB-STB at 0.0500 of size 82 | Combined Price: 81.0200
2026-03-27 21:01:09,210 | INFO | Intra-Kalshi Arbitrage Opportunity: Buy YES on KXNCAAMLAXGAME-26MAR28HAMMON-MON at 0.9400 and Buy YES on KXNCAAMLAXGAME-26MAR28HAMMON-HAM at 0.0400 of size 168 | Combined Price: 165.7700
2026-03-27 21:01:09,210 | INFO | Intra-Kalshi Arbitrage Opportunity: Buy YES on KXNCAAMLAXGAME-26MAR28HAMMON-HAM at 0.0400 and Buy YES on KXNCAAMLAXGAME-26MAR28HAMMON-MON at 0.9400 of size 168 | Combined Price: 165.7700
2026-03-27 21:01:16,409 | INFO | Intra-Kalshi Arbitrage Opportunity: Buy YES on KXNCAAMLAXGAME-26MAR28UMASTB-STB at 0.0500 and Buy YES on KXNCAAMLAXGAME-26MAR28UMASTB-UMA at 0.9300 of size 82 | Combined Price: 81.0200
2026-03-27 21:01:16,412 | INFO | Intra-Kalshi Arbitrage Opportunity: Buy YES on KXNCAAMLAXGAME-26MAR28UMASTB-UMA at 0.9300 and Buy YES on KXNCAAMLAXGAME-26MAR28UMASTB-STB at 0.0500 of size 82 | Combined Price: 81.0200
2026-03-27 21:01:16,414 | INFO | Intra-Kalshi Arbitrage Opportunity: Buy YES on KXNCAAMLAXGAME-26MAR28HAMMON-MON at 0.9400 and Buy YES on KXNCAAMLAXGAME-26MAR28HAMMON-HAM at 0.0400 of size 168 | Combined Price: 165.7700
2026-03-27 21:01:16,414 | INFO | Intra-Kalshi Arbitrage Opportunity: Buy YES on KXNCAAMLAXGAME-26MAR28HAMMON-HAM at 0.0400 and Buy YES on KXNCAAMLAXGAME-26MAR28HAMMON-MON at 0.9400 of size 168 | Combined Price: 165.7700
2026-03-27 21:01:24,424 | INFO | Intra-Kalshi Arbitrage Opportunity: Buy YES on KXNCAAMLAXGAME-26MAR28UMASTB-STB at 0.0500 and Buy YES on KXNCAAMLAXGAME-26MAR28UMASTB-UMA at 0.9300 of size 82 | Combined Price: 81.0200
2026-03-27 21:01:24,424 | INFO | Intra-Kalshi Arbitrage Opportunity: Buy YES on KXNCAAMLAXGAME-26MAR28UMASTB-UMA at 0.9300 and Buy YES on KXNCAAMLAXGAME-26MAR28UMASTB-STB at 0.0500 of size 82 | Combined Price: 81.0200
2026-03-27 21:01:24,424 | INFO | Intra-Kalshi Arbitrage Opportunity: Buy YES on KXNCAAMLAXGAME-26MAR28HAMMON-MON at 0.9400 and Buy YES on KXNCAAMLAXGAME-26MAR28HAMMON-HAM at 0.0400 of size 168 | Combined Price: 165.7700
2026-03-27 21:01:24,424 | INFO | Intra-Kalshi Arbitrage Opportunity: Buy YES on KXNCAAMLAXGAME-26MAR28HAMMON-HAM at 0.0400 and Buy YES on KXNCAAMLAXGAME-26MAR28HAMMON-MON at 0.9400 of size 168 | Combined Price: 165.7700
2026-03-27 21:01:30,479 | INFO | Intra-Kalshi Arbitrage Opportunity: Buy YES on KXNCAAMLAXGAME-26MAR28UMASTB-STB at 0.0500 and Buy YES on KXNCAAMLAXGAME-26MAR28UMASTB-UMA at 0.9300 of size 82 | Combined Price: 81.0200
2026-03-27 21:01:30,479 | INFO | Intra-Kalshi Arbitrage Opportunity: Buy YES on KXNCAAMLAXGAME-26MAR28UMASTB-UMA at 0.9300 and Buy YES on KXNCAAMLAXGAME-26MAR28UMASTB-STB at 0.0500 of size 82 | Combined Price: 81.0200
2026-03-27 21:01:30,481 | INFO | Intra-Kalshi Arbitrage Opportunity: Buy YES on KXNCAAMLAXGAME-26MAR28HAMMON-MON at 0.9400 and Buy YES on KXNCAAMLAXGAME-26MAR28HAMMON-HAM at 0.0400 of size 168 | Combined Price: 165.7700
2026-03-27 21:01:30,481 | INFO | Intra-Kalshi Arbitrage Opportunity: Buy YES on KXNCAAMLAXGAME-26MAR28HAMMON-HAM at 0.0400 and Buy YES on KXNCAAMLAXGAME-26MAR28HAMMON-MON at 0.9400 of size 168 | Combined Price: 165.7700
2026-03-27 21:01:35,898 | INFO | Intra-Kalshi Arbitrage Opportunity: Buy YES on KXNCAAMLAXGAME-26MAR28UMASTB-STB at 0.0500 and Buy YES on KXNCAAMLAXGAME-26MAR28UMASTB-UMA at 0.9300 of size 82 | Combined Price: 81.0200
2026-03-27 21:01:35,898 | INFO | Intra-Kalshi Arbitrage Opportunity: Buy YES on KXNCAAMLAXGAME-26MAR28UMASTB-UMA at 0.9300 and Buy YES on KXNCAAMLAXGAME-26MAR28UMASTB-STB at 0.0500 of size 82 | Combined Price: 81.0200
2026-03-27 21:01:35,898 | INFO | Intra-Kalshi Arbitrage Opportunity: Buy YES on KXNCAAMLAXGAME-26MAR28HAMMON-MON at 0.9400 and Buy YES on KXNCAAMLAXGAME-26MAR28HAMMON-HAM at 0.0400 of size 168 | Combined Price: 165.7700
2026-03-27 21:01:35,898 | INFO | Intra-Kalshi Arbitrage Opportunity: Buy YES on KXNCAAMLAXGAME-26MAR28HAMMON-HAM at 0.0400 and Buy YES on KXNCAAMLAXGAME-26MAR28HAMMON-MON at 0.9400 of size 168 | Combined Price: 165.7700
2026-03-27 21:01:41,358 | INFO | Intra-Kalshi Arbitrage Opportunity: Buy YES on KXNCAAMLAXGAME-26MAR28UMASTB-STB at 0.0500 and Buy YES on KXNCAAMLAXGAME-26MAR28UMASTB-UMA at 0.9300 of size 82 | Combined Price: 81.0200
2026-03-27 21:01:41,358 | INFO | Intra-Kalshi Arbitrage Opportunity: Buy YES on KXNCAAMLAXGAME-26MAR28UMASTB-UMA at 0.9300 and Buy YES on KXNCAAMLAXGAME-26MAR28UMASTB-STB at 0.0500 of size 82 | Combined Price: 81.0200
2026-03-27 21:01:41,360 | INFO | Intra-Kalshi Arbitrage Opportunity: Buy YES on KXNCAAMLAXGAME-26MAR28HAMMON-MON at 0.9400 and Buy YES on KXNCAAMLAXGAME-26MAR28HAMMON-HAM at 0.0400 of size 168 | Combined Price: 165.7700
2026-03-27 21:01:41,360 | INFO | Intra-Kalshi Arbitrage Opportunity: Buy YES on KXNCAAMLAXGAME-26MAR28HAMMON-HAM at 0.0400 and Buy YES on KXNCAAMLAXGAME-26MAR28HAMMON-MON at 0.9400 of size 168 | Combined Price: 165.7700
2026-03-27 21:01:46,695 | INFO | Intra-Kalshi Arbitrage Opportunity: Buy YES on KXNCAAMLAXGAME-26MAR28UMASTB-STB at 0.0500 and Buy YES on KXNCAAMLAXGAME-26MAR28UMASTB-UMA at 0.9300 of size 82 | Combined Price: 81.0200
2026-03-27 21:01:46,695 | INFO | Intra-Kalshi Arbitrage Opportunity: Buy YES on KXNCAAMLAXGAME-26MAR28UMASTB-UMA at 0.9300 and Buy YES on KXNCAAMLAXGAME-26MAR28UMASTB-STB at 0.0500 of size 82 | Combined Price: 81.0200
2026-03-27 21:01:46,697 | INFO | Intra-Kalshi Arbitrage Opportunity: Buy YES on KXNCAAMLAXGAME-26MAR28HAMMON-MON at 0.9400 and Buy YES on KXNCAAMLAXGAME-26MAR28HAMMON-HAM at 0.0400 of size 168 | Combined Price: 165.7700
2026-03-27 21:01:46,697 | INFO | Intra-Kalshi Arbitrage Opportunity: Buy YES on KXNCAAMLAXGAME-26MAR28HAMMON-HAM at 0.0400 and Buy YES on KXNCAAMLAXGAME-26MAR28HAMMON-MON at 0.9400 of size 168 | Combined Price: 165.7700
2026-03-27 21:01:55,824 | INFO | Intra-Kalshi Arbitrage Opportunity: Buy YES on KXNCAAMLAXGAME-26MAR28UMASTB-STB at 0.0500 and Buy YES on KXNCAAMLAXGAME-26MAR28UMASTB-UMA at 0.9300 of size 82 | Combined Price: 81.0200
2026-03-27 21:01:55,824 | INFO | Intra-Kalshi Arbitrage Opportunity: Buy YES on KXNCAAMLAXGAME-26MAR28UMASTB-UMA at 0.9300 and Buy YES on KXNCAAMLAXGAME-26MAR28UMASTB-STB at 0.0500 of size 82 | Combined Price: 81.0200
2026-03-27 21:01:55,824 | INFO | Intra-Kalshi Arbitrage Opportunity: Buy YES on KXNCAAMLAXGAME-26MAR28HAMMON-MON at 0.9400 and Buy YES on KXNCAAMLAXGAME-26MAR28HAMMON-HAM at 0.0400 of size 168 | Combined Price: 165.7700
2026-03-27 21:01:55,824 | INFO | Intra-Kalshi Arbitrage Opportunity: Buy YES on KXNCAAMLAXGAME-26MAR28HAMMON-HAM at 0.0400 and Buy YES on KXNCAAMLAXGAME-26MAR28HAMMON-MON at 0.9400 of size 168 | Combined Price: 165.7700
2026-03-27 21:02:02,371 | INFO | Intra-Kalshi Arbitrage Opportunity: Buy YES on KXNCAAMLAXGAME-26MAR28UMASTB-STB at 0.0500 and Buy YES on KXNCAAMLAXGAME-26MAR28UMASTB-UMA at 0.9300 of size 82 | Combined Price: 81.0200
2026-03-27 21:02:02,371 | INFO | Intra-Kalshi Arbitrage Opportunity: Buy YES on KXNCAAMLAXGAME-26MAR28UMASTB-UMA at 0.9300 and Buy YES on KXNCAAMLAXGAME-26MAR28UMASTB-STB at 0.0500 of size 82 | Combined Price: 81.0200
2026-03-27 21:02:02,371 | INFO | Intra-Kalshi Arbitrage Opportunity: Buy YES on KXNCAAMLAXGAME-26MAR28HAMMON-MON at 0.9400 and Buy YES on KXNCAAMLAXGAME-26MAR28HAMMON-HAM at 0.0400 of size 168 | Combined Price: 165.7700
2026-03-27 21:02:02,371 | INFO | Intra-Kalshi Arbitrage Opportunity: Buy YES on KXNCAAMLAXGAME-26MAR28HAMMON-HAM at 0.0400 and Buy YES on KXNCAAMLAXGAME-26MAR28HAMMON-MON at 0.9400 of size 168 | Combined Price: 165.7700
2026-03-27 21:02:06,083 | INFO | Intra-Kalshi Arbitrage Opportunity: Buy YES on KXNCAAMLAXGAME-26MAR28UMASTB-STB at 0.0500 and Buy YES on KXNCAAMLAXGAME-26MAR28UMASTB-UMA at 0.9300 of size 82 | Combined Price: 81.0200
2026-03-27 21:02:06,083 | INFO | Intra-Kalshi Arbitrage Opportunity: Buy YES on KXNCAAMLAXGAME-26MAR28UMASTB-UMA at 0.9300 and Buy YES on KXNCAAMLAXGAME-26MAR28UMASTB-STB at 0.0500 of size 82 | Combined Price: 81.0200
2026-03-27 21:02:06,083 | INFO | Intra-Kalshi Arbitrage Opportunity: Buy YES on KXNCAAMLAXGAME-26MAR28HAMMON-MON at 0.9400 and Buy YES on KXNCAAMLAXGAME-26MAR28HAMMON-HAM at 0.0400 of size 168 | Combined Price: 165.7700
2026-03-27 21:02:06,083 | INFO | Intra-Kalshi Arbitrage Opportunity: Buy YES on KXNCAAMLAXGAME-26MAR28HAMMON-HAM at 0.0400 and Buy YES on KXNCAAMLAXGAME-26MAR28HAMMON-MON at 0.9400 of size 168 | Combined Price: 165.7700
2026-03-27 21:02:25,428 | INFO | Intra-Kalshi Arbitrage Opportunity: Buy YES on KXNCAAMLAXGAME-26MAR28UMASTB-STB at 0.0500 and Buy YES on KXNCAAMLAXGAME-26MAR28UMASTB-UMA at 0.9300 of size 65 | Combined Price: 64.2200
2026-03-27 21:02:25,428 | INFO | Intra-Kalshi Arbitrage Opportunity: Buy NO on KXNCAAMLAXGAME-26MAR28UMASTB-STB at 0.97 and Buy NO on KXNCAAMLAXGAME-26MAR28UMASTB-UMA at 0.14 of size -1 | Combined Price: -1.11
2026-03-27 21:49:47,787 | INFO | Intra-Kalshi Arbitrage Opportunity: Buy YES on KXNCAAMLAXGAME-26MAR28UMASTB-STB at 0.0400 and Buy YES on KXNCAAMLAXGAME-26MAR28UMASTB-UMA at 0.9300 of size 22 | Combined Price: 21.5100
2026-03-27 21:49:47,791 | INFO | Intra-Kalshi Arbitrage Opportunity: Buy YES on KXNCAAMLAXGAME-26MAR28UMASTB-UMA at 0.9300 and Buy YES on KXNCAAMLAXGAME-26MAR28UMASTB-STB at 0.0400 of size 22 | Combined Price: 21.5100
2026-03-27 21:49:47,791 | INFO | Intra-Kalshi Arbitrage Opportunity: Buy YES on KXNCAAMLAXGAME-26MAR28HAMMON-MON at 0.9400 and Buy YES on KXNCAAMLAXGAME-26MAR28HAMMON-HAM at 0.0400 of size 168 | Combined Price: 165.7700
2026-03-27 21:49:47,792 | INFO | Intra-Kalshi Arbitrage Opportunity: Buy YES on KXNCAAMLAXGAME-26MAR28HAMMON-HAM at 0.0400 and Buy YES on KXNCAAMLAXGAME-26MAR28HAMMON-MON at 0.9400 of size 168 | Combined Price: 165.7700
2026-03-27 21:49:48,934 | INFO | Intra-Kalshi Arbitrage Opportunity: Buy YES on KXNCAAMLAXGAME-26MAR28UMASTB-STB at 0.0400 and Buy YES on KXNCAAMLAXGAME-26MAR28UMASTB-UMA at 0.9300 of size 22 | Combined Price: 21.5100
2026-03-27 21:49:48,934 | INFO | Intra-Kalshi Arbitrage Opportunity: Buy YES on KXNCAAMLAXGAME-26MAR28UMASTB-UMA at 0.9300 and Buy YES on KXNCAAMLAXGAME-26MAR28UMASTB-STB at 0.0400 of size 22 | Combined Price: 21.5100
2026-03-27 21:49:48,935 | INFO | Intra-Kalshi Arbitrage Opportunity: Buy YES on KXNCAAMLAXGAME-26MAR28HAMMON-MON at 0.9400 and Buy YES on KXNCAAMLAXGAME-26MAR28HAMMON-HAM at 0.0400 of size 168 | Combined Price: 165.7700
2026-03-27 21:49:48,935 | INFO | Intra-Kalshi Arbitrage Opportunity: Buy YES on KXNCAAMLAXGAME-26MAR28HAMMON-HAM at 0.0400 and Buy YES on KXNCAAMLAXGAME-26MAR28HAMMON-MON at 0.9400 of size 168 | Combined Price: 165.7700
2026-03-27 21:49:50,063 | INFO | Intra-Kalshi Arbitrage Opportunity: Buy YES on KXNCAAMLAXGAME-26MAR28UMASTB-STB at 0.0400 and Buy YES on KXNCAAMLAXGAME-26MAR28UMASTB-UMA at 0.9300 of size 22 | Combined Price: 21.5100
2026-03-27 21:49:50,063 | INFO | Intra-Kalshi Arbitrage Opportunity: Buy YES on KXNCAAMLAXGAME-26MAR28UMASTB-UMA at 0.9300 and Buy YES on KXNCAAMLAXGAME-26MAR28UMASTB-STB at 0.0400 of size 22 | Combined Price: 21.5100
2026-03-27 21:49:50,064 | INFO | Intra-Kalshi Arbitrage Opportunity: Buy YES on KXNCAAMLAXGAME-26MAR28HAMMON-MON at 0.9400 and Buy YES on KXNCAAMLAXGAME-26MAR28HAMMON-HAM at 0.0400 of size 168 | Combined Price: 165.7700
2026-03-27 21:49:50,064 | INFO | Intra-Kalshi Arbitrage Opportunity: Buy YES on KXNCAAMLAXGAME-26MAR28HAMMON-HAM at 0.0400 and Buy YES on KXNCAAMLAXGAME-26MAR28HAMMON-MON at 0.9400 of size 168 | Combined Price: 165.7700
2026-03-27 21:49:51,405 | INFO | Intra-Kalshi Arbitrage Opportunity: Buy YES on KXNCAAMLAXGAME-26MAR28UMASTB-STB at 0.0400 and Buy YES on KXNCAAMLAXGAME-26MAR28UMASTB-UMA at 0.9300 of size 22 | Combined Price: 21.5100
2026-03-27 21:49:51,405 | INFO | Intra-Kalshi Arbitrage Opportunity: Buy YES on KXNCAAMLAXGAME-26MAR28UMASTB-UMA at 0.9300 and Buy YES on KXNCAAMLAXGAME-26MAR28UMASTB-STB at 0.0400 of size 22 | Combined Price: 21.5100
2026-03-27 21:49:51,409 | INFO | Intra-Kalshi Arbitrage Opportunity: Buy YES on KXNCAAMLAXGAME-26MAR28HAMMON-MON at 0.9400 and Buy YES on KXNCAAMLAXGAME-26MAR28HAMMON-HAM at 0.0400 of size 168 | Combined Price: 165.7700
2026-03-27 21:49:51,410 | INFO | Intra-Kalshi Arbitrage Opportunity: Buy YES on KXNCAAMLAXGAME-26MAR28HAMMON-HAM at 0.0400 and Buy YES on KXNCAAMLAXGAME-26MAR28HAMMON-MON at 0.9400 of size 168 | Combined Price: 165.7700
2026-03-27 21:49:53,607 | INFO | Intra-Kalshi Arbitrage Opportunity: Buy YES on KXNCAAMLAXGAME-26MAR28UMASTB-STB at 0.0400 and Buy YES on KXNCAAMLAXGAME-26MAR28UMASTB-UMA at 0.9300 of size 22 | Combined Price: 21.5100
2026-03-27 21:49:53,608 | INFO | Intra-Kalshi Arbitrage Opportunity: Buy YES on KXNCAAMLAXGAME-26MAR28UMASTB-UMA at 0.9300 and Buy YES on KXNCAAMLAXGAME-26MAR28UMASTB-STB at 0.0400 of size 22 | Combined Price: 21.5100
2026-03-27 21:49:53,608 | INFO | Intra-Kalshi Arbitrage Opportunity: Buy YES on KXNCAAMLAXGAME-26MAR28HAMMON-MON at 0.9400 and Buy YES on KXNCAAMLAXGAME-26MAR28HAMMON-HAM at 0.0400 of size 168 | Combined Price: 165.7700
2026-03-27 21:49:53,609 | INFO | Intra-Kalshi Arbitrage Opportunity: Buy YES on KXNCAAMLAXGAME-26MAR28HAMMON-HAM at 0.0400 and Buy YES on KXNCAAMLAXGAME-26MAR28HAMMON-MON at 0.9400 of size 168 | Combined Price: 165.7700
2026-03-27 21:49:54,986 | INFO | Intra-Kalshi Arbitrage Opportunity: Buy YES on KXNCAAMLAXGAME-26MAR28UMASTB-STB at 0.0400 and Buy YES on KXNCAAMLAXGAME-26MAR28UMASTB-UMA at 0.9300 of size 22 | Combined Price: 21.5100
2026-03-27 21:49:54,989 | INFO | Intra-Kalshi Arbitrage Opportunity: Buy YES on KXNCAAMLAXGAME-26MAR28UMASTB-UMA at 0.9300 and Buy YES on KXNCAAMLAXGAME-26MAR28UMASTB-STB at 0.0400 of size 22 | Combined Price: 21.5100
2026-03-27 21:49:55,063 | INFO | Intra-Kalshi Arbitrage Opportunity: Buy YES on KXNCAAMLAXGAME-26MAR28HAMMON-MON at 0.9400 and Buy YES on KXNCAAMLAXGAME-26MAR28HAMMON-HAM at 0.0400 of size 168 | Combined Price: 165.7700
2026-03-27 21:49:55,064 | INFO | Intra-Kalshi Arbitrage Opportunity: Buy YES on KXNCAAMLAXGAME-26MAR28HAMMON-HAM at 0.0400 and Buy YES on KXNCAAMLAXGAME-26MAR28HAMMON-MON at 0.9400 of size 168 | Combined Price: 165.7700
2026-03-27 21:49:56,328 | INFO | Intra-Kalshi Arbitrage Opportunity: Buy YES on KXNCAAMLAXGAME-26MAR28UMASTB-STB at 0.0400 and Buy YES on KXNCAAMLAXGAME-26MAR28UMASTB-UMA at 0.9300 of size 22 | Combined Price: 21.5100
2026-03-27 21:49:56,328 | INFO | Intra-Kalshi Arbitrage Opportunity: Buy YES on KXNCAAMLAXGAME-26MAR28UMASTB-UMA at 0.9300 and Buy YES on KXNCAAMLAXGAME-26MAR28UMASTB-STB at 0.0400 of size 22 | Combined Price: 21.5100
2026-03-27 21:49:56,329 | INFO | Intra-Kalshi Arbitrage Opportunity: Buy YES on KXNCAAMLAXGAME-26MAR28HAMMON-MON at 0.9400 and Buy YES on KXNCAAMLAXGAME-26MAR28HAMMON-HAM at 0.0400 of size 168 | Combined Price: 165.7700
2026-03-27 21:49:56,329 | INFO | Intra-Kalshi Arbitrage Opportunity: Buy YES on KXNCAAMLAXGAME-26MAR28HAMMON-HAM at 0.0400 and Buy YES on KXNCAAMLAXGAME-26MAR28HAMMON-MON at 0.9400 of size 168 | Combined Price: 165.7700
2026-03-27 21:49:57,465 | INFO | Intra-Kalshi Arbitrage Opportunity: Buy YES on KXNCAAMLAXGAME-26MAR28UMASTB-STB at 0.0400 and Buy YES on KXNCAAMLAXGAME-26MAR28UMASTB-UMA at 0.9300 of size 22 | Combined Price: 21.5100
2026-03-27 21:49:57,465 | INFO | Intra-Kalshi Arbitrage Opportunity: Buy YES on KXNCAAMLAXGAME-26MAR28UMASTB-UMA at 0.9300 and Buy YES on KXNCAAMLAXGAME-26MAR28UMASTB-STB at 0.0400 of size 22 | Combined Price: 21.5100
2026-03-27 21:49:57,466 | INFO | Intra-Kalshi Arbitrage Opportunity: Buy YES on KXNCAAMLAXGAME-26MAR28HAMMON-MON at 0.9400 and Buy YES on KXNCAAMLAXGAME-26MAR28HAMMON-HAM at 0.0400 of size 168 | Combined Price: 165.7700
2026-03-27 21:49:57,466 | INFO | Intra-Kalshi Arbitrage Opportunity: Buy YES on KXNCAAMLAXGAME-26MAR28HAMMON-HAM at 0.0400 and Buy YES on KXNCAAMLAXGAME-26MAR28HAMMON-MON at 0.9400 of size 168 | Combined Price: 165.7700
2026-03-27 21:49:58,550 | INFO | Intra-Kalshi Arbitrage Opportunity: Buy YES on KXNCAAMLAXGAME-26MAR28UMASTB-STB at 0.0400 and Buy YES on KXNCAAMLAXGAME-26MAR28UMASTB-UMA at 0.9300 of size 22 | Combined Price: 21.5100
2026-03-27 21:49:58,551 | INFO | Intra-Kalshi Arbitrage Opportunity: Buy YES on KXNCAAMLAXGAME-26MAR28UMASTB-UMA at 0.9300 and Buy YES on KXNCAAMLAXGAME-26MAR28UMASTB-STB at 0.0400 of size 22 | Combined Price: 21.5100
2026-03-27 21:49:58,551 | INFO | Intra-Kalshi Arbitrage Opportunity: Buy YES on KXNCAAMLAXGAME-26MAR28HAMMON-MON at 0.9400 and Buy YES on KXNCAAMLAXGAME-26MAR28HAMMON-HAM at 0.0400 of size 168 | Combined Price: 165.7700
2026-03-27 21:49:58,552 | INFO | Intra-Kalshi Arbitrage Opportunity: Buy YES on KXNCAAMLAXGAME-26MAR28HAMMON-HAM at 0.0400 and Buy YES on KXNCAAMLAXGAME-26MAR28HAMMON-MON at 0.9400 of size 168 | Combined Price: 165.7700
2026-03-27 21:49:59,681 | INFO | Intra-Kalshi Arbitrage Opportunity: Buy YES on KXNCAAMLAXGAME-26MAR28UMASTB-STB at 0.0400 and Buy YES on KXNCAAMLAXGAME-26MAR28UMASTB-UMA at 0.9300 of size 22 | Combined Price: 21.5100
2026-03-27 21:49:59,682 | INFO | Intra-Kalshi Arbitrage Opportunity: Buy YES on KXNCAAMLAXGAME-26MAR28UMASTB-UMA at 0.9300 and Buy YES on KXNCAAMLAXGAME-26MAR28UMASTB-STB at 0.0400 of size 22 | Combined Price: 21.5100
2026-03-27 21:49:59,687 | INFO | Intra-Kalshi Arbitrage Opportunity: Buy YES on KXNCAAMLAXGAME-26MAR28HAMMON-MON at 0.9400 and Buy YES on KXNCAAMLAXGAME-26MAR28HAMMON-HAM at 0.0400 of size 168 | Combined Price: 165.7700
2026-03-27 21:49:59,689 | INFO | Intra-Kalshi Arbitrage Opportunity: Buy YES on KXNCAAMLAXGAME-26MAR28HAMMON-HAM at 0.0400 and Buy YES on KXNCAAMLAXGAME-26MAR28HAMMON-MON at 0.9400 of size 168 | Combined Price: 165.7700
2026-03-27 21:50:01,038 | INFO | Intra-Kalshi Arbitrage Opportunity: Buy YES on KXNCAAMLAXGAME-26MAR28UMASTB-STB at 0.0400 and Buy YES on KXNCAAMLAXGAME-26MAR28UMASTB-UMA at 0.9300 of size 22 | Combined Price: 21.5100
2026-03-27 21:50:01,039 | INFO | Intra-Kalshi Arbitrage Opportunity: Buy YES on KXNCAAMLAXGAME-26MAR28UMASTB-UMA at 0.9300 and Buy YES on KXNCAAMLAXGAME-26MAR28UMASTB-STB at 0.0400 of size 22 | Combined Price: 21.5100
2026-03-27 21:50:01,040 | INFO | Intra-Kalshi Arbitrage Opportunity: Buy YES on KXNCAAMLAXGAME-26MAR28HAMMON-MON at 0.9400 and Buy YES on KXNCAAMLAXGAME-26MAR28HAMMON-HAM at 0.0400 of size 168 | Combined Price: 165.7700
2026-03-27 21:50:01,041 | INFO | Intra-Kalshi Arbitrage Opportunity: Buy YES on KXNCAAMLAXGAME-26MAR28HAMMON-HAM at 0.0400 and Buy YES on KXNCAAMLAXGAME-26MAR28HAMMON-MON at 0.9400 of size 168 | Combined Price: 165.7700
2026-03-27 21:50:02,366 | INFO | Intra-Kalshi Arbitrage Opportunity: Buy YES on KXNCAAMLAXGAME-26MAR28UMASTB-STB at 0.0400 and Buy YES on KXNCAAMLAXGAME-26MAR28UMASTB-UMA at 0.9300 of size 22 | Combined Price: 21.5100
2026-03-27 21:50:02,369 | INFO | Intra-Kalshi Arbitrage Opportunity: Buy YES on KXNCAAMLAXGAME-26MAR28UMASTB-UMA at 0.9300 and Buy YES on KXNCAAMLAXGAME-26MAR28UMASTB-STB at 0.0400 of size 22 | Combined Price: 21.5100
2026-03-27 21:50:02,372 | INFO | Intra-Kalshi Arbitrage Opportunity: Buy YES on KXNCAAMLAXGAME-26MAR28HAMMON-MON at 0.9400 and Buy YES on KXNCAAMLAXGAME-26MAR28HAMMON-HAM at 0.0400 of size 168 | Combined Price: 165.7700
2026-03-27 21:50:02,373 | INFO | Intra-Kalshi Arbitrage Opportunity: Buy YES on KXNCAAMLAXGAME-26MAR28HAMMON-HAM at 0.0400 and Buy YES on KXNCAAMLAXGAME-26MAR28HAMMON-MON at 0.9400 of size 168 | Combined Price: 165.7700
2026-03-27 21:50:03,495 | INFO | Intra-Kalshi Arbitrage Opportunity: Buy YES on KXNCAAMLAXGAME-26MAR28UMASTB-STB at 0.0400 and Buy YES on KXNCAAMLAXGAME-26MAR28UMASTB-UMA at 0.9300 of size 22 | Combined Price: 21.5100
2026-03-27 21:50:03,495 | INFO | Intra-Kalshi Arbitrage Opportunity: Buy YES on KXNCAAMLAXGAME-26MAR28UMASTB-UMA at 0.9300 and Buy YES on KXNCAAMLAXGAME-26MAR28UMASTB-STB at 0.0400 of size 22 | Combined Price: 21.5100
2026-03-27 21:50:03,496 | INFO | Intra-Kalshi Arbitrage Opportunity: Buy YES on KXNCAAMLAXGAME-26MAR28HAMMON-MON at 0.9400 and Buy YES on KXNCAAMLAXGAME-26MAR28HAMMON-HAM at 0.0400 of size 168 | Combined Price: 165.7700
2026-03-27 21:50:03,496 | INFO | Intra-Kalshi Arbitrage Opportunity: Buy YES on KXNCAAMLAXGAME-26MAR28HAMMON-HAM at 0.0400 and Buy YES on KXNCAAMLAXGAME-26MAR28HAMMON-MON at 0.9400 of size 168 | Combined Price: 165.7700
2026-03-27 21:50:04,562 | INFO | Intra-Kalshi Arbitrage Opportunity: Buy YES on KXNCAAMLAXGAME-26MAR28UMASTB-STB at 0.0400 and Buy YES on KXNCAAMLAXGAME-26MAR28UMASTB-UMA at 0.9300 of size 22 | Combined Price: 21.5100
2026-03-27 21:50:04,563 | INFO | Intra-Kalshi Arbitrage Opportunity: Buy YES on KXNCAAMLAXGAME-26MAR28UMASTB-UMA at 0.9300 and Buy YES on KXNCAAMLAXGAME-26MAR28UMASTB-STB at 0.0400 of size 22 | Combined Price: 21.5100
2026-03-27 21:50:04,564 | INFO | Intra-Kalshi Arbitrage Opportunity: Buy YES on KXNCAAMLAXGAME-26MAR28HAMMON-MON at 0.9400 and Buy YES on KXNCAAMLAXGAME-26MAR28HAMMON-HAM at 0.0400 of size 89 | Combined Price: 87.8200
2026-03-27 21:50:04,564 | INFO | Intra-Kalshi Arbitrage Opportunity: Buy NO on KXNCAAMLAXGAME-26MAR28HAMMON-MON at 0.33 and Buy NO on KXNCAAMLAXGAME-26MAR28HAMMON-HAM at 0.97 of size -1 | Combined Price: -1.31
2026-03-27 21:50:20,645 | INFO | Intra-Kalshi Arbitrage Opportunity: Buy NO on KXPGAH2H-TECHO26PNYHDWIL-PNYH at 0.22 and Buy NO on KXPGAH2H-TECHO26PNYHDWIL-DWIL at 0.57 of size 1 | Combined Price: 0.83
