2026-03-18 20:22:28,689 | INFO | Intra-Kalshi Arbitrage Opportunity: Buy NO on KXNCAAMBGAME-26MAR18PVLEH-LEH at 0.94 and Buy NO on KXNCAAMBGAME-26MAR18PVLEH-PV at 0.05 of size 131 | Combined Price: 130.65
2026-03-18 20:22:28,691 | INFO | Intra-Kalshi Arbitrage Opportunity: Buy NO on KXNCAAMBGAME-26MAR18PVLEH-PV at 0.05 and Buy NO on KXNCAAMBGAME-26MAR18PVLEH-LEH at 0.94 of size 131 | Combined Price: 130.65
2026-03-18 20:22:31,406 | INFO | Intra-Kalshi Arbitrage Opportunity: Buy NO on KXNCAAMBGAME-26MAR18PVLEH-LEH at 0.94 and Buy NO on KXNCAAMBGAME-26MAR18PVLEH-PV at 0.05 of size 131 | Combined Price: 130.65
2026-03-18 20:22:31,413 | INFO | Intra-Kalshi Arbitrage Opportunity: Buy NO on KXNCAAMBGAME-26MAR18PVLEH-PV at 0.05 and Buy NO on KXNCAAMBGAME-26MAR18PVLEH-LEH at 0.94 of size 131 | Combined Price: 130.65
2026-03-18 20:22:34,413 | INFO | Intra-Kalshi Arbitrage Opportunity: Buy YES on KXNBAGAME-26MAR18TORCHI-CHI at 0.1900 and Buy YES on KXNBAGAME-26MAR18TORCHI-TOR at 0.7800 of size 4615 | Combined Price: 4581.7100
2026-03-18 20:22:34,416 | INFO | Intra-Kalshi Arbitrage Opportunity: Buy NO on KXNBAGAME-26MAR18TORCHI-CHI at 0.79 and Buy NO on KXNBAGAME-26MAR18TORCHI-TOR at 0.2 of size -106 | Combined Price: -107.35
2026-03-18 20:22:34,416 | INFO | Intra-Kalshi Arbitrage Opportunity: Buy YES on KXNBAGAME-26MAR18TORCHI-TOR at 0.7800 and Buy YES on KXNBAGAME-26MAR18TORCHI-CHI at 0.1900 of size 3 | Combined Price: 2.9900
2026-03-18 20:22:37,258 | INFO | Intra-Kalshi Arbitrage Opportunity: Sell YES on KXNBAGAME-26MAR18TORCHI-CHI at 0.1900 and Sell YES on KXNBAGAME-26MAR18TORCHI-TOR at 0.7800 of size 4724 | Combined Price: 4865.719999999999799911165610 | Fees: 103.67
2026-03-18 20:22:37,258 | INFO | Intra-Kalshi Arbitrage Opportunity: Buy YES on KXNBAGAME-26MAR18TORCHI-TOR at 0.7800 and Buy YES on KXNBAGAME-26MAR18TORCHI-CHI at 0.1900 of size 4654 | Combined Price: 4620.4300
2026-03-18 20:22:37,258 | INFO | Intra-Kalshi Arbitrage Opportunity: Buy NO on KXNBAGAME-26MAR18TORCHI-TOR at 0.18 and Buy NO on KXNBAGAME-26MAR18TORCHI-CHI at 0.79 of size 146 | Combined Price: 144.83
2026-03-18 20:22:37,258 | INFO | Intra-Kalshi Arbitrage Opportunity: Sell YES on KXNBAGAME-26MAR18TORCHI-TOR at 0.7800 and Sell YES on KXNBAGAME-26MAR18TORCHI-CHI at 0.1900 of size 4508 | Combined Price: 4643.239999999999895408109296 | Fees: 98.94
2026-03-18 20:22:37,261 | INFO | Intra-Kalshi Arbitrage Opportunity: Buy YES on KXNCAAWBGAME-26MAR18NEBRICH-RICH at 0.0800 and Buy YES on KXNCAAWBGAME-26MAR18NEBRICH-NEB at 0.9000 of size 1834 | Combined Price: 1818.3300
2026-03-18 20:22:37,261 | INFO | Intra-Kalshi Arbitrage Opportunity: Buy YES on KXNCAAWBGAME-26MAR18NEBRICH-NEB at 0.9000 and Buy YES on KXNCAAWBGAME-26MAR18NEBRICH-RICH at 0.0800 of size 1834 | Combined Price: 1818.3300
2026-03-18 20:22:37,261 | INFO | Intra-Kalshi Arbitrage Opportunity: Buy NO on KXNCAAMBGAME-26MAR18PVLEH-LEH at 0.94 and Buy NO on KXNCAAMBGAME-26MAR18PVLEH-PV at 0.05 of size 131 | Combined Price: 130.65
2026-03-18 20:22:37,261 | INFO | Intra-Kalshi Arbitrage Opportunity: Buy NO on KXNCAAMBGAME-26MAR18PVLEH-PV at 0.05 and Buy NO on KXNCAAMBGAME-26MAR18PVLEH-LEH at 0.94 of size 131 | Combined Price: 130.65
2026-03-18 20:22:40,247 | INFO | Intra-Kalshi Arbitrage Opportunity: Buy YES on KXNBAGAME-26MAR18TORCHI-CHI at 0.1900 and Buy YES on KXNBAGAME-26MAR18TORCHI-TOR at 0.7800 of size 663 | Combined Price: 658.2300
2026-03-18 20:22:40,248 | INFO | Intra-Kalshi Arbitrage Opportunity: Buy NO on KXNBAGAME-26MAR18TORCHI-CHI at 0.79 and Buy NO on KXNBAGAME-26MAR18TORCHI-TOR at 0.2 of size -16 | Combined Price: -16.19
2026-03-18 20:22:51,042 | INFO | Intra-Kalshi Arbitrage Opportunity: Buy YES on KXNCAAWBGAME-26MAR18NEBRICH-RICH at 0.0600 and Buy YES on KXNCAAWBGAME-26MAR18NEBRICH-NEB at 0.9000 of size 1 | Combined Price: 0.9800
2026-03-18 20:22:51,042 | INFO | Intra-Kalshi Arbitrage Opportunity: Sell YES on KXNCAAWBGAME-26MAR18NEBRICH-RICH at 0.0600 and Sell YES on KXNCAAWBGAME-26MAR18NEBRICH-NEB at 0.9000 of size 440 | Combined Price: 448.8000000000000468958205602 | Fees: 4.54
2026-03-18 20:22:51,042 | INFO | Intra-Kalshi Arbitrage Opportunity: Buy YES on KXNCAAWBGAME-26MAR18NEBRICH-NEB at 0.9000 and Buy YES on KXNCAAWBGAME-26MAR18NEBRICH-RICH at 0.0600 of size 439 | Combined Price: 425.9500
2026-03-18 20:22:51,042 | INFO | Intra-Kalshi Arbitrage Opportunity: Buy NO on KXNCAAWBGAME-26MAR18NEBRICH-NEB at 0.07 and Buy NO on KXNCAAWBGAME-26MAR18NEBRICH-RICH at 0.91 of size 18 | Combined Price: 17.84
2026-03-18 20:22:51,042 | INFO | Intra-Kalshi Arbitrage Opportunity: Sell YES on KXNCAAWBGAME-26MAR18NEBRICH-NEB at 0.9000 and Sell YES on KXNCAAWBGAME-26MAR18NEBRICH-RICH at 0.0600 of size 440 | Combined Price: 448.8000000000000468958205602 | Fees: 4.54
2026-03-18 20:22:51,042 | INFO | Intra-Kalshi Arbitrage Opportunity: Buy NO on KXNCAAMBGAME-26MAR18PVLEH-LEH at 0.94 and Buy NO on KXNCAAMBGAME-26MAR18PVLEH-PV at 0.05 of size 131 | Combined Price: 130.65
2026-03-18 20:22:51,042 | INFO | Intra-Kalshi Arbitrage Opportunity: Buy NO on KXNCAAMBGAME-26MAR18PVLEH-PV at 0.05 and Buy NO on KXNCAAMBGAME-26MAR18PVLEH-LEH at 0.94 of size 131 | Combined Price: 130.65
2026-03-18 20:22:54,111 | INFO | Intra-Kalshi Arbitrage Opportunity: Buy YES on KXNBAGAME-26MAR18TORCHI-CHI at 0.1800 and Buy YES on KXNBAGAME-26MAR18TORCHI-TOR at 0.7800 of size 191 | Combined Price: 187.6400
2026-03-18 20:22:54,111 | INFO | Intra-Kalshi Arbitrage Opportunity: Sell YES on KXNBAGAME-26MAR18TORCHI-CHI at 0.1800 and Sell YES on KXNBAGAME-26MAR18TORCHI-TOR at 0.7800 of size 870 | Combined Price: 896.0999999999999658939486835 | Fees: 19.10
2026-03-18 20:22:54,114 | INFO | Intra-Kalshi Arbitrage Opportunity: Buy YES on KXNBAGAME-26MAR18TORCHI-TOR at 0.7800 and Buy YES on KXNBAGAME-26MAR18TORCHI-CHI at 0.1800 of size 909 | Combined Price: 892.9600
2026-03-18 20:22:54,114 | INFO | Intra-Kalshi Arbitrage Opportunity: Sell YES on KXNBAGAME-26MAR18TORCHI-TOR at 0.7800 and Sell YES on KXNBAGAME-26MAR18TORCHI-CHI at 0.1800 of size 909 | Combined Price: 936.2699999999999818101059645 | Fees: 19.96
2026-03-18 20:22:54,114 | INFO | Intra-Kalshi Arbitrage Opportunity: Buy YES on KXNCAAWBGAME-26MAR18NEBRICH-RICH at 0.0600 and Buy YES on KXNCAAWBGAME-26MAR18NEBRICH-NEB at 0.9000 of size 439 | Combined Price: 425.9500
2026-03-18 20:22:54,114 | INFO | Intra-Kalshi Arbitrage Opportunity: Buy NO on KXNCAAWBGAME-26MAR18NEBRICH-RICH at 0.91 and Buy NO on KXNCAAWBGAME-26MAR18NEBRICH-NEB at 0.07 of size 440 | Combined Price: 435.74
2026-03-18 20:22:54,114 | INFO | Intra-Kalshi Arbitrage Opportunity: Sell YES on KXNCAAWBGAME-26MAR18NEBRICH-RICH at 0.0600 and Sell YES on KXNCAAWBGAME-26MAR18NEBRICH-NEB at 0.9000 of size 440 | Combined Price: 448.8000000000000468958205602 | Fees: 4.54
2026-03-18 20:22:54,114 | INFO | Intra-Kalshi Arbitrage Opportunity: Buy YES on KXNCAAWBGAME-26MAR18NEBRICH-NEB at 0.9000 and Buy YES on KXNCAAWBGAME-26MAR18NEBRICH-RICH at 0.0600 of size 439 | Combined Price: 425.9500
2026-03-18 20:22:54,114 | INFO | Intra-Kalshi Arbitrage Opportunity: Buy NO on KXNCAAWBGAME-26MAR18NEBRICH-NEB at 0.07 and Buy NO on KXNCAAWBGAME-26MAR18NEBRICH-RICH at 0.91 of size 53 | Combined Price: 52.50
2026-03-18 20:22:54,114 | INFO | Intra-Kalshi Arbitrage Opportunity: Sell YES on KXNCAAWBGAME-26MAR18NEBRICH-NEB at 0.9000 and Sell YES on KXNCAAWBGAME-26MAR18NEBRICH-RICH at 0.0600 of size 440 | Combined Price: 448.8000000000000468958205602 | Fees: 4.54
2026-03-18 20:22:56,681 | INFO | Intra-Kalshi Arbitrage Opportunity: Buy YES on KXNBAGAME-26MAR18TORCHI-CHI at 0.1800 and Buy YES on KXNBAGAME-26MAR18TORCHI-TOR at 0.7800 of size 463 | Combined Price: 454.8400
2026-03-18 20:22:56,683 | INFO | Intra-Kalshi Arbitrage Opportunity: Sell YES on KXNBAGAME-26MAR18TORCHI-CHI at 0.1800 and Sell YES on KXNBAGAME-26MAR18TORCHI-TOR at 0.7800 of size 463 | Combined Price: 476.8899999999999579358700430 | Fees: 10.17
2026-03-18 20:22:56,683 | INFO | Intra-Kalshi Arbitrage Opportunity: Buy YES on KXNBAGAME-26MAR18TORCHI-TOR at 0.7800 and Buy YES on KXNBAGAME-26MAR18TORCHI-CHI at 0.1800 of size 475 | Combined Price: 466.6200
2026-03-18 20:22:56,683 | INFO | Intra-Kalshi Arbitrage Opportunity: Sell YES on KXNBAGAME-26MAR18TORCHI-TOR at 0.7800 and Sell YES on KXNBAGAME-26MAR18TORCHI-CHI at 0.1800 of size 475 | Combined Price: 489.25 | Fees: 10.43
2026-03-18 20:22:56,688 | INFO | Intra-Kalshi Arbitrage Opportunity: Buy YES on KXNCAAWBGAME-26MAR18NEBRICH-RICH at 0.0600 and Buy YES on KXNCAAWBGAME-26MAR18NEBRICH-NEB at 0.9000 of size 439 | Combined Price: 425.9500
2026-03-18 20:22:56,688 | INFO | Intra-Kalshi Arbitrage Opportunity: Buy NO on KXNCAAWBGAME-26MAR18NEBRICH-RICH at 0.91 and Buy NO on KXNCAAWBGAME-26MAR18NEBRICH-NEB at 0.07 of size 43 | Combined Price: 42.59
2026-03-18 20:22:56,688 | INFO | Intra-Kalshi Arbitrage Opportunity: Sell YES on KXNCAAWBGAME-26MAR18NEBRICH-RICH at 0.0600 and Sell YES on KXNCAAWBGAME-26MAR18NEBRICH-NEB at 0.9000 of size 440 | Combined Price: 448.8000000000000468958205602 | Fees: 4.54
2026-03-18 20:22:56,688 | INFO | Intra-Kalshi Arbitrage Opportunity: Buy YES on KXNCAAWBGAME-26MAR18NEBRICH-NEB at 0.9000 and Buy YES on KXNCAAWBGAME-26MAR18NEBRICH-RICH at 0.0600 of size 439 | Combined Price: 425.9500
2026-03-18 20:22:56,688 | INFO | Intra-Kalshi Arbitrage Opportunity: Buy NO on KXNCAAWBGAME-26MAR18NEBRICH-NEB at 0.07 and Buy NO on KXNCAAWBGAME-26MAR18NEBRICH-RICH at 0.91 of size 18 | Combined Price: 17.84
2026-03-18 20:22:56,688 | INFO | Intra-Kalshi Arbitrage Opportunity: Sell YES on KXNCAAWBGAME-26MAR18NEBRICH-NEB at 0.9000 and Sell YES on KXNCAAWBGAME-26MAR18NEBRICH-RICH at 0.0600 of size 440 | Combined Price: 448.8000000000000468958205602 | Fees: 4.54
2026-03-18 20:22:57,897 | INFO | Intra-Kalshi Arbitrage Opportunity: Buy YES on KXNBAGAME-26MAR18TORCHI-CHI at 0.1800 and Buy YES on KXNBAGAME-26MAR18TORCHI-TOR at 0.7800 of size 463 | Combined Price: 454.8400
2026-03-18 20:22:57,897 | INFO | Intra-Kalshi Arbitrage Opportunity: Sell YES on KXNBAGAME-26MAR18TORCHI-CHI at 0.1800 and Sell YES on KXNBAGAME-26MAR18TORCHI-TOR at 0.7800 of size 463 | Combined Price: 476.8899999999999579358700430 | Fees: 10.17
2026-03-18 20:22:57,897 | INFO | Intra-Kalshi Arbitrage Opportunity: Buy YES on KXNBAGAME-26MAR18TORCHI-TOR at 0.7800 and Buy YES on KXNBAGAME-26MAR18TORCHI-CHI at 0.1800 of size 475 | Combined Price: 466.6200
2026-03-18 20:22:57,897 | INFO | Intra-Kalshi Arbitrage Opportunity: Sell YES on KXNBAGAME-26MAR18TORCHI-TOR at 0.7800 and Sell YES on KXNBAGAME-26MAR18TORCHI-CHI at 0.1800 of size 475 | Combined Price: 489.25 | Fees: 10.43
2026-03-18 20:22:57,902 | INFO | Intra-Kalshi Arbitrage Opportunity: Buy YES on KXNCAAWBGAME-26MAR18NEBRICH-RICH at 0.0600 and Buy YES on KXNCAAWBGAME-26MAR18NEBRICH-NEB at 0.9000 of size 488 | Combined Price: 473.4900
2026-03-18 20:22:57,902 | INFO | Intra-Kalshi Arbitrage Opportunity: Sell YES on KXNCAAWBGAME-26MAR18NEBRICH-RICH at 0.0600 and Sell YES on KXNCAAWBGAME-26MAR18NEBRICH-NEB at 0.9000 of size 440 | Combined Price: 453.1999999999999673150341550 | Fees: 4.27
2026-03-18 20:22:57,902 | INFO | Intra-Kalshi Arbitrage Opportunity: Buy YES on KXNCAAWBGAME-26MAR18NEBRICH-NEB at 0.9000 and Buy YES on KXNCAAWBGAME-26MAR18NEBRICH-RICH at 0.0600 of size 462 | Combined Price: 448.2700
2026-03-18 20:22:57,902 | INFO | Intra-Kalshi Arbitrage Opportunity: Sell YES on KXNCAAWBGAME-26MAR18NEBRICH-NEB at 0.9000 and Sell YES on KXNCAAWBGAME-26MAR18NEBRICH-RICH at 0.0600 of size 440 | Combined Price: 453.1999999999999673150341550 | Fees: 4.27
2026-03-18 20:22:57,902 | INFO | Intra-Kalshi Arbitrage Opportunity: Buy NO on KXNCAAMBGAME-26MAR18PVLEH-LEH at 0.94 and Buy NO on KXNCAAMBGAME-26MAR18PVLEH-PV at 0.05 of size 131 | Combined Price: 130.65
2026-03-18 20:22:57,902 | INFO | Intra-Kalshi Arbitrage Opportunity: Buy NO on KXNCAAMBGAME-26MAR18PVLEH-PV at 0.05 and Buy NO on KXNCAAMBGAME-26MAR18PVLEH-LEH at 0.94 of size 131 | Combined Price: 130.65
2026-03-18 20:22:58,943 | INFO | Intra-Kalshi Arbitrage Opportunity: Buy YES on KXNBAGAME-26MAR18TORCHI-CHI at 0.1800 and Buy YES on KXNBAGAME-26MAR18TORCHI-TOR at 0.7800 of size 191 | Combined Price: 187.6400
2026-03-18 20:22:58,943 | INFO | Intra-Kalshi Arbitrage Opportunity: Sell YES on KXNBAGAME-26MAR18TORCHI-CHI at 0.1800 and Sell YES on KXNBAGAME-26MAR18TORCHI-TOR at 0.7800 of size 191 | Combined Price: 196.7300000000000039790393203 | Fees: 4.20
2026-03-18 20:22:58,943 | INFO | Intra-Kalshi Arbitrage Opportunity: Buy YES on KXNBAGAME-26MAR18TORCHI-TOR at 0.7800 and Buy YES on KXNBAGAME-26MAR18TORCHI-CHI at 0.1800 of size 196 | Combined Price: 192.5500
2026-03-18 20:22:58,943 | INFO | Intra-Kalshi Arbitrage Opportunity: Sell YES on KXNBAGAME-26MAR18TORCHI-TOR at 0.7800 and Sell YES on KXNBAGAME-26MAR18TORCHI-CHI at 0.1800 of size 196 | Combined Price: 201.8799999999999954525264911 | Fees: 4.31
2026-03-18 20:22:58,945 | INFO | Intra-Kalshi Arbitrage Opportunity: Buy YES on KXNCAAWBGAME-26MAR18NEBRICH-RICH at 0.0600 and Buy YES on KXNCAAWBGAME-26MAR18NEBRICH-NEB at 0.9000 of size 201 | Combined Price: 195.0300
2026-03-18 20:22:58,951 | INFO | Intra-Kalshi Arbitrage Opportunity: Sell YES on KXNCAAWBGAME-26MAR18NEBRICH-RICH at 0.0600 and Sell YES on KXNCAAWBGAME-26MAR18NEBRICH-NEB at 0.9000 of size 440 | Combined Price: 453.1999999999999673150341550 | Fees: 4.27
2026-03-18 20:22:58,951 | INFO | Intra-Kalshi Arbitrage Opportunity: Buy YES on KXNCAAWBGAME-26MAR18NEBRICH-NEB at 0.9000 and Buy YES on KXNCAAWBGAME-26MAR18NEBRICH-RICH at 0.0600 of size 466 | Combined Price: 452.1400
2026-03-18 20:22:58,951 | INFO | Intra-Kalshi Arbitrage Opportunity: Sell YES on KXNCAAWBGAME-26MAR18NEBRICH-NEB at 0.9000 and Sell YES on KXNCAAWBGAME-26MAR18NEBRICH-RICH at 0.0600 of size 440 | Combined Price: 453.1999999999999673150341550 | Fees: 4.27
2026-03-18 20:22:58,951 | INFO | Intra-Kalshi Arbitrage Opportunity: Buy NO on KXNCAAMBGAME-26MAR18PVLEH-LEH at 0.94 and Buy NO on KXNCAAMBGAME-26MAR18PVLEH-PV at 0.05 of size 131 | Combined Price: 130.65
2026-03-18 20:22:58,951 | INFO | Intra-Kalshi Arbitrage Opportunity: Buy NO on KXNCAAMBGAME-26MAR18PVLEH-PV at 0.05 and Buy NO on KXNCAAMBGAME-26MAR18PVLEH-LEH at 0.94 of size 131 | Combined Price: 130.65
2026-03-18 20:22:59,968 | INFO | Intra-Kalshi Arbitrage Opportunity: Buy YES on KXNBAGAME-26MAR18TORCHI-CHI at 0.1800 and Buy YES on KXNBAGAME-26MAR18TORCHI-TOR at 0.7800 of size 190 | Combined Price: 186.6600
2026-03-18 20:22:59,968 | INFO | Intra-Kalshi Arbitrage Opportunity: Sell YES on KXNBAGAME-26MAR18TORCHI-CHI at 0.1800 and Sell YES on KXNBAGAME-26MAR18TORCHI-TOR at 0.7800 of size 190 | Combined Price: 195.6999999999999815258888702 | Fees: 4.18
2026-03-18 20:22:59,968 | INFO | Intra-Kalshi Arbitrage Opportunity: Buy YES on KXNBAGAME-26MAR18TORCHI-TOR at 0.7800 and Buy YES on KXNBAGAME-26MAR18TORCHI-CHI at 0.1800 of size 195 | Combined Price: 191.5700
2026-03-18 20:22:59,968 | INFO | Intra-Kalshi Arbitrage Opportunity: Sell YES on KXNBAGAME-26MAR18TORCHI-TOR at 0.7800 and Sell YES on KXNBAGAME-26MAR18TORCHI-CHI at 0.1800 of size 195 | Combined Price: 200.8499999999999729993760411 | Fees: 4.29
2026-03-18 20:22:59,968 | INFO | Intra-Kalshi Arbitrage Opportunity: Buy YES on KXNCAAWBGAME-26MAR18NEBRICH-RICH at 0.0600 and Buy YES on KXNCAAWBGAME-26MAR18NEBRICH-NEB at 0.9000 of size 201 | Combined Price: 195.0300
2026-03-18 20:22:59,968 | INFO | Intra-Kalshi Arbitrage Opportunity: Sell YES on KXNCAAWBGAME-26MAR18NEBRICH-RICH at 0.0600 and Sell YES on KXNCAAWBGAME-26MAR18NEBRICH-NEB at 0.9000 of size 440 | Combined Price: 453.1999999999999673150341550 | Fees: 4.27
2026-03-18 20:22:59,968 | INFO | Intra-Kalshi Arbitrage Opportunity: Buy YES on KXNCAAWBGAME-26MAR18NEBRICH-NEB at 0.9000 and Buy YES on KXNCAAWBGAME-26MAR18NEBRICH-RICH at 0.0600 of size 465 | Combined Price: 451.1700
2026-03-18 20:22:59,968 | INFO | Intra-Kalshi Arbitrage Opportunity: Sell YES on KXNCAAWBGAME-26MAR18NEBRICH-NEB at 0.9000 and Sell YES on KXNCAAWBGAME-26MAR18NEBRICH-RICH at 0.0600 of size 440 | Combined Price: 453.1999999999999673150341550 | Fees: 4.27
2026-03-18 20:22:59,968 | INFO | Intra-Kalshi Arbitrage Opportunity: Buy NO on KXNCAAMBGAME-26MAR18PVLEH-LEH at 0.94 and Buy NO on KXNCAAMBGAME-26MAR18PVLEH-PV at 0.05 of size 131 | Combined Price: 130.65
2026-03-18 20:22:59,968 | INFO | Intra-Kalshi Arbitrage Opportunity: Buy NO on KXNCAAMBGAME-26MAR18PVLEH-PV at 0.05 and Buy NO on KXNCAAMBGAME-26MAR18PVLEH-LEH at 0.94 of size 131 | Combined Price: 130.65
2026-03-18 20:23:01,015 | INFO | Intra-Kalshi Arbitrage Opportunity: Buy YES on KXNBAGAME-26MAR18TORCHI-CHI at 0.1800 and Buy YES on KXNBAGAME-26MAR18TORCHI-TOR at 0.7800 of size 190 | Combined Price: 186.6600
2026-03-18 20:23:01,015 | INFO | Intra-Kalshi Arbitrage Opportunity: Sell YES on KXNBAGAME-26MAR18TORCHI-CHI at 0.1800 and Sell YES on KXNBAGAME-26MAR18TORCHI-TOR at 0.7800 of size 190 | Combined Price: 195.6999999999999815258888702 | Fees: 4.18
2026-03-18 20:23:01,015 | INFO | Intra-Kalshi Arbitrage Opportunity: Buy YES on KXNBAGAME-26MAR18TORCHI-TOR at 0.7800 and Buy YES on KXNBAGAME-26MAR18TORCHI-CHI at 0.1800 of size 196 | Combined Price: 192.5500
2026-03-18 20:23:01,021 | INFO | Intra-Kalshi Arbitrage Opportunity: Sell YES on KXNBAGAME-26MAR18TORCHI-TOR at 0.7800 and Sell YES on KXNBAGAME-26MAR18TORCHI-CHI at 0.1800 of size 196 | Combined Price: 201.8799999999999954525264911 | Fees: 4.31
2026-03-18 20:23:01,021 | INFO | Intra-Kalshi Arbitrage Opportunity: Buy YES on KXNCAAWBGAME-26MAR18NEBRICH-RICH at 0.0600 and Buy YES on KXNCAAWBGAME-26MAR18NEBRICH-NEB at 0.9000 of size 201 | Combined Price: 195.0300
2026-03-18 20:23:01,021 | INFO | Intra-Kalshi Arbitrage Opportunity: Sell YES on KXNCAAWBGAME-26MAR18NEBRICH-RICH at 0.0600 and Sell YES on KXNCAAWBGAME-26MAR18NEBRICH-NEB at 0.9000 of size 440 | Combined Price: 453.1999999999999673150341550 | Fees: 4.27
2026-03-18 20:23:01,021 | INFO | Intra-Kalshi Arbitrage Opportunity: Buy YES on KXNCAAWBGAME-26MAR18NEBRICH-NEB at 0.9000 and Buy YES on KXNCAAWBGAME-26MAR18NEBRICH-RICH at 0.0600 of size 465 | Combined Price: 451.1700
2026-03-18 20:23:01,021 | INFO | Intra-Kalshi Arbitrage Opportunity: Sell YES on KXNCAAWBGAME-26MAR18NEBRICH-NEB at 0.9000 and Sell YES on KXNCAAWBGAME-26MAR18NEBRICH-RICH at 0.0600 of size 440 | Combined Price: 453.1999999999999673150341550 | Fees: 4.27
2026-03-18 20:23:01,021 | INFO | Intra-Kalshi Arbitrage Opportunity: Buy NO on KXNCAAMBGAME-26MAR18PVLEH-LEH at 0.94 and Buy NO on KXNCAAMBGAME-26MAR18PVLEH-PV at 0.05 of size 131 | Combined Price: 130.65
2026-03-18 20:23:01,021 | INFO | Intra-Kalshi Arbitrage Opportunity: Buy NO on KXNCAAMBGAME-26MAR18PVLEH-PV at 0.05 and Buy NO on KXNCAAMBGAME-26MAR18PVLEH-LEH at 0.94 of size 131 | Combined Price: 130.65
2026-03-18 20:23:02,033 | INFO | Intra-Kalshi Arbitrage Opportunity: Buy YES on KXNBAGAME-26MAR18TORCHI-CHI at 0.1800 and Buy YES on KXNBAGAME-26MAR18TORCHI-TOR at 0.7800 of size 191 | Combined Price: 187.6400
2026-03-18 20:23:02,033 | INFO | Intra-Kalshi Arbitrage Opportunity: Sell YES on KXNBAGAME-26MAR18TORCHI-CHI at 0.1800 and Sell YES on KXNBAGAME-26MAR18TORCHI-TOR at 0.7800 of size 191 | Combined Price: 196.7300000000000039790393203 | Fees: 4.20
2026-03-18 20:23:02,035 | INFO | Intra-Kalshi Arbitrage Opportunity: Buy YES on KXNBAGAME-26MAR18TORCHI-TOR at 0.7800 and Buy YES on KXNBAGAME-26MAR18TORCHI-CHI at 0.1800 of size 196 | Combined Price: 192.5500
2026-03-18 20:23:02,035 | INFO | Intra-Kalshi Arbitrage Opportunity: Sell YES on KXNBAGAME-26MAR18TORCHI-TOR at 0.7800 and Sell YES on KXNBAGAME-26MAR18TORCHI-CHI at 0.1800 of size 196 | Combined Price: 201.8799999999999954525264911 | Fees: 4.31
2026-03-18 20:23:02,036 | INFO | Intra-Kalshi Arbitrage Opportunity: Buy YES on KXNCAAWBGAME-26MAR18NEBRICH-RICH at 0.0600 and Buy YES on KXNCAAWBGAME-26MAR18NEBRICH-NEB at 0.9000 of size 201 | Combined Price: 195.0300
2026-03-18 20:23:02,036 | INFO | Intra-Kalshi Arbitrage Opportunity: Sell YES on KXNCAAWBGAME-26MAR18NEBRICH-RICH at 0.0600 and Sell YES on KXNCAAWBGAME-26MAR18NEBRICH-NEB at 0.9000 of size 440 | Combined Price: 453.1999999999999673150341550 | Fees: 4.27
2026-03-18 20:23:02,036 | INFO | Intra-Kalshi Arbitrage Opportunity: Buy YES on KXNCAAWBGAME-26MAR18NEBRICH-NEB at 0.9000 and Buy YES on KXNCAAWBGAME-26MAR18NEBRICH-RICH at 0.0600 of size 466 | Combined Price: 452.1400
2026-03-18 20:23:02,036 | INFO | Intra-Kalshi Arbitrage Opportunity: Sell YES on KXNCAAWBGAME-26MAR18NEBRICH-NEB at 0.9000 and Sell YES on KXNCAAWBGAME-26MAR18NEBRICH-RICH at 0.0600 of size 440 | Combined Price: 453.1999999999999673150341550 | Fees: 4.27
2026-03-18 20:23:02,036 | INFO | Intra-Kalshi Arbitrage Opportunity: Buy NO on KXNCAAMBGAME-26MAR18PVLEH-LEH at 0.94 and Buy NO on KXNCAAMBGAME-26MAR18PVLEH-PV at 0.05 of size 131 | Combined Price: 130.65
2026-03-18 20:23:02,036 | INFO | Intra-Kalshi Arbitrage Opportunity: Buy NO on KXNCAAMBGAME-26MAR18PVLEH-PV at 0.05 and Buy NO on KXNCAAMBGAME-26MAR18PVLEH-LEH at 0.94 of size 131 | Combined Price: 130.65
2026-03-18 20:23:03,072 | INFO | Intra-Kalshi Arbitrage Opportunity: Buy YES on KXNBAGAME-26MAR18TORCHI-CHI at 0.1800 and Buy YES on KXNBAGAME-26MAR18TORCHI-TOR at 0.7800 of size 190 | Combined Price: 186.6600
2026-03-18 20:23:03,072 | INFO | Intra-Kalshi Arbitrage Opportunity: Sell YES on KXNBAGAME-26MAR18TORCHI-CHI at 0.1800 and Sell YES on KXNBAGAME-26MAR18TORCHI-TOR at 0.7800 of size 190 | Combined Price: 195.6999999999999815258888702 | Fees: 4.18
2026-03-18 20:23:03,072 | INFO | Intra-Kalshi Arbitrage Opportunity: Buy YES on KXNBAGAME-26MAR18TORCHI-TOR at 0.7800 and Buy YES on KXNBAGAME-26MAR18TORCHI-CHI at 0.1800 of size 195 | Combined Price: 191.5700
2026-03-18 20:23:03,073 | INFO | Intra-Kalshi Arbitrage Opportunity: Sell YES on KXNBAGAME-26MAR18TORCHI-TOR at 0.7800 and Sell YES on KXNBAGAME-26MAR18TORCHI-CHI at 0.1800 of size 195 | Combined Price: 200.8499999999999729993760411 | Fees: 4.29
2026-03-18 20:23:03,073 | INFO | Intra-Kalshi Arbitrage Opportunity: Buy YES on KXNCAAWBGAME-26MAR18NEBRICH-RICH at 0.0600 and Buy YES on KXNCAAWBGAME-26MAR18NEBRICH-NEB at 0.9000 of size 200 | Combined Price: 194.0500
2026-03-18 20:23:03,073 | INFO | Intra-Kalshi Arbitrage Opportunity: Sell YES on KXNCAAWBGAME-26MAR18NEBRICH-RICH at 0.0600 and Sell YES on KXNCAAWBGAME-26MAR18NEBRICH-NEB at 0.9000 of size 440 | Combined Price: 453.1999999999999673150341550 | Fees: 4.27
2026-03-18 20:23:03,073 | INFO | Intra-Kalshi Arbitrage Opportunity: Buy YES on KXNCAAWBGAME-26MAR18NEBRICH-NEB at 0.9000 and Buy YES on KXNCAAWBGAME-26MAR18NEBRICH-RICH at 0.0600 of size 466 | Combined Price: 452.1400
2026-03-18 20:23:03,075 | INFO | Intra-Kalshi Arbitrage Opportunity: Sell YES on KXNCAAWBGAME-26MAR18NEBRICH-NEB at 0.9000 and Sell YES on KXNCAAWBGAME-26MAR18NEBRICH-RICH at 0.0600 of size 440 | Combined Price: 453.1999999999999673150341550 | Fees: 4.27
2026-03-18 20:23:03,075 | INFO | Intra-Kalshi Arbitrage Opportunity: Buy NO on KXNCAAMBGAME-26MAR18PVLEH-LEH at 0.94 and Buy NO on KXNCAAMBGAME-26MAR18PVLEH-PV at 0.05 of size 131 | Combined Price: 130.65
2026-03-18 20:23:03,075 | INFO | Intra-Kalshi Arbitrage Opportunity: Buy NO on KXNCAAMBGAME-26MAR18PVLEH-PV at 0.05 and Buy NO on KXNCAAMBGAME-26MAR18PVLEH-LEH at 0.94 of size 131 | Combined Price: 130.65
2026-03-18 20:23:04,658 | INFO | Intra-Kalshi Arbitrage Opportunity: Buy YES on KXNBAGAME-26MAR18TORCHI-CHI at 0.1800 and Buy YES on KXNBAGAME-26MAR18TORCHI-TOR at 0.7800 of size 190 | Combined Price: 186.6600
2026-03-18 20:23:04,658 | INFO | Intra-Kalshi Arbitrage Opportunity: Sell YES on KXNBAGAME-26MAR18TORCHI-CHI at 0.1800 and Sell YES on KXNBAGAME-26MAR18TORCHI-TOR at 0.7800 of size 190 | Combined Price: 195.6999999999999815258888702 | Fees: 4.18
2026-03-18 20:23:04,658 | INFO | Intra-Kalshi Arbitrage Opportunity: Buy YES on KXNBAGAME-26MAR18TORCHI-TOR at 0.7800 and Buy YES on KXNBAGAME-26MAR18TORCHI-CHI at 0.1800 of size 195 | Combined Price: 191.5700
2026-03-18 20:23:04,658 | INFO | Intra-Kalshi Arbitrage Opportunity: Sell YES on KXNBAGAME-26MAR18TORCHI-TOR at 0.7800 and Sell YES on KXNBAGAME-26MAR18TORCHI-CHI at 0.1800 of size 195 | Combined Price: 200.8499999999999729993760411 | Fees: 4.29
2026-03-18 20:23:04,658 | INFO | Intra-Kalshi Arbitrage Opportunity: Buy YES on KXNCAAWBGAME-26MAR18NEBRICH-RICH at 0.0600 and Buy YES on KXNCAAWBGAME-26MAR18NEBRICH-NEB at 0.9000 of size 200 | Combined Price: 194.0500
2026-03-18 20:23:04,658 | INFO | Intra-Kalshi Arbitrage Opportunity: Sell YES on KXNCAAWBGAME-26MAR18NEBRICH-RICH at 0.0600 and Sell YES on KXNCAAWBGAME-26MAR18NEBRICH-NEB at 0.9000 of size 440 | Combined Price: 453.1999999999999673150341550 | Fees: 4.27
2026-03-18 20:23:04,658 | INFO | Intra-Kalshi Arbitrage Opportunity: Buy YES on KXNCAAWBGAME-26MAR18NEBRICH-NEB at 0.9000 and Buy YES on KXNCAAWBGAME-26MAR18NEBRICH-RICH at 0.0600 of size 466 | Combined Price: 452.1400
2026-03-18 20:23:04,658 | INFO | Intra-Kalshi Arbitrage Opportunity: Sell YES on KXNCAAWBGAME-26MAR18NEBRICH-NEB at 0.9000 and Sell YES on KXNCAAWBGAME-26MAR18NEBRICH-RICH at 0.0600 of size 440 | Combined Price: 453.1999999999999673150341550 | Fees: 4.27
2026-03-18 20:23:04,658 | INFO | Intra-Kalshi Arbitrage Opportunity: Buy NO on KXNCAAMBGAME-26MAR18PVLEH-LEH at 0.94 and Buy NO on KXNCAAMBGAME-26MAR18PVLEH-PV at 0.05 of size 131 | Combined Price: 130.65
2026-03-18 20:23:04,658 | INFO | Intra-Kalshi Arbitrage Opportunity: Buy NO on KXNCAAMBGAME-26MAR18PVLEH-PV at 0.05 and Buy NO on KXNCAAMBGAME-26MAR18PVLEH-LEH at 0.94 of size 131 | Combined Price: 130.65
2026-03-18 20:23:07,309 | INFO | Intra-Kalshi Arbitrage Opportunity: Buy YES on KXNBAGAME-26MAR18TORCHI-CHI at 0.1800 and Buy YES on KXNBAGAME-26MAR18TORCHI-TOR at 0.7800 of size 190 | Combined Price: 186.6600
2026-03-18 20:23:07,309 | INFO | Intra-Kalshi Arbitrage Opportunity: Sell YES on KXNBAGAME-26MAR18TORCHI-CHI at 0.1800 and Sell YES on KXNBAGAME-26MAR18TORCHI-TOR at 0.7800 of size 190 | Combined Price: 195.6999999999999815258888702 | Fees: 4.18
2026-03-18 20:23:07,309 | INFO | Intra-Kalshi Arbitrage Opportunity: Buy YES on KXNBAGAME-26MAR18TORCHI-TOR at 0.7800 and Buy YES on KXNBAGAME-26MAR18TORCHI-CHI at 0.1800 of size 196 | Combined Price: 192.5500
2026-03-18 20:23:07,309 | INFO | Intra-Kalshi Arbitrage Opportunity: Sell YES on KXNBAGAME-26MAR18TORCHI-TOR at 0.7800 and Sell YES on KXNBAGAME-26MAR18TORCHI-CHI at 0.1800 of size 196 | Combined Price: 201.8799999999999954525264911 | Fees: 4.31
2026-03-18 20:23:07,309 | INFO | Intra-Kalshi Arbitrage Opportunity: Buy YES on KXNCAAWBGAME-26MAR18NEBRICH-RICH at 0.0600 and Buy YES on KXNCAAWBGAME-26MAR18NEBRICH-NEB at 0.9000 of size 201 | Combined Price: 195.0300
2026-03-18 20:23:07,309 | INFO | Intra-Kalshi Arbitrage Opportunity: Sell YES on KXNCAAWBGAME-26MAR18NEBRICH-RICH at 0.0600 and Sell YES on KXNCAAWBGAME-26MAR18NEBRICH-NEB at 0.9000 of size 440 | Combined Price: 453.1999999999999673150341550 | Fees: 4.27
2026-03-18 20:23:07,313 | INFO | Intra-Kalshi Arbitrage Opportunity: Buy YES on KXNCAAWBGAME-26MAR18NEBRICH-NEB at 0.9000 and Buy YES on KXNCAAWBGAME-26MAR18NEBRICH-RICH at 0.0600 of size 465 | Combined Price: 451.1700
2026-03-18 20:23:07,313 | INFO | Intra-Kalshi Arbitrage Opportunity: Sell YES on KXNCAAWBGAME-26MAR18NEBRICH-NEB at 0.9000 and Sell YES on KXNCAAWBGAME-26MAR18NEBRICH-RICH at 0.0600 of size 440 | Combined Price: 453.1999999999999673150341550 | Fees: 4.27
2026-03-18 20:23:07,313 | INFO | Intra-Kalshi Arbitrage Opportunity: Buy NO on KXNCAAMBGAME-26MAR18PVLEH-LEH at 0.94 and Buy NO on KXNCAAMBGAME-26MAR18PVLEH-PV at 0.05 of size 131 | Combined Price: 130.65
2026-03-18 20:23:07,313 | INFO | Intra-Kalshi Arbitrage Opportunity: Buy NO on KXNCAAMBGAME-26MAR18PVLEH-PV at 0.05 and Buy NO on KXNCAAMBGAME-26MAR18PVLEH-LEH at 0.94 of size 131 | Combined Price: 130.65
2026-03-18 20:23:09,006 | INFO | Intra-Kalshi Arbitrage Opportunity: Buy YES on KXNBAGAME-26MAR18TORCHI-CHI at 0.1600 and Buy YES on KXNBAGAME-26MAR18TORCHI-TOR at 0.7800 of size 195 | Combined Price: 187.4900
2026-03-18 20:23:09,006 | INFO | Intra-Kalshi Arbitrage Opportunity: Sell YES on KXNBAGAME-26MAR18TORCHI-CHI at 0.1600 and Sell YES on KXNBAGAME-26MAR18TORCHI-TOR at 0.7800 of size 195 | Combined Price: 204.7499999999999786837179272 | Fees: 4.11
2026-03-18 20:23:09,006 | INFO | Intra-Kalshi Arbitrage Opportunity: Buy YES on KXNBAGAME-26MAR18TORCHI-TOR at 0.7800 and Buy YES on KXNBAGAME-26MAR18TORCHI-CHI at 0.1600 of size 209 | Combined Price: 200.9500
2026-03-18 20:23:09,009 | INFO | Intra-Kalshi Arbitrage Opportunity: Sell YES on KXNBAGAME-26MAR18TORCHI-TOR at 0.7800 and Sell YES on KXNBAGAME-26MAR18TORCHI-CHI at 0.1600 of size 209 | Combined Price: 219.4500000000000028421709430 | Fees: 4.40
2026-03-18 20:23:09,009 | INFO | Intra-Kalshi Arbitrage Opportunity: Buy YES on KXNCAAWBGAME-26MAR18NEBRICH-RICH at 0.0600 and Buy YES on KXNCAAWBGAME-26MAR18NEBRICH-NEB at 0.9000 of size 219 | Combined Price: 212.4900
2026-03-18 20:23:09,009 | INFO | Intra-Kalshi Arbitrage Opportunity: Sell YES on KXNCAAWBGAME-26MAR18NEBRICH-RICH at 0.0600 and Sell YES on KXNCAAWBGAME-26MAR18NEBRICH-NEB at 0.9000 of size 440 | Combined Price: 453.1999999999999673150341550 | Fees: 4.27
2026-03-18 20:23:09,009 | INFO | Intra-Kalshi Arbitrage Opportunity: Buy YES on KXNCAAWBGAME-26MAR18NEBRICH-NEB at 0.9000 and Buy YES on KXNCAAWBGAME-26MAR18NEBRICH-RICH at 0.0600 of size 465 | Combined Price: 451.1700
2026-03-18 20:23:09,009 | INFO | Intra-Kalshi Arbitrage Opportunity: Sell YES on KXNCAAWBGAME-26MAR18NEBRICH-NEB at 0.9000 and Sell YES on KXNCAAWBGAME-26MAR18NEBRICH-RICH at 0.0600 of size 440 | Combined Price: 453.1999999999999673150341550 | Fees: 4.27
2026-03-18 20:23:09,009 | INFO | Intra-Kalshi Arbitrage Opportunity: Buy NO on KXNCAAMBGAME-26MAR18PVLEH-LEH at 0.94 and Buy NO on KXNCAAMBGAME-26MAR18PVLEH-PV at 0.05 of size 131 | Combined Price: 130.65
2026-03-18 20:23:09,009 | INFO | Intra-Kalshi Arbitrage Opportunity: Buy NO on KXNCAAMBGAME-26MAR18PVLEH-PV at 0.05 and Buy NO on KXNCAAMBGAME-26MAR18PVLEH-LEH at 0.94 of size 131 | Combined Price: 130.65
2026-03-18 20:23:11,564 | INFO | Intra-Kalshi Arbitrage Opportunity: Buy YES on KXNBAGAME-26MAR18TORCHI-CHI at 0.1600 and Buy YES on KXNBAGAME-26MAR18TORCHI-TOR at 0.7800 of size 195 | Combined Price: 187.4900
2026-03-18 20:23:11,564 | INFO | Intra-Kalshi Arbitrage Opportunity: Sell YES on KXNBAGAME-26MAR18TORCHI-CHI at 0.1600 and Sell YES on KXNBAGAME-26MAR18TORCHI-TOR at 0.7800 of size 195 | Combined Price: 204.7499999999999786837179272 | Fees: 4.11
2026-03-18 20:23:11,564 | INFO | Intra-Kalshi Arbitrage Opportunity: Buy YES on KXNBAGAME-26MAR18TORCHI-TOR at 0.7800 and Buy YES on KXNBAGAME-26MAR18TORCHI-CHI at 0.1600 of size 209 | Combined Price: 200.9500
2026-03-18 20:23:11,564 | INFO | Intra-Kalshi Arbitrage Opportunity: Sell YES on KXNBAGAME-26MAR18TORCHI-TOR at 0.7800 and Sell YES on KXNBAGAME-26MAR18TORCHI-CHI at 0.1600 of size 209 | Combined Price: 219.4500000000000028421709430 | Fees: 4.40
2026-03-18 20:23:11,572 | INFO | Intra-Kalshi Arbitrage Opportunity: Buy YES on KXNHLGAME-26MAR18PITCAR-CAR at 0.5300 and Buy YES on KXNHLGAME-26MAR18PITCAR-PIT at 0.4300 of size 219 | Combined Price: 217.8200
2026-03-18 20:23:11,572 | INFO | Intra-Kalshi Arbitrage Opportunity: Sell YES on KXNHLGAME-26MAR18PITCAR-CAR at 0.5300 and Sell YES on KXNHLGAME-26MAR18PITCAR-PIT at 0.4300 of size 219 | Combined Price: 227.7600000000000051159076975 | Fees: 7.61
2026-03-18 20:23:11,572 | INFO | Intra-Kalshi Arbitrage Opportunity: Buy YES on KXNHLGAME-26MAR18PITCAR-PIT at 0.4300 and Buy YES on KXNHLGAME-26MAR18PITCAR-CAR at 0.5300 of size 222 | Combined Price: 220.8100
2026-03-18 20:23:11,572 | INFO | Intra-Kalshi Arbitrage Opportunity: Sell YES on KXNHLGAME-26MAR18PITCAR-PIT at 0.4300 and Sell YES on KXNHLGAME-26MAR18PITCAR-CAR at 0.5300 of size 220 | Combined Price: 228.8000000000000113686837722 | Fees: 7.65
2026-03-18 20:23:11,572 | INFO | Intra-Kalshi Arbitrage Opportunity: Buy YES on KXNCAAWBGAME-26MAR18NEBRICH-RICH at 0.0600 and Buy YES on KXNCAAWBGAME-26MAR18NEBRICH-NEB at 0.9000 of size 222 | Combined Price: 215.4000
2026-03-18 20:23:11,572 | INFO | Intra-Kalshi Arbitrage Opportunity: Sell YES on KXNCAAWBGAME-26MAR18NEBRICH-RICH at 0.0600 and Sell YES on KXNCAAWBGAME-26MAR18NEBRICH-NEB at 0.9000 of size 440 | Combined Price: 453.1999999999999673150341550 | Fees: 4.27
2026-03-18 20:23:11,572 | INFO | Intra-Kalshi Arbitrage Opportunity: Buy YES on KXNCAAWBGAME-26MAR18NEBRICH-NEB at 0.9000 and Buy YES on KXNCAAWBGAME-26MAR18NEBRICH-RICH at 0.0600 of size 465 | Combined Price: 451.1700
2026-03-18 20:23:11,572 | INFO | Intra-Kalshi Arbitrage Opportunity: Sell YES on KXNCAAWBGAME-26MAR18NEBRICH-NEB at 0.9000 and Sell YES on KXNCAAWBGAME-26MAR18NEBRICH-RICH at 0.0600 of size 440 | Combined Price: 453.1999999999999673150341550 | Fees: 4.27
2026-03-18 20:23:11,572 | INFO | Intra-Kalshi Arbitrage Opportunity: Buy NO on KXNCAAMBGAME-26MAR18PVLEH-LEH at 0.94 and Buy NO on KXNCAAMBGAME-26MAR18PVLEH-PV at 0.05 of size 131 | Combined Price: 130.65
2026-03-18 20:23:11,572 | INFO | Intra-Kalshi Arbitrage Opportunity: Buy NO on KXNCAAMBGAME-26MAR18PVLEH-PV at 0.05 and Buy NO on KXNCAAMBGAME-26MAR18PVLEH-LEH at 0.94 of size 131 | Combined Price: 130.65
2026-03-18 20:23:13,700 | INFO | Intra-Kalshi Arbitrage Opportunity: Buy YES on KXNBAGAME-26MAR18TORCHI-CHI at 0.1600 and Buy YES on KXNBAGAME-26MAR18TORCHI-TOR at 0.7800 of size 195 | Combined Price: 187.4900
2026-03-18 20:23:13,700 | INFO | Intra-Kalshi Arbitrage Opportunity: Sell YES on KXNBAGAME-26MAR18TORCHI-CHI at 0.1600 and Sell YES on KXNBAGAME-26MAR18TORCHI-TOR at 0.7800 of size 195 | Combined Price: 204.7499999999999786837179272 | Fees: 4.11
2026-03-18 20:23:13,700 | INFO | Intra-Kalshi Arbitrage Opportunity: Buy YES on KXNBAGAME-26MAR18TORCHI-TOR at 0.7800 and Buy YES on KXNBAGAME-26MAR18TORCHI-CHI at 0.1600 of size 209 | Combined Price: 200.9500
2026-03-18 20:23:13,700 | INFO | Intra-Kalshi Arbitrage Opportunity: Sell YES on KXNBAGAME-26MAR18TORCHI-TOR at 0.7800 and Sell YES on KXNBAGAME-26MAR18TORCHI-CHI at 0.1600 of size 209 | Combined Price: 219.4500000000000028421709430 | Fees: 4.40
2026-03-18 20:23:13,708 | INFO | Intra-Kalshi Arbitrage Opportunity: Buy YES on KXNHLGAME-26MAR18PITCAR-CAR at 0.5300 and Buy YES on KXNHLGAME-26MAR18PITCAR-PIT at 0.4300 of size 219 | Combined Price: 217.8200
2026-03-18 20:23:13,708 | INFO | Intra-Kalshi Arbitrage Opportunity: Sell YES on KXNHLGAME-26MAR18PITCAR-CAR at 0.5300 and Sell YES on KXNHLGAME-26MAR18PITCAR-PIT at 0.4300 of size 220 | Combined Price: 228.8000000000000113686837722 | Fees: 7.65
2026-03-18 20:23:13,708 | INFO | Intra-Kalshi Arbitrage Opportunity: Buy YES on KXNHLGAME-26MAR18PITCAR-PIT at 0.4300 and Buy YES on KXNHLGAME-26MAR18PITCAR-CAR at 0.5300 of size 223 | Combined Price: 221.8000
2026-03-18 20:23:13,708 | INFO | Intra-Kalshi Arbitrage Opportunity: Sell YES on KXNHLGAME-26MAR18PITCAR-PIT at 0.4300 and Sell YES on KXNHLGAME-26MAR18PITCAR-CAR at 0.5300 of size 220 | Combined Price: 228.8000000000000113686837722 | Fees: 7.65
2026-03-18 20:23:13,708 | INFO | Intra-Kalshi Arbitrage Opportunity: Buy YES on KXNCAAWBGAME-26MAR18NEBRICH-RICH at 0.0600 and Buy YES on KXNCAAWBGAME-26MAR18NEBRICH-NEB at 0.9000 of size 222 | Combined Price: 215.4000
2026-03-18 20:23:13,708 | INFO | Intra-Kalshi Arbitrage Opportunity: Sell YES on KXNCAAWBGAME-26MAR18NEBRICH-RICH at 0.0600 and Sell YES on KXNCAAWBGAME-26MAR18NEBRICH-NEB at 0.9000 of size 440 | Combined Price: 453.1999999999999673150341550 | Fees: 4.27
2026-03-18 20:23:13,708 | INFO | Intra-Kalshi Arbitrage Opportunity: Buy YES on KXNCAAWBGAME-26MAR18NEBRICH-NEB at 0.9000 and Buy YES on KXNCAAWBGAME-26MAR18NEBRICH-RICH at 0.0600 of size 465 | Combined Price: 451.1700
2026-03-18 20:23:13,708 | INFO | Intra-Kalshi Arbitrage Opportunity: Sell YES on KXNCAAWBGAME-26MAR18NEBRICH-NEB at 0.9000 and Sell YES on KXNCAAWBGAME-26MAR18NEBRICH-RICH at 0.0600 of size 440 | Combined Price: 453.1999999999999673150341550 | Fees: 4.27
2026-03-18 20:23:13,708 | INFO | Intra-Kalshi Arbitrage Opportunity: Buy NO on KXNCAAMBGAME-26MAR18PVLEH-LEH at 0.94 and Buy NO on KXNCAAMBGAME-26MAR18PVLEH-PV at 0.05 of size 132 | Combined Price: 131.65
2026-03-18 20:23:13,708 | INFO | Intra-Kalshi Arbitrage Opportunity: Buy NO on KXNCAAMBGAME-26MAR18PVLEH-PV at 0.05 and Buy NO on KXNCAAMBGAME-26MAR18PVLEH-LEH at 0.94 of size 132 | Combined Price: 131.65
2026-03-18 20:23:15,915 | INFO | Intra-Kalshi Arbitrage Opportunity: Buy YES on KXNBAGAME-26MAR18TORCHI-CHI at 0.1600 and Buy YES on KXNBAGAME-26MAR18TORCHI-TOR at 0.7800 of size 193 | Combined Price: 185.5600
2026-03-18 20:23:15,915 | INFO | Intra-Kalshi Arbitrage Opportunity: Sell YES on KXNBAGAME-26MAR18TORCHI-CHI at 0.1600 and Sell YES on KXNBAGAME-26MAR18TORCHI-TOR at 0.7800 of size 193 | Combined Price: 202.6500000000000056843418861 | Fees: 4.07
2026-03-18 20:23:15,915 | INFO | Intra-Kalshi Arbitrage Opportunity: Buy YES on KXNBAGAME-26MAR18TORCHI-TOR at 0.7800 and Buy YES on KXNBAGAME-26MAR18TORCHI-CHI at 0.1600 of size 206 | Combined Price: 198.0600
2026-03-18 20:23:15,915 | INFO | Intra-Kalshi Arbitrage Opportunity: Sell YES on KXNBAGAME-26MAR18TORCHI-TOR at 0.7800 and Sell YES on KXNBAGAME-26MAR18TORCHI-CHI at 0.1600 of size 206 | Combined Price: 216.2999999999999900524016994 | Fees: 4.34
2026-03-18 20:23:15,915 | INFO | Intra-Kalshi Arbitrage Opportunity: Buy YES on KXNHLGAME-26MAR18PITCAR-CAR at 0.5200 and Buy YES on KXNHLGAME-26MAR18PITCAR-PIT at 0.4300 of size 219 | Combined Price: 215.6400
2026-03-18 20:23:15,915 | INFO | Intra-Kalshi Arbitrage Opportunity: Sell YES on KXNHLGAME-26MAR18PITCAR-CAR at 0.5200 and Sell YES on KXNHLGAME-26MAR18PITCAR-PIT at 0.4300 of size 223 | Combined Price: 231.9200000000000017053025658 | Fees: 7.75
2026-03-18 20:23:15,915 | INFO | Intra-Kalshi Arbitrage Opportunity: Buy YES on KXNHLGAME-26MAR18PITCAR-PIT at 0.4300 and Buy YES on KXNHLGAME-26MAR18PITCAR-CAR at 0.5200 of size 228 | Combined Price: 224.5100
2026-03-18 20:23:15,915 | INFO | Intra-Kalshi Arbitrage Opportunity: Sell YES on KXNHLGAME-26MAR18PITCAR-PIT at 0.4300 and Sell YES on KXNHLGAME-26MAR18PITCAR-CAR at 0.5200 of size 228 | Combined Price: 237.1200000000000045474735089 | Fees: 7.93
2026-03-18 20:23:15,915 | INFO | Intra-Kalshi Arbitrage Opportunity: Buy YES on KXNCAAWBGAME-26MAR18NEBRICH-RICH at 0.0600 and Buy YES on KXNCAAWBGAME-26MAR18NEBRICH-NEB at 0.9000 of size 230 | Combined Price: 223.1600
2026-03-18 20:23:15,915 | INFO | Intra-Kalshi Arbitrage Opportunity: Sell YES on KXNCAAWBGAME-26MAR18NEBRICH-RICH at 0.0600 and Sell YES on KXNCAAWBGAME-26MAR18NEBRICH-NEB at 0.9000 of size 440 | Combined Price: 453.1999999999999673150341550 | Fees: 4.27
2026-03-18 20:23:15,915 | INFO | Intra-Kalshi Arbitrage Opportunity: Buy YES on KXNCAAWBGAME-26MAR18NEBRICH-NEB at 0.9000 and Buy YES on KXNCAAWBGAME-26MAR18NEBRICH-RICH at 0.0600 of size 466 | Combined Price: 452.1400
2026-03-18 20:23:15,915 | INFO | Intra-Kalshi Arbitrage Opportunity: Sell YES on KXNCAAWBGAME-26MAR18NEBRICH-NEB at 0.9000 and Sell YES on KXNCAAWBGAME-26MAR18NEBRICH-RICH at 0.0600 of size 440 | Combined Price: 453.1999999999999673150341550 | Fees: 4.27
2026-03-18 20:23:15,915 | INFO | Intra-Kalshi Arbitrage Opportunity: Buy NO on KXNCAAMBGAME-26MAR18PVLEH-LEH at 0.94 and Buy NO on KXNCAAMBGAME-26MAR18PVLEH-PV at 0.05 of size 131 | Combined Price: 130.65
2026-03-18 20:23:15,915 | INFO | Intra-Kalshi Arbitrage Opportunity: Buy NO on KXNCAAMBGAME-26MAR18PVLEH-PV at 0.05 and Buy NO on KXNCAAMBGAME-26MAR18PVLEH-LEH at 0.94 of size 131 | Combined Price: 130.65
2026-03-18 20:23:18,016 | INFO | Intra-Kalshi Arbitrage Opportunity: Buy YES on KXNBAGAME-26MAR18TORCHI-CHI at 0.1600 and Buy YES on KXNBAGAME-26MAR18TORCHI-TOR at 0.7800 of size 194 | Combined Price: 186.5300
2026-03-18 20:23:18,016 | INFO | Intra-Kalshi Arbitrage Opportunity: Sell YES on KXNBAGAME-26MAR18TORCHI-CHI at 0.1600 and Sell YES on KXNBAGAME-26MAR18TORCHI-TOR at 0.7800 of size 194 | Combined Price: 203.7000000000000099475983006 | Fees: 4.09
2026-03-18 20:23:18,016 | INFO | Intra-Kalshi Arbitrage Opportunity: Buy YES on KXNBAGAME-26MAR18TORCHI-TOR at 0.7800 and Buy YES on KXNBAGAME-26MAR18TORCHI-CHI at 0.1600 of size 208 | Combined Price: 199.9800
2026-03-18 20:23:18,016 | INFO | Intra-Kalshi Arbitrage Opportunity: Sell YES on KXNBAGAME-26MAR18TORCHI-TOR at 0.7800 and Sell YES on KXNBAGAME-26MAR18TORCHI-CHI at 0.1600 of size 208 | Combined Price: 218.3999999999999985789145285 | Fees: 4.38
2026-03-18 20:23:18,016 | INFO | Intra-Kalshi Arbitrage Opportunity: Buy YES on KXNHLGAME-26MAR18PITCAR-CAR at 0.5200 and Buy YES on KXNHLGAME-26MAR18PITCAR-PIT at 0.4300 of size 221 | Combined Price: 217.6200
2026-03-18 20:23:18,016 | INFO | Intra-Kalshi Arbitrage Opportunity: Sell YES on KXNHLGAME-26MAR18PITCAR-CAR at 0.5200 and Sell YES on KXNHLGAME-26MAR18PITCAR-PIT at 0.4300 of size 221 | Combined Price: 229.8400000000000034106051316 | Fees: 7.69
2026-03-18 20:23:18,016 | INFO | Intra-Kalshi Arbitrage Opportunity: Buy YES on KXNHLGAME-26MAR18PITCAR-PIT at 0.4300 and Buy YES on KXNHLGAME-26MAR18PITCAR-CAR at 0.5200 of size 225 | Combined Price: 221.5600
2026-03-18 20:23:18,016 | INFO | Intra-Kalshi Arbitrage Opportunity: Sell YES on KXNHLGAME-26MAR18PITCAR-PIT at 0.4300 and Sell YES on KXNHLGAME-26MAR18PITCAR-CAR at 0.5200 of size 225 | Combined Price: 234.0000000000000142108547152 | Fees: 7.83
2026-03-18 20:23:18,016 | INFO | Intra-Kalshi Arbitrage Opportunity: Buy YES on KXNCAAWBGAME-26MAR18NEBRICH-RICH at 0.0500 and Buy YES on KXNCAAWBGAME-26MAR18NEBRICH-NEB at 0.9000 of size 230 | Combined Price: 220.7200
2026-03-18 20:23:18,016 | INFO | Intra-Kalshi Arbitrage Opportunity: Sell YES on KXNCAAWBGAME-26MAR18NEBRICH-RICH at 0.0500 and Sell YES on KXNCAAWBGAME-26MAR18NEBRICH-NEB at 0.9000 of size 440 | Combined Price: 453.1999999999999673150341550 | Fees: 4.27
2026-03-18 20:23:18,016 | INFO | Intra-Kalshi Arbitrage Opportunity: Buy YES on KXNCAAWBGAME-26MAR18NEBRICH-NEB at 0.9000 and Buy YES on KXNCAAWBGAME-26MAR18NEBRICH-RICH at 0.0500 of size 470 | Combined Price: 451.0400
2026-03-18 20:23:18,016 | INFO | Intra-Kalshi Arbitrage Opportunity: Sell YES on KXNCAAWBGAME-26MAR18NEBRICH-NEB at 0.9000 and Sell YES on KXNCAAWBGAME-26MAR18NEBRICH-RICH at 0.0500 of size 440 | Combined Price: 453.1999999999999673150341550 | Fees: 4.27
2026-03-18 20:23:18,016 | INFO | Intra-Kalshi Arbitrage Opportunity: Buy NO on KXNCAAMBGAME-26MAR18PVLEH-LEH at 0.94 and Buy NO on KXNCAAMBGAME-26MAR18PVLEH-PV at 0.05 of size 131 | Combined Price: 130.65
2026-03-18 20:23:18,016 | INFO | Intra-Kalshi Arbitrage Opportunity: Buy NO on KXNCAAMBGAME-26MAR18PVLEH-PV at 0.05 and Buy NO on KXNCAAMBGAME-26MAR18PVLEH-LEH at 0.94 of size 131 | Combined Price: 130.65
2026-03-18 20:23:20,721 | INFO | Intra-Kalshi Arbitrage Opportunity: Buy YES on KXNBAGAME-26MAR18TORCHI-CHI at 0.1600 and Buy YES on KXNBAGAME-26MAR18TORCHI-TOR at 0.7800 of size 195 | Combined Price: 187.4900
2026-03-18 20:23:20,721 | INFO | Intra-Kalshi Arbitrage Opportunity: Sell YES on KXNBAGAME-26MAR18TORCHI-CHI at 0.1600 and Sell YES on KXNBAGAME-26MAR18TORCHI-TOR at 0.7800 of size 195 | Combined Price: 204.7499999999999786837179272 | Fees: 4.11
2026-03-18 20:23:20,721 | INFO | Intra-Kalshi Arbitrage Opportunity: Buy YES on KXNBAGAME-26MAR18TORCHI-TOR at 0.7800 and Buy YES on KXNBAGAME-26MAR18TORCHI-CHI at 0.1600 of size 209 | Combined Price: 200.9500
2026-03-18 20:23:20,721 | INFO | Intra-Kalshi Arbitrage Opportunity: Sell YES on KXNBAGAME-26MAR18TORCHI-TOR at 0.7800 and Sell YES on KXNBAGAME-26MAR18TORCHI-CHI at 0.1600 of size 209 | Combined Price: 219.4500000000000028421709430 | Fees: 4.40
2026-03-18 20:23:20,721 | INFO | Intra-Kalshi Arbitrage Opportunity: Buy YES on KXNHLGAME-26MAR18PITCAR-CAR at 0.5200 and Buy YES on KXNHLGAME-26MAR18PITCAR-PIT at 0.4300 of size 222 | Combined Price: 218.5900
2026-03-18 20:23:20,721 | INFO | Intra-Kalshi Arbitrage Opportunity: Sell YES on KXNHLGAME-26MAR18PITCAR-CAR at 0.5200 and Sell YES on KXNHLGAME-26MAR18PITCAR-PIT at 0.4300 of size 222 | Combined Price: 230.8800000000000096633812063 | Fees: 7.71
2026-03-18 20:23:20,721 | INFO | Intra-Kalshi Arbitrage Opportunity: Buy YES on KXNHLGAME-26MAR18PITCAR-PIT at 0.4300 and Buy YES on KXNHLGAME-26MAR18PITCAR-CAR at 0.5200 of size 227 | Combined Price: 223.5200
2026-03-18 20:23:20,721 | INFO | Intra-Kalshi Arbitrage Opportunity: Sell YES on KXNHLGAME-26MAR18PITCAR-PIT at 0.4300 and Sell YES on KXNHLGAME-26MAR18PITCAR-CAR at 0.5200 of size 227 | Combined Price: 236.0800000000000125055521494 | Fees: 7.89
2026-03-18 20:23:20,721 | INFO | Intra-Kalshi Arbitrage Opportunity: Buy YES on KXNCAAWBGAME-26MAR18NEBRICH-RICH at 0.0500 and Buy YES on KXNCAAWBGAME-26MAR18NEBRICH-NEB at 0.9000 of size 232 | Combined Price: 222.6500
2026-03-18 20:23:20,721 | INFO | Intra-Kalshi Arbitrage Opportunity: Sell YES on KXNCAAWBGAME-26MAR18NEBRICH-RICH at 0.0500 and Sell YES on KXNCAAWBGAME-26MAR18NEBRICH-NEB at 0.9000 of size 376 | Combined Price: 391.0399999999999849364940019 | Fees: 3.42
2026-03-18 20:23:20,721 | INFO | Intra-Kalshi Arbitrage Opportunity: Buy YES on KXNCAAWBGAME-26MAR18NEBRICH-NEB at 0.9000 and Buy YES on KXNCAAWBGAME-26MAR18NEBRICH-RICH at 0.0500 of size 405 | Combined Price: 388.6600
2026-03-18 20:23:20,721 | INFO | Intra-Kalshi Arbitrage Opportunity: Sell YES on KXNCAAWBGAME-26MAR18NEBRICH-NEB at 0.9000 and Sell YES on KXNCAAWBGAME-26MAR18NEBRICH-RICH at 0.0500 of size 376 | Combined Price: 391.0399999999999849364940019 | Fees: 3.42
2026-03-18 20:23:20,721 | INFO | Intra-Kalshi Arbitrage Opportunity: Buy NO on KXNCAAMBGAME-26MAR18PVLEH-LEH at 0.94 and Buy NO on KXNCAAMBGAME-26MAR18PVLEH-PV at 0.05 of size 131 | Combined Price: 130.65
2026-03-18 20:23:20,721 | INFO | Intra-Kalshi Arbitrage Opportunity: Buy NO on KXNCAAMBGAME-26MAR18PVLEH-PV at 0.05 and Buy NO on KXNCAAMBGAME-26MAR18PVLEH-LEH at 0.94 of size 131 | Combined Price: 130.65
2026-03-18 20:23:22,658 | INFO | Intra-Kalshi Arbitrage Opportunity: Buy YES on KXNBAGAME-26MAR18TORCHI-CHI at 0.1600 and Buy YES on KXNBAGAME-26MAR18TORCHI-TOR at 0.7800 of size 130 | Combined Price: 125.0000
2026-03-18 20:23:22,658 | INFO | Intra-Kalshi Arbitrage Opportunity: Sell YES on KXNBAGAME-26MAR18TORCHI-CHI at 0.1600 and Sell YES on KXNBAGAME-26MAR18TORCHI-TOR at 0.7800 of size 130 | Combined Price: 136.5000000000000035527136788 | Fees: 2.74
2026-03-18 20:23:22,658 | INFO | Intra-Kalshi Arbitrage Opportunity: Buy YES on KXNBAGAME-26MAR18TORCHI-TOR at 0.7800 and Buy YES on KXNBAGAME-26MAR18TORCHI-CHI at 0.1600 of size 140 | Combined Price: 134.6100
2026-03-18 20:23:22,658 | INFO | Intra-Kalshi Arbitrage Opportunity: Sell YES on KXNBAGAME-26MAR18TORCHI-TOR at 0.7800 and Sell YES on KXNBAGAME-26MAR18TORCHI-CHI at 0.1600 of size 140 | Combined Price: 146.9999999999999928945726424 | Fees: 2.95
2026-03-18 20:23:22,658 | INFO | Intra-Kalshi Arbitrage Opportunity: Buy YES on KXNHLGAME-26MAR18PITCAR-CAR at 0.5200 and Buy YES on KXNHLGAME-26MAR18PITCAR-PIT at 0.4300 of size 148 | Combined Price: 145.7300
2026-03-18 20:23:22,658 | INFO | Intra-Kalshi Arbitrage Opportunity: Sell YES on KXNHLGAME-26MAR18PITCAR-CAR at 0.5200 and Sell YES on KXNHLGAME-26MAR18PITCAR-PIT at 0.4300 of size 148 | Combined Price: 153.9200000000000017053025658 | Fees: 5.15
2026-03-18 20:23:22,658 | INFO | Intra-Kalshi Arbitrage Opportunity: Buy YES on KXNHLGAME-26MAR18PITCAR-PIT at 0.4300 and Buy YES on KXNHLGAME-26MAR18PITCAR-CAR at 0.5200 of size 151 | Combined Price: 148.6900
2026-03-18 20:23:22,658 | INFO | Intra-Kalshi Arbitrage Opportunity: Sell YES on KXNHLGAME-26MAR18PITCAR-PIT at 0.4300 and Sell YES on KXNHLGAME-26MAR18PITCAR-CAR at 0.5200 of size 151 | Combined Price: 157.0400000000000062527760747 | Fees: 5.25
2026-03-18 20:23:22,658 | INFO | Intra-Kalshi Arbitrage Opportunity: Buy YES on KXNCAAWBGAME-26MAR18NEBRICH-RICH at 0.0500 and Buy YES on KXNCAAWBGAME-26MAR18NEBRICH-NEB at 0.9000 of size 155 | Combined Price: 148.7500
2026-03-18 20:23:22,658 | INFO | Intra-Kalshi Arbitrage Opportunity: Sell YES on KXNCAAWBGAME-26MAR18NEBRICH-RICH at 0.0500 and Sell YES on KXNCAAWBGAME-26MAR18NEBRICH-NEB at 0.9000 of size 320 | Combined Price: 332.7999999999999971578290570 | Fees: 2.91
2026-03-18 20:23:22,658 | INFO | Intra-Kalshi Arbitrage Opportunity: Buy YES on KXNCAAWBGAME-26MAR18NEBRICH-NEB at 0.9000 and Buy YES on KXNCAAWBGAME-26MAR18NEBRICH-RICH at 0.0500 of size 345 | Combined Price: 331.0800
2026-03-18 20:23:22,658 | INFO | Intra-Kalshi Arbitrage Opportunity: Sell YES on KXNCAAWBGAME-26MAR18NEBRICH-NEB at 0.9000 and Sell YES on KXNCAAWBGAME-26MAR18NEBRICH-RICH at 0.0500 of size 336 | Combined Price: 349.4399999999999870681222092 | Fees: 3.05
2026-03-18 20:23:22,658 | INFO | Intra-Kalshi Arbitrage Opportunity: Buy NO on KXNCAAMBGAME-26MAR18PVLEH-LEH at 0.94 and Buy NO on KXNCAAMBGAME-26MAR18PVLEH-PV at 0.05 of size 131 | Combined Price: 130.65
2026-03-18 20:23:22,658 | INFO | Intra-Kalshi Arbitrage Opportunity: Buy NO on KXNCAAMBGAME-26MAR18PVLEH-PV at 0.05 and Buy NO on KXNCAAMBGAME-26MAR18PVLEH-LEH at 0.94 of size 131 | Combined Price: 130.65
2026-03-18 20:23:26,146 | INFO | Intra-Kalshi Arbitrage Opportunity: Buy YES on KXNBAGAME-26MAR18TORCHI-CHI at 0.1600 and Buy YES on KXNBAGAME-26MAR18TORCHI-TOR at 0.7800 of size 87 | Combined Price: 83.6500
2026-03-18 20:23:26,146 | INFO | Intra-Kalshi Arbitrage Opportunity: Sell YES on KXNBAGAME-26MAR18TORCHI-CHI at 0.1600 and Sell YES on KXNBAGAME-26MAR18TORCHI-TOR at 0.7800 of size 87 | Combined Price: 91.34999999999999786837179272 | Fees: 1.84
2026-03-18 20:23:26,146 | INFO | Intra-Kalshi Arbitrage Opportunity: Buy YES on KXNBAGAME-26MAR18TORCHI-TOR at 0.7800 and Buy YES on KXNBAGAME-26MAR18TORCHI-CHI at 0.1600 of size 94 | Combined Price: 90.3800
2026-03-18 20:23:26,146 | INFO | Intra-Kalshi Arbitrage Opportunity: Sell YES on KXNBAGAME-26MAR18TORCHI-TOR at 0.7800 and Sell YES on KXNBAGAME-26MAR18TORCHI-CHI at 0.1600 of size 94 | Combined Price: 98.69999999999999218402990664 | Fees: 1.99
2026-03-18 20:23:26,146 | INFO | Intra-Kalshi Arbitrage Opportunity: Buy YES on KXNHLGAME-26MAR18PITCAR-CAR at 0.5200 and Buy YES on KXNHLGAME-26MAR18PITCAR-PIT at 0.4300 of size 99 | Combined Price: 97.4800
2026-03-18 20:23:26,146 | INFO | Intra-Kalshi Arbitrage Opportunity: Sell YES on KXNHLGAME-26MAR18PITCAR-CAR at 0.5200 and Sell YES on KXNHLGAME-26MAR18PITCAR-PIT at 0.4300 of size 20 | Combined Price: 21.00000000000000177635683940 | Fees: 0.70
2026-03-18 20:23:26,146 | INFO | Intra-Kalshi Arbitrage Opportunity: Buy YES on KXNHLGAME-26MAR18PITCAR-PIT at 0.4300 and Buy YES on KXNHLGAME-26MAR18PITCAR-CAR at 0.5200 of size 18 | Combined Price: 17.7300
2026-03-18 20:23:26,146 | INFO | Intra-Kalshi Arbitrage Opportunity: Sell YES on KXNHLGAME-26MAR18PITCAR-PIT at 0.4300 and Sell YES on KXNHLGAME-26MAR18PITCAR-CAR at 0.5200 of size 20 | Combined Price: 21.00000000000000177635683940 | Fees: 0.70
2026-03-18 20:23:26,146 | INFO | Intra-Kalshi Arbitrage Opportunity: Buy YES on KXNCAAWBGAME-26MAR18NEBRICH-RICH at 0.0500 and Buy YES on KXNCAAWBGAME-26MAR18NEBRICH-NEB at 0.9000 of size 21 | Combined Price: 20.1600
2026-03-18 20:23:26,146 | INFO | Intra-Kalshi Arbitrage Opportunity: Sell YES on KXNCAAWBGAME-26MAR18NEBRICH-RICH at 0.0500 and Sell YES on KXNCAAWBGAME-26MAR18NEBRICH-NEB at 0.9000 of size 30 | Combined Price: 31.19999999999999973354647409 | Fees: 0.28
2026-03-18 20:23:26,146 | INFO | Intra-Kalshi Arbitrage Opportunity: Buy YES on KXNCAAWBGAME-26MAR18NEBRICH-NEB at 0.9000 and Buy YES on KXNCAAWBGAME-26MAR18NEBRICH-RICH at 0.0500 of size 32 | Combined Price: 30.7200
2026-03-18 20:23:26,146 | INFO | Intra-Kalshi Arbitrage Opportunity: Sell YES on KXNCAAWBGAME-26MAR18NEBRICH-NEB at 0.9000 and Sell YES on KXNCAAWBGAME-26MAR18NEBRICH-RICH at 0.0500 of size 32 | Combined Price: 33.27999999999999847233311812 | Fees: 0.30
2026-03-18 20:23:26,150 | INFO | Intra-Kalshi Arbitrage Opportunity: Buy NO on KXNCAAMBGAME-26MAR18PVLEH-LEH at 0.94 and Buy NO on KXNCAAMBGAME-26MAR18PVLEH-PV at 0.05 of size 33 | Combined Price: 32.92
2026-03-18 20:23:28,708 | INFO | Intra-Kalshi Arbitrage Opportunity: Sell YES on KXNHLGAME-26MAR18PITCAR-CAR at 0.5300 and Sell YES on KXNHLGAME-26MAR18PITCAR-PIT at 0.4300 of size 20 | Combined Price: 21.00000000000000177635683940 | Fees: 0.70
2026-03-18 20:23:28,708 | INFO | Intra-Kalshi Arbitrage Opportunity: Buy YES on KXNHLGAME-26MAR18PITCAR-PIT at 0.4300 and Buy YES on KXNHLGAME-26MAR18PITCAR-CAR at 0.5300 of size 21 | Combined Price: 20.9000
2026-03-18 20:23:28,708 | INFO | Intra-Kalshi Arbitrage Opportunity: Sell YES on KXNHLGAME-26MAR18PITCAR-PIT at 0.4300 and Sell YES on KXNHLGAME-26MAR18PITCAR-CAR at 0.5300 of size 20 | Combined Price: 21.00000000000000177635683940 | Fees: 0.70
2026-03-18 20:23:28,712 | INFO | Intra-Kalshi Arbitrage Opportunity: Buy YES on KXNCAAWBGAME-26MAR18NEBRICH-RICH at 0.0500 and Buy YES on KXNCAAWBGAME-26MAR18NEBRICH-NEB at 0.9000 of size 21 | Combined Price: 20.1600
2026-03-18 20:23:28,712 | INFO | Intra-Kalshi Arbitrage Opportunity: Sell YES on KXNCAAWBGAME-26MAR18NEBRICH-RICH at 0.0500 and Sell YES on KXNCAAWBGAME-26MAR18NEBRICH-NEB at 0.9000 of size 21 | Combined Price: 21.83999999999999919175763807 | Fees: 0.20
2026-03-18 20:23:28,712 | INFO | Intra-Kalshi Arbitrage Opportunity: Buy YES on KXNCAAWBGAME-26MAR18NEBRICH-NEB at 0.9000 and Buy YES on KXNCAAWBGAME-26MAR18NEBRICH-RICH at 0.0500 of size 22 | Combined Price: 21.1200
2026-03-18 20:23:28,712 | INFO | Intra-Kalshi Arbitrage Opportunity: Sell YES on KXNCAAWBGAME-26MAR18NEBRICH-NEB at 0.9000 and Sell YES on KXNCAAWBGAME-26MAR18NEBRICH-RICH at 0.0500 of size 22 | Combined Price: 22.87999999999999856115096009 | Fees: 0.21
2026-03-18 20:23:28,712 | INFO | Intra-Kalshi Arbitrage Opportunity: Buy NO on KXNCAAMBGAME-26MAR18PVLEH-LEH at 0.94 and Buy NO on KXNCAAMBGAME-26MAR18PVLEH-PV at 0.05 of size 23 | Combined Price: 22.95
2026-03-18 20:23:32,012 | INFO | Intra-Kalshi Arbitrage Opportunity: Sell YES on KXNHLGAME-26MAR18PITCAR-CAR at 0.5300 and Sell YES on KXNHLGAME-26MAR18PITCAR-PIT at 0.4300 of size 58 | Combined Price: 60.32000000000000383693077310 | Fees: 2.03
2026-03-18 20:23:32,012 | INFO | Intra-Kalshi Arbitrage Opportunity: Buy YES on KXNHLGAME-26MAR18PITCAR-PIT at 0.4300 and Buy YES on KXNHLGAME-26MAR18PITCAR-CAR at 0.5300 of size 60 | Combined Price: 59.6800
2026-03-18 20:23:32,012 | INFO | Intra-Kalshi Arbitrage Opportunity: Sell YES on KXNHLGAME-26MAR18PITCAR-PIT at 0.4300 and Sell YES on KXNHLGAME-26MAR18PITCAR-CAR at 0.5300 of size 60 | Combined Price: 62.39999999999999857891452848 | Fees: 2.09
2026-03-18 20:23:32,012 | INFO | Intra-Kalshi Arbitrage Opportunity: Buy YES on KXNCAAWBGAME-26MAR18NEBRICH-RICH at 0.0500 and Buy YES on KXNCAAWBGAME-26MAR18NEBRICH-NEB at 0.9000 of size 62 | Combined Price: 59.5100
2026-03-18 20:23:32,012 | INFO | Intra-Kalshi Arbitrage Opportunity: Sell YES on KXNCAAWBGAME-26MAR18NEBRICH-RICH at 0.0500 and Sell YES on KXNCAAWBGAME-26MAR18NEBRICH-NEB at 0.9000 of size 62 | Combined Price: 64.47999999999999864996880206 | Fees: 0.57
2026-03-18 20:23:32,012 | INFO | Intra-Kalshi Arbitrage Opportunity: Buy YES on KXNCAAWBGAME-26MAR18NEBRICH-NEB at 0.9000 and Buy YES on KXNCAAWBGAME-26MAR18NEBRICH-RICH at 0.0500 of size 66 | Combined Price: 63.3400
2026-03-18 20:23:32,012 | INFO | Intra-Kalshi Arbitrage Opportunity: Sell YES on KXNCAAWBGAME-26MAR18NEBRICH-NEB at 0.9000 and Sell YES on KXNCAAWBGAME-26MAR18NEBRICH-RICH at 0.0500 of size 66 | Combined Price: 68.63999999999999523936367041 | Fees: 0.60
2026-03-18 20:23:32,012 | INFO | Intra-Kalshi Arbitrage Opportunity: Buy NO on KXNCAAMBGAME-26MAR18PVLEH-LEH at 0.94 and Buy NO on KXNCAAMBGAME-26MAR18PVLEH-PV at 0.05 of size 68 | Combined Price: 67.82
2026-03-18 20:30:09,798 | INFO | Intra-Kalshi Arbitrage Opportunity: Buy YES on KXNCAAMBGAME-26MAR18NAVYWAKE-WAKE at 0.8600 and Buy YES on KXNCAAMBGAME-26MAR18NAVYWAKE-NAVY at 0.1200 of size 3228 | Combined Price: 3214.5200
2026-03-18 20:30:09,798 | INFO | Intra-Kalshi Arbitrage Opportunity: Buy NO on KXNCAAMBGAME-26MAR18NAVYWAKE-WAKE at 0.12 and Buy NO on KXNCAAMBGAME-26MAR18NAVYWAKE-NAVY at 0.86 of size 1821 | Combined Price: 1813.40
2026-03-18 20:30:09,798 | INFO | Intra-Kalshi Arbitrage Opportunity: Sell YES on KXNCAAMBGAME-26MAR18NAVYWAKE-WAKE at 0.8600 and Sell YES on KXNCAAMBGAME-26MAR18NAVYWAKE-NAVY at 0.1200 of size 1407 | Combined Price: 1435.140000000000100044417195 | Fees: 22.27
2026-03-18 20:30:09,798 | INFO | Intra-Kalshi Arbitrage Opportunity: Buy YES on KXNCAAMBGAME-26MAR18NAVYWAKE-NAVY at 0.1200 and Buy YES on KXNCAAMBGAME-26MAR18NAVYWAKE-WAKE at 0.8600 of size 1413 | Combined Price: 1407.1000
2026-03-18 20:30:09,798 | INFO | Intra-Kalshi Arbitrage Opportunity: Sell YES on KXNCAAMBGAME-26MAR18NAVYWAKE-NAVY at 0.1200 and Sell YES on KXNCAAMBGAME-26MAR18NAVYWAKE-WAKE at 0.8600 of size 1413 | Combined Price: 1441.260000000000076170181273 | Fees: 22.36
2026-03-18 20:30:12,776 | INFO | Intra-Kalshi Arbitrage Opportunity: Buy YES on KXNCAAMBGAME-26MAR18NAVYWAKE-WAKE at 0.8600 and Buy YES on KXNCAAMBGAME-26MAR18NAVYWAKE-NAVY at 0.1200 of size 1425 | Combined Price: 1419.0500
2026-03-18 20:30:12,782 | INFO | Intra-Kalshi Arbitrage Opportunity: Sell YES on KXNCAAMBGAME-26MAR18NAVYWAKE-WAKE at 0.8600 and Sell YES on KXNCAAMBGAME-26MAR18NAVYWAKE-NAVY at 0.1200 of size 1425 | Combined Price: 1453.500000000000028421709430 | Fees: 22.55
2026-03-18 20:30:12,782 | INFO | Intra-Kalshi Arbitrage Opportunity: Buy YES on KXNCAAMBGAME-26MAR18NAVYWAKE-NAVY at 0.1200 and Buy YES on KXNCAAMBGAME-26MAR18NAVYWAKE-WAKE at 0.8600 of size 1437 | Combined Price: 1431.0100
2026-03-18 20:30:12,782 | INFO | Intra-Kalshi Arbitrage Opportunity: Sell YES on KXNCAAMBGAME-26MAR18NAVYWAKE-NAVY at 0.1200 and Sell YES on KXNCAAMBGAME-26MAR18NAVYWAKE-WAKE at 0.8600 of size 1437 | Combined Price: 1465.739999999999952251528157 | Fees: 22.75
2026-03-18 20:30:14,940 | INFO | Intra-Kalshi Arbitrage Opportunity: Buy YES on KXNCAAMBGAME-26MAR18NAVYWAKE-WAKE at 0.8600 and Buy YES on KXNCAAMBGAME-26MAR18NAVYWAKE-NAVY at 0.1200 of size 1449 | Combined Price: 1442.9600
2026-03-18 20:30:14,940 | INFO | Intra-Kalshi Arbitrage Opportunity: Sell YES on KXNCAAMBGAME-26MAR18NAVYWAKE-WAKE at 0.8600 and Sell YES on KXNCAAMBGAME-26MAR18NAVYWAKE-NAVY at 0.1200 of size 1449 | Combined Price: 1477.980000000000131876731757 | Fees: 22.94
2026-03-18 20:30:14,940 | INFO | Intra-Kalshi Arbitrage Opportunity: Buy YES on KXNCAAMBGAME-26MAR18NAVYWAKE-NAVY at 0.1200 and Buy YES on KXNCAAMBGAME-26MAR18NAVYWAKE-WAKE at 0.8600 of size 1461 | Combined Price: 1454.9000
2026-03-18 20:30:14,940 | INFO | Intra-Kalshi Arbitrage Opportunity: Sell YES on KXNCAAMBGAME-26MAR18NAVYWAKE-NAVY at 0.1200 and Sell YES on KXNCAAMBGAME-26MAR18NAVYWAKE-WAKE at 0.8600 of size 1461 | Combined Price: 1490.220000000000084128259914 | Fees: 23.12
2026-03-18 20:30:17,093 | INFO | Intra-Kalshi Arbitrage Opportunity: Buy YES on KXNCAAMBGAME-26MAR18NAVYWAKE-WAKE at 0.8600 and Buy YES on KXNCAAMBGAME-26MAR18NAVYWAKE-NAVY at 0.1200 of size 1474 | Combined Price: 1467.8500
2026-03-18 20:30:17,093 | INFO | Intra-Kalshi Arbitrage Opportunity: Sell YES on KXNCAAMBGAME-26MAR18NAVYWAKE-WAKE at 0.8600 and Sell YES on KXNCAAMBGAME-26MAR18NAVYWAKE-NAVY at 0.1200 of size 1474 | Combined Price: 1503.480000000000131876731757 | Fees: 23.33
2026-03-18 20:30:17,093 | INFO | Intra-Kalshi Arbitrage Opportunity: Buy YES on KXNCAAMBGAME-26MAR18NAVYWAKE-NAVY at 0.1200 and Buy YES on KXNCAAMBGAME-26MAR18NAVYWAKE-WAKE at 0.8600 of size 1486 | Combined Price: 1479.8000
2026-03-18 20:30:17,093 | INFO | Intra-Kalshi Arbitrage Opportunity: Sell YES on KXNCAAMBGAME-26MAR18NAVYWAKE-NAVY at 0.1200 and Sell YES on KXNCAAMBGAME-26MAR18NAVYWAKE-WAKE at 0.8600 of size 1486 | Combined Price: 1515.720000000000084128259914 | Fees: 23.52
2026-03-18 20:30:19,637 | INFO | Intra-Kalshi Arbitrage Opportunity: Buy YES on KXNCAAMBGAME-26MAR18NAVYWAKE-WAKE at 0.8600 and Buy YES on KXNCAAMBGAME-26MAR18NAVYWAKE-NAVY at 0.1200 of size 1499 | Combined Price: 1492.7500
2026-03-18 20:30:19,645 | INFO | Intra-Kalshi Arbitrage Opportunity: Sell YES on KXNCAAMBGAME-26MAR18NAVYWAKE-WAKE at 0.8600 and Sell YES on KXNCAAMBGAME-26MAR18NAVYWAKE-NAVY at 0.1200 of size 1499 | Combined Price: 1528.980000000000131876731757 | Fees: 23.73
2026-03-18 20:30:19,645 | INFO | Intra-Kalshi Arbitrage Opportunity: Buy YES on KXNCAAMBGAME-26MAR18NAVYWAKE-NAVY at 0.1200 and Buy YES on KXNCAAMBGAME-26MAR18NAVYWAKE-WAKE at 0.8600 of size 1512 | Combined Price: 1505.6900
2026-03-18 20:30:19,645 | INFO | Intra-Kalshi Arbitrage Opportunity: Sell YES on KXNCAAMBGAME-26MAR18NAVYWAKE-NAVY at 0.1200 and Sell YES on KXNCAAMBGAME-26MAR18NAVYWAKE-WAKE at 0.8600 of size 1512 | Combined Price: 1542.239999999999952251528157 | Fees: 23.93
2026-03-18 20:30:24,747 | INFO | Intra-Kalshi Arbitrage Opportunity: Buy YES on KXNCAAMBGAME-26MAR18NAVYWAKE-WAKE at 0.8600 and Buy YES on KXNCAAMBGAME-26MAR18NAVYWAKE-NAVY at 0.1200 of size 1525 | Combined Price: 1518.6400
2026-03-18 20:30:24,747 | INFO | Intra-Kalshi Arbitrage Opportunity: Sell YES on KXNCAAMBGAME-26MAR18NAVYWAKE-WAKE at 0.8600 and Sell YES on KXNCAAMBGAME-26MAR18NAVYWAKE-NAVY at 0.1200 of size 1525 | Combined Price: 1555.500000000000028421709430 | Fees: 24.14
2026-03-18 20:30:24,747 | INFO | Intra-Kalshi Arbitrage Opportunity: Buy YES on KXNCAAMBGAME-26MAR18NAVYWAKE-NAVY at 0.1200 and Buy YES on KXNCAAMBGAME-26MAR18NAVYWAKE-WAKE at 0.8600 of size 1538 | Combined Price: 1531.5800
2026-03-18 20:30:24,747 | INFO | Intra-Kalshi Arbitrage Opportunity: Sell YES on KXNCAAMBGAME-26MAR18NAVYWAKE-NAVY at 0.1200 and Sell YES on KXNCAAMBGAME-26MAR18NAVYWAKE-WAKE at 0.8600 of size 1538 | Combined Price: 1568.760000000000076170181273 | Fees: 24.34
2026-03-18 20:30:27,379 | INFO | Intra-Kalshi Arbitrage Opportunity: Buy YES on KXNCAAMBGAME-26MAR18NAVYWAKE-WAKE at 0.8600 and Buy YES on KXNCAAMBGAME-26MAR18NAVYWAKE-NAVY at 0.1200 of size 1551 | Combined Price: 1544.5300
2026-03-18 20:30:27,379 | INFO | Intra-Kalshi Arbitrage Opportunity: Sell YES on KXNCAAMBGAME-26MAR18NAVYWAKE-WAKE at 0.8600 and Sell YES on KXNCAAMBGAME-26MAR18NAVYWAKE-NAVY at 0.1200 of size 1551 | Combined Price: 1582.020000000000123918653117 | Fees: 24.55
2026-03-18 20:30:27,379 | INFO | Intra-Kalshi Arbitrage Opportunity: Buy YES on KXNCAAMBGAME-26MAR18NAVYWAKE-NAVY at 0.1200 and Buy YES on KXNCAAMBGAME-26MAR18NAVYWAKE-WAKE at 0.8600 of size 1564 | Combined Price: 1557.4800
2026-03-18 20:30:27,379 | INFO | Intra-Kalshi Arbitrage Opportunity: Sell YES on KXNCAAMBGAME-26MAR18NAVYWAKE-NAVY at 0.1200 and Sell YES on KXNCAAMBGAME-26MAR18NAVYWAKE-WAKE at 0.8600 of size 1564 | Combined Price: 1595.279999999999944293449516 | Fees: 24.76
2026-03-18 20:30:28,428 | INFO | Intra-Kalshi Arbitrage Opportunity: Buy YES on KXNCAAMBGAME-26MAR18NAVYWAKE-WAKE at 0.8600 and Buy YES on KXNCAAMBGAME-26MAR18NAVYWAKE-NAVY at 0.1200 of size 1577 | Combined Price: 1570.4200
2026-03-18 20:30:28,428 | INFO | Intra-Kalshi Arbitrage Opportunity: Sell YES on KXNCAAMBGAME-26MAR18NAVYWAKE-WAKE at 0.8600 and Sell YES on KXNCAAMBGAME-26MAR18NAVYWAKE-NAVY at 0.1200 of size 1577 | Combined Price: 1608.540000000000020463630790 | Fees: 24.96
2026-03-18 20:30:28,432 | INFO | Intra-Kalshi Arbitrage Opportunity: Buy YES on KXNCAAMBGAME-26MAR18NAVYWAKE-NAVY at 0.1200 and Buy YES on KXNCAAMBGAME-26MAR18NAVYWAKE-WAKE at 0.8600 of size 1591 | Combined Price: 1584.3600
2026-03-18 20:30:28,432 | INFO | Intra-Kalshi Arbitrage Opportunity: Sell YES on KXNCAAMBGAME-26MAR18NAVYWAKE-NAVY at 0.1200 and Sell YES on KXNCAAMBGAME-26MAR18NAVYWAKE-WAKE at 0.8600 of size 1591 | Combined Price: 1622.819999999999936335370876 | Fees: 25.18
2026-03-18 20:30:29,484 | INFO | Intra-Kalshi Arbitrage Opportunity: Buy YES on KXNCAAMBGAME-26MAR18NAVYWAKE-WAKE at 0.8600 and Buy YES on KXNCAAMBGAME-26MAR18NAVYWAKE-NAVY at 0.1200 of size 1604 | Combined Price: 1597.3000
2026-03-18 20:30:29,484 | INFO | Intra-Kalshi Arbitrage Opportunity: Sell YES on KXNCAAMBGAME-26MAR18NAVYWAKE-WAKE at 0.8600 and Sell YES on KXNCAAMBGAME-26MAR18NAVYWAKE-NAVY at 0.1200 of size 1604 | Combined Price: 1636.080000000000012505552149 | Fees: 25.38
2026-03-18 20:30:29,484 | INFO | Intra-Kalshi Arbitrage Opportunity: Buy YES on KXNCAAMBGAME-26MAR18NAVYWAKE-NAVY at 0.1200 and Buy YES on KXNCAAMBGAME-26MAR18NAVYWAKE-WAKE at 0.8600 of size 1618 | Combined Price: 1611.2500
2026-03-18 20:30:29,484 | INFO | Intra-Kalshi Arbitrage Opportunity: Sell YES on KXNCAAMBGAME-26MAR18NAVYWAKE-NAVY at 0.1200 and Sell YES on KXNCAAMBGAME-26MAR18NAVYWAKE-WAKE at 0.8600 of size 1618 | Combined Price: 1650.359999999999928377292235 | Fees: 25.61
2026-03-18 20:30:30,528 | INFO | Intra-Kalshi Arbitrage Opportunity: Buy YES on KXNCAAMBGAME-26MAR18NAVYWAKE-WAKE at 0.8600 and Buy YES on KXNCAAMBGAME-26MAR18NAVYWAKE-NAVY at 0.1200 of size 1632 | Combined Price: 1625.1900
2026-03-18 20:30:30,528 | INFO | Intra-Kalshi Arbitrage Opportunity: Sell YES on KXNCAAMBGAME-26MAR18NAVYWAKE-WAKE at 0.8600 and Sell YES on KXNCAAMBGAME-26MAR18NAVYWAKE-NAVY at 0.1200 of size 1632 | Combined Price: 1664.640000000000100044417195 | Fees: 25.83
2026-03-18 20:30:30,528 | INFO | Intra-Kalshi Arbitrage Opportunity: Buy YES on KXNCAAMBGAME-26MAR18NAVYWAKE-NAVY at 0.1200 and Buy YES on KXNCAAMBGAME-26MAR18NAVYWAKE-WAKE at 0.8600 of size 1646 | Combined Price: 1639.1300
2026-03-18 20:30:30,528 | INFO | Intra-Kalshi Arbitrage Opportunity: Sell YES on KXNCAAMBGAME-26MAR18NAVYWAKE-NAVY at 0.1200 and Sell YES on KXNCAAMBGAME-26MAR18NAVYWAKE-WAKE at 0.8600 of size 1646 | Combined Price: 1678.920000000000044337866711 | Fees: 26.05
2026-03-18 20:30:31,608 | INFO | Intra-Kalshi Arbitrage Opportunity: Buy YES on KXNCAAMBGAME-26MAR18NAVYWAKE-WAKE at 0.8600 and Buy YES on KXNCAAMBGAME-26MAR18NAVYWAKE-NAVY at 0.1200 of size 1660 | Combined Price: 1653.0800
2026-03-18 20:30:31,608 | INFO | Intra-Kalshi Arbitrage Opportunity: Sell YES on KXNCAAMBGAME-26MAR18NAVYWAKE-WAKE at 0.8600 and Sell YES on KXNCAAMBGAME-26MAR18NAVYWAKE-NAVY at 0.1200 of size 1660 | Combined Price: 1693.199999999999988631316228 | Fees: 26.28
2026-03-18 20:30:31,608 | INFO | Intra-Kalshi Arbitrage Opportunity: Buy YES on KXNCAAMBGAME-26MAR18NAVYWAKE-NAVY at 0.1200 and Buy YES on KXNCAAMBGAME-26MAR18NAVYWAKE-WAKE at 0.8600 of size 1674 | Combined Price: 1667.0100
2026-03-18 20:30:31,608 | INFO | Intra-Kalshi Arbitrage Opportunity: Sell YES on KXNCAAMBGAME-26MAR18NAVYWAKE-NAVY at 0.1200 and Sell YES on KXNCAAMBGAME-26MAR18NAVYWAKE-WAKE at 0.8600 of size 1674 | Combined Price: 1707.480000000000131876731757 | Fees: 26.49
2026-03-18 20:30:32,728 | INFO | Intra-Kalshi Arbitrage Opportunity: Buy YES on KXNCAAMBGAME-26MAR18NAVYWAKE-WAKE at 0.8600 and Buy YES on KXNCAAMBGAME-26MAR18NAVYWAKE-NAVY at 0.1200 of size 1688 | Combined Price: 1680.9500
2026-03-18 20:30:32,728 | INFO | Intra-Kalshi Arbitrage Opportunity: Sell YES on KXNCAAMBGAME-26MAR18NAVYWAKE-WAKE at 0.8600 and Sell YES on KXNCAAMBGAME-26MAR18NAVYWAKE-NAVY at 0.1200 of size 1688 | Combined Price: 1721.760000000000076170181273 | Fees: 26.71
2026-03-18 20:30:32,728 | INFO | Intra-Kalshi Arbitrage Opportunity: Buy YES on KXNCAAMBGAME-26MAR18NAVYWAKE-NAVY at 0.1200 and Buy YES on KXNCAAMBGAME-26MAR18NAVYWAKE-WAKE at 0.8600 of size 1702 | Combined Price: 1694.9000
2026-03-18 20:30:32,728 | INFO | Intra-Kalshi Arbitrage Opportunity: Sell YES on KXNCAAMBGAME-26MAR18NAVYWAKE-NAVY at 0.1200 and Sell YES on KXNCAAMBGAME-26MAR18NAVYWAKE-WAKE at 0.8600 of size 1702 | Combined Price: 1736.040000000000020463630790 | Fees: 26.94
2026-03-18 20:30:34,754 | INFO | Intra-Kalshi Arbitrage Opportunity: Buy YES on KXNCAAMBGAME-26MAR18NAVYWAKE-WAKE at 0.8600 and Buy YES on KXNCAAMBGAME-26MAR18NAVYWAKE-NAVY at 0.1200 of size 1717 | Combined Price: 1709.8400
2026-03-18 20:30:34,756 | INFO | Intra-Kalshi Arbitrage Opportunity: Sell YES on KXNCAAMBGAME-26MAR18NAVYWAKE-WAKE at 0.8600 and Sell YES on KXNCAAMBGAME-26MAR18NAVYWAKE-NAVY at 0.1200 of size 1717 | Combined Price: 1751.340000000000060254023992 | Fees: 27.18
2026-03-18 20:30:34,756 | INFO | Intra-Kalshi Arbitrage Opportunity: Buy YES on KXNCAAMBGAME-26MAR18NAVYWAKE-NAVY at 0.1200 and Buy YES on KXNCAAMBGAME-26MAR18NAVYWAKE-WAKE at 0.8600 of size 1732 | Combined Price: 1724.7700
2026-03-18 20:30:34,756 | INFO | Intra-Kalshi Arbitrage Opportunity: Sell YES on KXNCAAMBGAME-26MAR18NAVYWAKE-NAVY at 0.1200 and Sell YES on KXNCAAMBGAME-26MAR18NAVYWAKE-WAKE at 0.8600 of size 1732 | Combined Price: 1766.640000000000100044417195 | Fees: 27.41
2026-03-18 20:30:40,428 | INFO | Intra-Kalshi Arbitrage Opportunity: Buy YES on KXNCAAMBGAME-26MAR18NAVYWAKE-WAKE at 0.8600 and Buy YES on KXNCAAMBGAME-26MAR18NAVYWAKE-NAVY at 0.1200 of size 1746 | Combined Price: 1738.7100
2026-03-18 20:30:40,429 | INFO | Intra-Kalshi Arbitrage Opportunity: Sell YES on KXNCAAMBGAME-26MAR18NAVYWAKE-WAKE at 0.8600 and Sell YES on KXNCAAMBGAME-26MAR18NAVYWAKE-NAVY at 0.1200 of size 1746 | Combined Price: 1780.920000000000044337866711 | Fees: 27.63
2026-03-18 20:30:40,431 | INFO | Intra-Kalshi Arbitrage Opportunity: Buy YES on KXNCAAMBGAME-26MAR18NAVYWAKE-NAVY at 0.1200 and Buy YES on KXNCAAMBGAME-26MAR18NAVYWAKE-WAKE at 0.8600 of size 1761 | Combined Price: 1753.6500
2026-03-18 20:30:40,431 | INFO | Intra-Kalshi Arbitrage Opportunity: Sell YES on KXNCAAMBGAME-26MAR18NAVYWAKE-NAVY at 0.1200 and Sell YES on KXNCAAMBGAME-26MAR18NAVYWAKE-WAKE at 0.8600 of size 1761 | Combined Price: 1796.220000000000084128259914 | Fees: 27.87
2026-03-18 20:30:43,436 | INFO | Intra-Kalshi Arbitrage Opportunity: Buy NO on KXNCAAMBGAME-26MAR18GWUVU-UVU at 0.7 and Buy NO on KXNCAAMBGAME-26MAR18GWUVU-GW at 0.26 of size 315 | Combined Price: 311.29
2026-03-18 20:30:43,444 | INFO | Intra-Kalshi Arbitrage Opportunity: Buy NO on KXNCAAMBGAME-26MAR18GWUVU-GW at 0.26 and Buy NO on KXNCAAMBGAME-26MAR18GWUVU-UVU at 0.7 of size 315 | Combined Price: 311.29
2026-03-18 20:30:43,444 | INFO | Intra-Kalshi Arbitrage Opportunity: Buy YES on KXNCAAMBGAME-26MAR18NAVYWAKE-WAKE at 0.8600 and Buy YES on KXNCAAMBGAME-26MAR18NAVYWAKE-NAVY at 0.1200 of size 1141 | Combined Price: 1136.2400
2026-03-18 20:30:43,444 | INFO | Intra-Kalshi Arbitrage Opportunity: Sell YES on KXNCAAMBGAME-26MAR18NAVYWAKE-WAKE at 0.8600 and Sell YES on KXNCAAMBGAME-26MAR18NAVYWAKE-NAVY at 0.1200 of size 1141 | Combined Price: 1163.820000000000050022208598 | Fees: 18.06
2026-03-18 20:30:43,444 | INFO | Intra-Kalshi Arbitrage Opportunity: Buy YES on KXNCAAMBGAME-26MAR18NAVYWAKE-NAVY at 0.1200 and Buy YES on KXNCAAMBGAME-26MAR18NAVYWAKE-WAKE at 0.8600 of size 1151 | Combined Price: 1146.2000
2026-03-18 20:30:43,444 | INFO | Intra-Kalshi Arbitrage Opportunity: Sell YES on KXNCAAMBGAME-26MAR18NAVYWAKE-NAVY at 0.1200 and Sell YES on KXNCAAMBGAME-26MAR18NAVYWAKE-WAKE at 0.8600 of size 1151 | Combined Price: 1174.020000000000010231815395 | Fees: 18.22
2026-03-18 20:30:46,311 | INFO | Intra-Kalshi Arbitrage Opportunity: Buy NO on KXNCAAMBGAME-26MAR18GWUVU-UVU at 0.7 and Buy NO on KXNCAAMBGAME-26MAR18GWUVU-GW at 0.26 of size 315 | Combined Price: 311.29
2026-03-18 20:30:46,311 | INFO | Intra-Kalshi Arbitrage Opportunity: Buy NO on KXNCAAMBGAME-26MAR18GWUVU-GW at 0.26 and Buy NO on KXNCAAMBGAME-26MAR18GWUVU-UVU at 0.7 of size 315 | Combined Price: 311.29
2026-03-18 20:30:46,313 | INFO | Intra-Kalshi Arbitrage Opportunity: Buy YES on KXNCAAMBGAME-26MAR18NAVYWAKE-WAKE at 0.8600 and Buy YES on KXNCAAMBGAME-26MAR18NAVYWAKE-NAVY at 0.1200 of size 525 | Combined Price: 522.8200
2026-03-18 20:30:46,313 | INFO | Intra-Kalshi Arbitrage Opportunity: Sell YES on KXNCAAMBGAME-26MAR18NAVYWAKE-WAKE at 0.8600 and Sell YES on KXNCAAMBGAME-26MAR18NAVYWAKE-NAVY at 0.1200 of size 525 | Combined Price: 535.5 | Fees: 8.32
2026-03-18 20:30:46,313 | INFO | Intra-Kalshi Arbitrage Opportunity: Buy YES on KXNCAAMBGAME-26MAR18NAVYWAKE-NAVY at 0.1200 and Buy YES on KXNCAAMBGAME-26MAR18NAVYWAKE-WAKE at 0.8600 of size 530 | Combined Price: 527.7900
2026-03-18 20:30:46,313 | INFO | Intra-Kalshi Arbitrage Opportunity: Sell YES on KXNCAAMBGAME-26MAR18NAVYWAKE-NAVY at 0.1200 and Sell YES on KXNCAAMBGAME-26MAR18NAVYWAKE-WAKE at 0.8600 of size 530 | Combined Price: 540.5999999999999801048033987 | Fees: 8.39
2026-03-18 20:30:49,278 | INFO | Intra-Kalshi Arbitrage Opportunity: Buy NO on KXNCAAMBGAME-26MAR18GWUVU-UVU at 0.7 and Buy NO on KXNCAAMBGAME-26MAR18GWUVU-GW at 0.26 of size 315 | Combined Price: 311.29
2026-03-18 20:30:49,278 | INFO | Intra-Kalshi Arbitrage Opportunity: Buy NO on KXNCAAMBGAME-26MAR18GWUVU-GW at 0.26 and Buy NO on KXNCAAMBGAME-26MAR18GWUVU-UVU at 0.7 of size 221 | Combined Price: 218.39
2026-03-18 20:30:49,279 | INFO | Intra-Kalshi Arbitrage Opportunity: Buy YES on KXNBAGAME-26MAR18UTAMIN-MIN at 0.8300 and Buy YES on KXNBAGAME-26MAR18UTAMIN-UTA at 0.1800 of size -6 | Combined Price: -6.1700
