2026-03-25 22:26:09,552 | INFO | Intra-Kalshi Arbitrage Opportunity: Buy NO on KXATPCHALLENGERMATCH-26MAR25HONBRO-HON at 0.9 and Buy NO on KXATPCHALLENGERMATCH-26MAR25HONBRO-BRO at 0.08 of size 154 | Combined Price: 152.70
2026-03-25 22:26:09,552 | INFO | Intra-Kalshi Arbitrage Opportunity: Buy NO on KXATPCHALLENGERMATCH-26MAR25HONBRO-BRO at 0.08 and Buy NO on KXATPCHALLENGERMATCH-26MAR25HONBRO-HON at 0.9 of size 154 | Combined Price: 152.70
2026-03-25 22:26:09,566 | INFO | Intra-Kalshi Arbitrage Opportunity: Buy YES on KXATPCHALLENGERMATCH-26MAR24SUNIMA-SUN at 0.4300 and Buy YES on KXATPCHALLENGERMATCH-26MAR24SUNIMA-IMA at 0.5300 of size 2875 | Combined Price: 2859.4700
2026-03-25 22:26:09,566 | INFO | Intra-Kalshi Arbitrage Opportunity: Buy NO on KXATPCHALLENGERMATCH-26MAR24SUNIMA-SUN at 0.53 and Buy NO on KXATPCHALLENGERMATCH-26MAR24SUNIMA-IMA at 0.43 of size 295 | Combined Price: 293.42
2026-03-25 22:26:09,566 | INFO | Intra-Kalshi Arbitrage Opportunity: Sell YES on KXATPCHALLENGERMATCH-26MAR24SUNIMA-SUN at 0.4300 and Sell YES on KXATPCHALLENGERMATCH-26MAR24SUNIMA-IMA at 0.5300 of size 295 | Combined Price: 306.7999999999999829469743418 | Fees: 10.22
2026-03-25 22:26:09,566 | INFO | Intra-Kalshi Arbitrage Opportunity: Buy YES on KXATPCHALLENGERMATCH-26MAR24SUNIMA-IMA at 0.5300 and Buy YES on KXATPCHALLENGERMATCH-26MAR24SUNIMA-SUN at 0.4300 of size 1914 | Combined Price: 1903.6600
2026-03-25 22:26:09,566 | INFO | Intra-Kalshi Arbitrage Opportunity: Sell YES on KXATPCHALLENGERMATCH-26MAR24SUNIMA-IMA at 0.5300 and Sell YES on KXATPCHALLENGERMATCH-26MAR24SUNIMA-SUN at 0.4300 of size 295 | Combined Price: 306.7999999999999829469743418 | Fees: 10.22
2026-03-25 22:26:15,362 | INFO | Intra-Kalshi Arbitrage Opportunity: Buy NO on KXATPCHALLENGERMATCH-26MAR25HONBRO-HON at 0.9 and Buy NO on KXATPCHALLENGERMATCH-26MAR25HONBRO-BRO at 0.08 of size 154 | Combined Price: 152.70
2026-03-25 22:26:15,362 | INFO | Intra-Kalshi Arbitrage Opportunity: Buy NO on KXATPCHALLENGERMATCH-26MAR25HONBRO-BRO at 0.08 and Buy NO on KXATPCHALLENGERMATCH-26MAR25HONBRO-HON at 0.9 of size 80 | Combined Price: 79.33
2026-03-25 22:26:15,362 | INFO | Intra-Kalshi Arbitrage Opportunity: Buy YES on KXAHLGAME-26MAR252200TEXSAN-TEX at 0.6300 and Buy YES on KXAHLGAME-26MAR252200TEXSAN-SAN at 0.4300 of size -1 | Combined Price: -1.0800
2026-03-25 22:26:15,362 | INFO | Intra-Kalshi Arbitrage Opportunity: Sell YES on KXATPCHALLENGERMATCH-26MAR24SUNIMA-SUN at 0.4300 and Sell YES on KXATPCHALLENGERMATCH-26MAR24SUNIMA-IMA at 0.5300 of size 195 | Combined Price: 202.7999999999999829469743418 | Fees: 6.76
2026-03-25 22:26:15,362 | INFO | Intra-Kalshi Arbitrage Opportunity: Buy YES on KXATPCHALLENGERMATCH-26MAR24SUNIMA-IMA at 0.5300 and Buy YES on KXATPCHALLENGERMATCH-26MAR24SUNIMA-SUN at 0.4300 of size 204 | Combined Price: 202.9100
2026-03-25 22:26:15,362 | INFO | Intra-Kalshi Arbitrage Opportunity: Sell YES on KXATPCHALLENGERMATCH-26MAR24SUNIMA-IMA at 0.5300 and Sell YES on KXATPCHALLENGERMATCH-26MAR24SUNIMA-SUN at 0.4300 of size 195 | Combined Price: 202.7999999999999829469743418 | Fees: 6.76
2026-03-25 22:26:23,193 | INFO | Intra-Kalshi Arbitrage Opportunity: Buy NO on KXATPCHALLENGERMATCH-26MAR25HONBRO-HON at 0.9 and Buy NO on KXATPCHALLENGERMATCH-26MAR25HONBRO-BRO at 0.08 of size 154 | Combined Price: 152.70
2026-03-25 22:26:23,194 | INFO | Intra-Kalshi Arbitrage Opportunity: Buy NO on KXATPCHALLENGERMATCH-26MAR25HONBRO-BRO at 0.08 and Buy NO on KXATPCHALLENGERMATCH-26MAR25HONBRO-HON at 0.9 of size 37 | Combined Price: 36.70
2026-03-25 22:31:06,698 | INFO | Intra-Kalshi Arbitrage Opportunity: Sell YES on KXATPCHALLENGERMATCH-26MAR24SUNIMA-SUN at 0.4300 and Sell YES on KXATPCHALLENGERMATCH-26MAR24SUNIMA-IMA at 0.5000 of size 1 | Combined Price: 1.059999999999999942268402719 | Fees: 0.04
2026-03-25 22:31:06,698 | INFO | Intra-Kalshi Arbitrage Opportunity: Buy YES on KXATPCHALLENGERMATCH-26MAR24SUNIMA-IMA at 0.5000 and Buy YES on KXATPCHALLENGERMATCH-26MAR24SUNIMA-SUN at 0.4300 of size 1 | Combined Price: 0.9700
2026-03-25 22:31:06,698 | INFO | Intra-Kalshi Arbitrage Opportunity: Sell YES on KXATPCHALLENGERMATCH-26MAR24SUNIMA-IMA at 0.5000 and Sell YES on KXATPCHALLENGERMATCH-26MAR24SUNIMA-SUN at 0.4300 of size 1 | Combined Price: 1.059999999999999942268402719 | Fees: 0.04
2026-03-25 22:31:12,726 | INFO | Intra-Kalshi Arbitrage Opportunity: Buy YES on KXCS2GAME-26MAR25CHISPO-CHI at 0.2500 and Buy YES on KXCS2GAME-26MAR25CHISPO-SPO at 0.6800 of size 1 | Combined Price: 0.9700
2026-03-25 22:31:12,726 | INFO | Intra-Kalshi Arbitrage Opportunity: Sell YES on KXCS2GAME-26MAR25CHISPO-CHI at 0.2500 and Sell YES on KXCS2GAME-26MAR25CHISPO-SPO at 0.6800 of size 1 | Combined Price: 1.069999999999999951150186916 | Fees: 0.04
2026-03-25 22:31:12,726 | INFO | Intra-Kalshi Arbitrage Opportunity: Buy YES on KXCS2GAME-26MAR25CHISPO-SPO at 0.6800 and Buy YES on KXCS2GAME-26MAR25CHISPO-CHI at 0.2500 of size 1 | Combined Price: 0.9700
2026-03-25 22:31:12,726 | INFO | Intra-Kalshi Arbitrage Opportunity: Sell YES on KXCS2GAME-26MAR25CHISPO-SPO at 0.6800 and Sell YES on KXCS2GAME-26MAR25CHISPO-CHI at 0.2500 of size 1 | Combined Price: 1.069999999999999951150186916 | Fees: 0.04
2026-03-25 22:31:12,737 | INFO | Intra-Kalshi Arbitrage Opportunity: Buy YES on KXAHLGAME-26MAR252000CHIIOW-CHI at 0.2700 and Buy YES on KXAHLGAME-26MAR252000CHIIOW-IOW at 0.6700 of size 1 | Combined Price: 0.9800
2026-03-25 22:31:12,737 | INFO | Intra-Kalshi Arbitrage Opportunity: Sell YES on KXATPCHALLENGERMATCH-26MAR24SUNIMA-SUN at 0.4300 and Sell YES on KXATPCHALLENGERMATCH-26MAR24SUNIMA-IMA at 0.5000 of size 2367 | Combined Price: 2556.359999999999899955582805 | Fees: 82.03
2026-03-25 22:31:12,737 | INFO | Intra-Kalshi Arbitrage Opportunity: Buy YES on KXATPCHALLENGERMATCH-26MAR24SUNIMA-IMA at 0.5000 and Buy YES on KXATPCHALLENGERMATCH-26MAR24SUNIMA-SUN at 0.4300 of size 2660 | Combined Price: 2565.9900
2026-03-25 22:31:12,737 | INFO | Intra-Kalshi Arbitrage Opportunity: Sell YES on KXATPCHALLENGERMATCH-26MAR24SUNIMA-IMA at 0.5000 and Sell YES on KXATPCHALLENGERMATCH-26MAR24SUNIMA-SUN at 0.4300 of size 2367 | Combined Price: 2556.359999999999899955582805 | Fees: 82.03
2026-03-25 22:31:18,740 | INFO | Intra-Kalshi Arbitrage Opportunity: Buy YES on KXCS2GAME-26MAR25CHISPO-CHI at 0.2700 and Buy YES on KXCS2GAME-26MAR25CHISPO-SPO at 0.6800 of size 4 | Combined Price: 3.9300
2026-03-25 22:31:18,740 | INFO | Intra-Kalshi Arbitrage Opportunity: Buy NO on KXCS2GAME-26MAR25CHISPO-CHI at 0.65 and Buy NO on KXCS2GAME-26MAR25CHISPO-SPO at 0.31 of size 4 | Combined Price: 3.97
2026-03-25 22:31:18,740 | INFO | Intra-Kalshi Arbitrage Opportunity: Buy YES on KXCS2GAME-26MAR25CHISPO-SPO at 0.6800 and Buy YES on KXCS2GAME-26MAR25CHISPO-CHI at 0.2700 of size 4 | Combined Price: 3.9300
2026-03-25 22:31:18,740 | INFO | Intra-Kalshi Arbitrage Opportunity: Buy NO on KXCS2GAME-26MAR25CHISPO-SPO at 0.31 and Buy NO on KXCS2GAME-26MAR25CHISPO-CHI at 0.65 of size 4 | Combined Price: 3.97
2026-03-25 22:31:18,740 | INFO | Intra-Kalshi Arbitrage Opportunity: Buy YES on KXAHLGAME-26MAR252000CHIIOW-CHI at 0.2700 and Buy YES on KXAHLGAME-26MAR252000CHIIOW-IOW at 0.6700 of size 50 | Combined Price: 48.4700
2026-03-25 22:31:18,740 | INFO | Intra-Kalshi Arbitrage Opportunity: Buy NO on KXAHLGAME-26MAR252000CHIIOW-CHI at 0.68 and Buy NO on KXAHLGAME-26MAR252000CHIIOW-IOW at 0.28 of size 16 | Combined Price: 15.84
2026-03-25 22:31:18,740 | INFO | Intra-Kalshi Arbitrage Opportunity: Sell YES on KXAHLGAME-26MAR252000CHIIOW-CHI at 0.2700 and Sell YES on KXAHLGAME-26MAR252000CHIIOW-IOW at 0.6700 of size 16 | Combined Price: 16.63999999999999968025576891 | Fees: 0.48
2026-03-25 22:31:18,740 | INFO | Intra-Kalshi Arbitrage Opportunity: Buy YES on KXAHLGAME-26MAR252000CHIIOW-IOW at 0.6700 and Buy YES on KXAHLGAME-26MAR252000CHIIOW-CHI at 0.2700 of size 50 | Combined Price: 48.4700
2026-03-25 22:31:18,744 | INFO | Intra-Kalshi Arbitrage Opportunity: Buy NO on KXAHLGAME-26MAR252000CHIIOW-IOW at 0.28 and Buy NO on KXAHLGAME-26MAR252000CHIIOW-CHI at 0.68 of size 16 | Combined Price: 15.84
2026-03-25 22:31:18,744 | INFO | Intra-Kalshi Arbitrage Opportunity: Sell YES on KXAHLGAME-26MAR252000CHIIOW-IOW at 0.6700 and Sell YES on KXAHLGAME-26MAR252000CHIIOW-CHI at 0.2700 of size 16 | Combined Price: 16.63999999999999968025576891 | Fees: 0.48
2026-03-25 22:31:18,744 | INFO | Intra-Kalshi Arbitrage Opportunity: Buy YES on KXATPCHALLENGERMATCH-26MAR24SUNIMA-SUN at 0.4300 and Buy YES on KXATPCHALLENGERMATCH-26MAR24SUNIMA-IMA at 0.5000 of size 2441 | Combined Price: 2354.7400
2026-03-25 22:31:18,744 | INFO | Intra-Kalshi Arbitrage Opportunity: Sell YES on KXATPCHALLENGERMATCH-26MAR24SUNIMA-SUN at 0.4300 and Sell YES on KXATPCHALLENGERMATCH-26MAR24SUNIMA-IMA at 0.5000 of size 2366 | Combined Price: 2555.279999999999972715158947 | Fees: 81.99
2026-03-25 22:31:18,744 | INFO | Intra-Kalshi Arbitrage Opportunity: Buy YES on KXATPCHALLENGERMATCH-26MAR24SUNIMA-IMA at 0.5000 and Buy YES on KXATPCHALLENGERMATCH-26MAR24SUNIMA-SUN at 0.4300 of size 2569 | Combined Price: 2478.2100
2026-03-25 22:31:18,744 | INFO | Intra-Kalshi Arbitrage Opportunity: Sell YES on KXATPCHALLENGERMATCH-26MAR24SUNIMA-IMA at 0.5000 and Sell YES on KXATPCHALLENGERMATCH-26MAR24SUNIMA-SUN at 0.4300 of size 2366 | Combined Price: 2555.279999999999972715158947 | Fees: 81.99
2026-03-25 22:31:24,741 | INFO | Intra-Kalshi Arbitrage Opportunity: Buy YES on KXCS2GAME-26MAR25CHISPO-CHI at 0.2500 and Buy YES on KXCS2GAME-26MAR25CHISPO-SPO at 0.6800 of size 4 | Combined Price: 3.8500
2026-03-25 22:31:24,741 | INFO | Intra-Kalshi Arbitrage Opportunity: Buy NO on KXCS2GAME-26MAR25CHISPO-CHI at 0.65 and Buy NO on KXCS2GAME-26MAR25CHISPO-SPO at 0.28 of size 4 | Combined Price: 3.85
2026-03-25 22:31:24,741 | INFO | Intra-Kalshi Arbitrage Opportunity: Buy YES on KXCS2GAME-26MAR25CHISPO-SPO at 0.6800 and Buy YES on KXCS2GAME-26MAR25CHISPO-CHI at 0.2500 of size 4 | Combined Price: 3.8500
2026-03-25 22:31:24,741 | INFO | Intra-Kalshi Arbitrage Opportunity: Buy NO on KXCS2GAME-26MAR25CHISPO-SPO at 0.28 and Buy NO on KXCS2GAME-26MAR25CHISPO-CHI at 0.65 of size 4 | Combined Price: 3.85
2026-03-25 22:31:24,741 | INFO | Intra-Kalshi Arbitrage Opportunity: Buy YES on KXAHLGAME-26MAR252000CHIIOW-CHI at 0.2700 and Buy YES on KXAHLGAME-26MAR252000CHIIOW-IOW at 0.6700 of size 50 | Combined Price: 48.4700
2026-03-25 22:31:24,741 | INFO | Intra-Kalshi Arbitrage Opportunity: Buy NO on KXAHLGAME-26MAR252000CHIIOW-CHI at 0.68 and Buy NO on KXAHLGAME-26MAR252000CHIIOW-IOW at 0.28 of size 16 | Combined Price: 15.84
2026-03-25 22:31:24,741 | INFO | Intra-Kalshi Arbitrage Opportunity: Sell YES on KXAHLGAME-26MAR252000CHIIOW-CHI at 0.2700 and Sell YES on KXAHLGAME-26MAR252000CHIIOW-IOW at 0.6700 of size 16 | Combined Price: 16.63999999999999968025576891 | Fees: 0.48
2026-03-25 22:31:24,752 | INFO | Intra-Kalshi Arbitrage Opportunity: Buy YES on KXAHLGAME-26MAR252000CHIIOW-IOW at 0.6700 and Buy YES on KXAHLGAME-26MAR252000CHIIOW-CHI at 0.2700 of size 50 | Combined Price: 48.4700
2026-03-25 22:31:24,752 | INFO | Intra-Kalshi Arbitrage Opportunity: Buy NO on KXAHLGAME-26MAR252000CHIIOW-IOW at 0.28 and Buy NO on KXAHLGAME-26MAR252000CHIIOW-CHI at 0.68 of size 16 | Combined Price: 15.84
2026-03-25 22:31:24,752 | INFO | Intra-Kalshi Arbitrage Opportunity: Sell YES on KXAHLGAME-26MAR252000CHIIOW-IOW at 0.6700 and Sell YES on KXAHLGAME-26MAR252000CHIIOW-CHI at 0.2700 of size 16 | Combined Price: 16.63999999999999968025576891 | Fees: 0.48
2026-03-25 22:31:24,752 | INFO | Intra-Kalshi Arbitrage Opportunity: Buy YES on KXATPCHALLENGERMATCH-26MAR24SUNIMA-SUN at 0.4300 and Buy YES on KXATPCHALLENGERMATCH-26MAR24SUNIMA-IMA at 0.5000 of size 10 | Combined Price: 9.6600
2026-03-25 22:31:24,752 | INFO | Intra-Kalshi Arbitrage Opportunity: Buy NO on KXATPCHALLENGERMATCH-26MAR24SUNIMA-SUN at 0.48 and Buy NO on KXATPCHALLENGERMATCH-26MAR24SUNIMA-IMA at 0.43 of size 1 | Combined Price: 0.95
2026-03-25 22:31:24,752 | INFO | Intra-Kalshi Arbitrage Opportunity: Sell YES on KXATPCHALLENGERMATCH-26MAR24SUNIMA-SUN at 0.4300 and Sell YES on KXATPCHALLENGERMATCH-26MAR24SUNIMA-IMA at 0.5000 of size 1 | Combined Price: 1.089999999999999968913755310 | Fees: 0.04
2026-03-25 22:31:24,752 | INFO | Intra-Kalshi Arbitrage Opportunity: Buy YES on KXATPCHALLENGERMATCH-26MAR24SUNIMA-IMA at 0.5000 and Buy YES on KXATPCHALLENGERMATCH-26MAR24SUNIMA-SUN at 0.4300 of size 10 | Combined Price: 9.6600
2026-03-25 22:31:24,752 | INFO | Intra-Kalshi Arbitrage Opportunity: Buy NO on KXATPCHALLENGERMATCH-26MAR24SUNIMA-IMA at 0.43 and Buy NO on KXATPCHALLENGERMATCH-26MAR24SUNIMA-SUN at 0.48 of size 1 | Combined Price: 0.95
2026-03-25 22:31:24,752 | INFO | Intra-Kalshi Arbitrage Opportunity: Sell YES on KXATPCHALLENGERMATCH-26MAR24SUNIMA-IMA at 0.5000 and Sell YES on KXATPCHALLENGERMATCH-26MAR24SUNIMA-SUN at 0.4300 of size 1 | Combined Price: 1.089999999999999968913755310 | Fees: 0.04
2026-03-25 22:31:30,914 | INFO | Intra-Kalshi Arbitrage Opportunity: Buy YES on KXCS2GAME-26MAR25CHISPO-CHI at 0.2600 and Buy YES on KXCS2GAME-26MAR25CHISPO-SPO at 0.6800 of size 4 | Combined Price: 3.8900
2026-03-25 22:31:30,914 | INFO | Intra-Kalshi Arbitrage Opportunity: Buy NO on KXCS2GAME-26MAR25CHISPO-CHI at 0.65 and Buy NO on KXCS2GAME-26MAR25CHISPO-SPO at 0.28 of size 4 | Combined Price: 3.85
2026-03-25 22:31:30,914 | INFO | Intra-Kalshi Arbitrage Opportunity: Buy YES on KXCS2GAME-26MAR25CHISPO-SPO at 0.6800 and Buy YES on KXCS2GAME-26MAR25CHISPO-CHI at 0.2600 of size 4 | Combined Price: 3.8900
2026-03-25 22:31:30,914 | INFO | Intra-Kalshi Arbitrage Opportunity: Buy NO on KXCS2GAME-26MAR25CHISPO-SPO at 0.28 and Buy NO on KXCS2GAME-26MAR25CHISPO-CHI at 0.65 of size 4 | Combined Price: 3.85
2026-03-25 22:31:30,914 | INFO | Intra-Kalshi Arbitrage Opportunity: Buy YES on KXAHLGAME-26MAR252000CHIIOW-CHI at 0.2700 and Buy YES on KXAHLGAME-26MAR252000CHIIOW-IOW at 0.6700 of size 50 | Combined Price: 48.4700
2026-03-25 22:31:30,914 | INFO | Intra-Kalshi Arbitrage Opportunity: Buy NO on KXAHLGAME-26MAR252000CHIIOW-CHI at 0.68 and Buy NO on KXAHLGAME-26MAR252000CHIIOW-IOW at 0.28 of size 16 | Combined Price: 15.84
2026-03-25 22:31:30,914 | INFO | Intra-Kalshi Arbitrage Opportunity: Sell YES on KXAHLGAME-26MAR252000CHIIOW-CHI at 0.2700 and Sell YES on KXAHLGAME-26MAR252000CHIIOW-IOW at 0.6700 of size 16 | Combined Price: 16.63999999999999968025576891 | Fees: 0.48
2026-03-25 22:31:30,914 | INFO | Intra-Kalshi Arbitrage Opportunity: Buy YES on KXAHLGAME-26MAR252000CHIIOW-IOW at 0.6700 and Buy YES on KXAHLGAME-26MAR252000CHIIOW-CHI at 0.2700 of size 50 | Combined Price: 48.4700
2026-03-25 22:31:30,914 | INFO | Intra-Kalshi Arbitrage Opportunity: Buy NO on KXAHLGAME-26MAR252000CHIIOW-IOW at 0.28 and Buy NO on KXAHLGAME-26MAR252000CHIIOW-CHI at 0.68 of size 16 | Combined Price: 15.84
2026-03-25 22:31:30,914 | INFO | Intra-Kalshi Arbitrage Opportunity: Sell YES on KXAHLGAME-26MAR252000CHIIOW-IOW at 0.6700 and Sell YES on KXAHLGAME-26MAR252000CHIIOW-CHI at 0.2700 of size 16 | Combined Price: 16.63999999999999968025576891 | Fees: 0.48
2026-03-25 22:31:30,914 | INFO | Intra-Kalshi Arbitrage Opportunity: Buy YES on KXATPCHALLENGERMATCH-26MAR24SUNIMA-SUN at 0.4300 and Buy YES on KXATPCHALLENGERMATCH-26MAR24SUNIMA-IMA at 0.5000 of size 2303 | Combined Price: 2221.6200
2026-03-25 22:31:30,914 | INFO | Intra-Kalshi Arbitrage Opportunity: Sell YES on KXATPCHALLENGERMATCH-26MAR24SUNIMA-SUN at 0.4300 and Sell YES on KXATPCHALLENGERMATCH-26MAR24SUNIMA-IMA at 0.5000 of size 2514 | Combined Price: 2740.259999999999763531377539 | Fees: 87.07
2026-03-25 22:31:30,914 | INFO | Intra-Kalshi Arbitrage Opportunity: Buy YES on KXATPCHALLENGERMATCH-26MAR24SUNIMA-IMA at 0.5000 and Buy YES on KXATPCHALLENGERMATCH-26MAR24SUNIMA-SUN at 0.4300 of size 2767 | Combined Price: 2669.2200
2026-03-25 22:31:30,914 | INFO | Intra-Kalshi Arbitrage Opportunity: Sell YES on KXATPCHALLENGERMATCH-26MAR24SUNIMA-IMA at 0.5000 and Sell YES on KXATPCHALLENGERMATCH-26MAR24SUNIMA-SUN at 0.4300 of size 2514 | Combined Price: 2740.259999999999763531377539 | Fees: 87.07
2026-03-25 22:31:37,318 | INFO | Intra-Kalshi Arbitrage Opportunity: Buy YES on KXCS2GAME-26MAR25CHISPO-CHI at 0.2600 and Buy YES on KXCS2GAME-26MAR25CHISPO-SPO at 0.6800 of size 4 | Combined Price: 3.8900
2026-03-25 22:31:37,318 | INFO | Intra-Kalshi Arbitrage Opportunity: Buy NO on KXCS2GAME-26MAR25CHISPO-CHI at 0.65 and Buy NO on KXCS2GAME-26MAR25CHISPO-SPO at 0.28 of size 4 | Combined Price: 3.85
2026-03-25 22:31:37,318 | INFO | Intra-Kalshi Arbitrage Opportunity: Buy YES on KXCS2GAME-26MAR25CHISPO-SPO at 0.6800 and Buy YES on KXCS2GAME-26MAR25CHISPO-CHI at 0.2600 of size 4 | Combined Price: 3.8900
2026-03-25 22:31:37,318 | INFO | Intra-Kalshi Arbitrage Opportunity: Buy NO on KXCS2GAME-26MAR25CHISPO-SPO at 0.28 and Buy NO on KXCS2GAME-26MAR25CHISPO-CHI at 0.65 of size 4 | Combined Price: 3.85
2026-03-25 22:31:37,318 | INFO | Intra-Kalshi Arbitrage Opportunity: Buy YES on KXAHLGAME-26MAR252000CHIIOW-CHI at 0.2700 and Buy YES on KXAHLGAME-26MAR252000CHIIOW-IOW at 0.6100 of size 50 | Combined Price: 45.5300
2026-03-25 22:31:37,318 | INFO | Intra-Kalshi Arbitrage Opportunity: Buy NO on KXAHLGAME-26MAR252000CHIIOW-CHI at 0.62 and Buy NO on KXAHLGAME-26MAR252000CHIIOW-IOW at 0.28 of size 2 | Combined Price: 1.87
2026-03-25 22:31:37,318 | INFO | Intra-Kalshi Arbitrage Opportunity: Sell YES on KXAHLGAME-26MAR252000CHIIOW-CHI at 0.2700 and Sell YES on KXAHLGAME-26MAR252000CHIIOW-IOW at 0.6100 of size 2 | Combined Price: 2.199999999999999955591079015 | Fees: 0.07
2026-03-25 22:31:37,318 | INFO | Intra-Kalshi Arbitrage Opportunity: Buy YES on KXAHLGAME-26MAR252000CHIIOW-IOW at 0.6100 and Buy YES on KXAHLGAME-26MAR252000CHIIOW-CHI at 0.2700 of size 50 | Combined Price: 45.5300
2026-03-25 22:31:37,318 | INFO | Intra-Kalshi Arbitrage Opportunity: Buy NO on KXAHLGAME-26MAR252000CHIIOW-IOW at 0.28 and Buy NO on KXAHLGAME-26MAR252000CHIIOW-CHI at 0.62 of size 2 | Combined Price: 1.87
2026-03-25 22:31:37,318 | INFO | Intra-Kalshi Arbitrage Opportunity: Sell YES on KXAHLGAME-26MAR252000CHIIOW-IOW at 0.6100 and Sell YES on KXAHLGAME-26MAR252000CHIIOW-CHI at 0.2700 of size 2 | Combined Price: 2.199999999999999955591079015 | Fees: 0.07
2026-03-25 22:31:37,318 | INFO | Intra-Kalshi Arbitrage Opportunity: Buy YES on KXATPCHALLENGERMATCH-26MAR24SUNIMA-SUN at 0.4300 and Buy YES on KXATPCHALLENGERMATCH-26MAR24SUNIMA-IMA at 0.5000 of size 6 | Combined Price: 5.8000
2026-03-25 22:31:37,318 | INFO | Intra-Kalshi Arbitrage Opportunity: Buy NO on KXATPCHALLENGERMATCH-26MAR24SUNIMA-SUN at 0.48 and Buy NO on KXATPCHALLENGERMATCH-26MAR24SUNIMA-IMA at 0.43 of size 1 | Combined Price: 0.95
2026-03-25 22:31:37,318 | INFO | Intra-Kalshi Arbitrage Opportunity: Sell YES on KXATPCHALLENGERMATCH-26MAR24SUNIMA-SUN at 0.4300 and Sell YES on KXATPCHALLENGERMATCH-26MAR24SUNIMA-IMA at 0.5000 of size 1 | Combined Price: 1.089999999999999968913755310 | Fees: 0.04
2026-03-25 22:31:37,318 | INFO | Intra-Kalshi Arbitrage Opportunity: Buy YES on KXATPCHALLENGERMATCH-26MAR24SUNIMA-IMA at 0.5000 and Buy YES on KXATPCHALLENGERMATCH-26MAR24SUNIMA-SUN at 0.4300 of size 6 | Combined Price: 5.8000
2026-03-25 22:31:37,318 | INFO | Intra-Kalshi Arbitrage Opportunity: Buy NO on KXATPCHALLENGERMATCH-26MAR24SUNIMA-IMA at 0.43 and Buy NO on KXATPCHALLENGERMATCH-26MAR24SUNIMA-SUN at 0.48 of size 1 | Combined Price: 0.95
2026-03-25 22:31:37,318 | INFO | Intra-Kalshi Arbitrage Opportunity: Sell YES on KXATPCHALLENGERMATCH-26MAR24SUNIMA-IMA at 0.5000 and Sell YES on KXATPCHALLENGERMATCH-26MAR24SUNIMA-SUN at 0.4300 of size 1 | Combined Price: 1.089999999999999968913755310 | Fees: 0.04
2026-03-25 22:31:43,347 | INFO | Intra-Kalshi Arbitrage Opportunity: Buy YES on KXCS2GAME-26MAR25CHISPO-CHI at 0.2600 and Buy YES on KXCS2GAME-26MAR25CHISPO-SPO at 0.6800 of size 4 | Combined Price: 3.8900
2026-03-25 22:31:43,347 | INFO | Intra-Kalshi Arbitrage Opportunity: Buy NO on KXCS2GAME-26MAR25CHISPO-CHI at 0.65 and Buy NO on KXCS2GAME-26MAR25CHISPO-SPO at 0.28 of size 4 | Combined Price: 3.85
2026-03-25 22:31:43,347 | INFO | Intra-Kalshi Arbitrage Opportunity: Buy YES on KXCS2GAME-26MAR25CHISPO-SPO at 0.6800 and Buy YES on KXCS2GAME-26MAR25CHISPO-CHI at 0.2600 of size 4 | Combined Price: 3.8900
2026-03-25 22:31:43,347 | INFO | Intra-Kalshi Arbitrage Opportunity: Buy NO on KXCS2GAME-26MAR25CHISPO-SPO at 0.28 and Buy NO on KXCS2GAME-26MAR25CHISPO-CHI at 0.65 of size 4 | Combined Price: 3.85
2026-03-25 22:31:43,347 | INFO | Intra-Kalshi Arbitrage Opportunity: Buy YES on KXAHLGAME-26MAR252000CHIIOW-CHI at 0.2700 and Buy YES on KXAHLGAME-26MAR252000CHIIOW-IOW at 0.6100 of size 50 | Combined Price: 45.5300
2026-03-25 22:31:43,347 | INFO | Intra-Kalshi Arbitrage Opportunity: Buy NO on KXAHLGAME-26MAR252000CHIIOW-CHI at 0.66 and Buy NO on KXAHLGAME-26MAR252000CHIIOW-IOW at 0.28 of size 2 | Combined Price: 1.95
2026-03-25 22:31:43,347 | INFO | Intra-Kalshi Arbitrage Opportunity: Sell YES on KXAHLGAME-26MAR252000CHIIOW-CHI at 0.2700 and Sell YES on KXAHLGAME-26MAR252000CHIIOW-IOW at 0.6100 of size 2 | Combined Price: 2.119999999999999995559107901 | Fees: 0.07
2026-03-25 22:31:43,347 | INFO | Intra-Kalshi Arbitrage Opportunity: Buy YES on KXAHLGAME-26MAR252000CHIIOW-IOW at 0.6100 and Buy YES on KXAHLGAME-26MAR252000CHIIOW-CHI at 0.2700 of size 50 | Combined Price: 45.5300
2026-03-25 22:31:43,347 | INFO | Intra-Kalshi Arbitrage Opportunity: Buy NO on KXAHLGAME-26MAR252000CHIIOW-IOW at 0.28 and Buy NO on KXAHLGAME-26MAR252000CHIIOW-CHI at 0.66 of size 2 | Combined Price: 1.95
2026-03-25 22:31:43,347 | INFO | Intra-Kalshi Arbitrage Opportunity: Sell YES on KXAHLGAME-26MAR252000CHIIOW-IOW at 0.6100 and Sell YES on KXAHLGAME-26MAR252000CHIIOW-CHI at 0.2700 of size 2 | Combined Price: 2.119999999999999995559107901 | Fees: 0.07
2026-03-25 22:31:43,347 | INFO | Intra-Kalshi Arbitrage Opportunity: Buy YES on KXATPCHALLENGERMATCH-26MAR24SUNIMA-SUN at 0.4300 and Buy YES on KXATPCHALLENGERMATCH-26MAR24SUNIMA-IMA at 0.5100 of size 1 | Combined Price: 0.9800
2026-03-25 22:31:43,347 | INFO | Intra-Kalshi Arbitrage Opportunity: Buy NO on KXATPCHALLENGERMATCH-26MAR24SUNIMA-SUN at 0.52 and Buy NO on KXATPCHALLENGERMATCH-26MAR24SUNIMA-IMA at 0.43 of size 61 | Combined Price: 60.07
2026-03-25 22:31:43,347 | INFO | Intra-Kalshi Arbitrage Opportunity: Sell YES on KXATPCHALLENGERMATCH-26MAR24SUNIMA-SUN at 0.4300 and Sell YES on KXATPCHALLENGERMATCH-26MAR24SUNIMA-IMA at 0.5100 of size 61 | Combined Price: 64.04999999999999360511537816 | Fees: 2.12
2026-03-25 22:31:43,347 | INFO | Intra-Kalshi Arbitrage Opportunity: Buy YES on KXATPCHALLENGERMATCH-26MAR24SUNIMA-IMA at 0.5100 and Buy YES on KXATPCHALLENGERMATCH-26MAR24SUNIMA-SUN at 0.4300 of size 1 | Combined Price: 0.9800
2026-03-25 22:31:43,347 | INFO | Intra-Kalshi Arbitrage Opportunity: Buy NO on KXATPCHALLENGERMATCH-26MAR24SUNIMA-IMA at 0.43 and Buy NO on KXATPCHALLENGERMATCH-26MAR24SUNIMA-SUN at 0.52 of size 61 | Combined Price: 60.07
2026-03-25 22:31:43,347 | INFO | Intra-Kalshi Arbitrage Opportunity: Sell YES on KXATPCHALLENGERMATCH-26MAR24SUNIMA-IMA at 0.5100 and Sell YES on KXATPCHALLENGERMATCH-26MAR24SUNIMA-SUN at 0.4300 of size 61 | Combined Price: 64.04999999999999360511537816 | Fees: 2.12
2026-03-25 22:31:49,320 | INFO | Intra-Kalshi Arbitrage Opportunity: Buy YES on KXCS2GAME-26MAR25CHISPO-CHI at 0.2500 and Buy YES on KXCS2GAME-26MAR25CHISPO-SPO at 0.6800 of size 4 | Combined Price: 3.8500
2026-03-25 22:31:49,320 | INFO | Intra-Kalshi Arbitrage Opportunity: Buy NO on KXCS2GAME-26MAR25CHISPO-CHI at 0.65 and Buy NO on KXCS2GAME-26MAR25CHISPO-SPO at 0.28 of size 4 | Combined Price: 3.85
2026-03-25 22:31:49,320 | INFO | Intra-Kalshi Arbitrage Opportunity: Buy YES on KXCS2GAME-26MAR25CHISPO-SPO at 0.6800 and Buy YES on KXCS2GAME-26MAR25CHISPO-CHI at 0.2500 of size 4 | Combined Price: 3.8500
2026-03-25 22:31:49,320 | INFO | Intra-Kalshi Arbitrage Opportunity: Buy NO on KXCS2GAME-26MAR25CHISPO-SPO at 0.28 and Buy NO on KXCS2GAME-26MAR25CHISPO-CHI at 0.65 of size 4 | Combined Price: 3.85
2026-03-25 22:31:49,320 | INFO | Intra-Kalshi Arbitrage Opportunity: Buy YES on KXAHLGAME-26MAR252000CHIIOW-CHI at 0.2700 and Buy YES on KXAHLGAME-26MAR252000CHIIOW-IOW at 0.6100 of size 50 | Combined Price: 45.5300
2026-03-25 22:31:49,320 | INFO | Intra-Kalshi Arbitrage Opportunity: Buy NO on KXAHLGAME-26MAR252000CHIIOW-CHI at 0.64 and Buy NO on KXAHLGAME-26MAR252000CHIIOW-IOW at 0.28 of size 2 | Combined Price: 1.91
2026-03-25 22:31:49,320 | INFO | Intra-Kalshi Arbitrage Opportunity: Sell YES on KXAHLGAME-26MAR252000CHIIOW-CHI at 0.2700 and Sell YES on KXAHLGAME-26MAR252000CHIIOW-IOW at 0.6100 of size 2 | Combined Price: 2.159999999999999920063942227 | Fees: 0.07
2026-03-25 22:31:49,320 | INFO | Intra-Kalshi Arbitrage Opportunity: Buy YES on KXAHLGAME-26MAR252000CHIIOW-IOW at 0.6100 and Buy YES on KXAHLGAME-26MAR252000CHIIOW-CHI at 0.2700 of size 50 | Combined Price: 45.5300
2026-03-25 22:31:49,320 | INFO | Intra-Kalshi Arbitrage Opportunity: Buy NO on KXAHLGAME-26MAR252000CHIIOW-IOW at 0.28 and Buy NO on KXAHLGAME-26MAR252000CHIIOW-CHI at 0.64 of size 2 | Combined Price: 1.91
2026-03-25 22:31:49,320 | INFO | Intra-Kalshi Arbitrage Opportunity: Sell YES on KXAHLGAME-26MAR252000CHIIOW-IOW at 0.6100 and Sell YES on KXAHLGAME-26MAR252000CHIIOW-CHI at 0.2700 of size 2 | Combined Price: 2.159999999999999920063942227 | Fees: 0.07
2026-03-25 22:31:49,320 | INFO | Intra-Kalshi Arbitrage Opportunity: Buy NO on KXATPCHALLENGERMATCH-26MAR24SUNIMA-SUN at 0.52 and Buy NO on KXATPCHALLENGERMATCH-26MAR24SUNIMA-IMA at 0.43 of size 60 | Combined Price: 59.08
2026-03-25 22:31:49,320 | INFO | Intra-Kalshi Arbitrage Opportunity: Sell YES on KXATPCHALLENGERMATCH-26MAR24SUNIMA-SUN at 0.4300 and Sell YES on KXATPCHALLENGERMATCH-26MAR24SUNIMA-IMA at 0.5200 of size 60 | Combined Price: 62.99999999999999289457264240 | Fees: 2.08
2026-03-25 22:31:49,320 | INFO | Intra-Kalshi Arbitrage Opportunity: Buy NO on KXATPCHALLENGERMATCH-26MAR24SUNIMA-IMA at 0.43 and Buy NO on KXATPCHALLENGERMATCH-26MAR24SUNIMA-SUN at 0.52 of size 60 | Combined Price: 59.08
2026-03-25 22:31:49,320 | INFO | Intra-Kalshi Arbitrage Opportunity: Sell YES on KXATPCHALLENGERMATCH-26MAR24SUNIMA-IMA at 0.5200 and Sell YES on KXATPCHALLENGERMATCH-26MAR24SUNIMA-SUN at 0.4300 of size 60 | Combined Price: 62.99999999999999289457264240 | Fees: 2.08
2026-03-25 22:31:55,245 | INFO | Intra-Kalshi Arbitrage Opportunity: Buy YES on KXCS2GAME-26MAR25CHISPO-CHI at 0.2500 and Buy YES on KXCS2GAME-26MAR25CHISPO-SPO at 0.6800 of size 4 | Combined Price: 3.8500
2026-03-25 22:31:55,245 | INFO | Intra-Kalshi Arbitrage Opportunity: Buy NO on KXCS2GAME-26MAR25CHISPO-CHI at 0.65 and Buy NO on KXCS2GAME-26MAR25CHISPO-SPO at 0.28 of size 4 | Combined Price: 3.85
2026-03-25 22:31:55,245 | INFO | Intra-Kalshi Arbitrage Opportunity: Buy YES on KXCS2GAME-26MAR25CHISPO-SPO at 0.6800 and Buy YES on KXCS2GAME-26MAR25CHISPO-CHI at 0.2500 of size 4 | Combined Price: 3.8500
2026-03-25 22:31:55,245 | INFO | Intra-Kalshi Arbitrage Opportunity: Buy NO on KXCS2GAME-26MAR25CHISPO-SPO at 0.28 and Buy NO on KXCS2GAME-26MAR25CHISPO-CHI at 0.65 of size 4 | Combined Price: 3.85
2026-03-25 22:31:55,245 | INFO | Intra-Kalshi Arbitrage Opportunity: Buy YES on KXATPSETWINNER-26MAR25PAUFIL-2-PAU at 0.3800 and Buy YES on KXATPSETWINNER-26MAR25PAUFIL-2-FIL at 0.5500 of size 5 | Combined Price: 4.8300
2026-03-25 22:31:55,245 | INFO | Intra-Kalshi Arbitrage Opportunity: Buy NO on KXATPSETWINNER-26MAR25PAUFIL-2-PAU at 0.53 and Buy NO on KXATPSETWINNER-26MAR25PAUFIL-2-FIL at 0.39 of size 2 | Combined Price: 1.92
2026-03-25 22:31:55,245 | INFO | Intra-Kalshi Arbitrage Opportunity: Sell YES on KXATPSETWINNER-26MAR25PAUFIL-2-PAU at 0.3800 and Sell YES on KXATPSETWINNER-26MAR25PAUFIL-2-FIL at 0.5500 of size 2 | Combined Price: 2.159999999999999920063942227 | Fees: 0.08
2026-03-25 22:31:55,245 | INFO | Intra-Kalshi Arbitrage Opportunity: Buy YES on KXATPSETWINNER-26MAR25PAUFIL-2-FIL at 0.5500 and Buy YES on KXATPSETWINNER-26MAR25PAUFIL-2-PAU at 0.3800 of size 5 | Combined Price: 4.8300
2026-03-25 22:31:55,245 | INFO | Intra-Kalshi Arbitrage Opportunity: Buy NO on KXATPSETWINNER-26MAR25PAUFIL-2-FIL at 0.39 and Buy NO on KXATPSETWINNER-26MAR25PAUFIL-2-PAU at 0.53 of size 2 | Combined Price: 1.92
2026-03-25 22:31:55,245 | INFO | Intra-Kalshi Arbitrage Opportunity: Sell YES on KXATPSETWINNER-26MAR25PAUFIL-2-FIL at 0.5500 and Sell YES on KXATPSETWINNER-26MAR25PAUFIL-2-PAU at 0.3800 of size 2 | Combined Price: 2.159999999999999920063942227 | Fees: 0.08
2026-03-25 22:31:55,261 | INFO | Intra-Kalshi Arbitrage Opportunity: Buy YES on KXAHLGAME-26MAR252000CHIIOW-CHI at 0.2700 and Buy YES on KXAHLGAME-26MAR252000CHIIOW-IOW at 0.6100 of size 50 | Combined Price: 45.5300
2026-03-25 22:31:55,261 | INFO | Intra-Kalshi Arbitrage Opportunity: Buy NO on KXAHLGAME-26MAR252000CHIIOW-CHI at 0.64 and Buy NO on KXAHLGAME-26MAR252000CHIIOW-IOW at 0.28 of size 14 | Combined Price: 13.31
2026-03-25 22:31:55,261 | INFO | Intra-Kalshi Arbitrage Opportunity: Sell YES on KXAHLGAME-26MAR252000CHIIOW-CHI at 0.2700 and Sell YES on KXAHLGAME-26MAR252000CHIIOW-IOW at 0.6100 of size 14 | Combined Price: 15.12000000000000010658141036 | Fees: 0.43
2026-03-25 22:31:55,261 | INFO | Intra-Kalshi Arbitrage Opportunity: Buy YES on KXAHLGAME-26MAR252000CHIIOW-IOW at 0.6100 and Buy YES on KXAHLGAME-26MAR252000CHIIOW-CHI at 0.2700 of size 50 | Combined Price: 45.5300
2026-03-25 22:31:55,261 | INFO | Intra-Kalshi Arbitrage Opportunity: Buy NO on KXAHLGAME-26MAR252000CHIIOW-IOW at 0.28 and Buy NO on KXAHLGAME-26MAR252000CHIIOW-CHI at 0.64 of size 14 | Combined Price: 13.31
2026-03-25 22:31:55,261 | INFO | Intra-Kalshi Arbitrage Opportunity: Sell YES on KXAHLGAME-26MAR252000CHIIOW-IOW at 0.6100 and Sell YES on KXAHLGAME-26MAR252000CHIIOW-CHI at 0.2700 of size 14 | Combined Price: 15.12000000000000010658141036 | Fees: 0.43
2026-03-25 22:31:55,261 | INFO | Intra-Kalshi Arbitrage Opportunity: Buy YES on KXATPCHALLENGERMATCH-26MAR24SUNIMA-SUN at 0.4300 and Buy YES on KXATPCHALLENGERMATCH-26MAR24SUNIMA-IMA at 0.4900 of size 15 | Combined Price: 14.3300
2026-03-25 22:31:55,261 | INFO | Intra-Kalshi Arbitrage Opportunity: Buy NO on KXATPCHALLENGERMATCH-26MAR24SUNIMA-SUN at 0.51 and Buy NO on KXATPCHALLENGERMATCH-26MAR24SUNIMA-IMA at 0.43 of size 60 | Combined Price: 58.48
2026-03-25 22:31:55,261 | INFO | Intra-Kalshi Arbitrage Opportunity: Sell YES on KXATPCHALLENGERMATCH-26MAR24SUNIMA-SUN at 0.4300 and Sell YES on KXATPCHALLENGERMATCH-26MAR24SUNIMA-IMA at 0.4900 of size 60 | Combined Price: 63.59999999999999431565811392 | Fees: 2.08
2026-03-25 22:31:55,261 | INFO | Intra-Kalshi Arbitrage Opportunity: Buy YES on KXATPCHALLENGERMATCH-26MAR24SUNIMA-IMA at 0.4900 and Buy YES on KXATPCHALLENGERMATCH-26MAR24SUNIMA-SUN at 0.4300 of size 15 | Combined Price: 14.3300
2026-03-25 22:31:55,261 | INFO | Intra-Kalshi Arbitrage Opportunity: Buy NO on KXATPCHALLENGERMATCH-26MAR24SUNIMA-IMA at 0.43 and Buy NO on KXATPCHALLENGERMATCH-26MAR24SUNIMA-SUN at 0.51 of size 60 | Combined Price: 58.48
2026-03-25 22:31:55,261 | INFO | Intra-Kalshi Arbitrage Opportunity: Sell YES on KXATPCHALLENGERMATCH-26MAR24SUNIMA-IMA at 0.4900 and Sell YES on KXATPCHALLENGERMATCH-26MAR24SUNIMA-SUN at 0.4300 of size 60 | Combined Price: 63.59999999999999431565811392 | Fees: 2.08
2026-03-25 22:32:02,147 | INFO | Intra-Kalshi Arbitrage Opportunity: Buy YES on KXCS2GAME-26MAR25CHISPO-CHI at 0.2500 and Buy YES on KXCS2GAME-26MAR25CHISPO-SPO at 0.6800 of size 4 | Combined Price: 3.8500
2026-03-25 22:32:02,147 | INFO | Intra-Kalshi Arbitrage Opportunity: Buy NO on KXCS2GAME-26MAR25CHISPO-CHI at 0.65 and Buy NO on KXCS2GAME-26MAR25CHISPO-SPO at 0.28 of size 4 | Combined Price: 3.85
2026-03-25 22:32:02,147 | INFO | Intra-Kalshi Arbitrage Opportunity: Buy YES on KXCS2GAME-26MAR25CHISPO-SPO at 0.6800 and Buy YES on KXCS2GAME-26MAR25CHISPO-CHI at 0.2500 of size 4 | Combined Price: 3.8500
2026-03-25 22:32:02,147 | INFO | Intra-Kalshi Arbitrage Opportunity: Buy NO on KXCS2GAME-26MAR25CHISPO-SPO at 0.28 and Buy NO on KXCS2GAME-26MAR25CHISPO-CHI at 0.65 of size 4 | Combined Price: 3.85
2026-03-25 22:32:02,147 | INFO | Intra-Kalshi Arbitrage Opportunity: Buy YES on KXATPSETWINNER-26MAR25PAUFIL-2-PAU at 0.3800 and Buy YES on KXATPSETWINNER-26MAR25PAUFIL-2-FIL at 0.5500 of size 5 | Combined Price: 4.8300
2026-03-25 22:32:02,147 | INFO | Intra-Kalshi Arbitrage Opportunity: Buy NO on KXATPSETWINNER-26MAR25PAUFIL-2-PAU at 0.53 and Buy NO on KXATPSETWINNER-26MAR25PAUFIL-2-FIL at 0.4 of size 3 | Combined Price: 2.91
2026-03-25 22:32:02,147 | INFO | Intra-Kalshi Arbitrage Opportunity: Sell YES on KXATPSETWINNER-26MAR25PAUFIL-2-PAU at 0.3800 and Sell YES on KXATPSETWINNER-26MAR25PAUFIL-2-FIL at 0.5500 of size 3 | Combined Price: 3.209999999999999742428258287 | Fees: 0.12
2026-03-25 22:32:02,147 | INFO | Intra-Kalshi Arbitrage Opportunity: Buy YES on KXATPSETWINNER-26MAR25PAUFIL-2-FIL at 0.5500 and Buy YES on KXATPSETWINNER-26MAR25PAUFIL-2-PAU at 0.3800 of size 5 | Combined Price: 4.8300
2026-03-25 22:32:02,147 | INFO | Intra-Kalshi Arbitrage Opportunity: Buy NO on KXATPSETWINNER-26MAR25PAUFIL-2-FIL at 0.4 and Buy NO on KXATPSETWINNER-26MAR25PAUFIL-2-PAU at 0.53 of size 3 | Combined Price: 2.91
2026-03-25 22:32:02,147 | INFO | Intra-Kalshi Arbitrage Opportunity: Sell YES on KXATPSETWINNER-26MAR25PAUFIL-2-FIL at 0.5500 and Sell YES on KXATPSETWINNER-26MAR25PAUFIL-2-PAU at 0.3800 of size 3 | Combined Price: 3.209999999999999742428258287 | Fees: 0.12
2026-03-25 22:32:02,147 | INFO | Intra-Kalshi Arbitrage Opportunity: Buy YES on KXAHLGAME-26MAR252000CHIIOW-CHI at 0.2700 and Buy YES on KXAHLGAME-26MAR252000CHIIOW-IOW at 0.6100 of size 50 | Combined Price: 45.5300
2026-03-25 22:32:02,147 | INFO | Intra-Kalshi Arbitrage Opportunity: Buy NO on KXAHLGAME-26MAR252000CHIIOW-CHI at 0.62 and Buy NO on KXAHLGAME-26MAR252000CHIIOW-IOW at 0.28 of size 42 | Combined Price: 39.10
2026-03-25 22:32:02,147 | INFO | Intra-Kalshi Arbitrage Opportunity: Sell YES on KXAHLGAME-26MAR252000CHIIOW-CHI at 0.2700 and Sell YES on KXAHLGAME-26MAR252000CHIIOW-IOW at 0.6100 of size 42 | Combined Price: 46.19999999999999928945726424 | Fees: 1.30
2026-03-25 22:32:02,147 | INFO | Intra-Kalshi Arbitrage Opportunity: Buy YES on KXAHLGAME-26MAR252000CHIIOW-IOW at 0.6100 and Buy YES on KXAHLGAME-26MAR252000CHIIOW-CHI at 0.2700 of size 50 | Combined Price: 45.5300
2026-03-25 22:32:02,147 | INFO | Intra-Kalshi Arbitrage Opportunity: Buy NO on KXAHLGAME-26MAR252000CHIIOW-IOW at 0.28 and Buy NO on KXAHLGAME-26MAR252000CHIIOW-CHI at 0.62 of size 42 | Combined Price: 39.10
2026-03-25 22:32:02,147 | INFO | Intra-Kalshi Arbitrage Opportunity: Sell YES on KXAHLGAME-26MAR252000CHIIOW-IOW at 0.6100 and Sell YES on KXAHLGAME-26MAR252000CHIIOW-CHI at 0.2700 of size 42 | Combined Price: 46.19999999999999928945726424 | Fees: 1.30
2026-03-25 22:32:02,147 | INFO | Intra-Kalshi Arbitrage Opportunity: Buy YES on KXATPCHALLENGERMATCH-26MAR24SUNIMA-SUN at 0.4300 and Buy YES on KXATPCHALLENGERMATCH-26MAR24SUNIMA-IMA at 0.4300 of size 2317 | Combined Price: 2072.1400
2026-03-25 22:32:02,147 | INFO | Intra-Kalshi Arbitrage Opportunity: Sell YES on KXATPCHALLENGERMATCH-26MAR24SUNIMA-SUN at 0.4300 and Sell YES on KXATPCHALLENGERMATCH-26MAR24SUNIMA-IMA at 0.4300 of size 2719 | Combined Price: 3072.470000000000027284841053 | Fees: 93.55
2026-03-25 22:32:02,147 | INFO | Intra-Kalshi Arbitrage Opportunity: Buy YES on KXATPCHALLENGERMATCH-26MAR24SUNIMA-IMA at 0.4300 and Buy YES on KXATPCHALLENGERMATCH-26MAR24SUNIMA-SUN at 0.4300 of size 2555 | Combined Price: 2284.9800
2026-03-25 22:32:02,147 | INFO | Intra-Kalshi Arbitrage Opportunity: Buy NO on KXATPCHALLENGERMATCH-26MAR24SUNIMA-IMA at 0.43 and Buy NO on KXATPCHALLENGERMATCH-26MAR24SUNIMA-SUN at 0.44 of size 706 | Combined Price: 638.52
2026-03-25 22:32:02,147 | INFO | Intra-Kalshi Arbitrage Opportunity: Sell YES on KXATPCHALLENGERMATCH-26MAR24SUNIMA-IMA at 0.4300 and Sell YES on KXATPCHALLENGERMATCH-26MAR24SUNIMA-SUN at 0.4300 of size 2719 | Combined Price: 3072.470000000000027284841053 | Fees: 93.55
2026-03-25 22:32:08,660 | INFO | Intra-Kalshi Arbitrage Opportunity: Buy YES on KXCS2GAME-26MAR25CHISPO-CHI at 0.2500 and Buy YES on KXCS2GAME-26MAR25CHISPO-SPO at 0.6800 of size 4 | Combined Price: 3.8500
2026-03-25 22:32:08,660 | INFO | Intra-Kalshi Arbitrage Opportunity: Buy NO on KXCS2GAME-26MAR25CHISPO-CHI at 0.65 and Buy NO on KXCS2GAME-26MAR25CHISPO-SPO at 0.28 of size 4 | Combined Price: 3.85
2026-03-25 22:32:08,660 | INFO | Intra-Kalshi Arbitrage Opportunity: Buy YES on KXCS2GAME-26MAR25CHISPO-SPO at 0.6800 and Buy YES on KXCS2GAME-26MAR25CHISPO-CHI at 0.2500 of size 4 | Combined Price: 3.8500
2026-03-25 22:32:08,660 | INFO | Intra-Kalshi Arbitrage Opportunity: Buy NO on KXCS2GAME-26MAR25CHISPO-SPO at 0.28 and Buy NO on KXCS2GAME-26MAR25CHISPO-CHI at 0.65 of size 4 | Combined Price: 3.85
2026-03-25 22:32:08,660 | INFO | Intra-Kalshi Arbitrage Opportunity: Buy NO on KXNBAGAME-26MAR25HOUMIN-MIN at 0.4 and Buy NO on KXNBAGAME-26MAR25HOUMIN-HOU at 0.56 of size 3062 | Combined Price: 3043.79
2026-03-25 22:32:08,660 | INFO | Intra-Kalshi Arbitrage Opportunity: Buy YES on KXNBAGAME-26MAR25HOUMIN-HOU at 0.4000 and Buy YES on KXNBAGAME-26MAR25HOUMIN-MIN at 0.5700 of size -108 | Combined Price: -108.4200
2026-03-25 22:32:08,660 | INFO | Intra-Kalshi Arbitrage Opportunity: Buy NO on KXNBAGAME-26MAR25HOUMIN-HOU at 0.56 and Buy NO on KXNBAGAME-26MAR25HOUMIN-MIN at 0.4 of size 4 | Combined Price: 3.98
2026-03-25 22:32:08,660 | INFO | Intra-Kalshi Arbitrage Opportunity: Sell YES on KXAHLGAME-26MAR252000CHIIOW-CHI at 0.2700 and Sell YES on KXAHLGAME-26MAR252000CHIIOW-IOW at 0.6200 of size 5 | Combined Price: 5.549999999999999822364316060 | Fees: 0.17
2026-03-25 22:32:08,660 | INFO | Intra-Kalshi Arbitrage Opportunity: Buy YES on KXAHLGAME-26MAR252000CHIIOW-IOW at 0.6200 and Buy YES on KXAHLGAME-26MAR252000CHIIOW-CHI at 0.2700 of size 6 | Combined Price: 5.5300
2026-03-25 22:32:08,660 | INFO | Intra-Kalshi Arbitrage Opportunity: Sell YES on KXAHLGAME-26MAR252000CHIIOW-IOW at 0.6200 and Sell YES on KXAHLGAME-26MAR252000CHIIOW-CHI at 0.2700 of size 5 | Combined Price: 5.549999999999999822364316060 | Fees: 0.17
2026-03-25 22:32:08,660 | INFO | Intra-Kalshi Arbitrage Opportunity: Buy YES on KXATPCHALLENGERMATCH-26MAR24SUNIMA-SUN at 0.4300 and Buy YES on KXATPCHALLENGERMATCH-26MAR24SUNIMA-IMA at 0.4300 of size 6 | Combined Price: 5.3800
2026-03-25 22:32:08,660 | INFO | Intra-Kalshi Arbitrage Opportunity: Sell YES on KXATPCHALLENGERMATCH-26MAR24SUNIMA-SUN at 0.4300 and Sell YES on KXATPCHALLENGERMATCH-26MAR24SUNIMA-IMA at 0.4300 of size 29 | Combined Price: 33.34999999999999786837179272 | Fees: 1.00
2026-03-25 22:32:08,660 | INFO | Intra-Kalshi Arbitrage Opportunity: Buy YES on KXATPCHALLENGERMATCH-26MAR24SUNIMA-IMA at 0.4300 and Buy YES on KXATPCHALLENGERMATCH-26MAR24SUNIMA-SUN at 0.4300 of size 38 | Combined Price: 34.0000
2026-03-25 22:32:08,660 | INFO | Intra-Kalshi Arbitrage Opportunity: Sell YES on KXATPCHALLENGERMATCH-26MAR24SUNIMA-IMA at 0.4300 and Sell YES on KXATPCHALLENGERMATCH-26MAR24SUNIMA-SUN at 0.4300 of size 38 | Combined Price: 43.69999999999999573674358544 | Fees: 1.31
2026-03-25 22:32:14,693 | INFO | Intra-Kalshi Arbitrage Opportunity: Buy YES on KXCS2GAME-26MAR25CHISPO-CHI at 0.2600 and Buy YES on KXCS2GAME-26MAR25CHISPO-SPO at 0.6800 of size 4 | Combined Price: 3.8900
2026-03-25 22:32:14,693 | INFO | Intra-Kalshi Arbitrage Opportunity: Buy NO on KXCS2GAME-26MAR25CHISPO-CHI at 0.65 and Buy NO on KXCS2GAME-26MAR25CHISPO-SPO at 0.28 of size 4 | Combined Price: 3.85
2026-03-25 22:32:14,693 | INFO | Intra-Kalshi Arbitrage Opportunity: Buy YES on KXCS2GAME-26MAR25CHISPO-SPO at 0.6800 and Buy YES on KXCS2GAME-26MAR25CHISPO-CHI at 0.2600 of size 4 | Combined Price: 3.8900
2026-03-25 22:32:14,693 | INFO | Intra-Kalshi Arbitrage Opportunity: Buy NO on KXCS2GAME-26MAR25CHISPO-SPO at 0.28 and Buy NO on KXCS2GAME-26MAR25CHISPO-CHI at 0.65 of size 4 | Combined Price: 3.85
2026-03-25 22:32:14,693 | INFO | Intra-Kalshi Arbitrage Opportunity: Buy YES on KXNBAGAME-26MAR25HOUMIN-MIN at 0.5400 and Buy YES on KXNBAGAME-26MAR25HOUMIN-HOU at 0.4000 of size 27 | Combined Price: 26.3100
2026-03-25 22:32:14,693 | INFO | Intra-Kalshi Arbitrage Opportunity: Buy YES on KXAHLGAME-26MAR252130CALCOA-CAL at 0.6400 and Buy YES on KXAHLGAME-26MAR252130CALCOA-COA at 0.4200 of size -1 | Combined Price: -1.0800
2026-03-25 22:32:14,693 | INFO | Intra-Kalshi Arbitrage Opportunity: Sell YES on KXAHLGAME-26MAR252000CHIIOW-CHI at 0.2700 and Sell YES on KXAHLGAME-26MAR252000CHIIOW-IOW at 0.5300 of size 6 | Combined Price: 7.080000000000000515143483426 | Fees: 0.20
2026-03-25 22:32:14,693 | INFO | Intra-Kalshi Arbitrage Opportunity: Buy YES on KXAHLGAME-26MAR252000CHIIOW-IOW at 0.5300 and Buy YES on KXAHLGAME-26MAR252000CHIIOW-CHI at 0.2700 of size 5 | Combined Price: 4.1600
2026-03-25 22:32:14,693 | INFO | Intra-Kalshi Arbitrage Opportunity: Buy NO on KXAHLGAME-26MAR252000CHIIOW-IOW at 0.28 and Buy NO on KXAHLGAME-26MAR252000CHIIOW-CHI at 0.54 of size 3 | Combined Price: 2.57
2026-03-25 22:32:14,693 | INFO | Intra-Kalshi Arbitrage Opportunity: Sell YES on KXAHLGAME-26MAR252000CHIIOW-IOW at 0.5300 and Sell YES on KXAHLGAME-26MAR252000CHIIOW-CHI at 0.2700 of size 6 | Combined Price: 7.080000000000000515143483426 | Fees: 0.20
2026-03-25 22:32:14,693 | INFO | Intra-Kalshi Arbitrage Opportunity: Buy YES on KXATPCHALLENGERMATCH-26MAR24SUNIMA-SUN at 0.4300 and Buy YES on KXATPCHALLENGERMATCH-26MAR24SUNIMA-IMA at 0.4100 of size 8 | Combined Price: 7.0000
2026-03-25 22:32:14,693 | INFO | Intra-Kalshi Arbitrage Opportunity: Sell YES on KXATPCHALLENGERMATCH-26MAR24SUNIMA-SUN at 0.4300 and Sell YES on KXATPCHALLENGERMATCH-26MAR24SUNIMA-IMA at 0.4100 of size 8 | Combined Price: 9.199999999999999289457264240 | Fees: 0.28
2026-03-25 22:32:14,693 | INFO | Intra-Kalshi Arbitrage Opportunity: Buy YES on KXATPCHALLENGERMATCH-26MAR24SUNIMA-IMA at 0.4100 and Buy YES on KXATPCHALLENGERMATCH-26MAR24SUNIMA-SUN at 0.4300 of size 9 | Combined Price: 7.8800
2026-03-25 22:32:14,693 | INFO | Intra-Kalshi Arbitrage Opportunity: Buy NO on KXATPCHALLENGERMATCH-26MAR24SUNIMA-IMA at 0.43 and Buy NO on KXATPCHALLENGERMATCH-26MAR24SUNIMA-SUN at 0.42 of size 1 | Combined Price: 0.89
2026-03-25 22:32:14,693 | INFO | Intra-Kalshi Arbitrage Opportunity: Sell YES on KXATPCHALLENGERMATCH-26MAR24SUNIMA-IMA at 0.4100 and Sell YES on KXATPCHALLENGERMATCH-26MAR24SUNIMA-SUN at 0.4300 of size 8 | Combined Price: 9.199999999999999289457264240 | Fees: 0.28
2026-03-25 22:32:20,766 | INFO | Intra-Kalshi Arbitrage Opportunity: Buy YES on KXCS2GAME-26MAR25CHISPO-CHI at 0.2600 and Buy YES on KXCS2GAME-26MAR25CHISPO-SPO at 0.6800 of size 4 | Combined Price: 3.8900
2026-03-25 22:32:20,766 | INFO | Intra-Kalshi Arbitrage Opportunity: Buy NO on KXCS2GAME-26MAR25CHISPO-CHI at 0.65 and Buy NO on KXCS2GAME-26MAR25CHISPO-SPO at 0.28 of size 4 | Combined Price: 3.85
2026-03-25 22:32:20,766 | INFO | Intra-Kalshi Arbitrage Opportunity: Buy YES on KXCS2GAME-26MAR25CHISPO-SPO at 0.6800 and Buy YES on KXCS2GAME-26MAR25CHISPO-CHI at 0.2600 of size 1 | Combined Price: 0.9800
2026-03-25 22:32:20,766 | INFO | Intra-Kalshi Arbitrage Opportunity: Sell YES on KXCS2GAME-26MAR25CHISPO-SPO at 0.6800 and Sell YES on KXCS2GAME-26MAR25CHISPO-CHI at 0.2600 of size 1 | Combined Price: 1.069999999999999951150186916 | Fees: 0.04
2026-03-25 22:32:20,766 | INFO | Intra-Kalshi Arbitrage Opportunity: Buy YES on KXNBAGAME-26MAR25HOUMIN-MIN at 0.5400 and Buy YES on KXNBAGAME-26MAR25HOUMIN-HOU at 0.4000 of size 2 | Combined Price: 1.9600
2026-03-25 22:32:20,766 | INFO | Intra-Kalshi Arbitrage Opportunity: Buy YES on KXAHLGAME-26MAR252130CALCOA-CAL at 0.6400 and Buy YES on KXAHLGAME-26MAR252130CALCOA-COA at 0.4200 of size -1 | Combined Price: -1.0800
2026-03-25 22:32:20,766 | INFO | Intra-Kalshi Arbitrage Opportunity: Buy NO on KXATPSETWINNER-26MAR25PAUFIL-2-PAU at 0.53 and Buy NO on KXATPSETWINNER-26MAR25PAUFIL-2-FIL at 0.4 of size 1 | Combined Price: 0.97
2026-03-25 22:32:20,766 | INFO | Intra-Kalshi Arbitrage Opportunity: Sell YES on KXAHLGAME-26MAR252000CHIIOW-CHI at 0.2700 and Sell YES on KXAHLGAME-26MAR252000CHIIOW-IOW at 0.4700 of size 2 | Combined Price: 2.419999999999999928945726424 | Fees: 0.07
2026-03-25 22:32:20,766 | INFO | Intra-Kalshi Arbitrage Opportunity: Buy YES on KXAHLGAME-26MAR252000CHIIOW-IOW at 0.4700 and Buy YES on KXAHLGAME-26MAR252000CHIIOW-CHI at 0.2700 of size 3 | Combined Price: 2.3300
2026-03-25 22:32:20,766 | INFO | Intra-Kalshi Arbitrage Opportunity: Sell YES on KXAHLGAME-26MAR252000CHIIOW-IOW at 0.4700 and Sell YES on KXAHLGAME-26MAR252000CHIIOW-CHI at 0.2700 of size 2 | Combined Price: 2.419999999999999928945726424 | Fees: 0.07
2026-03-25 22:32:20,766 | INFO | Intra-Kalshi Arbitrage Opportunity: Buy YES on KXATPCHALLENGERMATCH-26MAR24SUNIMA-SUN at 0.4300 and Buy YES on KXATPCHALLENGERMATCH-26MAR24SUNIMA-IMA at 0.4100 of size 2 | Combined Price: 1.7600
2026-03-25 22:32:20,766 | INFO | Intra-Kalshi Arbitrage Opportunity: Sell YES on KXATPCHALLENGERMATCH-26MAR24SUNIMA-SUN at 0.4300 and Sell YES on KXATPCHALLENGERMATCH-26MAR24SUNIMA-IMA at 0.4100 of size 2 | Combined Price: 2.299999999999999822364316060 | Fees: 0.08
2026-03-25 22:32:20,766 | INFO | Intra-Kalshi Arbitrage Opportunity: Buy YES on KXATPCHALLENGERMATCH-26MAR24SUNIMA-IMA at 0.4100 and Buy YES on KXATPCHALLENGERMATCH-26MAR24SUNIMA-SUN at 0.4300 of size 3 | Combined Price: 2.6400
2026-03-25 22:32:20,766 | INFO | Intra-Kalshi Arbitrage Opportunity: Sell YES on KXATPCHALLENGERMATCH-26MAR24SUNIMA-IMA at 0.4100 and Sell YES on KXATPCHALLENGERMATCH-26MAR24SUNIMA-SUN at 0.4300 of size 3 | Combined Price: 3.449999999999999733546474090 | Fees: 0.12
2026-03-25 22:32:26,813 | INFO | Intra-Kalshi Arbitrage Opportunity: Buy YES on KXCS2GAME-26MAR25CHISPO-CHI at 0.2500 and Buy YES on KXCS2GAME-26MAR25CHISPO-SPO at 0.6800 of size 3 | Combined Price: 2.8800
2026-03-25 22:32:26,813 | INFO | Intra-Kalshi Arbitrage Opportunity: Sell YES on KXCS2GAME-26MAR25CHISPO-CHI at 0.2500 and Sell YES on KXCS2GAME-26MAR25CHISPO-SPO at 0.6800 of size 3 | Combined Price: 3.209999999999999964472863212 | Fees: 0.10
2026-03-25 22:32:26,813 | INFO | Intra-Kalshi Arbitrage Opportunity: Buy YES on KXCS2GAME-26MAR25CHISPO-SPO at 0.6800 and Buy YES on KXCS2GAME-26MAR25CHISPO-CHI at 0.2500 of size 4 | Combined Price: 3.8500
2026-03-25 22:32:26,813 | INFO | Intra-Kalshi Arbitrage Opportunity: Sell YES on KXCS2GAME-26MAR25CHISPO-SPO at 0.6800 and Sell YES on KXCS2GAME-26MAR25CHISPO-CHI at 0.2500 of size 4 | Combined Price: 4.279999999999999804600747666 | Fees: 0.13
2026-03-25 22:32:26,813 | INFO | Intra-Kalshi Arbitrage Opportunity: Buy YES on KXNBAGAME-26MAR25HOUMIN-MIN at 0.5400 and Buy YES on KXNBAGAME-26MAR25HOUMIN-HOU at 0.4000 of size 4 | Combined Price: 3.9000
2026-03-25 22:32:26,813 | INFO | Intra-Kalshi Arbitrage Opportunity: Sell YES on KXAHLGAME-26MAR252000CHIIOW-CHI at 0.2700 and Sell YES on KXAHLGAME-26MAR252000CHIIOW-IOW at 0.4600 of size 168 | Combined Price: 206.6400000000000005684341886 | Fees: 5.32
2026-03-25 22:32:26,813 | INFO | Intra-Kalshi Arbitrage Opportunity: Buy YES on KXAHLGAME-26MAR252000CHIIOW-IOW at 0.4600 and Buy YES on KXAHLGAME-26MAR252000CHIIOW-CHI at 0.2700 of size 5 | Combined Price: 3.8100
2026-03-25 22:32:26,813 | INFO | Intra-Kalshi Arbitrage Opportunity: Buy NO on KXAHLGAME-26MAR252000CHIIOW-IOW at 0.28 and Buy NO on KXAHLGAME-26MAR252000CHIIOW-CHI at 0.49 of size 168 | Combined Price: 134.68
2026-03-25 22:32:26,813 | INFO | Intra-Kalshi Arbitrage Opportunity: Sell YES on KXAHLGAME-26MAR252000CHIIOW-IOW at 0.4600 and Sell YES on KXAHLGAME-26MAR252000CHIIOW-CHI at 0.2700 of size 15 | Combined Price: 18.44999999999999928945726424 | Fees: 0.49
2026-03-25 22:32:26,813 | INFO | Intra-Kalshi Arbitrage Opportunity: Buy YES on KXATPCHALLENGERMATCH-26MAR24SUNIMA-SUN at 0.4300 and Buy YES on KXATPCHALLENGERMATCH-26MAR24SUNIMA-IMA at 0.4300 of size 94 | Combined Price: 84.0800
2026-03-25 22:32:26,813 | INFO | Intra-Kalshi Arbitrage Opportunity: Sell YES on KXATPCHALLENGERMATCH-26MAR24SUNIMA-SUN at 0.4300 and Sell YES on KXATPCHALLENGERMATCH-26MAR24SUNIMA-IMA at 0.4300 of size 94 | Combined Price: 108.0999999999999943156581139 | Fees: 3.23
2026-03-25 22:32:26,813 | INFO | Intra-Kalshi Arbitrage Opportunity: Buy YES on KXATPCHALLENGERMATCH-26MAR24SUNIMA-IMA at 0.4300 and Buy YES on KXATPCHALLENGERMATCH-26MAR24SUNIMA-SUN at 0.4300 of size 118 | Combined Price: 105.5400
2026-03-25 22:32:26,813 | INFO | Intra-Kalshi Arbitrage Opportunity: Sell YES on KXATPCHALLENGERMATCH-26MAR24SUNIMA-IMA at 0.4300 and Sell YES on KXATPCHALLENGERMATCH-26MAR24SUNIMA-SUN at 0.4300 of size 118 | Combined Price: 135.6999999999999886313162278 | Fees: 4.05
2026-03-25 22:32:33,158 | INFO | Intra-Kalshi Arbitrage Opportunity: Buy NO on KXCS2GAME-26MAR25TALAG-TA at 0.6 and Buy NO on KXCS2GAME-26MAR25TALAG-LAG at 0.36 of size 39 | Combined Price: 38.73
2026-03-25 22:32:33,158 | INFO | Intra-Kalshi Arbitrage Opportunity: Buy NO on KXCS2GAME-26MAR25TALAG-LAG at 0.36 and Buy NO on KXCS2GAME-26MAR25TALAG-TA at 0.6 of size 39 | Combined Price: 38.73
2026-03-25 22:32:33,158 | INFO | Intra-Kalshi Arbitrage Opportunity: Buy YES on KXCS2GAME-26MAR25CHISPO-CHI at 0.2500 and Buy YES on KXCS2GAME-26MAR25CHISPO-SPO at 0.6800 of size 4 | Combined Price: 3.8500
2026-03-25 22:32:33,158 | INFO | Intra-Kalshi Arbitrage Opportunity: Buy NO on KXCS2GAME-26MAR25CHISPO-CHI at 0.65 and Buy NO on KXCS2GAME-26MAR25CHISPO-SPO at 0.28 of size 4 | Combined Price: 3.85
2026-03-25 22:32:33,158 | INFO | Intra-Kalshi Arbitrage Opportunity: Buy YES on KXCS2GAME-26MAR25CHISPO-SPO at 0.6800 and Buy YES on KXCS2GAME-26MAR25CHISPO-CHI at 0.2500 of size 4 | Combined Price: 3.8500
2026-03-25 22:32:33,158 | INFO | Intra-Kalshi Arbitrage Opportunity: Buy NO on KXCS2GAME-26MAR25CHISPO-SPO at 0.28 and Buy NO on KXCS2GAME-26MAR25CHISPO-CHI at 0.65 of size 4 | Combined Price: 3.85
2026-03-25 22:32:33,158 | INFO | Intra-Kalshi Arbitrage Opportunity: Buy YES on KXNBAGAME-26MAR25HOUMIN-MIN at 0.5600 and Buy YES on KXNBAGAME-26MAR25HOUMIN-HOU at 0.4000 of size 36 | Combined Price: 35.8000
2026-03-25 22:32:33,158 | INFO | Intra-Kalshi Arbitrage Opportunity: Buy YES on KXAHLGAME-26MAR252130CALCOA-CAL at 0.6400 and Buy YES on KXAHLGAME-26MAR252130CALCOA-COA at 0.4200 of size -1 | Combined Price: -1.0800
2026-03-25 22:53:33,083 | INFO | Intra-Kalshi Arbitrage Opportunity: Buy YES on KXAHLGAME-26MAR252000CHIIOW-CHI at 0.2700 and Buy YES on KXAHLGAME-26MAR252000CHIIOW-IOW at 0.0200 of size 1 | Combined Price: 0.3200
2026-03-25 22:53:33,084 | INFO | Intra-Kalshi Arbitrage Opportunity: Sell YES on KXAHLGAME-26MAR252000CHIIOW-CHI at 0.2700 and Sell YES on KXAHLGAME-26MAR252000CHIIOW-IOW at 0.0200 of size 1 | Combined Price: 1.669999999999999928945726424 | Fees: 0.03
2026-03-25 22:53:33,084 | INFO | Intra-Kalshi Arbitrage Opportunity: Buy YES on KXAHLGAME-26MAR252000CHIIOW-IOW at 0.0200 and Buy YES on KXAHLGAME-26MAR252000CHIIOW-CHI at 0.2700 of size 5 | Combined Price: 1.5300
2026-03-25 22:53:33,084 | INFO | Intra-Kalshi Arbitrage Opportunity: Sell YES on KXAHLGAME-26MAR252000CHIIOW-IOW at 0.0200 and Sell YES on KXAHLGAME-26MAR252000CHIIOW-CHI at 0.2700 of size 5 | Combined Price: 8.349999999999999644728632120 | Fees: 0.10
2026-03-25 22:53:37,549 | INFO | Intra-Kalshi Arbitrage Opportunity: Buy YES on KXCS2MAP-26MAR25TALAG-1-TA at 0.9100 and Buy YES on KXCS2MAP-26MAR25TALAG-1-LAG at 0.0100 of size 2 | Combined Price: 1.8700
2026-03-25 22:53:37,549 | INFO | Intra-Kalshi Arbitrage Opportunity: Buy NO on KXCS2MAP-26MAR25TALAG-1-TA at 0.01 and Buy NO on KXCS2MAP-26MAR25TALAG-1-LAG at 0.9 of size 7 | Combined Price: 6.43
