2026-03-21 18:20:44,690 | INFO | Intra-Kalshi Arbitrage Opportunity: Buy NO on KXUFCFIGHT-26MAR21RILASW-RIL at 0.16 and Buy NO on KXUFCFIGHT-26MAR21RILASW-ASW at 0.82 of size 936 | Combined Price: 935.77
2026-03-21 18:20:44,690 | INFO | Intra-Kalshi Arbitrage Opportunity: Buy NO on KXUFCFIGHT-26MAR21RILASW-ASW at 0.82 and Buy NO on KXUFCFIGHT-26MAR21RILASW-RIL at 0.16 of size 936 | Combined Price: 935.77
2026-03-21 18:21:04,721 | INFO | Intra-Kalshi Arbitrage Opportunity: Buy NO on KXCS2MAP-26MAR21REGAINSPO-2-REGAIN at 0.97 and Buy NO on KXCS2MAP-26MAR21REGAINSPO-2-SPO at 0.01 of size 100 | Combined Price: 98.28
2026-03-21 18:21:04,721 | INFO | Intra-Kalshi Arbitrage Opportunity: Buy NO on KXCS2MAP-26MAR21REGAINSPO-2-SPO at 0.01 and Buy NO on KXCS2MAP-26MAR21REGAINSPO-2-REGAIN at 0.97 of size 100 | Combined Price: 98.28
2026-03-21 18:29:25,145 | INFO | Intra-Kalshi Arbitrage Opportunity: Buy NO on KXATPMATCH-26MAR21WALMEN-WAL at 0.57 and Buy NO on KXATPMATCH-26MAR21WALMEN-MEN at 0.39 of size 189 | Combined Price: 187.84
2026-03-21 18:29:25,145 | INFO | Intra-Kalshi Arbitrage Opportunity: Buy NO on KXATPMATCH-26MAR21WALMEN-MEN at 0.39 and Buy NO on KXATPMATCH-26MAR21WALMEN-WAL at 0.57 of size 189 | Combined Price: 187.84
2026-03-21 18:29:25,147 | INFO | Intra-Kalshi Arbitrage Opportunity: Buy YES on KXATPMATCH-26MAR20RUBTAB-RUB at 0.0100 and Buy YES on KXATPMATCH-26MAR20RUBTAB-TAB at 0.9600 of size 2635 | Combined Price: 2564.8700
2026-03-21 18:29:25,147 | INFO | Intra-Kalshi Arbitrage Opportunity: Sell YES on KXATPMATCH-26MAR20RUBTAB-RUB at 0.0100 and Sell YES on KXATPMATCH-26MAR20RUBTAB-TAB at 0.9600 of size 2635 | Combined Price: 2714.050000000000096633812063 | Fees: 8.92
2026-03-21 18:29:25,147 | INFO | Intra-Kalshi Arbitrage Opportunity: Buy YES on KXATPMATCH-26MAR20RUBTAB-TAB at 0.9600 and Buy YES on KXATPMATCH-26MAR20RUBTAB-RUB at 0.0100 of size 2779 | Combined Price: 2705.0300
2026-03-21 18:29:25,147 | INFO | Intra-Kalshi Arbitrage Opportunity: Sell YES on KXATPMATCH-26MAR20RUBTAB-TAB at 0.9600 and Sell YES on KXATPMATCH-26MAR20RUBTAB-RUB at 0.0100 of size 2779 | Combined Price: 2862.370000000000032969182939 | Fees: 9.40
2026-03-21 18:29:29,018 | INFO | Intra-Kalshi Arbitrage Opportunity: Buy YES on KXCODGAME-26MAR21TEXRIYF-TEX at 0.3900 and Buy YES on KXCODGAME-26MAR21TEXRIYF-RIYF at 0.3500 of size 10 | Combined Price: 7.7300
2026-03-21 18:29:29,018 | INFO | Intra-Kalshi Arbitrage Opportunity: Buy NO on KXCODGAME-26MAR21TEXRIYF-TEX at 0.35 and Buy NO on KXCODGAME-26MAR21TEXRIYF-RIYF at 0.38 of size 37 | Combined Price: 28.22
2026-03-21 18:29:29,018 | INFO | Intra-Kalshi Arbitrage Opportunity: Buy YES on KXCODGAME-26MAR21TEXRIYF-RIYF at 0.3500 and Buy YES on KXCODGAME-26MAR21TEXRIYF-TEX at 0.3900 of size 10 | Combined Price: 7.7300
2026-03-21 18:29:29,018 | INFO | Intra-Kalshi Arbitrage Opportunity: Buy NO on KXCODGAME-26MAR21TEXRIYF-RIYF at 0.38 and Buy NO on KXCODGAME-26MAR21TEXRIYF-TEX at 0.35 of size 37 | Combined Price: 28.22
2026-03-21 18:29:29,018 | INFO | Intra-Kalshi Arbitrage Opportunity: Buy YES on KXCS2GAME-26MAR21MAGR2-MAG at 0.1900 and Buy YES on KXCS2GAME-26MAR21MAGR2-R2 at 0.7800 of size 5 | Combined Price: 4.9800
2026-03-21 18:29:29,022 | INFO | Intra-Kalshi Arbitrage Opportunity: Buy YES on KXCS2GAME-26MAR21MAGR2-R2 at 0.7800 and Buy YES on KXCS2GAME-26MAR21MAGR2-MAG at 0.1900 of size 5 | Combined Price: 4.9800
2026-03-21 18:29:29,023 | INFO | Intra-Kalshi Arbitrage Opportunity: Buy YES on KXCS2MAP-26MAR21VITMGLZ-2-VIT at 0.4700 and Buy YES on KXCS2MAP-26MAR21VITMGLZ-2-MGLZ at 0.4700 of size 48 | Combined Price: 46.8000
2026-03-21 18:29:29,023 | INFO | Intra-Kalshi Arbitrage Opportunity: Buy YES on KXCS2MAP-26MAR21VITMGLZ-2-MGLZ at 0.4700 and Buy YES on KXCS2MAP-26MAR21VITMGLZ-2-VIT at 0.4700 of size 48 | Combined Price: 46.8000
2026-03-21 18:29:29,023 | INFO | Intra-Kalshi Arbitrage Opportunity: Buy NO on KXATPMATCH-26MAR21WALMEN-WAL at 0.57 and Buy NO on KXATPMATCH-26MAR21WALMEN-MEN at 0.39 of size 189 | Combined Price: 187.84
2026-03-21 18:29:29,023 | INFO | Intra-Kalshi Arbitrage Opportunity: Buy NO on KXATPMATCH-26MAR21WALMEN-MEN at 0.39 and Buy NO on KXATPMATCH-26MAR21WALMEN-WAL at 0.57 of size 189 | Combined Price: 187.84
2026-03-21 18:29:29,023 | INFO | Intra-Kalshi Arbitrage Opportunity: Buy YES on KXATPMATCH-26MAR20RUBTAB-RUB at 0.0100 and Buy YES on KXATPMATCH-26MAR20RUBTAB-TAB at 0.9600 of size 2364 | Combined Price: 2301.0800
2026-03-21 18:29:29,023 | INFO | Intra-Kalshi Arbitrage Opportunity: Sell YES on KXATPMATCH-26MAR20RUBTAB-RUB at 0.0100 and Sell YES on KXATPMATCH-26MAR20RUBTAB-TAB at 0.9600 of size 2364 | Combined Price: 2434.920000000000129602995003 | Fees: 8.00
2026-03-21 18:29:29,023 | INFO | Intra-Kalshi Arbitrage Opportunity: Buy YES on KXATPMATCH-26MAR20RUBTAB-TAB at 0.9600 and Buy YES on KXATPMATCH-26MAR20RUBTAB-RUB at 0.0100 of size 2493 | Combined Price: 2426.6500
2026-03-21 18:29:29,023 | INFO | Intra-Kalshi Arbitrage Opportunity: Sell YES on KXATPMATCH-26MAR20RUBTAB-TAB at 0.9600 and Sell YES on KXATPMATCH-26MAR20RUBTAB-RUB at 0.0100 of size 2493 | Combined Price: 2567.790000000000162572177942 | Fees: 8.44
2026-03-21 18:29:32,535 | INFO | Intra-Kalshi Arbitrage Opportunity: Buy YES on KXCODGAME-26MAR21TEXRIYF-TEX at 0.3900 and Buy YES on KXCODGAME-26MAR21TEXRIYF-RIYF at 0.3500 of size 10 | Combined Price: 7.7300
2026-03-21 18:29:32,535 | INFO | Intra-Kalshi Arbitrage Opportunity: Buy NO on KXCODGAME-26MAR21TEXRIYF-TEX at 0.35 and Buy NO on KXCODGAME-26MAR21TEXRIYF-RIYF at 0.38 of size 37 | Combined Price: 28.22
2026-03-21 18:29:32,535 | INFO | Intra-Kalshi Arbitrage Opportunity: Buy YES on KXCODGAME-26MAR21TEXRIYF-RIYF at 0.3500 and Buy YES on KXCODGAME-26MAR21TEXRIYF-TEX at 0.3900 of size 10 | Combined Price: 7.7300
2026-03-21 18:29:32,540 | INFO | Intra-Kalshi Arbitrage Opportunity: Buy NO on KXCODGAME-26MAR21TEXRIYF-RIYF at 0.38 and Buy NO on KXCODGAME-26MAR21TEXRIYF-TEX at 0.35 of size 37 | Combined Price: 28.22
2026-03-21 18:29:32,540 | INFO | Intra-Kalshi Arbitrage Opportunity: Buy YES on KXCS2GAME-26MAR21MAGR2-MAG at 0.1900 and Buy YES on KXCS2GAME-26MAR21MAGR2-R2 at 0.7800 of size 5 | Combined Price: 4.9800
2026-03-21 18:29:32,540 | INFO | Intra-Kalshi Arbitrage Opportunity: Buy YES on KXCS2GAME-26MAR21MAGR2-R2 at 0.7800 and Buy YES on KXCS2GAME-26MAR21MAGR2-MAG at 0.1900 of size 5 | Combined Price: 4.9800
2026-03-21 18:29:32,540 | INFO | Intra-Kalshi Arbitrage Opportunity: Buy YES on KXCS2MAP-26MAR21VITMGLZ-2-VIT at 0.4700 and Buy YES on KXCS2MAP-26MAR21VITMGLZ-2-MGLZ at 0.4700 of size 48 | Combined Price: 46.8000
2026-03-21 18:29:32,540 | INFO | Intra-Kalshi Arbitrage Opportunity: Buy YES on KXCS2MAP-26MAR21VITMGLZ-2-MGLZ at 0.4700 and Buy YES on KXCS2MAP-26MAR21VITMGLZ-2-VIT at 0.4700 of size 48 | Combined Price: 46.8000
2026-03-21 18:29:32,540 | INFO | Intra-Kalshi Arbitrage Opportunity: Buy YES on KXNCAAWBGAME-26MAR21SYRISU-ISU at 0.0800 and Buy YES on KXNCAAWBGAME-26MAR21SYRISU-SYR at 0.8700 of size 1 | Combined Price: 0.9700
2026-03-21 18:29:32,540 | INFO | Intra-Kalshi Arbitrage Opportunity: Buy NO on KXNCAAWBGAME-26MAR21SYRISU-ISU at 0.86 and Buy NO on KXNCAAWBGAME-26MAR21SYRISU-SYR at 0.1 of size 107 | Combined Price: 104.31
2026-03-21 18:29:32,540 | INFO | Intra-Kalshi Arbitrage Opportunity: Buy YES on KXNCAAWBGAME-26MAR21SYRISU-SYR at 0.8700 and Buy YES on KXNCAAWBGAME-26MAR21SYRISU-ISU at 0.0800 of size 1 | Combined Price: 0.9700
2026-03-21 18:29:32,540 | INFO | Intra-Kalshi Arbitrage Opportunity: Buy NO on KXNCAAWBGAME-26MAR21SYRISU-SYR at 0.1 and Buy NO on KXNCAAWBGAME-26MAR21SYRISU-ISU at 0.86 of size 107 | Combined Price: 104.31
2026-03-21 18:29:32,540 | INFO | Intra-Kalshi Arbitrage Opportunity: Buy NO on KXATPMATCH-26MAR21WALMEN-WAL at 0.57 and Buy NO on KXATPMATCH-26MAR21WALMEN-MEN at 0.39 of size 189 | Combined Price: 187.84
2026-03-21 18:29:32,540 | INFO | Intra-Kalshi Arbitrage Opportunity: Buy NO on KXATPMATCH-26MAR21WALMEN-MEN at 0.39 and Buy NO on KXATPMATCH-26MAR21WALMEN-WAL at 0.57 of size 189 | Combined Price: 187.84
2026-03-21 18:29:32,540 | INFO | Intra-Kalshi Arbitrage Opportunity: Buy YES on KXATPMATCH-26MAR20RUBTAB-RUB at 0.0100 and Buy YES on KXATPMATCH-26MAR20RUBTAB-TAB at 0.9600 of size 1845 | Combined Price: 1795.8900
2026-03-21 18:29:32,540 | INFO | Intra-Kalshi Arbitrage Opportunity: Sell YES on KXATPMATCH-26MAR20RUBTAB-RUB at 0.0100 and Sell YES on KXATPMATCH-26MAR20RUBTAB-TAB at 0.9600 of size 1845 | Combined Price: 1900.349999999999951683093968 | Fees: 6.24
2026-03-21 18:29:32,540 | INFO | Intra-Kalshi Arbitrage Opportunity: Buy YES on KXATPMATCH-26MAR20RUBTAB-TAB at 0.9600 and Buy YES on KXATPMATCH-26MAR20RUBTAB-RUB at 0.0100 of size 1946 | Combined Price: 1894.2100
2026-03-21 18:29:32,540 | INFO | Intra-Kalshi Arbitrage Opportunity: Sell YES on KXATPMATCH-26MAR20RUBTAB-TAB at 0.9600 and Sell YES on KXATPMATCH-26MAR20RUBTAB-RUB at 0.0100 of size 1946 | Combined Price: 2004.379999999999967030817061 | Fees: 6.59
2026-03-21 18:29:40,477 | INFO | Intra-Kalshi Arbitrage Opportunity: Buy YES on KXCODGAME-26MAR21TEXRIYF-TEX at 0.3800 and Buy YES on KXCODGAME-26MAR21TEXRIYF-RIYF at 0.3500 of size 25 | Combined Price: 19.0700
2026-03-21 18:29:40,477 | INFO | Intra-Kalshi Arbitrage Opportunity: Buy NO on KXCODGAME-26MAR21TEXRIYF-TEX at 0.35 and Buy NO on KXCODGAME-26MAR21TEXRIYF-RIYF at 0.38 of size 37 | Combined Price: 28.22
2026-03-21 18:29:40,477 | INFO | Intra-Kalshi Arbitrage Opportunity: Buy YES on KXCODGAME-26MAR21TEXRIYF-RIYF at 0.3500 and Buy YES on KXCODGAME-26MAR21TEXRIYF-TEX at 0.3800 of size 25 | Combined Price: 19.0700
2026-03-21 18:29:40,477 | INFO | Intra-Kalshi Arbitrage Opportunity: Buy NO on KXCODGAME-26MAR21TEXRIYF-RIYF at 0.38 and Buy NO on KXCODGAME-26MAR21TEXRIYF-TEX at 0.35 of size 37 | Combined Price: 28.22
2026-03-21 18:29:40,483 | INFO | Intra-Kalshi Arbitrage Opportunity: Buy YES on KXCS2GAME-26MAR21MAGR2-MAG at 0.1900 and Buy YES on KXCS2GAME-26MAR21MAGR2-R2 at 0.7800 of size 5 | Combined Price: 4.9800
2026-03-21 18:29:40,483 | INFO | Intra-Kalshi Arbitrage Opportunity: Buy YES on KXCS2GAME-26MAR21MAGR2-R2 at 0.7800 and Buy YES on KXCS2GAME-26MAR21MAGR2-MAG at 0.1900 of size 5 | Combined Price: 4.9800
2026-03-21 18:29:40,483 | INFO | Intra-Kalshi Arbitrage Opportunity: Buy YES on KXCS2MAP-26MAR21VITMGLZ-2-VIT at 0.4700 and Buy YES on KXCS2MAP-26MAR21VITMGLZ-2-MGLZ at 0.4600 of size 48 | Combined Price: 46.3200
2026-03-21 18:29:40,483 | INFO | Intra-Kalshi Arbitrage Opportunity: Buy NO on KXCS2MAP-26MAR21VITMGLZ-2-VIT at 0.42 and Buy NO on KXCS2MAP-26MAR21VITMGLZ-2-MGLZ at 0.49 of size 22 | Combined Price: 20.79
2026-03-21 18:29:40,483 | INFO | Intra-Kalshi Arbitrage Opportunity: Sell YES on KXCS2MAP-26MAR21VITMGLZ-2-VIT at 0.4700 and Sell YES on KXCS2MAP-26MAR21VITMGLZ-2-MGLZ at 0.4600 of size 22 | Combined Price: 23.98000000000000042632564146 | Fees: 0.77
2026-03-21 18:29:40,483 | INFO | Intra-Kalshi Arbitrage Opportunity: Buy YES on KXCS2MAP-26MAR21VITMGLZ-2-MGLZ at 0.4600 and Buy YES on KXCS2MAP-26MAR21VITMGLZ-2-VIT at 0.4700 of size 48 | Combined Price: 46.3200
2026-03-21 18:29:40,483 | INFO | Intra-Kalshi Arbitrage Opportunity: Buy NO on KXCS2MAP-26MAR21VITMGLZ-2-MGLZ at 0.49 and Buy NO on KXCS2MAP-26MAR21VITMGLZ-2-VIT at 0.42 of size 22 | Combined Price: 20.79
2026-03-21 18:29:40,483 | INFO | Intra-Kalshi Arbitrage Opportunity: Sell YES on KXCS2MAP-26MAR21VITMGLZ-2-MGLZ at 0.4600 and Sell YES on KXCS2MAP-26MAR21VITMGLZ-2-VIT at 0.4700 of size 22 | Combined Price: 23.98000000000000042632564146 | Fees: 0.77
2026-03-21 18:29:40,483 | INFO | Intra-Kalshi Arbitrage Opportunity: Buy YES on KXNCAAWBGAME-26MAR21SYRISU-ISU at 0.0800 and Buy YES on KXNCAAWBGAME-26MAR21SYRISU-SYR at 0.8700 of size 1 | Combined Price: 0.9700
2026-03-21 18:29:40,483 | INFO | Intra-Kalshi Arbitrage Opportunity: Buy NO on KXNCAAWBGAME-26MAR21SYRISU-ISU at 0.86 and Buy NO on KXNCAAWBGAME-26MAR21SYRISU-SYR at 0.09 of size 123 | Combined Price: 118.60
2026-03-21 18:29:40,483 | INFO | Intra-Kalshi Arbitrage Opportunity: Buy YES on KXNCAAWBGAME-26MAR21SYRISU-SYR at 0.8700 and Buy YES on KXNCAAWBGAME-26MAR21SYRISU-ISU at 0.0800 of size 1 | Combined Price: 0.9700
2026-03-21 18:29:40,483 | INFO | Intra-Kalshi Arbitrage Opportunity: Buy NO on KXNCAAWBGAME-26MAR21SYRISU-SYR at 0.09 and Buy NO on KXNCAAWBGAME-26MAR21SYRISU-ISU at 0.86 of size 123 | Combined Price: 118.60
2026-03-21 18:29:40,494 | INFO | Intra-Kalshi Arbitrage Opportunity: Buy NO on KXATPMATCH-26MAR21WALMEN-WAL at 0.57 and Buy NO on KXATPMATCH-26MAR21WALMEN-MEN at 0.39 of size 189 | Combined Price: 187.84
2026-03-21 18:29:40,494 | INFO | Intra-Kalshi Arbitrage Opportunity: Buy NO on KXATPMATCH-26MAR21WALMEN-MEN at 0.39 and Buy NO on KXATPMATCH-26MAR21WALMEN-WAL at 0.57 of size 189 | Combined Price: 187.84
2026-03-21 18:29:40,494 | INFO | Intra-Kalshi Arbitrage Opportunity: Buy YES on KXATPMATCH-26MAR20RUBTAB-RUB at 0.0100 and Buy YES on KXATPMATCH-26MAR20RUBTAB-TAB at 0.9600 of size 1221 | Combined Price: 1188.5100
2026-03-21 18:29:40,494 | INFO | Intra-Kalshi Arbitrage Opportunity: Sell YES on KXATPMATCH-26MAR20RUBTAB-RUB at 0.0100 and Sell YES on KXATPMATCH-26MAR20RUBTAB-TAB at 0.9600 of size 1221 | Combined Price: 1257.629999999999967030817061 | Fees: 4.14
2026-03-21 18:29:40,494 | INFO | Intra-Kalshi Arbitrage Opportunity: Buy YES on KXATPMATCH-26MAR20RUBTAB-TAB at 0.9600 and Buy YES on KXATPMATCH-26MAR20RUBTAB-RUB at 0.0100 of size 1288 | Combined Price: 1253.7300
2026-03-21 18:29:40,494 | INFO | Intra-Kalshi Arbitrage Opportunity: Sell YES on KXATPMATCH-26MAR20RUBTAB-TAB at 0.9600 and Sell YES on KXATPMATCH-26MAR20RUBTAB-RUB at 0.0100 of size 1288 | Combined Price: 1326.639999999999893987023825 | Fees: 4.37
2026-03-21 18:29:52,578 | INFO | Intra-Kalshi Arbitrage Opportunity: Buy YES on KXCODGAME-26MAR21TEXRIYF-TEX at 0.3800 and Buy YES on KXCODGAME-26MAR21TEXRIYF-RIYF at 0.3500 of size 22 | Combined Price: 16.7900
2026-03-21 18:29:52,578 | INFO | Intra-Kalshi Arbitrage Opportunity: Buy NO on KXCODGAME-26MAR21TEXRIYF-TEX at 0.35 and Buy NO on KXCODGAME-26MAR21TEXRIYF-RIYF at 0.38 of size 37 | Combined Price: 28.22
2026-03-21 18:29:52,590 | INFO | Intra-Kalshi Arbitrage Opportunity: Buy YES on KXCODGAME-26MAR21TEXRIYF-RIYF at 0.3500 and Buy YES on KXCODGAME-26MAR21TEXRIYF-TEX at 0.3800 of size 22 | Combined Price: 16.7900
2026-03-21 18:29:52,590 | INFO | Intra-Kalshi Arbitrage Opportunity: Buy NO on KXCODGAME-26MAR21TEXRIYF-RIYF at 0.38 and Buy NO on KXCODGAME-26MAR21TEXRIYF-TEX at 0.35 of size 37 | Combined Price: 28.22
2026-03-21 18:29:52,590 | INFO | Intra-Kalshi Arbitrage Opportunity: Buy YES on KXCS2GAME-26MAR21MAGR2-MAG at 0.1900 and Buy YES on KXCS2GAME-26MAR21MAGR2-R2 at 0.7800 of size 5 | Combined Price: 4.9800
2026-03-21 18:29:52,590 | INFO | Intra-Kalshi Arbitrage Opportunity: Buy YES on KXCS2GAME-26MAR21MAGR2-R2 at 0.7800 and Buy YES on KXCS2GAME-26MAR21MAGR2-MAG at 0.1900 of size 5 | Combined Price: 4.9800
2026-03-21 18:29:52,594 | INFO | Intra-Kalshi Arbitrage Opportunity: Buy YES on KXCS2MAP-26MAR21VITMGLZ-2-VIT at 0.4700 and Buy YES on KXCS2MAP-26MAR21VITMGLZ-2-MGLZ at 0.4500 of size 48 | Combined Price: 45.8400
2026-03-21 18:29:52,594 | INFO | Intra-Kalshi Arbitrage Opportunity: Buy NO on KXCS2MAP-26MAR21VITMGLZ-2-VIT at 0.42 and Buy NO on KXCS2MAP-26MAR21VITMGLZ-2-MGLZ at 0.49 of size 22 | Combined Price: 20.79
2026-03-21 18:29:52,594 | INFO | Intra-Kalshi Arbitrage Opportunity: Sell YES on KXCS2MAP-26MAR21VITMGLZ-2-VIT at 0.4700 and Sell YES on KXCS2MAP-26MAR21VITMGLZ-2-MGLZ at 0.4500 of size 22 | Combined Price: 23.98000000000000042632564146 | Fees: 0.77
2026-03-21 18:29:52,594 | INFO | Intra-Kalshi Arbitrage Opportunity: Buy YES on KXCS2MAP-26MAR21VITMGLZ-2-MGLZ at 0.4500 and Buy YES on KXCS2MAP-26MAR21VITMGLZ-2-VIT at 0.4700 of size 48 | Combined Price: 45.8400
2026-03-21 18:29:52,594 | INFO | Intra-Kalshi Arbitrage Opportunity: Buy NO on KXCS2MAP-26MAR21VITMGLZ-2-MGLZ at 0.49 and Buy NO on KXCS2MAP-26MAR21VITMGLZ-2-VIT at 0.42 of size 22 | Combined Price: 20.79
2026-03-21 18:29:52,594 | INFO | Intra-Kalshi Arbitrage Opportunity: Sell YES on KXCS2MAP-26MAR21VITMGLZ-2-MGLZ at 0.4500 and Sell YES on KXCS2MAP-26MAR21VITMGLZ-2-VIT at 0.4700 of size 22 | Combined Price: 23.98000000000000042632564146 | Fees: 0.77
2026-03-21 18:29:52,594 | INFO | Intra-Kalshi Arbitrage Opportunity: Buy YES on KXCS2GAME-26MAR21VITMGLZ-VIT at 0.8600 and Buy YES on KXCS2GAME-26MAR21VITMGLZ-MGLZ at 0.1200 of size 15 | Combined Price: 14.9500
2026-03-21 18:29:52,594 | INFO | Intra-Kalshi Arbitrage Opportunity: Buy YES on KXCS2GAME-26MAR21VITMGLZ-MGLZ at 0.1200 and Buy YES on KXCS2GAME-26MAR21VITMGLZ-VIT at 0.8600 of size 15 | Combined Price: 14.9500
2026-03-21 18:29:52,594 | INFO | Intra-Kalshi Arbitrage Opportunity: Buy YES on KXNCAAWBGAME-26MAR21SYRISU-ISU at 0.0700 and Buy YES on KXNCAAWBGAME-26MAR21SYRISU-SYR at 0.8700 of size 1 | Combined Price: 0.9600
2026-03-21 18:29:52,594 | INFO | Intra-Kalshi Arbitrage Opportunity: Buy NO on KXNCAAWBGAME-26MAR21SYRISU-ISU at 0.86 and Buy NO on KXNCAAWBGAME-26MAR21SYRISU-SYR at 0.07 of size 171 | Combined Price: 161.26
2026-03-21 18:29:52,594 | INFO | Intra-Kalshi Arbitrage Opportunity: Buy YES on KXNCAAWBGAME-26MAR21SYRISU-SYR at 0.8700 and Buy YES on KXNCAAWBGAME-26MAR21SYRISU-ISU at 0.0700 of size 1 | Combined Price: 0.9600
2026-03-21 18:29:52,594 | INFO | Intra-Kalshi Arbitrage Opportunity: Buy NO on KXNCAAWBGAME-26MAR21SYRISU-SYR at 0.07 and Buy NO on KXNCAAWBGAME-26MAR21SYRISU-ISU at 0.86 of size 171 | Combined Price: 161.26
2026-03-21 18:29:52,594 | INFO | Intra-Kalshi Arbitrage Opportunity: Buy NO on KXATPMATCH-26MAR21WALMEN-WAL at 0.57 and Buy NO on KXATPMATCH-26MAR21WALMEN-MEN at 0.38 of size 103 | Combined Price: 101.32
2026-03-21 18:29:52,594 | INFO | Intra-Kalshi Arbitrage Opportunity: Buy NO on KXATPMATCH-26MAR21WALMEN-MEN at 0.38 and Buy NO on KXATPMATCH-26MAR21WALMEN-WAL at 0.57 of size 103 | Combined Price: 101.32
2026-03-21 18:29:52,610 | INFO | Intra-Kalshi Arbitrage Opportunity: Buy YES on KXATPMATCH-26MAR20RUBTAB-RUB at 0.0100 and Buy YES on KXATPMATCH-26MAR20RUBTAB-TAB at 0.9600 of size 592 | Combined Price: 576.2600
2026-03-21 18:29:52,610 | INFO | Intra-Kalshi Arbitrage Opportunity: Sell YES on KXATPMATCH-26MAR20RUBTAB-RUB at 0.0100 and Sell YES on KXATPMATCH-26MAR20RUBTAB-TAB at 0.9600 of size 592 | Combined Price: 609.7600000000000406430444855 | Fees: 2.02
2026-03-21 18:29:52,610 | INFO | Intra-Kalshi Arbitrage Opportunity: Buy YES on KXATPMATCH-26MAR20RUBTAB-TAB at 0.9600 and Buy YES on KXATPMATCH-26MAR20RUBTAB-RUB at 0.0100 of size 624 | Combined Price: 607.4000
2026-03-21 18:29:52,610 | INFO | Intra-Kalshi Arbitrage Opportunity: Sell YES on KXATPMATCH-26MAR20RUBTAB-TAB at 0.9600 and Sell YES on KXATPMATCH-26MAR20RUBTAB-RUB at 0.0100 of size 624 | Combined Price: 642.7199999999999917577042652 | Fees: 2.12
2026-03-21 18:30:07,813 | INFO | Intra-Kalshi Arbitrage Opportunity: Buy NO on KXCS2GAME-26MAR21MWPRO-MW at 0.64 and Buy NO on KXCS2GAME-26MAR21MWPRO-PRO at 0.32 of size 8 | Combined Price: 7.94
2026-03-21 18:30:07,813 | INFO | Intra-Kalshi Arbitrage Opportunity: Buy NO on KXCS2GAME-26MAR21MWPRO-PRO at 0.32 and Buy NO on KXCS2GAME-26MAR21MWPRO-MW at 0.64 of size 8 | Combined Price: 7.94
2026-03-21 18:30:07,813 | INFO | Intra-Kalshi Arbitrage Opportunity: Buy YES on KXCODGAME-26MAR21TEXRIYF-TEX at 0.3900 and Buy YES on KXCODGAME-26MAR21TEXRIYF-RIYF at 0.3500 of size 25 | Combined Price: 19.3200
2026-03-21 18:30:07,813 | INFO | Intra-Kalshi Arbitrage Opportunity: Buy NO on KXCODGAME-26MAR21TEXRIYF-TEX at 0.35 and Buy NO on KXCODGAME-26MAR21TEXRIYF-RIYF at 0.38 of size 17 | Combined Price: 12.98
2026-03-21 18:30:07,813 | INFO | Intra-Kalshi Arbitrage Opportunity: Buy YES on KXCODGAME-26MAR21TEXRIYF-RIYF at 0.3500 and Buy YES on KXCODGAME-26MAR21TEXRIYF-TEX at 0.3900 of size 25 | Combined Price: 19.3200
2026-03-21 18:30:07,813 | INFO | Intra-Kalshi Arbitrage Opportunity: Buy NO on KXCODGAME-26MAR21TEXRIYF-RIYF at 0.38 and Buy NO on KXCODGAME-26MAR21TEXRIYF-TEX at 0.35 of size 17 | Combined Price: 12.98
2026-03-21 18:30:07,829 | INFO | Intra-Kalshi Arbitrage Opportunity: Buy YES on KXCS2GAME-26MAR21MAGR2-MAG at 0.1800 and Buy YES on KXCS2GAME-26MAR21MAGR2-R2 at 0.7800 of size 5 | Combined Price: 4.9300
2026-03-21 18:30:07,829 | INFO | Intra-Kalshi Arbitrage Opportunity: Buy YES on KXCS2GAME-26MAR21MAGR2-R2 at 0.7800 and Buy YES on KXCS2GAME-26MAR21MAGR2-MAG at 0.1800 of size 5 | Combined Price: 4.9300
2026-03-21 18:30:07,834 | INFO | Intra-Kalshi Arbitrage Opportunity: Buy YES on KXCS2MAP-26MAR21VITMGLZ-2-VIT at 0.4700 and Buy YES on KXCS2MAP-26MAR21VITMGLZ-2-MGLZ at 0.4500 of size 48 | Combined Price: 45.8400
2026-03-21 18:30:07,834 | INFO | Intra-Kalshi Arbitrage Opportunity: Buy NO on KXCS2MAP-26MAR21VITMGLZ-2-VIT at 0.42 and Buy NO on KXCS2MAP-26MAR21VITMGLZ-2-MGLZ at 0.49 of size 22 | Combined Price: 20.79
2026-03-21 18:30:07,834 | INFO | Intra-Kalshi Arbitrage Opportunity: Sell YES on KXCS2MAP-26MAR21VITMGLZ-2-VIT at 0.4700 and Sell YES on KXCS2MAP-26MAR21VITMGLZ-2-MGLZ at 0.4500 of size 22 | Combined Price: 23.98000000000000042632564146 | Fees: 0.77
2026-03-21 18:30:07,834 | INFO | Intra-Kalshi Arbitrage Opportunity: Buy YES on KXCS2MAP-26MAR21VITMGLZ-2-MGLZ at 0.4500 and Buy YES on KXCS2MAP-26MAR21VITMGLZ-2-VIT at 0.4700 of size 48 | Combined Price: 45.8400
2026-03-21 18:30:07,834 | INFO | Intra-Kalshi Arbitrage Opportunity: Buy NO on KXCS2MAP-26MAR21VITMGLZ-2-MGLZ at 0.49 and Buy NO on KXCS2MAP-26MAR21VITMGLZ-2-VIT at 0.42 of size 22 | Combined Price: 20.79
2026-03-21 18:30:07,834 | INFO | Intra-Kalshi Arbitrage Opportunity: Sell YES on KXCS2MAP-26MAR21VITMGLZ-2-MGLZ at 0.4500 and Sell YES on KXCS2MAP-26MAR21VITMGLZ-2-VIT at 0.4700 of size 22 | Combined Price: 23.98000000000000042632564146 | Fees: 0.77
2026-03-21 18:30:07,834 | INFO | Intra-Kalshi Arbitrage Opportunity: Buy YES on KXCS2GAME-26MAR21VITMGLZ-VIT at 0.8600 and Buy YES on KXCS2GAME-26MAR21VITMGLZ-MGLZ at 0.1200 of size 15 | Combined Price: 14.9500
2026-03-21 18:30:07,834 | INFO | Intra-Kalshi Arbitrage Opportunity: Buy YES on KXCS2GAME-26MAR21VITMGLZ-MGLZ at 0.1200 and Buy YES on KXCS2GAME-26MAR21VITMGLZ-VIT at 0.8600 of size 15 | Combined Price: 14.9500
2026-03-21 18:30:07,834 | INFO | Intra-Kalshi Arbitrage Opportunity: Buy YES on KXNCAAWBGAME-26MAR21SYRISU-ISU at 0.0500 and Buy YES on KXNCAAWBGAME-26MAR21SYRISU-SYR at 0.8700 of size 1 | Combined Price: 0.9400
2026-03-21 18:30:07,834 | INFO | Intra-Kalshi Arbitrage Opportunity: Buy NO on KXNCAAWBGAME-26MAR21SYRISU-ISU at 0.86 and Buy NO on KXNCAAWBGAME-26MAR21SYRISU-SYR at 0.06 of size 468 | Combined Price: 436.36
2026-03-21 18:30:07,834 | INFO | Intra-Kalshi Arbitrage Opportunity: Buy YES on KXNCAAWBGAME-26MAR21PRINOKST-OKST at 0.7000 and Buy YES on KXNCAAWBGAME-26MAR21PRINOKST-PRIN at 0.3100 of size -6 | Combined Price: -6.2200
2026-03-21 18:30:22,775 | INFO | Intra-Kalshi Arbitrage Opportunity: Buy YES on KXCODGAME-26MAR21TEXRIYF-TEX at 0.3900 and Buy YES on KXCODGAME-26MAR21TEXRIYF-RIYF at 0.3500 of size 1 | Combined Price: 0.7800
2026-03-21 18:30:22,777 | INFO | Intra-Kalshi Arbitrage Opportunity: Sell YES on KXCS2MAP-26MAR21VITMGLZ-2-VIT at 0.4700 and Sell YES on KXCS2MAP-26MAR21VITMGLZ-2-MGLZ at 0.4500 of size 22 | Combined Price: 23.98000000000000042632564146 | Fees: 0.77
2026-03-21 18:30:22,777 | INFO | Intra-Kalshi Arbitrage Opportunity: Buy YES on KXCS2MAP-26MAR21VITMGLZ-2-MGLZ at 0.4500 and Buy YES on KXCS2MAP-26MAR21VITMGLZ-2-VIT at 0.4700 of size 25 | Combined Price: 23.8800
2026-03-21 18:30:22,777 | INFO | Intra-Kalshi Arbitrage Opportunity: Sell YES on KXCS2MAP-26MAR21VITMGLZ-2-MGLZ at 0.4500 and Sell YES on KXCS2MAP-26MAR21VITMGLZ-2-VIT at 0.4700 of size 22 | Combined Price: 23.98000000000000042632564146 | Fees: 0.77
2026-03-21 18:30:22,777 | INFO | Intra-Kalshi Arbitrage Opportunity: Buy YES on KXCS2GAME-26MAR21VITMGLZ-VIT at 0.8600 and Buy YES on KXCS2GAME-26MAR21VITMGLZ-MGLZ at 0.1200 of size 15 | Combined Price: 14.9500
2026-03-21 18:30:22,777 | INFO | Intra-Kalshi Arbitrage Opportunity: Buy YES on KXCS2GAME-26MAR21VITMGLZ-MGLZ at 0.1200 and Buy YES on KXCS2GAME-26MAR21VITMGLZ-VIT at 0.8600 of size 7 | Combined Price: 6.9800
2026-03-21 18:30:34,829 | INFO | Intra-Kalshi Arbitrage Opportunity: Buy YES on KXCODGAME-26MAR21TEXRIYF-TEX at 0.4000 and Buy YES on KXCODGAME-26MAR21TEXRIYF-RIYF at 0.3500 of size 1 | Combined Price: 0.7900
2026-03-21 18:30:34,845 | INFO | Intra-Kalshi Arbitrage Opportunity: Sell YES on KXCS2MAP-26MAR21VITMGLZ-2-VIT at 0.4700 and Sell YES on KXCS2MAP-26MAR21VITMGLZ-2-MGLZ at 0.4500 of size 22 | Combined Price: 23.98000000000000042632564146 | Fees: 0.77
2026-03-21 18:30:34,845 | INFO | Intra-Kalshi Arbitrage Opportunity: Buy YES on KXCS2MAP-26MAR21VITMGLZ-2-MGLZ at 0.4500 and Buy YES on KXCS2MAP-26MAR21VITMGLZ-2-VIT at 0.4700 of size 25 | Combined Price: 23.8800
2026-03-21 18:30:34,845 | INFO | Intra-Kalshi Arbitrage Opportunity: Sell YES on KXCS2MAP-26MAR21VITMGLZ-2-MGLZ at 0.4500 and Sell YES on KXCS2MAP-26MAR21VITMGLZ-2-VIT at 0.4700 of size 22 | Combined Price: 23.98000000000000042632564146 | Fees: 0.77
2026-03-21 18:30:34,845 | INFO | Intra-Kalshi Arbitrage Opportunity: Buy YES on KXCS2GAME-26MAR21VITMGLZ-VIT at 0.8600 and Buy YES on KXCS2GAME-26MAR21VITMGLZ-MGLZ at 0.1200 of size 15 | Combined Price: 14.9500
2026-03-21 18:30:34,845 | INFO | Intra-Kalshi Arbitrage Opportunity: Buy YES on KXCS2GAME-26MAR21VITMGLZ-MGLZ at 0.1200 and Buy YES on KXCS2GAME-26MAR21VITMGLZ-VIT at 0.8600 of size 7 | Combined Price: 6.9800
2026-03-21 18:30:38,096 | INFO | Intra-Kalshi Arbitrage Opportunity: Sell YES on KXCS2MAP-26MAR21VITMGLZ-2-VIT at 0.4700 and Sell YES on KXCS2MAP-26MAR21VITMGLZ-2-MGLZ at 0.4500 of size 22 | Combined Price: 23.98000000000000042632564146 | Fees: 0.77
2026-03-21 18:30:38,096 | INFO | Intra-Kalshi Arbitrage Opportunity: Buy YES on KXCS2MAP-26MAR21VITMGLZ-2-MGLZ at 0.4500 and Buy YES on KXCS2MAP-26MAR21VITMGLZ-2-VIT at 0.4700 of size 25 | Combined Price: 23.8800
2026-03-21 18:30:38,096 | INFO | Intra-Kalshi Arbitrage Opportunity: Sell YES on KXCS2MAP-26MAR21VITMGLZ-2-MGLZ at 0.4500 and Sell YES on KXCS2MAP-26MAR21VITMGLZ-2-VIT at 0.4700 of size 22 | Combined Price: 23.98000000000000042632564146 | Fees: 0.77
2026-03-21 18:30:38,096 | INFO | Intra-Kalshi Arbitrage Opportunity: Buy YES on KXCS2GAME-26MAR21VITMGLZ-VIT at 0.8600 and Buy YES on KXCS2GAME-26MAR21VITMGLZ-MGLZ at 0.1200 of size 15 | Combined Price: 14.9500
2026-03-21 18:30:38,096 | INFO | Intra-Kalshi Arbitrage Opportunity: Buy YES on KXCS2GAME-26MAR21VITMGLZ-MGLZ at 0.1200 and Buy YES on KXCS2GAME-26MAR21VITMGLZ-VIT at 0.8600 of size 8 | Combined Price: 7.9700
2026-03-21 18:30:39,279 | INFO | Intra-Kalshi Arbitrage Opportunity: Sell YES on KXCS2MAP-26MAR21VITMGLZ-2-VIT at 0.4700 and Sell YES on KXCS2MAP-26MAR21VITMGLZ-2-MGLZ at 0.4500 of size 22 | Combined Price: 23.98000000000000042632564146 | Fees: 0.77
2026-03-21 18:30:39,279 | INFO | Intra-Kalshi Arbitrage Opportunity: Buy YES on KXCS2MAP-26MAR21VITMGLZ-2-MGLZ at 0.4500 and Buy YES on KXCS2MAP-26MAR21VITMGLZ-2-VIT at 0.4700 of size 25 | Combined Price: 23.8800
2026-03-21 18:30:39,294 | INFO | Intra-Kalshi Arbitrage Opportunity: Sell YES on KXCS2MAP-26MAR21VITMGLZ-2-MGLZ at 0.4500 and Sell YES on KXCS2MAP-26MAR21VITMGLZ-2-VIT at 0.4700 of size 22 | Combined Price: 23.98000000000000042632564146 | Fees: 0.77
2026-03-21 18:30:39,294 | INFO | Intra-Kalshi Arbitrage Opportunity: Buy YES on KXCS2GAME-26MAR21VITMGLZ-VIT at 0.8600 and Buy YES on KXCS2GAME-26MAR21VITMGLZ-MGLZ at 0.1200 of size 15 | Combined Price: 14.9500
2026-03-21 18:30:39,294 | INFO | Intra-Kalshi Arbitrage Opportunity: Buy YES on KXCS2GAME-26MAR21VITMGLZ-MGLZ at 0.1200 and Buy YES on KXCS2GAME-26MAR21VITMGLZ-VIT at 0.8600 of size 8 | Combined Price: 7.9700
2026-03-21 18:30:39,294 | INFO | Intra-Kalshi Arbitrage Opportunity: Buy NO on KXAHLGAME-26MAR211500TUCMAN-TUC at 0.05 and Buy NO on KXAHLGAME-26MAR211500TUCMAN-MAN at 0.99 of size -1 | Combined Price: -1.04
2026-03-21 18:30:39,294 | INFO | Intra-Kalshi Arbitrage Opportunity: Buy YES on KXNCAAWBGAME-26MAR21SYRISU-ISU at 0.0500 and Buy YES on KXNCAAWBGAME-26MAR21SYRISU-SYR at 0.8700 of size 1 | Combined Price: 0.9400
2026-03-21 18:30:39,294 | INFO | Intra-Kalshi Arbitrage Opportunity: Buy YES on KXNCAAWBGAME-26MAR21PRINOKST-OKST at 0.7000 and Buy YES on KXNCAAWBGAME-26MAR21PRINOKST-PRIN at 0.3100 of size -1 | Combined Price: -1.0300
2026-03-21 18:30:40,371 | INFO | Intra-Kalshi Arbitrage Opportunity: Buy YES on KXCODGAME-26MAR21TEXRIYF-TEX at 0.4000 and Buy YES on KXCODGAME-26MAR21TEXRIYF-RIYF at 0.3500 of size 1 | Combined Price: 0.7900
2026-03-21 18:30:40,371 | INFO | Intra-Kalshi Arbitrage Opportunity: Sell YES on KXCS2MAP-26MAR21VITMGLZ-2-VIT at 0.4700 and Sell YES on KXCS2MAP-26MAR21VITMGLZ-2-MGLZ at 0.4500 of size 22 | Combined Price: 23.98000000000000042632564146 | Fees: 0.77
2026-03-21 18:30:40,387 | INFO | Intra-Kalshi Arbitrage Opportunity: Buy YES on KXCS2MAP-26MAR21VITMGLZ-2-MGLZ at 0.4500 and Buy YES on KXCS2MAP-26MAR21VITMGLZ-2-VIT at 0.4700 of size 25 | Combined Price: 23.8800
2026-03-21 18:30:40,387 | INFO | Intra-Kalshi Arbitrage Opportunity: Sell YES on KXCS2MAP-26MAR21VITMGLZ-2-MGLZ at 0.4500 and Sell YES on KXCS2MAP-26MAR21VITMGLZ-2-VIT at 0.4700 of size 22 | Combined Price: 23.98000000000000042632564146 | Fees: 0.77
2026-03-21 18:30:40,387 | INFO | Intra-Kalshi Arbitrage Opportunity: Buy YES on KXCS2GAME-26MAR21VITMGLZ-VIT at 0.8600 and Buy YES on KXCS2GAME-26MAR21VITMGLZ-MGLZ at 0.1200 of size 15 | Combined Price: 14.9500
2026-03-21 18:30:40,387 | INFO | Intra-Kalshi Arbitrage Opportunity: Buy YES on KXCS2GAME-26MAR21VITMGLZ-MGLZ at 0.1200 and Buy YES on KXCS2GAME-26MAR21VITMGLZ-VIT at 0.8600 of size 7 | Combined Price: 6.9800
2026-03-21 18:30:41,453 | INFO | Intra-Kalshi Arbitrage Opportunity: Buy YES on KXCODGAME-26MAR21TEXRIYF-TEX at 0.4000 and Buy YES on KXCODGAME-26MAR21TEXRIYF-RIYF at 0.3500 of size 1 | Combined Price: 0.7900
2026-03-21 18:30:41,469 | INFO | Intra-Kalshi Arbitrage Opportunity: Sell YES on KXCS2MAP-26MAR21VITMGLZ-2-VIT at 0.4700 and Sell YES on KXCS2MAP-26MAR21VITMGLZ-2-MGLZ at 0.4500 of size 22 | Combined Price: 23.98000000000000042632564146 | Fees: 0.77
2026-03-21 18:30:41,469 | INFO | Intra-Kalshi Arbitrage Opportunity: Buy YES on KXCS2MAP-26MAR21VITMGLZ-2-MGLZ at 0.4500 and Buy YES on KXCS2MAP-26MAR21VITMGLZ-2-VIT at 0.4700 of size 25 | Combined Price: 23.8800
2026-03-21 18:30:41,469 | INFO | Intra-Kalshi Arbitrage Opportunity: Sell YES on KXCS2MAP-26MAR21VITMGLZ-2-MGLZ at 0.4500 and Sell YES on KXCS2MAP-26MAR21VITMGLZ-2-VIT at 0.4700 of size 22 | Combined Price: 23.98000000000000042632564146 | Fees: 0.77
2026-03-21 18:30:41,469 | INFO | Intra-Kalshi Arbitrage Opportunity: Buy YES on KXCS2GAME-26MAR21VITMGLZ-VIT at 0.8600 and Buy YES on KXCS2GAME-26MAR21VITMGLZ-MGLZ at 0.1200 of size 15 | Combined Price: 14.9500
2026-03-21 18:30:41,469 | INFO | Intra-Kalshi Arbitrage Opportunity: Buy YES on KXCS2GAME-26MAR21VITMGLZ-MGLZ at 0.1200 and Buy YES on KXCS2GAME-26MAR21VITMGLZ-VIT at 0.8600 of size 7 | Combined Price: 6.9800
2026-03-21 18:30:42,558 | INFO | Intra-Kalshi Arbitrage Opportunity: Sell YES on KXCS2MAP-26MAR21VITMGLZ-2-VIT at 0.4700 and Sell YES on KXCS2MAP-26MAR21VITMGLZ-2-MGLZ at 0.4500 of size 22 | Combined Price: 23.98000000000000042632564146 | Fees: 0.77
2026-03-21 18:30:42,558 | INFO | Intra-Kalshi Arbitrage Opportunity: Buy YES on KXCS2MAP-26MAR21VITMGLZ-2-MGLZ at 0.4500 and Buy YES on KXCS2MAP-26MAR21VITMGLZ-2-VIT at 0.4700 of size 25 | Combined Price: 23.8800
2026-03-21 18:30:42,558 | INFO | Intra-Kalshi Arbitrage Opportunity: Sell YES on KXCS2MAP-26MAR21VITMGLZ-2-MGLZ at 0.4500 and Sell YES on KXCS2MAP-26MAR21VITMGLZ-2-VIT at 0.4700 of size 22 | Combined Price: 23.98000000000000042632564146 | Fees: 0.77
2026-03-21 18:30:42,558 | INFO | Intra-Kalshi Arbitrage Opportunity: Buy YES on KXCS2GAME-26MAR21VITMGLZ-VIT at 0.8600 and Buy YES on KXCS2GAME-26MAR21VITMGLZ-MGLZ at 0.1200 of size 15 | Combined Price: 14.9500
2026-03-21 18:30:42,558 | INFO | Intra-Kalshi Arbitrage Opportunity: Buy YES on KXCS2GAME-26MAR21VITMGLZ-MGLZ at 0.1200 and Buy YES on KXCS2GAME-26MAR21VITMGLZ-VIT at 0.8600 of size 8 | Combined Price: 7.9700
2026-03-21 18:30:43,652 | INFO | Intra-Kalshi Arbitrage Opportunity: Sell YES on KXCS2MAP-26MAR21VITMGLZ-2-VIT at 0.4700 and Sell YES on KXCS2MAP-26MAR21VITMGLZ-2-MGLZ at 0.4500 of size 22 | Combined Price: 23.98000000000000042632564146 | Fees: 0.77
2026-03-21 18:30:43,653 | INFO | Intra-Kalshi Arbitrage Opportunity: Buy YES on KXCS2MAP-26MAR21VITMGLZ-2-MGLZ at 0.4500 and Buy YES on KXCS2MAP-26MAR21VITMGLZ-2-VIT at 0.4700 of size 25 | Combined Price: 23.8800
2026-03-21 18:30:43,653 | INFO | Intra-Kalshi Arbitrage Opportunity: Sell YES on KXCS2MAP-26MAR21VITMGLZ-2-MGLZ at 0.4500 and Sell YES on KXCS2MAP-26MAR21VITMGLZ-2-VIT at 0.4700 of size 22 | Combined Price: 23.98000000000000042632564146 | Fees: 0.77
2026-03-21 18:30:43,653 | INFO | Intra-Kalshi Arbitrage Opportunity: Buy YES on KXCS2GAME-26MAR21VITMGLZ-VIT at 0.8600 and Buy YES on KXCS2GAME-26MAR21VITMGLZ-MGLZ at 0.1200 of size 15 | Combined Price: 14.9500
2026-03-21 18:30:43,653 | INFO | Intra-Kalshi Arbitrage Opportunity: Buy YES on KXCS2GAME-26MAR21VITMGLZ-MGLZ at 0.1200 and Buy YES on KXCS2GAME-26MAR21VITMGLZ-VIT at 0.8600 of size 8 | Combined Price: 7.9700
2026-03-21 18:30:43,653 | INFO | Intra-Kalshi Arbitrage Opportunity: Buy NO on KXAHLGAME-26MAR211500TUCMAN-TUC at 0.05 and Buy NO on KXAHLGAME-26MAR211500TUCMAN-MAN at 0.99 of size -1 | Combined Price: -1.04
2026-03-21 18:30:43,653 | INFO | Intra-Kalshi Arbitrage Opportunity: Buy YES on KXNCAAWBGAME-26MAR21SYRISU-ISU at 0.0500 and Buy YES on KXNCAAWBGAME-26MAR21SYRISU-SYR at 0.8700 of size 1 | Combined Price: 0.9400
2026-03-21 18:30:50,478 | INFO | Intra-Kalshi Arbitrage Opportunity: Sell YES on KXCS2MAP-26MAR21VITMGLZ-2-VIT at 0.4700 and Sell YES on KXCS2MAP-26MAR21VITMGLZ-2-MGLZ at 0.4500 of size 22 | Combined Price: 23.98000000000000042632564146 | Fees: 0.77
2026-03-21 18:30:50,478 | INFO | Intra-Kalshi Arbitrage Opportunity: Buy YES on KXCS2MAP-26MAR21VITMGLZ-2-MGLZ at 0.4500 and Buy YES on KXCS2MAP-26MAR21VITMGLZ-2-VIT at 0.4700 of size 25 | Combined Price: 23.8800
2026-03-21 18:30:50,478 | INFO | Intra-Kalshi Arbitrage Opportunity: Sell YES on KXCS2MAP-26MAR21VITMGLZ-2-MGLZ at 0.4500 and Sell YES on KXCS2MAP-26MAR21VITMGLZ-2-VIT at 0.4700 of size 22 | Combined Price: 23.98000000000000042632564146 | Fees: 0.77
2026-03-21 18:30:50,478 | INFO | Intra-Kalshi Arbitrage Opportunity: Buy YES on KXCS2GAME-26MAR21VITMGLZ-VIT at 0.8600 and Buy YES on KXCS2GAME-26MAR21VITMGLZ-MGLZ at 0.1100 of size 15 | Combined Price: 14.7900
2026-03-21 18:30:50,478 | INFO | Intra-Kalshi Arbitrage Opportunity: Buy NO on KXCS2GAME-26MAR21VITMGLZ-VIT at 0.1 and Buy NO on KXCS2GAME-26MAR21VITMGLZ-MGLZ at 0.87 of size 7 | Combined Price: 6.90
2026-03-21 18:30:50,478 | INFO | Intra-Kalshi Arbitrage Opportunity: Sell YES on KXCS2GAME-26MAR21VITMGLZ-VIT at 0.8600 and Sell YES on KXCS2GAME-26MAR21VITMGLZ-MGLZ at 0.1100 of size 97 | Combined Price: 99.90999999999999836575170775 | Fees: 1.39
2026-03-21 18:30:50,478 | INFO | Intra-Kalshi Arbitrage Opportunity: Buy YES on KXCS2GAME-26MAR21VITMGLZ-MGLZ at 0.1100 and Buy YES on KXCS2GAME-26MAR21VITMGLZ-VIT at 0.8600 of size 15 | Combined Price: 14.7900
2026-03-21 18:30:50,493 | INFO | Intra-Kalshi Arbitrage Opportunity: Buy NO on KXCS2GAME-26MAR21VITMGLZ-MGLZ at 0.87 and Buy NO on KXCS2GAME-26MAR21VITMGLZ-VIT at 0.1 of size 87 | Combined Price: 85.63
2026-03-21 18:30:50,493 | INFO | Intra-Kalshi Arbitrage Opportunity: Sell YES on KXCS2GAME-26MAR21VITMGLZ-MGLZ at 0.1100 and Sell YES on KXCS2GAME-26MAR21VITMGLZ-VIT at 0.8600 of size 79 | Combined Price: 81.37000000000000810018718767 | Fees: 1.13
2026-03-21 18:30:50,493 | INFO | Intra-Kalshi Arbitrage Opportunity: Buy YES on KXNCAAWBGAME-26MAR21SYRISU-ISU at 0.0500 and Buy YES on KXNCAAWBGAME-26MAR21SYRISU-SYR at 0.8700 of size 1 | Combined Price: 0.9400
2026-03-21 18:30:50,493 | INFO | Intra-Kalshi Arbitrage Opportunity: Buy NO on KXNCAAWBGAME-26MAR21SYRISU-ISU at 0.86 and Buy NO on KXNCAAWBGAME-26MAR21SYRISU-SYR at 0.06 of size 85 | Combined Price: 79.26
2026-03-21 18:30:50,493 | INFO | Intra-Kalshi Arbitrage Opportunity: Buy YES on KXNCAAWBGAME-26MAR21PRINOKST-OKST at 0.7000 and Buy YES on KXNCAAWBGAME-26MAR21PRINOKST-PRIN at 0.3100 of size -1 | Combined Price: -1.0300
2026-03-21 18:30:57,834 | INFO | Intra-Kalshi Arbitrage Opportunity: Sell YES on KXCS2MAP-26MAR21VITMGLZ-2-VIT at 0.4700 and Sell YES on KXCS2MAP-26MAR21VITMGLZ-2-MGLZ at 0.4500 of size 22 | Combined Price: 23.98000000000000042632564146 | Fees: 0.77
2026-03-21 18:30:57,834 | INFO | Intra-Kalshi Arbitrage Opportunity: Buy YES on KXCS2MAP-26MAR21VITMGLZ-2-MGLZ at 0.4500 and Buy YES on KXCS2MAP-26MAR21VITMGLZ-2-VIT at 0.4700 of size 25 | Combined Price: 23.8800
2026-03-21 18:30:57,834 | INFO | Intra-Kalshi Arbitrage Opportunity: Sell YES on KXCS2MAP-26MAR21VITMGLZ-2-MGLZ at 0.4500 and Sell YES on KXCS2MAP-26MAR21VITMGLZ-2-VIT at 0.4700 of size 22 | Combined Price: 23.98000000000000042632564146 | Fees: 0.77
2026-03-21 18:30:57,834 | INFO | Intra-Kalshi Arbitrage Opportunity: Buy YES on KXCS2GAME-26MAR21VITMGLZ-VIT at 0.8600 and Buy YES on KXCS2GAME-26MAR21VITMGLZ-MGLZ at 0.1100 of size 15 | Combined Price: 14.7900
2026-03-21 18:30:57,834 | INFO | Intra-Kalshi Arbitrage Opportunity: Buy NO on KXCS2GAME-26MAR21VITMGLZ-VIT at 0.1 and Buy NO on KXCS2GAME-26MAR21VITMGLZ-MGLZ at 0.87 of size 8 | Combined Price: 7.89
2026-03-21 18:30:57,834 | INFO | Intra-Kalshi Arbitrage Opportunity: Sell YES on KXCS2GAME-26MAR21VITMGLZ-VIT at 0.8600 and Sell YES on KXCS2GAME-26MAR21VITMGLZ-MGLZ at 0.1100 of size 7 | Combined Price: 7.209999999999999853450560749 | Fees: 0.11
2026-03-21 18:30:57,834 | INFO | Intra-Kalshi Arbitrage Opportunity: Buy YES on KXCS2GAME-26MAR21VITMGLZ-MGLZ at 0.1100 and Buy YES on KXCS2GAME-26MAR21VITMGLZ-VIT at 0.8600 of size 7 | Combined Price: 6.9000
2026-03-21 18:30:57,834 | INFO | Intra-Kalshi Arbitrage Opportunity: Sell YES on KXCS2GAME-26MAR21VITMGLZ-MGLZ at 0.1100 and Sell YES on KXCS2GAME-26MAR21VITMGLZ-VIT at 0.8600 of size 7 | Combined Price: 7.209999999999999853450560749 | Fees: 0.11
2026-03-21 18:30:57,834 | INFO | Intra-Kalshi Arbitrage Opportunity: Buy YES on KXNCAAWBGAME-26MAR21SYRISU-ISU at 0.0500 and Buy YES on KXNCAAWBGAME-26MAR21SYRISU-SYR at 0.8700 of size 1 | Combined Price: 0.9400
2026-03-21 18:30:57,834 | INFO | Intra-Kalshi Arbitrage Opportunity: Buy NO on KXNCAAWBGAME-26MAR21SYRISU-ISU at 0.86 and Buy NO on KXNCAAWBGAME-26MAR21SYRISU-SYR at 0.06 of size 6 | Combined Price: 5.61
2026-03-21 18:31:14,995 | INFO | Intra-Kalshi Arbitrage Opportunity: Sell YES on KXCS2MAP-26MAR21VITMGLZ-2-VIT at 0.4700 and Sell YES on KXCS2MAP-26MAR21VITMGLZ-2-MGLZ at 0.4500 of size 22 | Combined Price: 23.98000000000000042632564146 | Fees: 0.77
2026-03-21 18:31:14,995 | INFO | Intra-Kalshi Arbitrage Opportunity: Buy YES on KXCS2MAP-26MAR21VITMGLZ-2-MGLZ at 0.4500 and Buy YES on KXCS2MAP-26MAR21VITMGLZ-2-VIT at 0.4700 of size 25 | Combined Price: 23.8800
2026-03-21 18:31:14,995 | INFO | Intra-Kalshi Arbitrage Opportunity: Sell YES on KXCS2MAP-26MAR21VITMGLZ-2-MGLZ at 0.4500 and Sell YES on KXCS2MAP-26MAR21VITMGLZ-2-VIT at 0.4700 of size 22 | Combined Price: 23.98000000000000042632564146 | Fees: 0.77
2026-03-21 18:31:14,995 | INFO | Intra-Kalshi Arbitrage Opportunity: Buy YES on KXCS2GAME-26MAR21VITMGLZ-VIT at 0.8600 and Buy YES on KXCS2GAME-26MAR21VITMGLZ-MGLZ at 0.1100 of size 15 | Combined Price: 14.7900
2026-03-21 18:31:14,995 | INFO | Intra-Kalshi Arbitrage Opportunity: Buy NO on KXCS2GAME-26MAR21VITMGLZ-VIT at 0.1 and Buy NO on KXCS2GAME-26MAR21VITMGLZ-MGLZ at 0.87 of size 8 | Combined Price: 7.89
2026-03-21 18:31:14,995 | INFO | Intra-Kalshi Arbitrage Opportunity: Sell YES on KXCS2GAME-26MAR21VITMGLZ-VIT at 0.8600 and Sell YES on KXCS2GAME-26MAR21VITMGLZ-MGLZ at 0.1100 of size 7 | Combined Price: 7.209999999999999853450560749 | Fees: 0.11
2026-03-21 18:31:14,995 | INFO | Intra-Kalshi Arbitrage Opportunity: Buy YES on KXCS2GAME-26MAR21VITMGLZ-MGLZ at 0.1100 and Buy YES on KXCS2GAME-26MAR21VITMGLZ-VIT at 0.8600 of size 7 | Combined Price: 6.9000
2026-03-21 18:31:14,995 | INFO | Intra-Kalshi Arbitrage Opportunity: Sell YES on KXCS2GAME-26MAR21VITMGLZ-MGLZ at 0.1100 and Sell YES on KXCS2GAME-26MAR21VITMGLZ-VIT at 0.8600 of size 7 | Combined Price: 7.209999999999999853450560749 | Fees: 0.11
2026-03-21 18:31:14,995 | INFO | Intra-Kalshi Arbitrage Opportunity: Buy YES on KXNCAAWBGAME-26MAR21SYRISU-ISU at 0.0500 and Buy YES on KXNCAAWBGAME-26MAR21SYRISU-SYR at 0.8700 of size 1 | Combined Price: 0.9400
2026-03-21 18:31:14,995 | INFO | Intra-Kalshi Arbitrage Opportunity: Buy NO on KXNCAAWBGAME-26MAR21SYRISU-ISU at 0.86 and Buy NO on KXNCAAWBGAME-26MAR21SYRISU-SYR at 0.06 of size 7 | Combined Price: 6.53
2026-03-21 18:31:31,657 | INFO | Intra-Kalshi Arbitrage Opportunity: Sell YES on KXCS2MAP-26MAR21VITMGLZ-2-VIT at 0.4700 and Sell YES on KXCS2MAP-26MAR21VITMGLZ-2-MGLZ at 0.4500 of size 7 | Combined Price: 7.629999999999999893418589636 | Fees: 0.25
2026-03-21 18:31:31,657 | INFO | Intra-Kalshi Arbitrage Opportunity: Buy YES on KXCS2MAP-26MAR21VITMGLZ-2-MGLZ at 0.4500 and Buy YES on KXCS2MAP-26MAR21VITMGLZ-2-VIT at 0.4700 of size 8 | Combined Price: 7.6400
2026-03-21 18:31:31,657 | INFO | Intra-Kalshi Arbitrage Opportunity: Sell YES on KXCS2MAP-26MAR21VITMGLZ-2-MGLZ at 0.4500 and Sell YES on KXCS2MAP-26MAR21VITMGLZ-2-VIT at 0.4700 of size 8 | Combined Price: 8.719999999999999751310042484 | Fees: 0.28
2026-03-21 18:31:31,657 | INFO | Intra-Kalshi Arbitrage Opportunity: Buy YES on KXCS2GAME-26MAR21VITMGLZ-VIT at 0.8600 and Buy YES on KXCS2GAME-26MAR21VITMGLZ-MGLZ at 0.1100 of size 8 | Combined Price: 7.8900
2026-03-21 18:31:31,657 | INFO | Intra-Kalshi Arbitrage Opportunity: Sell YES on KXCS2GAME-26MAR21VITMGLZ-VIT at 0.8600 and Sell YES on KXCS2GAME-26MAR21VITMGLZ-MGLZ at 0.1100 of size 8 | Combined Price: 8.240000000000000213162820728 | Fees: 0.13
2026-03-21 18:31:31,657 | INFO | Intra-Kalshi Arbitrage Opportunity: Buy YES on KXCS2GAME-26MAR21VITMGLZ-MGLZ at 0.1100 and Buy YES on KXCS2GAME-26MAR21VITMGLZ-VIT at 0.8600 of size 8 | Combined Price: 7.8900
2026-03-21 18:31:31,657 | INFO | Intra-Kalshi Arbitrage Opportunity: Sell YES on KXCS2GAME-26MAR21VITMGLZ-MGLZ at 0.1100 and Sell YES on KXCS2GAME-26MAR21VITMGLZ-VIT at 0.8600 of size 8 | Combined Price: 8.240000000000000213162820728 | Fees: 0.13
2026-03-21 18:31:31,657 | INFO | Intra-Kalshi Arbitrage Opportunity: Buy YES on KXNCAAWBGAME-26MAR21SYRISU-ISU at 0.0500 and Buy YES on KXNCAAWBGAME-26MAR21SYRISU-SYR at 0.8700 of size 1 | Combined Price: 0.9400
2026-03-21 18:31:31,657 | INFO | Intra-Kalshi Arbitrage Opportunity: Buy NO on KXNCAAWBGAME-26MAR21SYRISU-ISU at 0.86 and Buy NO on KXNCAAWBGAME-26MAR21SYRISU-SYR at 0.06 of size 8 | Combined Price: 7.47
2026-03-21 18:32:19,147 | INFO | Intra-Kalshi Arbitrage Opportunity: Sell YES on KXCS2GAME-26MAR21MAGR2-MAG at 0.1600 and Sell YES on KXCS2GAME-26MAR21MAGR2-R2 at 0.7800 of size 50 | Combined Price: 52 | Fees: 1.04
2026-03-21 18:32:19,147 | INFO | Intra-Kalshi Arbitrage Opportunity: Buy YES on KXCS2GAME-26MAR21MAGR2-R2 at 0.7800 and Buy YES on KXCS2GAME-26MAR21MAGR2-MAG at 0.1600 of size 5 | Combined Price: 4.8200
2026-03-21 18:32:19,147 | INFO | Intra-Kalshi Arbitrage Opportunity: Buy NO on KXCS2GAME-26MAR21MAGR2-R2 at 0.16 and Buy NO on KXCS2GAME-26MAR21MAGR2-MAG at 0.8 of size 48 | Combined Price: 47.08
2026-03-21 18:32:19,147 | INFO | Intra-Kalshi Arbitrage Opportunity: Buy YES on KXAHLGAME-26MAR211800ONTIOW-ONT at 0.5300 and Buy YES on KXAHLGAME-26MAR211800ONTIOW-IOW at 0.5700 of size -1 | Combined Price: -1.1200
2026-03-21 18:37:37,153 | INFO | Intra-Kalshi Arbitrage Opportunity: Buy YES on KXCS2MAP-26MAR21VITMGLZ-2-VIT at 0.4700 and Buy YES on KXCS2MAP-26MAR21VITMGLZ-2-MGLZ at 0.2400 of size 1 | Combined Price: 0.7500
2026-03-21 18:37:37,153 | INFO | Intra-Kalshi Arbitrage Opportunity: Sell YES on KXCS2MAP-26MAR21VITMGLZ-2-VIT at 0.4700 and Sell YES on KXCS2MAP-26MAR21VITMGLZ-2-MGLZ at 0.2400 of size 1 | Combined Price: 1.280000000000000026645352591 | Fees: 0.04
2026-03-21 18:37:37,153 | INFO | Intra-Kalshi Arbitrage Opportunity: Buy YES on KXCS2MAP-26MAR21VITMGLZ-2-MGLZ at 0.2400 and Buy YES on KXCS2MAP-26MAR21VITMGLZ-2-VIT at 0.4700 of size 1 | Combined Price: 0.7500
2026-03-21 18:37:37,153 | INFO | Intra-Kalshi Arbitrage Opportunity: Sell YES on KXCS2MAP-26MAR21VITMGLZ-2-MGLZ at 0.2400 and Sell YES on KXCS2MAP-26MAR21VITMGLZ-2-VIT at 0.4700 of size 1 | Combined Price: 1.280000000000000026645352591 | Fees: 0.04
2026-03-21 18:37:37,153 | INFO | Intra-Kalshi Arbitrage Opportunity: Buy YES on KXCS2GAME-26MAR21VITMGLZ-VIT at 0.8600 and Buy YES on KXCS2GAME-26MAR21VITMGLZ-MGLZ at 0.0800 of size 1 | Combined Price: 0.9600
2026-03-21 18:37:37,153 | INFO | Intra-Kalshi Arbitrage Opportunity: Sell YES on KXCS2GAME-26MAR21VITMGLZ-VIT at 0.8600 and Sell YES on KXCS2GAME-26MAR21VITMGLZ-MGLZ at 0.0800 of size 1 | Combined Price: 1.040000000000000035527136788 | Fees: 0.02
2026-03-21 18:37:37,155 | INFO | Intra-Kalshi Arbitrage Opportunity: Buy YES on KXCS2GAME-26MAR21VITMGLZ-MGLZ at 0.0800 and Buy YES on KXCS2GAME-26MAR21VITMGLZ-VIT at 0.8600 of size 1 | Combined Price: 0.9600
2026-03-21 18:37:37,155 | INFO | Intra-Kalshi Arbitrage Opportunity: Sell YES on KXCS2GAME-26MAR21VITMGLZ-MGLZ at 0.0800 and Sell YES on KXCS2GAME-26MAR21VITMGLZ-VIT at 0.8600 of size 1 | Combined Price: 1.040000000000000035527136788 | Fees: 0.02
2026-03-21 18:37:37,155 | INFO | Intra-Kalshi Arbitrage Opportunity: Buy YES on KXNCAAWBGAME-26MAR21SYRISU-ISU at 0.0500 and Buy YES on KXNCAAWBGAME-26MAR21SYRISU-SYR at 0.8700 of size 1 | Combined Price: 0.9400
2026-03-21 18:37:37,155 | INFO | Intra-Kalshi Arbitrage Opportunity: Buy YES on KXATPMATCH-26MAR21WALMEN-WAL at 0.2900 and Buy YES on KXATPMATCH-26MAR21WALMEN-MEN at 0.5700 of size 1 | Combined Price: 0.9000
2026-03-21 18:37:37,155 | INFO | Intra-Kalshi Arbitrage Opportunity: Buy YES on KXATPMATCH-26MAR21DIAHUM-DIA at 0.4200 and Buy YES on KXATPMATCH-26MAR21DIAHUM-HUM at 0.6000 of size -1 | Combined Price: -1.0400
2026-03-21 18:37:37,155 | INFO | Intra-Kalshi Arbitrage Opportunity: Buy YES on KXWTAMATCH-26MAR21EALLIN-EAL at 0.7400 and Buy YES on KXWTAMATCH-26MAR21EALLIN-LIN at 0.0300 of size 1 | Combined Price: 0.8000
2026-03-21 18:37:37,155 | INFO | Intra-Kalshi Arbitrage Opportunity: Sell YES on KXWTAMATCH-26MAR21EALLIN-EAL at 0.7400 and Sell YES on KXWTAMATCH-26MAR21EALLIN-LIN at 0.0300 of size 1 | Combined Price: 1.219999999999999973354647409 | Fees: 0.03
2026-03-21 18:37:37,155 | INFO | Intra-Kalshi Arbitrage Opportunity: Buy YES on KXWTAMATCH-26MAR21EALLIN-LIN at 0.0300 and Buy YES on KXWTAMATCH-26MAR21EALLIN-EAL at 0.7400 of size 1 | Combined Price: 0.8000
2026-03-21 18:37:37,155 | INFO | Intra-Kalshi Arbitrage Opportunity: Sell YES on KXWTAMATCH-26MAR21EALLIN-LIN at 0.0300 and Sell YES on KXWTAMATCH-26MAR21EALLIN-EAL at 0.7400 of size 1 | Combined Price: 1.219999999999999973354647409 | Fees: 0.03
2026-03-21 18:37:38,533 | INFO | Intra-Kalshi Arbitrage Opportunity: Buy YES on KXVALORANTGAME-26MAR22MDRS2G-MDR at 0.6300 and Buy YES on KXVALORANTGAME-26MAR22MDRS2G-S2G at 0.2900 of size 1 | Combined Price: 0.9600
2026-03-21 18:37:38,533 | INFO | Intra-Kalshi Arbitrage Opportunity: Buy YES on KXCODGAME-26MAR21TEXRIYF-TEX at 0.4000 and Buy YES on KXCODGAME-26MAR21TEXRIYF-RIYF at 0.3500 of size 1 | Combined Price: 0.7900
