2026-03-15 16:07:46,732 | INFO | Placing order with data: {'ticker': 'KXNCAAMLAXGAME-26MAR16SYRDEN-DEN', 'action': 'buy', 'side': 'yes', 'count': 4, 'client_order_id': 'fca6f50e-42f1-448d-8e1d-4485ee477353', 'yes_price': 20, 'type': 'limit', 'time_in_force': 'fill_or_kill'}
2026-03-15 16:07:46,734 | INFO | Placing order with data: {'ticker': 'KXNCAAMLAXGAME-26MAR16SYRDEN-SYR', 'action': 'buy', 'side': 'yes', 'count': 4, 'client_order_id': 'f1a101b6-4fee-4bbe-88a5-bfc30bb028bb', 'yes_price': 77, 'type': 'limit', 'time_in_force': 'fill_or_kill'}
2026-03-15 16:07:47,260 | INFO | Placing order with data: {'ticker': 'KXNCAAMLAXGAME-26MAR16SYRDEN-SYR', 'action': 'buy', 'side': 'yes', 'count': 4, 'client_order_id': 'e31874e6-9ba6-4073-befa-b35e75f8fc20', 'yes_price': 77, 'type': 'limit', 'time_in_force': 'fill_or_kill'}
2026-03-15 16:07:47,277 | INFO | Placing order with data: {'ticker': 'KXNCAAMLAXGAME-26MAR16SYRDEN-DEN', 'action': 'buy', 'side': 'yes', 'count': 4, 'client_order_id': '34bf72b1-f1f5-4f3f-bb1b-42b6bb38968e', 'yes_price': 20, 'type': 'limit', 'time_in_force': 'fill_or_kill'}
2026-03-15 16:18:44,234 | INFO | Placing order with data: {'ticker': 'KXNCAAMLAXGAME-26MAR16SYRDEN-DEN', 'action': 'buy', 'side': 'yes', 'count': 4, 'client_order_id': '1098b549-133e-4230-a0d1-d4b04589569f', 'yes_price': 20, 'type': 'limit', 'time_in_force': 'fill_or_kill'}
2026-03-15 16:18:44,234 | INFO | Placing order with data: {'ticker': 'KXNCAAMLAXGAME-26MAR16SYRDEN-SYR', 'action': 'buy', 'side': 'yes', 'count': 4, 'client_order_id': 'b7e50c7b-02f7-466a-ba4c-b978eeb4e865', 'yes_price': 77, 'type': 'limit', 'time_in_force': 'fill_or_kill'}
2026-03-15 16:18:46,344 | INFO | Placing order with data: {'ticker': 'KXNCAAMLAXGAME-26MAR16SYRDEN-SYR', 'action': 'buy', 'side': 'yes', 'count': 4, 'client_order_id': '77c4b4b2-64ca-4817-8ecf-6ec0b1970699', 'yes_price': 77, 'type': 'limit', 'time_in_force': 'fill_or_kill'}
2026-03-15 16:18:46,346 | INFO | Placing order with data: {'ticker': 'KXNCAAMLAXGAME-26MAR16SYRDEN-DEN', 'action': 'buy', 'side': 'yes', 'count': 4, 'client_order_id': '0ff165bf-8c0e-41f1-b874-c857c6a1d74a', 'yes_price': 20, 'type': 'limit', 'time_in_force': 'fill_or_kill'}
2026-03-15 16:34:18,021 | INFO | Placing order with data: {'ticker': 'KXNCAAMLAXGAME-26MAR16SYRDEN-DEN', 'action': 'buy', 'side': 'yes', 'count': 4, 'client_order_id': '7e432bec-6882-42e0-829d-389db99f7f5c', 'yes_price': 20, 'type': 'limit', 'time_in_force': 'fill_or_kill'}
2026-03-15 16:34:18,021 | INFO | Placing order with data: {'ticker': 'KXNCAAMLAXGAME-26MAR16SYRDEN-SYR', 'action': 'buy', 'side': 'yes', 'count': 4, 'client_order_id': 'e488dc7f-e628-4480-a120-2a2adf5ccfe1', 'yes_price': 77, 'type': 'limit', 'time_in_force': 'fill_or_kill'}
2026-03-15 16:34:20,587 | INFO | Placing order with data: {'ticker': 'KXNCAAMLAXGAME-26MAR16SYRDEN-SYR', 'action': 'buy', 'side': 'yes', 'count': 4, 'client_order_id': '42f0676b-4401-4cb5-bf43-adc0fd941f23', 'yes_price': 77, 'type': 'limit', 'time_in_force': 'fill_or_kill'}
2026-03-15 16:34:20,587 | INFO | Placing order with data: {'ticker': 'KXNCAAMLAXGAME-26MAR16SYRDEN-DEN', 'action': 'buy', 'side': 'yes', 'count': 4, 'client_order_id': 'f1668987-78a7-4c26-8f94-181cf78e9d30', 'yes_price': 20, 'type': 'limit', 'time_in_force': 'fill_or_kill'}
2026-03-15 16:57:44,290 | INFO | Placing order with data: {'ticker': 'KXNCAAMLAXGAME-26MAR16SYRDEN-DEN', 'action': 'buy', 'side': 'yes', 'count': 4, 'client_order_id': 'bb9d3b2e-f871-4cc9-92bb-c1a97f734895', 'yes_price': 20, 'type': 'limit', 'time_in_force': 'fill_or_kill'}
2026-03-15 16:57:44,291 | INFO | Placing order with data: {'ticker': 'KXNCAAMLAXGAME-26MAR16SYRDEN-SYR', 'action': 'buy', 'side': 'yes', 'count': 4, 'client_order_id': '0a60b95b-e76a-4228-98d5-8fe8adb6b5aa', 'yes_price': 77, 'type': 'limit', 'time_in_force': 'fill_or_kill'}
2026-03-15 16:57:46,480 | INFO | Placing order with data: {'ticker': 'KXNCAAMLAXGAME-26MAR16SYRDEN-SYR', 'action': 'buy', 'side': 'yes', 'count': 4, 'client_order_id': 'c9a1f201-5bb5-4aff-bd76-b7cdf3870338', 'yes_price': 77, 'type': 'limit', 'time_in_force': 'fill_or_kill'}
2026-03-15 16:57:46,481 | INFO | Placing order with data: {'ticker': 'KXNCAAMLAXGAME-26MAR16SYRDEN-DEN', 'action': 'buy', 'side': 'yes', 'count': 4, 'client_order_id': '30c88cd7-5916-439b-b9e6-ecd611b1f1a1', 'yes_price': 20, 'type': 'limit', 'time_in_force': 'fill_or_kill'}
2026-03-15 17:34:53,565 | INFO | Placing order with data: {'ticker': 'KXNCAAMLAXGAME-26MAR16SYRDEN-DEN', 'action': 'buy', 'side': 'yes', 'count': 6, 'client_order_id': '70b7e7a1-bb9e-4b19-9764-78dbd3f46e72', 'yes_price': 21, 'type': 'limit', 'time_in_force': 'fill_or_kill'}
2026-03-15 17:34:54,737 | INFO | Placing order with data: {'ticker': 'KXNCAAMLAXGAME-26MAR16SYRDEN-SYR', 'action': 'buy', 'side': 'yes', 'count': 6, 'client_order_id': '1eb2a10c-8fb3-4ae6-b4f3-ca974a490797', 'yes_price': 76, 'type': 'limit', 'time_in_force': 'fill_or_kill'}
2026-03-15 17:34:59,976 | INFO | Placing order with data: {'ticker': 'KXNCAAMLAXGAME-26MAR16SYRDEN-SYR', 'action': 'buy', 'side': 'yes', 'count': 4, 'client_order_id': '2d0aad5f-8dae-49d3-95b1-7c67ce65d437', 'yes_price': 76, 'type': 'limit', 'time_in_force': 'fill_or_kill'}
2026-03-15 17:35:00,902 | INFO | Placing order with data: {'ticker': 'KXNCAAMLAXGAME-26MAR16SYRDEN-DEN', 'action': 'buy', 'side': 'yes', 'count': 4, 'client_order_id': 'ec4ae8df-c163-4205-a74d-33184f0f78c0', 'yes_price': 21, 'type': 'limit', 'time_in_force': 'fill_or_kill'}
2026-03-15 19:13:06,910 | INFO | Placing order with data: {'ticker': 'KXATPCHALLENGERMATCH-26MAR15BRACUN-BRA', 'action': 'buy', 'side': 'yes', 'count': 104, 'client_order_id': '464bc330-598e-407f-a02c-218beb0f1534', 'yes_price': 7, 'type': 'limit', 'time_in_force': 'fill_or_kill'}
2026-03-15 19:13:06,910 | INFO | Placing order with data: {'ticker': 'KXATPCHALLENGERMATCH-26MAR15BRACUN-CUN', 'action': 'buy', 'side': 'yes', 'count': 104, 'client_order_id': 'dd2378bf-b5a2-40b8-95f0-6bfb5af88440', 'yes_price': 92, 'type': 'limit', 'time_in_force': 'fill_or_kill'}
2026-03-15 19:13:06,910 | INFO | Placing order with data: {'ticker': 'KXATPCHALLENGERMATCH-26MAR15BRACUN-BRA', 'action': 'buy', 'side': 'no', 'count': -1, 'client_order_id': '23dacc6e-577c-4755-b296-d33cece3df2d', 'no_price': 94, 'type': 'limit', 'time_in_force': 'fill_or_kill'}
2026-03-15 19:13:06,910 | INFO | Placing order with data: {'ticker': 'KXATPCHALLENGERMATCH-26MAR15BRACUN-CUN', 'action': 'buy', 'side': 'no', 'count': -1, 'client_order_id': 'ebc4fce5-5c54-45b9-bda7-eae5391eab28', 'no_price': 9, 'type': 'limit', 'time_in_force': 'fill_or_kill'}
2026-03-15 22:43:31,382 | INFO | Placing order with data: {'ticker': 'KXNBAGAME-26MAR15GSWNYK-NYK', 'action': 'buy', 'side': 'yes', 'count': 104, 'client_order_id': 'df01dfc4-73a3-4fd5-8f20-08d81d861224', 'yes_price': 93, 'type': 'limit', 'time_in_force': 'fill_or_kill'}
2026-03-15 22:43:31,383 | INFO | Placing order with data: {'ticker': 'KXNBAGAME-26MAR15GSWNYK-GSW', 'action': 'buy', 'side': 'yes', 'count': 104, 'client_order_id': '85d25a85-f708-42f9-9379-a987f0c7c08f', 'yes_price': 6, 'type': 'limit', 'time_in_force': 'fill_or_kill'}
2026-03-15 22:43:31,383 | INFO | Placing order with data: {'ticker': 'KXNBAGAME-26MAR15GSWNYK-NYK', 'action': 'buy', 'side': 'no', 'count': -1, 'client_order_id': '2d1eaaa7-0707-4b83-880a-29f4f7a6ddbc', 'no_price': 8, 'type': 'limit', 'time_in_force': 'fill_or_kill'}
2026-03-15 22:43:31,383 | INFO | Placing order with data: {'ticker': 'KXNBAGAME-26MAR15GSWNYK-GSW', 'action': 'buy', 'side': 'no', 'count': -1, 'client_order_id': 'cfc92470-9fc8-4f77-907f-41c0ffe45e73', 'no_price': 95, 'type': 'limit', 'time_in_force': 'fill_or_kill'}
