2026-03-04 22:31:44,427 | INFO | Connected! Subscribing to orderbook for KXUFCFIGHT-26MAR07DURTUM-TUM, KXUFCFIGHT-26MAR07DURTUM-DUR, KXUFCFIGHT-26MAR07TOBNUR-TOB, KXUFCFIGHT-26MAR07TOBNUR-NUR, KXUFCFIGHT-26MAR07BOLLEE-LEE, KXUFCFIGHT-26MAR07BOLLEE-BOL, KXUFCFIGHT-26MAR07DOBJOH-JOH, KXUFCFIGHT-26MAR07DOBJOH-DOB, KXUFCFIGHT-26MAR07FERBEL-FER, KXUFCFIGHT-26MAR07FERBEL-BEL, KXUFCFIGHT-26MAR07FONROS-ROS, KXUFCFIGHT-26MAR07FONROS-FON, KXUFCFIGHT-26MAR07GARLON-LON, KXUFCFIGHT-26MAR07GARLON-GAR, KXUFCFIGHT-26MAR07JOHBRU-JOH, KXUFCFIGHT-26MAR07JOHBRU-BRU, KXUFCFIGHT-26MAR07RODFER-ROD, KXUFCFIGHT-26MAR07RODFER-FER, KXUFCFIGHT-26MAR07TURMON-TUR, KXUFCFIGHT-26MAR07TURMON-MON, KXUFCFIGHT-26MAR07MUDSAN-SAN, KXUFCFIGHT-26MAR07MUDSAN-MUD, KXUFCFIGHT-26MAR07HOLOLI-OLI, KXUFCFIGHT-26MAR07HOLOLI-HOL, KXUFCFIGHT-26MAR07BORDER-DER, KXUFCFIGHT-26MAR07BORDER-BOR
2026-03-04 22:31:44,441 | INFO | Subscribed: {'type': 'subscribed', 'id': 1, 'msg': {'channel': 'orderbook_delta', 'sid': 1}}
2026-03-04 22:31:44,457 | INFO | Loaded snapshot for Asset ID: KXUFCFIGHT-26MAR07BOLLEE-BOL | Best Bid: (0.28, 1068.0) | Best Ask: (Decimal('0.2900'), 1411.0)
2026-03-04 22:31:44,457 | INFO | Loaded snapshot for Asset ID: KXUFCFIGHT-26MAR07BOLLEE-LEE | Best Bid: (0.7, 4074.0) | Best Ask: (Decimal('0.7100'), 246.0)
2026-03-04 22:31:44,457 | INFO | Loaded snapshot for Asset ID: KXUFCFIGHT-26MAR07BORDER-BOR | Best Bid: (0.7, 4671.0) | Best Ask: (Decimal('0.7100'), 161898.0)
2026-03-04 22:31:44,457 | INFO | Loaded snapshot for Asset ID: KXUFCFIGHT-26MAR07BORDER-DER | Best Bid: (0.3, 4926.0) | Best Ask: (Decimal('0.3100'), 35862.0)
2026-03-04 22:31:44,457 | INFO | Loaded snapshot for Asset ID: KXUFCFIGHT-26MAR07DOBJOH-DOB | Best Bid: (0.48, 561.0) | Best Ask: (Decimal('0.4900'), 8024.0)
2026-03-04 22:31:44,457 | INFO | Loaded snapshot for Asset ID: KXUFCFIGHT-26MAR07DOBJOH-JOH | Best Bid: (0.51, 8763.0) | Best Ask: (Decimal('0.5200'), 2348.0)
2026-03-04 22:31:44,457 | INFO | Loaded snapshot for Asset ID: KXUFCFIGHT-26MAR07DURTUM-DUR | Best Bid: (0.41, 2567.0) | Best Ask: (Decimal('0.4300'), 44.0)
2026-03-04 22:31:44,457 | INFO | Loaded snapshot for Asset ID: KXUFCFIGHT-26MAR07DURTUM-TUM | Best Bid: (0.57, 2793.0) | Best Ask: (Decimal('0.5900'), 5531.0)
2026-03-04 22:31:44,473 | INFO | Loaded snapshot for Asset ID: KXUFCFIGHT-26MAR07FERBEL-BEL | Best Bid: (0.31, 654.0) | Best Ask: (Decimal('0.3200'), 2615.0)
2026-03-04 22:31:44,473 | INFO | Loaded snapshot for Asset ID: KXUFCFIGHT-26MAR07FERBEL-FER | Best Bid: (0.68, 1083.0) | Best Ask: (Decimal('0.6900'), 565.0)
2026-03-04 22:31:44,473 | INFO | Loaded snapshot for Asset ID: KXUFCFIGHT-26MAR07FONROS-FON | Best Bid: (0.34, 761.0) | Best Ask: (Decimal('0.3500'), 104701.0)
2026-03-04 22:31:44,473 | INFO | Loaded snapshot for Asset ID: KXUFCFIGHT-26MAR07FONROS-ROS | Best Bid: (0.66, 1123.0) | Best Ask: (Decimal('0.6700'), 3584.0)
2026-03-04 22:31:44,477 | INFO | Loaded snapshot for Asset ID: KXUFCFIGHT-26MAR07GARLON-GAR | Best Bid: (0.43, 430.0) | Best Ask: (Decimal('0.4400'), 1046.0)
2026-03-04 22:31:44,477 | INFO | Loaded snapshot for Asset ID: KXUFCFIGHT-26MAR07GARLON-LON | Best Bid: (0.57, 3422.0) | Best Ask: (Decimal('0.5800'), 2482.0)
2026-03-04 22:31:44,477 | INFO | Loaded snapshot for Asset ID: KXUFCFIGHT-26MAR07HOLOLI-HOL | Best Bid: (0.65, 5270.0) | Best Ask: (Decimal('0.6600'), 609339.0)
2026-03-04 22:31:44,477 | INFO | Loaded snapshot for Asset ID: KXUFCFIGHT-26MAR07HOLOLI-OLI | Best Bid: (0.35, 17900.0) | Best Ask: (Decimal('0.3600'), 766897.0)
2026-03-04 22:31:44,477 | INFO | Loaded snapshot for Asset ID: KXUFCFIGHT-26MAR07JOHBRU-BRU | Best Bid: (0.15, 498.0) | Best Ask: (Decimal('0.1700'), 47959.0)
2026-03-04 22:31:44,477 | INFO | Loaded snapshot for Asset ID: KXUFCFIGHT-26MAR07JOHBRU-JOH | Best Bid: (0.84, 999.0) | Best Ask: (Decimal('0.8500'), 11688.0)
2026-03-04 22:31:44,477 | INFO | Loaded snapshot for Asset ID: KXUFCFIGHT-26MAR07MUDSAN-MUD | Best Bid: (0.68, 28.0) | Best Ask: (Decimal('0.6900'), 4094.0)
2026-03-04 22:31:44,477 | INFO | Loaded snapshot for Asset ID: KXUFCFIGHT-26MAR07MUDSAN-SAN | Best Bid: (0.31, 1773.0) | Best Ask: (Decimal('0.3400'), 30.0)
2026-03-04 22:31:44,477 | INFO | Loaded snapshot for Asset ID: KXUFCFIGHT-26MAR07RODFER-FER | Best Bid: (0.37, 1500.0) | Best Ask: (Decimal('0.3800'), 244.0)
2026-03-04 22:31:44,477 | INFO | Loaded snapshot for Asset ID: KXUFCFIGHT-26MAR07RODFER-ROD | Best Bid: (0.61, 1776.0) | Best Ask: (Decimal('0.6300'), 1501.0)
2026-03-04 22:31:44,477 | INFO | Loaded snapshot for Asset ID: KXUFCFIGHT-26MAR07TOBNUR-NUR | Best Bid: (0.34, 563.0) | Best Ask: (Decimal('0.3500'), 85.0)
2026-03-04 22:31:44,477 | INFO | Loaded snapshot for Asset ID: KXUFCFIGHT-26MAR07TOBNUR-TOB | Best Bid: (0.66, 73.0) | Best Ask: (Decimal('0.6700'), 3333.0)
2026-03-04 22:31:44,489 | INFO | Loaded snapshot for Asset ID: KXUFCFIGHT-26MAR07TURMON-MON | Best Bid: (0.63, 139.0) | Best Ask: (Decimal('0.6400'), 4848.0)
2026-03-04 22:31:44,490 | INFO | Loaded snapshot for Asset ID: KXUFCFIGHT-26MAR07TURMON-TUR | Best Bid: (0.36, 10271.0) | Best Ask: (Decimal('0.3700'), 739.0)
2026-03-04 22:31:44,490 | INFO | Subscribed: {'type': 'subscribed', 'id': 1, 'msg': {'channel': 'trade', 'sid': 2}}
2026-03-04 22:32:57,838 | INFO | Connected! Subscribing to orderbook for KXUFCFIGHT-26MAR07DURTUM-TUM, KXUFCFIGHT-26MAR07DURTUM-DUR, KXUFCFIGHT-26MAR07TOBNUR-TOB, KXUFCFIGHT-26MAR07TOBNUR-NUR, KXUFCFIGHT-26MAR07BOLLEE-LEE, KXUFCFIGHT-26MAR07BOLLEE-BOL, KXUFCFIGHT-26MAR07DOBJOH-JOH, KXUFCFIGHT-26MAR07DOBJOH-DOB, KXUFCFIGHT-26MAR07FERBEL-FER, KXUFCFIGHT-26MAR07FERBEL-BEL, KXUFCFIGHT-26MAR07FONROS-ROS, KXUFCFIGHT-26MAR07FONROS-FON, KXUFCFIGHT-26MAR07GARLON-LON, KXUFCFIGHT-26MAR07GARLON-GAR, KXUFCFIGHT-26MAR07JOHBRU-JOH, KXUFCFIGHT-26MAR07JOHBRU-BRU, KXUFCFIGHT-26MAR07RODFER-ROD, KXUFCFIGHT-26MAR07RODFER-FER, KXUFCFIGHT-26MAR07TURMON-TUR, KXUFCFIGHT-26MAR07TURMON-MON, KXUFCFIGHT-26MAR07MUDSAN-SAN, KXUFCFIGHT-26MAR07MUDSAN-MUD, KXUFCFIGHT-26MAR07HOLOLI-OLI, KXUFCFIGHT-26MAR07HOLOLI-HOL, KXUFCFIGHT-26MAR07BORDER-DER, KXUFCFIGHT-26MAR07BORDER-BOR
2026-03-04 22:32:57,882 | INFO | Subscribed: {'type': 'subscribed', 'id': 1, 'msg': {'channel': 'orderbook_delta', 'sid': 1}}
2026-03-04 22:32:57,884 | INFO | Loaded snapshot for Asset ID: KXUFCFIGHT-26MAR07BOLLEE-BOL | Best Bid: (0.28, 1068.0) | Best Ask: (Decimal('0.2900'), 1411.0)
2026-03-04 22:32:57,886 | INFO | Loaded snapshot for Asset ID: KXUFCFIGHT-26MAR07BOLLEE-LEE | Best Bid: (0.7, 4074.0) | Best Ask: (Decimal('0.7100'), 243.0)
2026-03-04 22:32:57,886 | INFO | Loaded snapshot for Asset ID: KXUFCFIGHT-26MAR07BORDER-BOR | Best Bid: (0.7, 4671.0) | Best Ask: (Decimal('0.7100'), 161898.0)
2026-03-04 22:32:57,888 | INFO | Loaded snapshot for Asset ID: KXUFCFIGHT-26MAR07BORDER-DER | Best Bid: (0.3, 4926.0) | Best Ask: (Decimal('0.3100'), 35862.0)
2026-03-04 22:32:57,905 | INFO | Loaded snapshot for Asset ID: KXUFCFIGHT-26MAR07DOBJOH-DOB | Best Bid: (0.48, 561.0) | Best Ask: (Decimal('0.4900'), 8005.0)
2026-03-04 22:32:57,905 | INFO | Loaded snapshot for Asset ID: KXUFCFIGHT-26MAR07DOBJOH-JOH | Best Bid: (0.51, 8763.0) | Best Ask: (Decimal('0.5200'), 2348.0)
2026-03-04 22:32:57,907 | INFO | Loaded snapshot for Asset ID: KXUFCFIGHT-26MAR07DURTUM-DUR | Best Bid: (0.41, 2567.0) | Best Ask: (Decimal('0.4300'), 44.0)
2026-03-04 22:32:57,907 | INFO | Loaded snapshot for Asset ID: KXUFCFIGHT-26MAR07DURTUM-TUM | Best Bid: (0.57, 2793.0) | Best Ask: (Decimal('0.5900'), 5531.0)
2026-03-04 22:32:57,909 | INFO | Loaded snapshot for Asset ID: KXUFCFIGHT-26MAR07FERBEL-BEL | Best Bid: (0.31, 654.0) | Best Ask: (Decimal('0.3200'), 2615.0)
2026-03-04 22:32:57,909 | INFO | Loaded snapshot for Asset ID: KXUFCFIGHT-26MAR07FERBEL-FER | Best Bid: (0.68, 1083.0) | Best Ask: (Decimal('0.6900'), 565.0)
2026-03-04 22:32:57,911 | INFO | Loaded snapshot for Asset ID: KXUFCFIGHT-26MAR07FONROS-FON | Best Bid: (0.34, 761.0) | Best Ask: (Decimal('0.3500'), 104701.0)
2026-03-04 22:32:57,911 | INFO | Loaded snapshot for Asset ID: KXUFCFIGHT-26MAR07FONROS-ROS | Best Bid: (0.66, 1123.0) | Best Ask: (Decimal('0.6700'), 3584.0)
2026-03-04 22:32:57,913 | INFO | Loaded snapshot for Asset ID: KXUFCFIGHT-26MAR07GARLON-GAR | Best Bid: (0.43, 430.0) | Best Ask: (Decimal('0.4400'), 1046.0)
2026-03-04 22:32:57,915 | INFO | Loaded snapshot for Asset ID: KXUFCFIGHT-26MAR07GARLON-LON | Best Bid: (0.57, 3422.0) | Best Ask: (Decimal('0.5800'), 2481.0)
2026-03-04 22:32:57,915 | INFO | Loaded snapshot for Asset ID: KXUFCFIGHT-26MAR07HOLOLI-HOL | Best Bid: (0.65, 5270.0) | Best Ask: (Decimal('0.6600'), 609288.0)
2026-03-04 22:32:57,917 | INFO | Loaded snapshot for Asset ID: KXUFCFIGHT-26MAR07HOLOLI-OLI | Best Bid: (0.35, 17900.0) | Best Ask: (Decimal('0.3600'), 766630.0)
2026-03-04 22:32:57,917 | INFO | Loaded snapshot for Asset ID: KXUFCFIGHT-26MAR07JOHBRU-BRU | Best Bid: (0.15, 498.0) | Best Ask: (Decimal('0.1700'), 47959.0)
2026-03-04 22:32:57,917 | INFO | Loaded snapshot for Asset ID: KXUFCFIGHT-26MAR07JOHBRU-JOH | Best Bid: (0.84, 999.0) | Best Ask: (Decimal('0.8500'), 11688.0)
2026-03-04 22:32:57,917 | INFO | Loaded snapshot for Asset ID: KXUFCFIGHT-26MAR07MUDSAN-MUD | Best Bid: (0.68, 28.0) | Best Ask: (Decimal('0.6900'), 4094.0)
2026-03-04 22:32:57,917 | INFO | Loaded snapshot for Asset ID: KXUFCFIGHT-26MAR07MUDSAN-SAN | Best Bid: (0.31, 1773.0) | Best Ask: (Decimal('0.3400'), 30.0)
2026-03-04 22:32:57,917 | INFO | Loaded snapshot for Asset ID: KXUFCFIGHT-26MAR07RODFER-FER | Best Bid: (0.37, 1500.0) | Best Ask: (Decimal('0.3800'), 244.0)
2026-03-04 22:32:57,917 | INFO | Loaded snapshot for Asset ID: KXUFCFIGHT-26MAR07RODFER-ROD | Best Bid: (0.61, 1776.0) | Best Ask: (Decimal('0.6300'), 1501.0)
2026-03-04 22:32:57,917 | INFO | Loaded snapshot for Asset ID: KXUFCFIGHT-26MAR07TOBNUR-NUR | Best Bid: (0.34, 563.0) | Best Ask: (Decimal('0.3500'), 85.0)
2026-03-04 22:32:57,917 | INFO | Loaded snapshot for Asset ID: KXUFCFIGHT-26MAR07TOBNUR-TOB | Best Bid: (0.66, 73.0) | Best Ask: (Decimal('0.6700'), 3333.0)
2026-03-04 22:32:57,917 | INFO | Loaded snapshot for Asset ID: KXUFCFIGHT-26MAR07TURMON-MON | Best Bid: (0.63, 139.0) | Best Ask: (Decimal('0.6400'), 4848.0)
2026-03-04 22:32:57,917 | INFO | Loaded snapshot for Asset ID: KXUFCFIGHT-26MAR07TURMON-TUR | Best Bid: (0.36, 10271.0) | Best Ask: (Decimal('0.3700'), 739.0)
2026-03-04 22:32:57,917 | INFO | Subscribed: {'type': 'subscribed', 'id': 1, 'msg': {'channel': 'trade', 'sid': 2}}
2026-03-04 22:33:05,028 | INFO | Updated order book for Asset ID: KXUFCFIGHT-26MAR07FERBEL-FER | Best Bid: (0.68, 1083.0) | Best Ask: (Decimal('0.6900'), 532.0)
2026-03-04 22:33:05,029 | INFO | Updated order book for Asset ID: KXUFCFIGHT-26MAR07FERBEL-FER | Best Bid: (0.68, 1072.0) | Best Ask: (Decimal('0.6900'), 532.0)
2026-03-04 22:33:05,030 | INFO | Updated order book for Asset ID: KXUFCFIGHT-26MAR07FERBEL-FER | Best Bid: (0.68, 1072.0) | Best Ask: (Decimal('0.6900'), 532.0)
2026-03-04 22:33:05,030 | INFO | Updated order book for Asset ID: KXUFCFIGHT-26MAR07FERBEL-FER | Best Bid: (0.68, 1072.0) | Best Ask: (Decimal('0.6900'), 532.0)
2026-03-04 22:33:05,030 | INFO | Updated order book for Asset ID: KXUFCFIGHT-26MAR07FERBEL-FER | Best Bid: (0.68, 1072.0) | Best Ask: (Decimal('0.6900'), 532.0)
2026-03-04 22:33:05,030 | INFO | Updated order book for Asset ID: KXUFCFIGHT-26MAR07FERBEL-BEL | Best Bid: (0.31, 654.0) | Best Ask: (Decimal('0.3200'), 2615.0)
2026-03-04 22:33:05,030 | INFO | Updated order book for Asset ID: KXUFCFIGHT-26MAR07FERBEL-FER | Best Bid: (0.68, 1093.0) | Best Ask: (Decimal('0.6900'), 532.0)
2026-03-04 22:33:05,030 | INFO | Updated order book for Asset ID: KXUFCFIGHT-26MAR07FERBEL-BEL | Best Bid: (0.31, 654.0) | Best Ask: (Decimal('0.3200'), 2643.0)
2026-03-04 22:33:05,030 | INFO | Updated order book for Asset ID: KXUFCFIGHT-26MAR07TURMON-TUR | Best Bid: (0.36, 10271.0) | Best Ask: (Decimal('0.3700'), 739.0)
2026-03-04 22:33:05,030 | INFO | Updated order book for Asset ID: KXUFCFIGHT-26MAR07TURMON-TUR | Best Bid: (0.36, 10271.0) | Best Ask: (Decimal('0.3700'), 739.0)
2026-03-04 22:33:05,030 | INFO | Updated order book for Asset ID: KXUFCFIGHT-26MAR07TURMON-TUR | Best Bid: (0.36, 10271.0) | Best Ask: (Decimal('0.3700'), 739.0)
2026-03-04 22:33:05,030 | INFO | Updated order book for Asset ID: KXUFCFIGHT-26MAR07TURMON-TUR | Best Bid: (0.36, 10271.0) | Best Ask: (Decimal('0.3700'), 739.0)
2026-03-04 22:33:05,030 | INFO | Updated order book for Asset ID: KXUFCFIGHT-26MAR07TURMON-TUR | Best Bid: (0.36, 10271.0) | Best Ask: (Decimal('0.3700'), 739.0)
2026-03-04 22:33:05,030 | INFO | Updated order book for Asset ID: KXUFCFIGHT-26MAR07TURMON-TUR | Best Bid: (0.36, 10271.0) | Best Ask: (Decimal('0.3700'), 739.0)
2026-03-04 22:33:13,721 | INFO | Updated order book for Asset ID: KXUFCFIGHT-26MAR07FONROS-FON | Best Bid: (0.34, 761.0) | Best Ask: (Decimal('0.3500'), 104701.0)
2026-03-04 22:33:13,721 | INFO | Updated order book for Asset ID: KXUFCFIGHT-26MAR07DOBJOH-JOH | Best Bid: (0.51, 8763.0) | Best Ask: (Decimal('0.5200'), 2330.0)
2026-03-04 22:33:13,723 | INFO | Updated order book for Asset ID: KXUFCFIGHT-26MAR07DOBJOH-DOB | Best Bid: (0.48, 561.0) | Best Ask: (Decimal('0.4900'), 8005.0)
2026-03-04 22:33:13,723 | INFO | Updated order book for Asset ID: KXUFCFIGHT-26MAR07TURMON-TUR | Best Bid: (0.36, 10271.0) | Best Ask: (Decimal('0.3700'), 739.0)
2026-03-04 22:33:17,030 | INFO | Updated order book for Asset ID: KXUFCFIGHT-26MAR07GARLON-GAR | Best Bid: (0.43, 430.0) | Best Ask: (Decimal('0.4400'), 1003.0)
2026-03-04 22:33:17,030 | INFO | Updated order book for Asset ID: KXUFCFIGHT-26MAR07HOLOLI-OLI | Best Bid: (0.35, 17900.0) | Best Ask: (Decimal('0.3600'), 766630.0)
2026-03-04 22:33:17,030 | INFO | Updated order book for Asset ID: KXUFCFIGHT-26MAR07HOLOLI-OLI | Best Bid: (0.35, 17900.0) | Best Ask: (Decimal('0.3600'), 766630.0)
2026-03-04 22:33:17,030 | INFO | Updated order book for Asset ID: KXUFCFIGHT-26MAR07HOLOLI-OLI | Best Bid: (0.35, 17900.0) | Best Ask: (Decimal('0.3600'), 766630.0)
2026-03-04 22:33:17,030 | INFO | Updated order book for Asset ID: KXUFCFIGHT-26MAR07HOLOLI-OLI | Best Bid: (0.35, 17900.0) | Best Ask: (Decimal('0.3600'), 766648.0)
2026-03-04 22:33:17,030 | INFO | Updated order book for Asset ID: KXUFCFIGHT-26MAR07HOLOLI-OLI | Best Bid: (0.35, 17900.0) | Best Ask: (Decimal('0.3600'), 766648.0)
2026-03-04 22:33:17,030 | INFO | Updated order book for Asset ID: KXUFCFIGHT-26MAR07HOLOLI-OLI | Best Bid: (0.35, 17958.0) | Best Ask: (Decimal('0.3600'), 766648.0)
2026-03-04 22:33:17,327 | INFO | Updated order book for Asset ID: KXUFCFIGHT-26MAR07GARLON-GAR | Best Bid: (0.43, 430.0) | Best Ask: (Decimal('0.4400'), 1003.0)
2026-03-04 22:33:17,333 | INFO | Updated order book for Asset ID: KXUFCFIGHT-26MAR07GARLON-GAR | Best Bid: (0.43, 680.0) | Best Ask: (Decimal('0.4400'), 1003.0)
2026-03-04 22:33:17,333 | INFO | Updated order book for Asset ID: KXUFCFIGHT-26MAR07GARLON-GAR | Best Bid: (0.43, 680.0) | Best Ask: (Decimal('0.4400'), 1003.0)
2026-03-04 22:33:17,543 | INFO | Updated order book for Asset ID: KXUFCFIGHT-26MAR07GARLON-GAR | Best Bid: (0.43, 680.0) | Best Ask: (Decimal('0.4400'), 1003.0)
2026-03-04 22:33:18,737 | INFO | Updated order book for Asset ID: KXUFCFIGHT-26MAR07FONROS-FON | Best Bid: (0.34, 761.0) | Best Ask: (Decimal('0.3500'), 104701.0)
2026-03-04 22:33:19,706 | INFO | Updated order book for Asset ID: KXUFCFIGHT-26MAR07BORDER-DER | Best Bid: (0.3, 4926.0) | Best Ask: (Decimal('0.3100'), 35850.0)
2026-03-04 22:33:21,108 | INFO | Updated order book for Asset ID: KXUFCFIGHT-26MAR07DOBJOH-JOH | Best Bid: (0.51, 8763.0) | Best Ask: (Decimal('0.5200'), 2330.0)
2026-03-04 22:33:21,108 | INFO | Updated order book for Asset ID: KXUFCFIGHT-26MAR07DOBJOH-JOH | Best Bid: (0.51, 8763.0) | Best Ask: (Decimal('0.5200'), 2330.0)
2026-03-04 22:33:21,123 | INFO | Updated order book for Asset ID: KXUFCFIGHT-26MAR07DOBJOH-JOH | Best Bid: (0.51, 8763.0) | Best Ask: (Decimal('0.5200'), 2330.0)
2026-03-04 22:33:24,491 | INFO | Updated order book for Asset ID: KXUFCFIGHT-26MAR07GARLON-GAR | Best Bid: (0.43, 680.0) | Best Ask: (Decimal('0.4400'), 1003.0)
2026-03-04 22:33:27,599 | INFO | Updated order book for Asset ID: KXUFCFIGHT-26MAR07BORDER-DER | Best Bid: (0.3, 4926.0) | Best Ask: (Decimal('0.3100'), 35850.0)
2026-03-04 22:33:32,565 | INFO | Updated order book for Asset ID: KXUFCFIGHT-26MAR07GARLON-GAR | Best Bid: (0.43, 680.0) | Best Ask: (Decimal('0.4400'), 1003.0)
2026-03-04 22:33:32,661 | INFO | Updated order book for Asset ID: KXUFCFIGHT-26MAR07GARLON-GAR | Best Bid: (0.43, 680.0) | Best Ask: (Decimal('0.4400'), 1003.0)
2026-03-04 22:33:32,661 | INFO | Updated order book for Asset ID: KXUFCFIGHT-26MAR07GARLON-GAR | Best Bid: (0.43, 680.0) | Best Ask: (Decimal('0.4400'), 1003.0)
2026-03-04 22:33:33,173 | INFO | Updated order book for Asset ID: KXUFCFIGHT-26MAR07FONROS-ROS | Best Bid: (0.66, 1123.0) | Best Ask: (Decimal('0.6700'), 3570.0)
2026-03-04 22:33:37,535 | INFO | Updated order book for Asset ID: KXUFCFIGHT-26MAR07DOBJOH-JOH | Best Bid: (0.51, 8763.0) | Best Ask: (Decimal('0.5200'), 2330.0)
2026-03-04 22:33:38,205 | INFO | Updated order book for Asset ID: KXUFCFIGHT-26MAR07BORDER-BOR | Best Bid: (0.7, 4671.0) | Best Ask: (Decimal('0.7100'), 161892.0)
2026-03-04 22:33:40,889 | INFO | Updated order book for Asset ID: KXUFCFIGHT-26MAR07GARLON-GAR | Best Bid: (0.43, 680.0) | Best Ask: (Decimal('0.4400'), 1003.0)
2026-03-04 22:33:41,187 | INFO | Updated order book for Asset ID: KXUFCFIGHT-26MAR07GARLON-GAR | Best Bid: (0.43, 680.0) | Best Ask: (Decimal('0.4400'), 1003.0)
2026-03-04 22:33:43,193 | INFO | Updated order book for Asset ID: KXUFCFIGHT-26MAR07FONROS-FON | Best Bid: (0.34, 761.0) | Best Ask: (Decimal('0.3500'), 104701.0)
2026-03-04 22:33:50,666 | INFO | Updated order book for Asset ID: KXUFCFIGHT-26MAR07FONROS-FON | Best Bid: (0.34, 761.0) | Best Ask: (Decimal('0.3500'), 104701.0)
2026-03-04 22:33:52,874 | INFO | Updated order book for Asset ID: KXUFCFIGHT-26MAR07TURMON-TUR | Best Bid: (0.36, 10271.0) | Best Ask: (Decimal('0.3700'), 739.0)
2026-03-04 22:33:55,539 | INFO | Updated order book for Asset ID: KXUFCFIGHT-26MAR07GARLON-GAR | Best Bid: (0.43, 680.0) | Best Ask: (Decimal('0.4400'), 1003.0)
2026-03-04 22:33:55,539 | INFO | Updated order book for Asset ID: KXUFCFIGHT-26MAR07GARLON-GAR | Best Bid: (0.43, 680.0) | Best Ask: (Decimal('0.4400'), 1003.0)
2026-03-04 22:34:13,908 | INFO | Updated order book for Asset ID: KXUFCFIGHT-26MAR07FONROS-FON | Best Bid: (0.34, 761.0) | Best Ask: (Decimal('0.3500'), 104701.0)
2026-03-04 22:34:15,700 | INFO | Updated order book for Asset ID: KXUFCFIGHT-26MAR07HOLOLI-OLI | Best Bid: (0.35, 17958.0) | Best Ask: (Decimal('0.3600'), 766571.0)
2026-03-04 22:34:15,700 | INFO | Updated order book for Asset ID: KXUFCFIGHT-26MAR07HOLOLI-OLI | Best Bid: (0.35, 17958.0) | Best Ask: (Decimal('0.3600'), 766561.0)
2026-03-04 22:34:15,704 | INFO | Updated order book for Asset ID: KXUFCFIGHT-26MAR07HOLOLI-OLI | Best Bid: (0.35, 17958.0) | Best Ask: (Decimal('0.3600'), 766533.0)
2026-03-04 22:34:43,849 | INFO | Updated order book for Asset ID: KXUFCFIGHT-26MAR07FONROS-FON | Best Bid: (0.34, 761.0) | Best Ask: (Decimal('0.3500'), 104701.0)
2026-03-04 22:34:58,870 | INFO | Updated order book for Asset ID: KXUFCFIGHT-26MAR07HOLOLI-HOL | Best Bid: (0.65, 5270.0) | Best Ask: (Decimal('0.6600'), 609274.0)
2026-03-04 22:35:05,983 | INFO | Updated order book for Asset ID: KXUFCFIGHT-26MAR07DOBJOH-JOH | Best Bid: (0.51, 8763.0) | Best Ask: (Decimal('0.5200'), 2330.0)
2026-03-04 22:35:05,983 | INFO | Updated order book for Asset ID: KXUFCFIGHT-26MAR07DOBJOH-JOH | Best Bid: (0.51, 8763.0) | Best Ask: (Decimal('0.5200'), 2330.0)
2026-03-04 22:35:06,184 | INFO | Updated order book for Asset ID: KXUFCFIGHT-26MAR07DOBJOH-JOH | Best Bid: (0.51, 8763.0) | Best Ask: (Decimal('0.5200'), 2330.0)
2026-03-04 22:35:06,184 | INFO | Updated order book for Asset ID: KXUFCFIGHT-26MAR07DOBJOH-JOH | Best Bid: (0.51, 8763.0) | Best Ask: (Decimal('0.5200'), 2330.0)
2026-03-04 22:35:11,005 | INFO | Updated order book for Asset ID: KXUFCFIGHT-26MAR07FONROS-FON | Best Bid: (0.34, 761.0) | Best Ask: (Decimal('0.3500'), 104675.0)
2026-03-04 22:35:13,639 | INFO | Updated order book for Asset ID: KXUFCFIGHT-26MAR07FONROS-FON | Best Bid: (0.34, 761.0) | Best Ask: (Decimal('0.3500'), 104675.0)
2026-03-04 22:35:15,286 | INFO | Updated order book for Asset ID: KXUFCFIGHT-26MAR07BORDER-DER | Best Bid: (0.3, 4926.0) | Best Ask: (Decimal('0.3100'), 35850.0)
2026-03-04 22:35:23,998 | INFO | Updated order book for Asset ID: KXUFCFIGHT-26MAR07DOBJOH-JOH | Best Bid: (0.51, 8763.0) | Best Ask: (Decimal('0.5200'), 2330.0)
2026-03-04 22:35:24,300 | INFO | Updated order book for Asset ID: KXUFCFIGHT-26MAR07DOBJOH-JOH | Best Bid: (0.51, 8763.0) | Best Ask: (Decimal('0.5200'), 2330.0)
2026-03-04 22:35:27,193 | INFO | Updated order book for Asset ID: KXUFCFIGHT-26MAR07TURMON-TUR | Best Bid: (0.36, 10271.0) | Best Ask: (Decimal('0.3700'), 739.0)
2026-03-04 22:35:27,223 | INFO | Updated order book for Asset ID: KXUFCFIGHT-26MAR07TURMON-MON | Best Bid: (0.63, 156.0) | Best Ask: (Decimal('0.6400'), 4848.0)
2026-03-04 22:35:27,232 | INFO | Updated order book for Asset ID: KXUFCFIGHT-26MAR07TURMON-MON | Best Bid: (0.63, 156.0) | Best Ask: (Decimal('0.6400'), 4848.0)
2026-03-04 22:35:27,232 | INFO | Updated order book for Asset ID: KXUFCFIGHT-26MAR07TURMON-MON | Best Bid: (0.63, 156.0) | Best Ask: (Decimal('0.6400'), 4848.0)
2026-03-04 22:35:30,985 | INFO | Updated order book for Asset ID: KXUFCFIGHT-26MAR07DOBJOH-JOH | Best Bid: (0.51, 8763.0) | Best Ask: (Decimal('0.5200'), 2330.0)
2026-03-04 22:35:30,987 | INFO | Updated order book for Asset ID: KXUFCFIGHT-26MAR07DOBJOH-JOH | Best Bid: (0.51, 8763.0) | Best Ask: (Decimal('0.5200'), 2330.0)
2026-03-04 22:35:39,825 | INFO | Updated order book for Asset ID: KXUFCFIGHT-26MAR07HOLOLI-OLI | Best Bid: (0.35, 17996.0) | Best Ask: (Decimal('0.3600'), 766533.0)
2026-03-04 22:35:40,019 | INFO | Updated order book for Asset ID: KXUFCFIGHT-26MAR07FONROS-FON | Best Bid: (0.34, 761.0) | Best Ask: (Decimal('0.3500'), 104675.0)
2026-03-04 22:35:43,333 | INFO | Updated order book for Asset ID: KXUFCFIGHT-26MAR07FONROS-FON | Best Bid: (0.34, 761.0) | Best Ask: (Decimal('0.3500'), 104675.0)
2026-03-04 23:27:18,478 | ERROR | WebSocket connection closed: no close frame received or sent
2026-03-04 23:27:18,480 | INFO | Reconnecting in 5 seconds...
2026-03-04 23:27:51,379 | INFO | Connected! Subscribing to orderbook for KXUFCFIGHT-26MAR07DURTUM-TUM, KXUFCFIGHT-26MAR07DURTUM-DUR, KXUFCFIGHT-26MAR07TOBNUR-TOB, KXUFCFIGHT-26MAR07TOBNUR-NUR, KXUFCFIGHT-26MAR07BOLLEE-LEE, KXUFCFIGHT-26MAR07BOLLEE-BOL, KXUFCFIGHT-26MAR07DOBJOH-JOH, KXUFCFIGHT-26MAR07DOBJOH-DOB, KXUFCFIGHT-26MAR07FERBEL-FER, KXUFCFIGHT-26MAR07FERBEL-BEL, KXUFCFIGHT-26MAR07FONROS-ROS, KXUFCFIGHT-26MAR07FONROS-FON, KXUFCFIGHT-26MAR07GARLON-LON, KXUFCFIGHT-26MAR07GARLON-GAR, KXUFCFIGHT-26MAR07JOHBRU-JOH, KXUFCFIGHT-26MAR07JOHBRU-BRU, KXUFCFIGHT-26MAR07RODFER-ROD, KXUFCFIGHT-26MAR07RODFER-FER, KXUFCFIGHT-26MAR07TURMON-TUR, KXUFCFIGHT-26MAR07TURMON-MON, KXUFCFIGHT-26MAR07MUDSAN-SAN, KXUFCFIGHT-26MAR07MUDSAN-MUD, KXUFCFIGHT-26MAR07HOLOLI-OLI, KXUFCFIGHT-26MAR07HOLOLI-HOL, KXUFCFIGHT-26MAR07BORDER-DER, KXUFCFIGHT-26MAR07BORDER-BOR
2026-03-04 23:27:51,412 | INFO | Subscribed: {'type': 'subscribed', 'id': 1, 'msg': {'channel': 'orderbook_delta', 'sid': 1}}
2026-03-04 23:27:51,412 | INFO | Loaded snapshot for Asset ID: KXUFCFIGHT-26MAR07BOLLEE-BOL | Best Bid: (0.28, 1068.0) | Best Ask: (Decimal('0.2900'), 37348.0)
2026-03-04 23:27:51,416 | INFO | Loaded snapshot for Asset ID: KXUFCFIGHT-26MAR07BOLLEE-LEE | Best Bid: (0.7, 4074.0) | Best Ask: (Decimal('0.7100'), 154.0)
2026-03-04 23:27:51,418 | INFO | Loaded snapshot for Asset ID: KXUFCFIGHT-26MAR07BORDER-BOR | Best Bid: (0.7, 4671.0) | Best Ask: (Decimal('0.7100'), 161802.0)
2026-03-04 23:27:51,418 | INFO | Loaded snapshot for Asset ID: KXUFCFIGHT-26MAR07BORDER-DER | Best Bid: (0.3, 4926.0) | Best Ask: (Decimal('0.3100'), 35006.0)
2026-03-04 23:27:51,425 | INFO | Loaded snapshot for Asset ID: KXUFCFIGHT-26MAR07DOBJOH-DOB | Best Bid: (0.48, 490.0) | Best Ask: (Decimal('0.4900'), 6823.0)
2026-03-04 23:27:51,425 | INFO | Loaded snapshot for Asset ID: KXUFCFIGHT-26MAR07DOBJOH-JOH | Best Bid: (0.51, 7864.0) | Best Ask: (Decimal('0.5200'), 1978.0)
2026-03-04 23:27:51,429 | INFO | Loaded snapshot for Asset ID: KXUFCFIGHT-26MAR07DURTUM-DUR | Best Bid: (0.41, 2562.0) | Best Ask: (Decimal('0.4300'), 1.0)
2026-03-04 23:27:51,429 | INFO | Loaded snapshot for Asset ID: KXUFCFIGHT-26MAR07DURTUM-TUM | Best Bid: (0.57, 2781.0) | Best Ask: (Decimal('0.5900'), 5513.0)
2026-03-04 23:27:51,432 | INFO | Loaded snapshot for Asset ID: KXUFCFIGHT-26MAR07FERBEL-BEL | Best Bid: (0.31, 633.0) | Best Ask: (Decimal('0.3200'), 2669.0)
2026-03-04 23:27:51,434 | INFO | Loaded snapshot for Asset ID: KXUFCFIGHT-26MAR07FERBEL-FER | Best Bid: (0.68, 1102.0) | Best Ask: (Decimal('0.6900'), 485.0)
2026-03-04 23:27:51,435 | INFO | Loaded snapshot for Asset ID: KXUFCFIGHT-26MAR07FONROS-FON | Best Bid: (0.34, 761.0) | Best Ask: (Decimal('0.3500'), 104709.0)
2026-03-04 23:27:51,437 | INFO | Loaded snapshot for Asset ID: KXUFCFIGHT-26MAR07FONROS-ROS | Best Bid: (0.66, 1123.0) | Best Ask: (Decimal('0.6700'), 3403.0)
2026-03-04 23:27:51,437 | INFO | Loaded snapshot for Asset ID: KXUFCFIGHT-26MAR07GARLON-GAR | Best Bid: (0.43, 915.0) | Best Ask: (Decimal('0.4400'), 927.0)
2026-03-04 23:27:51,437 | INFO | Loaded snapshot for Asset ID: KXUFCFIGHT-26MAR07GARLON-LON | Best Bid: (0.57, 3422.0) | Best Ask: (Decimal('0.5800'), 2477.0)
2026-03-04 23:27:51,437 | INFO | Loaded snapshot for Asset ID: KXUFCFIGHT-26MAR07HOLOLI-HOL | Best Bid: (0.65, 5238.0) | Best Ask: (Decimal('0.6600'), 607187.0)
2026-03-04 23:27:51,437 | INFO | Loaded snapshot for Asset ID: KXUFCFIGHT-26MAR07HOLOLI-OLI | Best Bid: (0.35, 17767.0) | Best Ask: (Decimal('0.3600'), 759004.0)
2026-03-04 23:27:51,445 | INFO | Loaded snapshot for Asset ID: KXUFCFIGHT-26MAR07JOHBRU-BRU | Best Bid: (0.15, 498.0) | Best Ask: (Decimal('0.1700'), 47818.0)
2026-03-04 23:27:51,445 | INFO | Loaded snapshot for Asset ID: KXUFCFIGHT-26MAR07JOHBRU-JOH | Best Bid: (0.84, 999.0) | Best Ask: (Decimal('0.8500'), 11679.0)
2026-03-04 23:27:51,445 | INFO | Loaded snapshot for Asset ID: KXUFCFIGHT-26MAR07MUDSAN-MUD | Best Bid: (0.66, 840.0) | Best Ask: (Decimal('0.6900'), 4094.0)
2026-03-04 23:27:51,445 | INFO | Loaded snapshot for Asset ID: KXUFCFIGHT-26MAR07MUDSAN-SAN | Best Bid: (0.31, 1753.0) | Best Ask: (Decimal('0.3400'), 24.0)
2026-03-04 23:27:51,445 | INFO | Loaded snapshot for Asset ID: KXUFCFIGHT-26MAR07RODFER-FER | Best Bid: (0.37, 1500.0) | Best Ask: (Decimal('0.3800'), 74.0)
2026-03-04 23:27:51,445 | INFO | Loaded snapshot for Asset ID: KXUFCFIGHT-26MAR07RODFER-ROD | Best Bid: (0.61, 1526.0) | Best Ask: (Decimal('0.6300'), 1751.0)
2026-03-04 23:27:51,452 | INFO | Loaded snapshot for Asset ID: KXUFCFIGHT-26MAR07TOBNUR-NUR | Best Bid: (0.34, 540.0) | Best Ask: (Decimal('0.3500'), 85.0)
2026-03-04 23:27:51,453 | INFO | Loaded snapshot for Asset ID: KXUFCFIGHT-26MAR07TOBNUR-TOB | Best Bid: (0.66, 73.0) | Best Ask: (Decimal('0.6700'), 3227.0)
2026-03-04 23:27:51,453 | INFO | Loaded snapshot for Asset ID: KXUFCFIGHT-26MAR07TURMON-MON | Best Bid: (0.63, 156.0) | Best Ask: (Decimal('0.6400'), 4801.0)
2026-03-04 23:27:51,453 | INFO | Loaded snapshot for Asset ID: KXUFCFIGHT-26MAR07TURMON-TUR | Best Bid: (0.36, 10271.0) | Best Ask: (Decimal('0.3700'), 739.0)
2026-03-04 23:27:51,453 | INFO | Subscribed: {'type': 'subscribed', 'id': 1, 'msg': {'channel': 'trade', 'sid': 2}}
2026-03-04 23:28:00,847 | INFO | Updated order book for Asset ID: KXUFCFIGHT-26MAR07HOLOLI-OLI | Best Bid: (0.35, 17767.0) | Best Ask: (Decimal('0.3600'), 758993.0)
2026-03-04 23:28:06,459 | INFO | Updated order book for Asset ID: KXUFCFIGHT-26MAR07BORDER-DER | Best Bid: (0.3, 4926.0) | Best Ask: (Decimal('0.3100'), 34976.0)
2026-03-04 23:28:18,615 | INFO | Updated order book for Asset ID: KXUFCFIGHT-26MAR07HOLOLI-OLI | Best Bid: (0.35, 17767.0) | Best Ask: (Decimal('0.3600'), 758728.0)
2026-03-04 23:28:31,969 | INFO | Updated order book for Asset ID: KXUFCFIGHT-26MAR07HOLOLI-HOL | Best Bid: (0.65, 5238.0) | Best Ask: (Decimal('0.6600'), 607151.0)
2026-03-04 23:28:55,283 | INFO | Updated order book for Asset ID: KXUFCFIGHT-26MAR07RODFER-FER | Best Bid: (0.37, 1500.0) | Best Ask: (Decimal('0.3800'), 72.0)
2026-03-04 23:29:30,322 | INFO | Updated order book for Asset ID: KXUFCFIGHT-26MAR07TURMON-TUR | Best Bid: (0.36, 10271.0) | Best Ask: (Decimal('0.3700'), 639.0)
2026-03-04 23:29:30,356 | INFO | Updated order book for Asset ID: KXUFCFIGHT-26MAR07TURMON-MON | Best Bid: (0.63, 134.0) | Best Ask: (Decimal('0.6400'), 4801.0)
2026-03-04 23:29:30,384 | INFO | Updated order book for Asset ID: KXUFCFIGHT-26MAR07TURMON-TUR | Best Bid: (0.36, 10271.0) | Best Ask: (Decimal('0.3700'), 639.0)
2026-03-04 23:29:30,384 | INFO | Updated order book for Asset ID: KXUFCFIGHT-26MAR07TURMON-TUR | Best Bid: (0.36, 10271.0) | Best Ask: (Decimal('0.3700'), 661.0)
2026-03-04 23:29:30,384 | INFO | Updated order book for Asset ID: KXUFCFIGHT-26MAR07TURMON-MON | Best Bid: (0.63, 134.0) | Best Ask: (Decimal('0.6400'), 4801.0)
2026-03-04 23:29:39,292 | INFO | Updated order book for Asset ID: KXUFCFIGHT-26MAR07FONROS-ROS | Best Bid: (0.66, 1123.0) | Best Ask: (Decimal('0.6700'), 3385.0)
2026-03-04 23:29:42,104 | INFO | Updated order book for Asset ID: KXUFCFIGHT-26MAR07TURMON-TUR | Best Bid: (0.36, 10271.0) | Best Ask: (Decimal('0.3700'), 661.0)
2026-03-04 23:29:42,106 | INFO | Updated order book for Asset ID: KXUFCFIGHT-26MAR07TURMON-TUR | Best Bid: (0.36, 10271.0) | Best Ask: (Decimal('0.3700'), 661.0)
2026-03-04 23:29:57,331 | INFO | Updated order book for Asset ID: KXUFCFIGHT-26MAR07FONROS-FON | Best Bid: (0.34, 761.0) | Best Ask: (Decimal('0.3500'), 104699.0)
2026-03-04 23:29:57,331 | INFO | Updated order book for Asset ID: KXUFCFIGHT-26MAR07FONROS-FON | Best Bid: (0.34, 761.0) | Best Ask: (Decimal('0.3500'), 104699.0)
2026-03-04 23:29:57,331 | INFO | Updated order book for Asset ID: KXUFCFIGHT-26MAR07FONROS-FON | Best Bid: (0.34, 761.0) | Best Ask: (Decimal('0.3500'), 104699.0)
2026-03-04 23:30:03,221 | INFO | Updated order book for Asset ID: KXUFCFIGHT-26MAR07BORDER-DER | Best Bid: (0.3, 4926.0) | Best Ask: (Decimal('0.3100'), 34875.0)
2026-03-04 23:30:31,206 | INFO | Updated order book for Asset ID: KXUFCFIGHT-26MAR07TOBNUR-TOB | Best Bid: (0.66, 73.0) | Best Ask: (Decimal('0.6700'), 3225.0)
2026-03-04 23:30:48,353 | INFO | Updated order book for Asset ID: KXUFCFIGHT-26MAR07DOBJOH-JOH | Best Bid: (0.51, 7864.0) | Best Ask: (Decimal('0.5200'), 1978.0)
2026-03-04 23:30:48,359 | INFO | Updated order book for Asset ID: KXUFCFIGHT-26MAR07DOBJOH-JOH | Best Bid: (0.51, 7864.0) | Best Ask: (Decimal('0.5200'), 1978.0)
2026-03-04 23:30:48,359 | INFO | Updated order book for Asset ID: KXUFCFIGHT-26MAR07DOBJOH-JOH | Best Bid: (0.51, 7864.0) | Best Ask: (Decimal('0.5200'), 1978.0)
2026-03-04 23:30:48,361 | INFO | Updated order book for Asset ID: KXUFCFIGHT-26MAR07DOBJOH-JOH | Best Bid: (0.51, 7864.0) | Best Ask: (Decimal('0.5200'), 1978.0)
2026-03-04 23:30:48,361 | INFO | Updated order book for Asset ID: KXUFCFIGHT-26MAR07DOBJOH-JOH | Best Bid: (0.51, 7864.0) | Best Ask: (Decimal('0.5200'), 1978.0)
2026-03-04 23:30:48,361 | INFO | Updated order book for Asset ID: KXUFCFIGHT-26MAR07DOBJOH-JOH | Best Bid: (0.51, 7864.0) | Best Ask: (Decimal('0.5200'), 1978.0)
2026-03-04 23:30:54,011 | INFO | Updated order book for Asset ID: KXUFCFIGHT-26MAR07HOLOLI-OLI | Best Bid: (0.35, 17767.0) | Best Ask: (Decimal('0.3600'), 758728.0)
2026-03-04 23:30:56,838 | INFO | Updated order book for Asset ID: KXUFCFIGHT-26MAR07HOLOLI-OLI | Best Bid: (0.35, 17767.0) | Best Ask: (Decimal('0.3600'), 758728.0)
2026-03-04 23:30:56,838 | INFO | Updated order book for Asset ID: KXUFCFIGHT-26MAR07DOBJOH-JOH | Best Bid: (0.51, 7864.0) | Best Ask: (Decimal('0.5200'), 1978.0)
2026-03-04 23:31:02,315 | INFO | Updated order book for Asset ID: KXUFCFIGHT-26MAR07DOBJOH-JOH | Best Bid: (0.51, 7364.0) | Best Ask: (Decimal('0.5200'), 1978.0)
2026-03-04 23:31:02,315 | INFO | Updated order book for Asset ID: KXUFCFIGHT-26MAR07DOBJOH-JOH | Best Bid: (0.51, 7364.0) | Best Ask: (Decimal('0.5200'), 1978.0)
2026-03-04 23:31:11,389 | INFO | Updated order book for Asset ID: KXUFCFIGHT-26MAR07DOBJOH-JOH | Best Bid: (0.51, 7364.0) | Best Ask: (Decimal('0.5200'), 1978.0)
2026-03-04 23:31:11,391 | INFO | Updated order book for Asset ID: KXUFCFIGHT-26MAR07DOBJOH-JOH | Best Bid: (0.51, 7364.0) | Best Ask: (Decimal('0.5200'), 1978.0)
2026-03-04 23:31:15,965 | INFO | Updated order book for Asset ID: KXUFCFIGHT-26MAR07FONROS-FON | Best Bid: (0.34, 761.0) | Best Ask: (Decimal('0.3500'), 104699.0)
2026-03-04 23:31:15,965 | INFO | Updated order book for Asset ID: KXUFCFIGHT-26MAR07FONROS-FON | Best Bid: (0.34, 761.0) | Best Ask: (Decimal('0.3500'), 104999.0)
2026-03-04 23:31:15,971 | INFO | Updated order book for Asset ID: KXUFCFIGHT-26MAR07FONROS-FON | Best Bid: (0.34, 761.0) | Best Ask: (Decimal('0.3500'), 104999.0)
2026-03-04 23:31:15,972 | INFO | Updated order book for Asset ID: KXUFCFIGHT-26MAR07FONROS-FON | Best Bid: (0.34, 761.0) | Best Ask: (Decimal('0.3500'), 104999.0)
2026-03-04 23:31:21,632 | INFO | Updated order book for Asset ID: KXUFCFIGHT-26MAR07FONROS-FON | Best Bid: (0.34, 761.0) | Best Ask: (Decimal('0.3500'), 104999.0)
2026-03-04 23:31:21,632 | INFO | Updated order book for Asset ID: KXUFCFIGHT-26MAR07FONROS-FON | Best Bid: (0.34, 761.0) | Best Ask: (Decimal('0.3500'), 104699.0)
2026-03-04 23:31:21,632 | INFO | Updated order book for Asset ID: KXUFCFIGHT-26MAR07FONROS-FON | Best Bid: (0.34, 761.0) | Best Ask: (Decimal('0.3500'), 104699.0)
2026-03-04 23:31:21,632 | INFO | Updated order book for Asset ID: KXUFCFIGHT-26MAR07FONROS-FON | Best Bid: (0.34, 761.0) | Best Ask: (Decimal('0.3500'), 104699.0)
2026-03-04 23:31:21,632 | INFO | Updated order book for Asset ID: KXUFCFIGHT-26MAR07FONROS-FON | Best Bid: (0.34, 761.0) | Best Ask: (Decimal('0.3500'), 104499.0)
2026-03-04 23:31:21,637 | INFO | Updated order book for Asset ID: KXUFCFIGHT-26MAR07FONROS-FON | Best Bid: (0.34, 761.0) | Best Ask: (Decimal('0.3500'), 104499.0)
2026-03-04 23:31:21,637 | INFO | Updated order book for Asset ID: KXUFCFIGHT-26MAR07FONROS-FON | Best Bid: (0.34, 761.0) | Best Ask: (Decimal('0.3500'), 104499.0)
2026-03-04 23:31:24,642 | INFO | Updated order book for Asset ID: KXUFCFIGHT-26MAR07JOHBRU-BRU | Best Bid: (0.15, 498.0) | Best Ask: (Decimal('0.1700'), 47818.0)
2026-03-04 23:31:24,642 | INFO | Updated order book for Asset ID: KXUFCFIGHT-26MAR07JOHBRU-BRU | Best Bid: (0.15, 498.0) | Best Ask: (Decimal('0.1700'), 47818.0)
2026-03-04 23:31:24,912 | INFO | Updated order book for Asset ID: KXUFCFIGHT-26MAR07MUDSAN-SAN | Best Bid: (0.31, 1753.0) | Best Ask: (Decimal('0.3400'), 24.0)
2026-03-04 23:31:24,941 | INFO | Updated order book for Asset ID: KXUFCFIGHT-26MAR07MUDSAN-SAN | Best Bid: (0.31, 1768.0) | Best Ask: (Decimal('0.3400'), 24.0)
2026-03-04 23:31:24,943 | INFO | Updated order book for Asset ID: KXUFCFIGHT-26MAR07MUDSAN-SAN | Best Bid: (0.31, 1768.0) | Best Ask: (Decimal('0.3400'), 24.0)
2026-03-04 23:31:24,943 | INFO | Updated order book for Asset ID: KXUFCFIGHT-26MAR07MUDSAN-SAN | Best Bid: (0.31, 1768.0) | Best Ask: (Decimal('0.3400'), 24.0)
2026-03-04 23:31:24,945 | INFO | Updated order book for Asset ID: KXUFCFIGHT-26MAR07MUDSAN-SAN | Best Bid: (0.31, 1768.0) | Best Ask: (Decimal('0.3400'), 24.0)
2026-03-04 23:31:25,431 | INFO | Updated order book for Asset ID: KXUFCFIGHT-26MAR07MUDSAN-SAN | Best Bid: (0.31, 1768.0) | Best Ask: (Decimal('0.3400'), 24.0)
2026-03-04 23:31:29,846 | INFO | Updated order book for Asset ID: KXUFCFIGHT-26MAR07FONROS-FON | Best Bid: (0.34, 761.0) | Best Ask: (Decimal('0.3500'), 104499.0)
2026-03-04 23:31:30,167 | INFO | Updated order book for Asset ID: KXUFCFIGHT-26MAR07JOHBRU-JOH | Best Bid: (0.84, 999.0) | Best Ask: (Decimal('0.8500'), 11679.0)
2026-03-04 23:31:30,167 | INFO | Updated order book for Asset ID: KXUFCFIGHT-26MAR07JOHBRU-JOH | Best Bid: (0.84, 999.0) | Best Ask: (Decimal('0.8500'), 11679.0)
2026-03-04 23:31:38,437 | INFO | Updated order book for Asset ID: KXUFCFIGHT-26MAR07DOBJOH-JOH | Best Bid: (0.51, 7364.0) | Best Ask: (Decimal('0.5200'), 1978.0)
2026-03-04 23:31:52,395 | INFO | Updated order book for Asset ID: KXUFCFIGHT-26MAR07FONROS-FON | Best Bid: (0.34, 761.0) | Best Ask: (Decimal('0.3500'), 104499.0)
2026-03-04 23:31:52,395 | INFO | Updated order book for Asset ID: KXUFCFIGHT-26MAR07GARLON-GAR | Best Bid: (0.43, 915.0) | Best Ask: (Decimal('0.4400'), 2927.0)
2026-03-04 23:31:52,395 | INFO | Updated order book for Asset ID: KXUFCFIGHT-26MAR07GARLON-GAR | Best Bid: (0.43, 915.0) | Best Ask: (Decimal('0.4400'), 2927.0)
2026-03-04 23:31:52,395 | INFO | Updated order book for Asset ID: KXUFCFIGHT-26MAR07GARLON-GAR | Best Bid: (0.43, 915.0) | Best Ask: (Decimal('0.4400'), 2927.0)
2026-03-04 23:31:52,400 | INFO | Updated order book for Asset ID: KXUFCFIGHT-26MAR07GARLON-GAR | Best Bid: (0.43, 915.0) | Best Ask: (Decimal('0.4400'), 2927.0)
2026-03-04 23:31:52,400 | INFO | Updated order book for Asset ID: KXUFCFIGHT-26MAR07GARLON-GAR | Best Bid: (0.43, 915.0) | Best Ask: (Decimal('0.4400'), 2927.0)
2026-03-04 23:31:52,400 | INFO | Updated order book for Asset ID: KXUFCFIGHT-26MAR07GARLON-GAR | Best Bid: (0.43, 915.0) | Best Ask: (Decimal('0.4400'), 2927.0)
2026-03-04 23:31:52,403 | INFO | Updated order book for Asset ID: KXUFCFIGHT-26MAR07GARLON-GAR | Best Bid: (0.43, 915.0) | Best Ask: (Decimal('0.4400'), 2927.0)
2026-03-04 23:31:52,403 | INFO | Updated order book for Asset ID: KXUFCFIGHT-26MAR07GARLON-GAR | Best Bid: (0.43, 915.0) | Best Ask: (Decimal('0.4400'), 2927.0)
2026-03-04 23:31:55,125 | INFO | Updated order book for Asset ID: KXUFCFIGHT-26MAR07JOHBRU-BRU | Best Bid: (0.15, 498.0) | Best Ask: (Decimal('0.1700'), 47818.0)
2026-03-04 23:31:55,127 | INFO | Updated order book for Asset ID: KXUFCFIGHT-26MAR07JOHBRU-BRU | Best Bid: (0.15, 498.0) | Best Ask: (Decimal('0.1700'), 47818.0)
2026-03-04 23:32:01,001 | INFO | Updated order book for Asset ID: KXUFCFIGHT-26MAR07JOHBRU-JOH | Best Bid: (0.84, 999.0) | Best Ask: (Decimal('0.8500'), 11679.0)
2026-03-04 23:32:01,001 | INFO | Updated order book for Asset ID: KXUFCFIGHT-26MAR07JOHBRU-JOH | Best Bid: (0.84, 999.0) | Best Ask: (Decimal('0.8500'), 11679.0)
2026-03-04 23:32:01,781 | INFO | Updated order book for Asset ID: KXUFCFIGHT-26MAR07HOLOLI-OLI | Best Bid: (0.35, 17767.0) | Best Ask: (Decimal('0.3600'), 758715.0)
2026-03-04 23:32:08,061 | INFO | Updated order book for Asset ID: KXUFCFIGHT-26MAR07FONROS-FON | Best Bid: (0.34, 761.0) | Best Ask: (Decimal('0.3500'), 104499.0)
2026-03-04 23:32:08,061 | INFO | Updated order book for Asset ID: KXUFCFIGHT-26MAR07FONROS-FON | Best Bid: (0.34, 761.0) | Best Ask: (Decimal('0.3500'), 104499.0)
2026-03-04 23:32:09,791 | INFO | Updated order book for Asset ID: KXUFCFIGHT-26MAR07FONROS-FON | Best Bid: (0.34, 761.0) | Best Ask: (Decimal('0.3500'), 104499.0)
2026-03-04 23:32:09,791 | INFO | Updated order book for Asset ID: KXUFCFIGHT-26MAR07FONROS-FON | Best Bid: (0.34, 761.0) | Best Ask: (Decimal('0.3500'), 104999.0)
2026-03-04 23:32:18,382 | INFO | Updated order book for Asset ID: KXUFCFIGHT-26MAR07JOHBRU-BRU | Best Bid: (0.15, 481.0) | Best Ask: (Decimal('0.1700'), 47818.0)
2026-03-04 23:32:29,582 | INFO | Updated order book for Asset ID: KXUFCFIGHT-26MAR07TOBNUR-NUR | Best Bid: (0.34, 540.0) | Best Ask: (Decimal('0.3500'), 85.0)
2026-03-04 23:32:29,586 | INFO | Updated order book for Asset ID: KXUFCFIGHT-26MAR07TOBNUR-NUR | Best Bid: (0.34, 540.0) | Best Ask: (Decimal('0.3500'), 85.0)
2026-03-04 23:32:29,586 | INFO | Updated order book for Asset ID: KXUFCFIGHT-26MAR07TOBNUR-NUR | Best Bid: (0.34, 540.0) | Best Ask: (Decimal('0.3500'), 85.0)
2026-03-04 23:32:43,974 | INFO | Updated order book for Asset ID: KXUFCFIGHT-26MAR07BORDER-DER | Best Bid: (0.3, 4926.0) | Best Ask: (Decimal('0.3100'), 34875.0)
2026-03-04 23:32:43,974 | INFO | Updated order book for Asset ID: KXUFCFIGHT-26MAR07FONROS-FON | Best Bid: (0.34, 761.0) | Best Ask: (Decimal('0.3500'), 104499.0)
2026-03-04 23:32:43,974 | INFO | Updated order book for Asset ID: KXUFCFIGHT-26MAR07FONROS-FON | Best Bid: (0.34, 761.0) | Best Ask: (Decimal('0.3500'), 104499.0)
2026-03-04 23:32:43,974 | INFO | Updated order book for Asset ID: KXUFCFIGHT-26MAR07FONROS-FON | Best Bid: (0.34, 761.0) | Best Ask: (Decimal('0.3500'), 104499.0)
2026-03-04 23:32:43,974 | INFO | Updated order book for Asset ID: KXUFCFIGHT-26MAR07FONROS-FON | Best Bid: (0.34, 761.0) | Best Ask: (Decimal('0.3500'), 104499.0)
2026-03-04 23:33:03,830 | INFO | Updated order book for Asset ID: KXUFCFIGHT-26MAR07DURTUM-DUR | Best Bid: (0.41, 2552.0) | Best Ask: (Decimal('0.4300'), 1.0)
2026-03-04 23:33:10,665 | INFO | Updated order book for Asset ID: KXUFCFIGHT-26MAR07DOBJOH-JOH | Best Bid: (0.51, 7364.0) | Best Ask: (Decimal('0.5200'), 1978.0)
2026-03-04 23:33:10,665 | INFO | Updated order book for Asset ID: KXUFCFIGHT-26MAR07DOBJOH-JOH | Best Bid: (0.51, 7364.0) | Best Ask: (Decimal('0.5200'), 1978.0)
2026-03-04 23:33:10,665 | INFO | Updated order book for Asset ID: KXUFCFIGHT-26MAR07DOBJOH-JOH | Best Bid: (0.51, 7364.0) | Best Ask: (Decimal('0.5200'), 1978.0)
2026-03-04 23:33:12,650 | INFO | Updated order book for Asset ID: KXUFCFIGHT-26MAR07DURTUM-DUR | Best Bid: (0.41, 2552.0) | Best Ask: (Decimal('0.4300'), 1.0)
2026-03-04 23:33:12,653 | INFO | Updated order book for Asset ID: KXUFCFIGHT-26MAR07DURTUM-DUR | Best Bid: (0.41, 2552.0) | Best Ask: (Decimal('0.4300'), 1.0)
2026-03-04 23:33:13,425 | INFO | Updated order book for Asset ID: KXUFCFIGHT-26MAR07FONROS-FON | Best Bid: (0.34, 761.0) | Best Ask: (Decimal('0.3500'), 104499.0)
2026-03-04 23:33:15,581 | INFO | Updated order book for Asset ID: KXUFCFIGHT-26MAR07DURTUM-DUR | Best Bid: (0.41, 2552.0) | Best Ask: (Decimal('0.4300'), 1.0)
2026-03-04 23:33:15,589 | INFO | Updated order book for Asset ID: KXUFCFIGHT-26MAR07DURTUM-DUR | Best Bid: (0.41, 2552.0) | Best Ask: (Decimal('0.4300'), 1.0)
2026-03-04 23:33:15,590 | INFO | Updated order book for Asset ID: KXUFCFIGHT-26MAR07DURTUM-DUR | Best Bid: (0.41, 2552.0) | Best Ask: (Decimal('0.4300'), 1.0)
2026-03-04 23:33:15,590 | INFO | Updated order book for Asset ID: KXUFCFIGHT-26MAR07DURTUM-DUR | Best Bid: (0.41, 2552.0) | Best Ask: (Decimal('0.4300'), 1.0)
2026-03-04 23:33:19,282 | INFO | Updated order book for Asset ID: KXUFCFIGHT-26MAR07BORDER-BOR | Best Bid: (0.7, 4671.0) | Best Ask: (Decimal('0.7100'), 161977.0)
2026-03-04 23:33:41,417 | INFO | Updated order book for Asset ID: KXUFCFIGHT-26MAR07FONROS-ROS | Best Bid: (0.66, 1116.0) | Best Ask: (Decimal('0.6700'), 3385.0)
2026-03-04 23:33:41,420 | INFO | Updated order book for Asset ID: KXUFCFIGHT-26MAR07TOBNUR-TOB | Best Bid: (0.66, 67.0) | Best Ask: (Decimal('0.6700'), 3225.0)
2026-03-04 23:33:41,420 | INFO | Updated order book for Asset ID: KXUFCFIGHT-26MAR07BOLLEE-LEE | Best Bid: (0.7, 4072.0) | Best Ask: (Decimal('0.7100'), 154.0)
2026-03-04 23:33:43,460 | INFO | Updated order book for Asset ID: KXUFCFIGHT-26MAR07FONROS-FON | Best Bid: (0.34, 761.0) | Best Ask: (Decimal('0.3500'), 104499.0)
2026-03-04 23:33:48,952 | INFO | Updated order book for Asset ID: KXUFCFIGHT-26MAR07HOLOLI-OLI | Best Bid: (0.35, 17767.0) | Best Ask: (Decimal('0.3600'), 758695.0)
2026-03-04 23:33:48,952 | INFO | Updated order book for Asset ID: KXUFCFIGHT-26MAR07FONROS-FON | Best Bid: (0.34, 761.0) | Best Ask: (Decimal('0.3500'), 104499.0)
2026-03-04 23:33:51,652 | INFO | Updated order book for Asset ID: KXUFCFIGHT-26MAR07BOLLEE-LEE | Best Bid: (0.7, 4074.0) | Best Ask: (Decimal('0.7100'), 154.0)
2026-03-04 23:33:51,652 | INFO | Updated order book for Asset ID: KXUFCFIGHT-26MAR07TOBNUR-TOB | Best Bid: (0.66, 73.0) | Best Ask: (Decimal('0.6700'), 3225.0)
2026-03-04 23:33:51,652 | INFO | Updated order book for Asset ID: KXUFCFIGHT-26MAR07FONROS-ROS | Best Bid: (0.66, 1123.0) | Best Ask: (Decimal('0.6700'), 3385.0)
2026-03-04 23:34:00,396 | INFO | Updated order book for Asset ID: KXUFCFIGHT-26MAR07BORDER-DER | Best Bid: (0.3, 4926.0) | Best Ask: (Decimal('0.3100'), 34852.0)
2026-03-04 23:34:03,884 | INFO | Updated order book for Asset ID: KXUFCFIGHT-26MAR07BORDER-DER | Best Bid: (0.3, 4926.0) | Best Ask: (Decimal('0.3100'), 34852.0)
2026-03-04 23:34:06,505 | INFO | Updated order book for Asset ID: KXUFCFIGHT-26MAR07HOLOLI-OLI | Best Bid: (0.35, 17767.0) | Best Ask: (Decimal('0.3600'), 758563.0)
2026-03-04 23:34:06,522 | INFO | Updated order book for Asset ID: KXUFCFIGHT-26MAR07FONROS-FON | Best Bid: (0.34, 761.0) | Best Ask: (Decimal('0.3500'), 104499.0)
2026-03-04 23:34:06,528 | INFO | Updated order book for Asset ID: KXUFCFIGHT-26MAR07FONROS-FON | Best Bid: (0.34, 761.0) | Best Ask: (Decimal('0.3500'), 104499.0)
2026-03-04 23:34:06,537 | INFO | Updated order book for Asset ID: KXUFCFIGHT-26MAR07FONROS-FON | Best Bid: (0.34, 761.0) | Best Ask: (Decimal('0.3500'), 104499.0)
2026-03-04 23:34:06,538 | INFO | Updated order book for Asset ID: KXUFCFIGHT-26MAR07FONROS-FON | Best Bid: (0.34, 761.0) | Best Ask: (Decimal('0.3500'), 104999.0)
2026-03-04 23:34:13,875 | INFO | Updated order book for Asset ID: KXUFCFIGHT-26MAR07FONROS-FON | Best Bid: (0.34, 761.0) | Best Ask: (Decimal('0.3500'), 104999.0)
2026-03-04 23:34:16,811 | INFO | Updated order book for Asset ID: KXUFCFIGHT-26MAR07FONROS-ROS | Best Bid: (0.66, 1123.0) | Best Ask: (Decimal('0.6700'), 3374.0)
2026-03-04 23:34:25,172 | INFO | Updated order book for Asset ID: KXUFCFIGHT-26MAR07HOLOLI-HOL | Best Bid: (0.65, 5238.0) | Best Ask: (Decimal('0.6600'), 607004.0)
2026-03-04 23:34:33,186 | INFO | Updated order book for Asset ID: KXUFCFIGHT-26MAR07GARLON-GAR | Best Bid: (0.43, 915.0) | Best Ask: (Decimal('0.4400'), 2910.0)
2026-03-04 23:34:33,186 | INFO | Updated order book for Asset ID: KXUFCFIGHT-26MAR07GARLON-LON | Best Bid: (0.57, 3422.0) | Best Ask: (Decimal('0.5800'), 2477.0)
2026-03-04 23:34:33,186 | INFO | Updated order book for Asset ID: KXUFCFIGHT-26MAR07GARLON-LON | Best Bid: (0.57, 3422.0) | Best Ask: (Decimal('0.5800'), 2477.0)
2026-03-04 23:34:33,186 | INFO | Updated order book for Asset ID: KXUFCFIGHT-26MAR07GARLON-GAR | Best Bid: (0.43, 915.0) | Best Ask: (Decimal('0.4400'), 2910.0)
2026-03-04 23:34:33,190 | INFO | Updated order book for Asset ID: KXUFCFIGHT-26MAR07GARLON-LON | Best Bid: (0.57, 3422.0) | Best Ask: (Decimal('0.5800'), 2477.0)
2026-03-04 23:34:33,190 | INFO | Updated order book for Asset ID: KXUFCFIGHT-26MAR07GARLON-LON | Best Bid: (0.57, 3422.0) | Best Ask: (Decimal('0.5800'), 2477.0)
2026-03-04 23:34:33,190 | INFO | Updated order book for Asset ID: KXUFCFIGHT-26MAR07GARLON-LON | Best Bid: (0.57, 3422.0) | Best Ask: (Decimal('0.5800'), 2477.0)
2026-03-04 23:34:33,190 | INFO | Updated order book for Asset ID: KXUFCFIGHT-26MAR07GARLON-LON | Best Bid: (0.57, 3422.0) | Best Ask: (Decimal('0.5800'), 2477.0)
2026-03-04 23:34:33,190 | INFO | Updated order book for Asset ID: KXUFCFIGHT-26MAR07GARLON-LON | Best Bid: (0.57, 3422.0) | Best Ask: (Decimal('0.5800'), 2477.0)
2026-03-04 23:34:33,190 | INFO | Updated order book for Asset ID: KXUFCFIGHT-26MAR07GARLON-LON | Best Bid: (0.57, 3422.0) | Best Ask: (Decimal('0.5800'), 2477.0)
2026-03-04 23:34:33,194 | INFO | Updated order book for Asset ID: KXUFCFIGHT-26MAR07GARLON-GAR | Best Bid: (0.43, 915.0) | Best Ask: (Decimal('0.4400'), 2910.0)
2026-03-04 23:34:43,880 | INFO | Updated order book for Asset ID: KXUFCFIGHT-26MAR07FONROS-FON | Best Bid: (0.34, 761.0) | Best Ask: (Decimal('0.3500'), 104999.0)
2026-03-04 23:34:43,884 | INFO | Updated order book for Asset ID: KXUFCFIGHT-26MAR07FONROS-FON | Best Bid: (0.34, 761.0) | Best Ask: (Decimal('0.3500'), 104999.0)
2026-03-04 23:34:43,885 | INFO | Updated order book for Asset ID: KXUFCFIGHT-26MAR07FONROS-FON | Best Bid: (0.34, 761.0) | Best Ask: (Decimal('0.3500'), 104999.0)
2026-03-04 23:34:43,885 | INFO | Updated order book for Asset ID: KXUFCFIGHT-26MAR07FONROS-FON | Best Bid: (0.34, 761.0) | Best Ask: (Decimal('0.3500'), 104499.0)
2026-03-04 23:34:52,135 | INFO | Updated order book for Asset ID: KXUFCFIGHT-26MAR07JOHBRU-JOH | Best Bid: (0.84, 999.0) | Best Ask: (Decimal('0.8500'), 11670.0)
2026-03-04 23:35:03,594 | INFO | Updated order book for Asset ID: KXUFCFIGHT-26MAR07RODFER-ROD | Best Bid: (0.61, 1526.0) | Best Ask: (Decimal('0.6300'), 1751.0)
2026-03-04 23:35:03,594 | INFO | Updated order book for Asset ID: KXUFCFIGHT-26MAR07BORDER-DER | Best Bid: (0.3, 4926.0) | Best Ask: (Decimal('0.3100'), 34852.0)
2026-03-04 23:35:03,594 | INFO | Updated order book for Asset ID: KXUFCFIGHT-26MAR07BORDER-DER | Best Bid: (0.3, 4926.0) | Best Ask: (Decimal('0.3100'), 34852.0)
2026-03-04 23:35:03,600 | INFO | Updated order book for Asset ID: KXUFCFIGHT-26MAR07BORDER-DER | Best Bid: (0.3, 4926.0) | Best Ask: (Decimal('0.3100'), 34852.0)
2026-03-04 23:35:06,218 | INFO | Updated order book for Asset ID: KXUFCFIGHT-26MAR07FONROS-FON | Best Bid: (0.34, 761.0) | Best Ask: (Decimal('0.3500'), 104499.0)
2026-03-04 23:35:06,218 | INFO | Updated order book for Asset ID: KXUFCFIGHT-26MAR07FONROS-FON | Best Bid: (0.34, 761.0) | Best Ask: (Decimal('0.3500'), 104499.0)
2026-03-04 23:35:06,220 | INFO | Updated order book for Asset ID: KXUFCFIGHT-26MAR07DURTUM-DUR | Best Bid: (0.41, 2552.0) | Best Ask: (Decimal('0.4300'), 1.0)
2026-03-04 23:35:06,220 | INFO | Updated order book for Asset ID: KXUFCFIGHT-26MAR07DOBJOH-JOH | Best Bid: (0.51, 7364.0) | Best Ask: (Decimal('0.5200'), 1978.0)
2026-03-04 23:35:06,220 | INFO | Updated order book for Asset ID: KXUFCFIGHT-26MAR07RODFER-FER | Best Bid: (0.37, 1500.0) | Best Ask: (Decimal('0.3800'), 53.0)
2026-03-04 23:35:08,556 | INFO | Updated order book for Asset ID: KXUFCFIGHT-26MAR07HOLOLI-OLI | Best Bid: (0.35, 17767.0) | Best Ask: (Decimal('0.3600'), 758563.0)
2026-03-04 23:35:08,623 | INFO | Updated order book for Asset ID: KXUFCFIGHT-26MAR07DOBJOH-JOH | Best Bid: (0.51, 7364.0) | Best Ask: (Decimal('0.5200'), 1978.0)
2026-03-04 23:35:08,623 | INFO | Updated order book for Asset ID: KXUFCFIGHT-26MAR07TURMON-TUR | Best Bid: (0.36, 10271.0) | Best Ask: (Decimal('0.3700'), 661.0)
2026-03-04 23:35:08,652 | INFO | Updated order book for Asset ID: KXUFCFIGHT-26MAR07TURMON-TUR | Best Bid: (0.36, 10271.0) | Best Ask: (Decimal('0.3700'), 661.0)
2026-03-04 23:35:08,654 | INFO | Updated order book for Asset ID: KXUFCFIGHT-26MAR07TURMON-TUR | Best Bid: (0.36, 10271.0) | Best Ask: (Decimal('0.3700'), 661.0)
2026-03-04 23:35:09,084 | INFO | Updated order book for Asset ID: KXUFCFIGHT-26MAR07TOBNUR-NUR | Best Bid: (0.34, 540.0) | Best Ask: (Decimal('0.3500'), 85.0)
2026-03-04 23:35:11,300 | INFO | Updated order book for Asset ID: KXUFCFIGHT-26MAR07GARLON-GAR | Best Bid: (0.43, 915.0) | Best Ask: (Decimal('0.4400'), 910.0)
2026-03-04 23:35:14,494 | INFO | Updated order book for Asset ID: KXUFCFIGHT-26MAR07DOBJOH-JOH | Best Bid: (0.51, 7364.0) | Best Ask: (Decimal('0.5200'), 1978.0)
2026-03-04 23:35:17,465 | INFO | Updated order book for Asset ID: KXUFCFIGHT-26MAR07FONROS-FON | Best Bid: (0.34, 761.0) | Best Ask: (Decimal('0.3500'), 104499.0)
2026-03-04 23:35:19,371 | INFO | Updated order book for Asset ID: KXUFCFIGHT-26MAR07TOBNUR-NUR | Best Bid: (0.34, 540.0) | Best Ask: (Decimal('0.3500'), 85.0)
2026-03-04 23:35:19,371 | INFO | Updated order book for Asset ID: KXUFCFIGHT-26MAR07HOLOLI-OLI | Best Bid: (0.35, 17767.0) | Best Ask: (Decimal('0.3600'), 758537.0)
2026-03-04 23:35:19,380 | INFO | Updated order book for Asset ID: KXUFCFIGHT-26MAR07BORDER-DER | Best Bid: (0.3, 4926.0) | Best Ask: (Decimal('0.3100'), 34852.0)
2026-03-04 23:35:22,290 | INFO | Updated order book for Asset ID: KXUFCFIGHT-26MAR07DOBJOH-DOB | Best Bid: (0.48, 490.0) | Best Ask: (Decimal('0.4900'), 6822.0)
2026-03-04 23:35:22,292 | INFO | Updated order book for Asset ID: KXUFCFIGHT-26MAR07DOBJOH-DOB | Best Bid: (0.48, 490.0) | Best Ask: (Decimal('0.4900'), 6808.0)
2026-03-04 23:35:22,292 | INFO | Updated order book for Asset ID: KXUFCFIGHT-26MAR07RODFER-ROD | Best Bid: (0.61, 1526.0) | Best Ask: (Decimal('0.6300'), 1751.0)
2026-03-04 23:35:22,631 | INFO | Updated order book for Asset ID: KXUFCFIGHT-26MAR07RODFER-ROD | Best Bid: (0.61, 1526.0) | Best Ask: (Decimal('0.6300'), 1751.0)
2026-03-04 23:35:22,649 | INFO | Updated order book for Asset ID: KXUFCFIGHT-26MAR07RODFER-ROD | Best Bid: (0.61, 1776.0) | Best Ask: (Decimal('0.6300'), 1751.0)
2026-03-04 23:35:22,690 | INFO | Updated order book for Asset ID: KXUFCFIGHT-26MAR07RODFER-ROD | Best Bid: (0.61, 1776.0) | Best Ask: (Decimal('0.6300'), 1501.0)
2026-03-04 23:35:22,712 | INFO | Updated order book for Asset ID: KXUFCFIGHT-26MAR07RODFER-ROD | Best Bid: (0.61, 1776.0) | Best Ask: (Decimal('0.6300'), 1501.0)
2026-03-04 23:35:25,382 | INFO | Updated order book for Asset ID: KXUFCFIGHT-26MAR07DURTUM-DUR | Best Bid: (0.41, 2552.0) | Best Ask: (Decimal('0.4300'), 1.0)
2026-03-04 23:35:25,383 | INFO | Updated order book for Asset ID: KXUFCFIGHT-26MAR07FONROS-FON | Best Bid: (0.34, 761.0) | Best Ask: (Decimal('0.3500'), 104499.0)
2026-03-04 23:35:25,658 | INFO | Updated order book for Asset ID: KXUFCFIGHT-26MAR07TURMON-TUR | Best Bid: (0.36, 10271.0) | Best Ask: (Decimal('0.3700'), 661.0)
2026-03-04 23:35:28,253 | INFO | Updated order book for Asset ID: KXUFCFIGHT-26MAR07RODFER-ROD | Best Bid: (0.61, 1776.0) | Best Ask: (Decimal('0.6300'), 1501.0)
2026-03-04 23:35:28,255 | INFO | Updated order book for Asset ID: KXUFCFIGHT-26MAR07RODFER-ROD | Best Bid: (0.61, 1776.0) | Best Ask: (Decimal('0.6300'), 1501.0)
2026-03-04 23:35:28,256 | INFO | Updated order book for Asset ID: KXUFCFIGHT-26MAR07RODFER-ROD | Best Bid: (0.61, 1776.0) | Best Ask: (Decimal('0.6300'), 1501.0)
2026-03-04 23:35:31,011 | INFO | Updated order book for Asset ID: KXUFCFIGHT-26MAR07GARLON-GAR | Best Bid: (0.43, 915.0) | Best Ask: (Decimal('0.4400'), 910.0)
2026-03-04 23:35:31,015 | INFO | Updated order book for Asset ID: KXUFCFIGHT-26MAR07FERBEL-BEL | Best Bid: (0.31, 633.0) | Best Ask: (Decimal('0.3200'), 2667.0)
2026-03-04 23:35:31,036 | INFO | Updated order book for Asset ID: KXUFCFIGHT-26MAR07FERBEL-FER | Best Bid: (0.68, 1093.0) | Best Ask: (Decimal('0.6900'), 485.0)
2026-03-04 23:35:31,036 | INFO | Updated order book for Asset ID: KXUFCFIGHT-26MAR07FERBEL-FER | Best Bid: (0.68, 1093.0) | Best Ask: (Decimal('0.6900'), 485.0)
2026-03-04 23:35:31,036 | INFO | Updated order book for Asset ID: KXUFCFIGHT-26MAR07FERBEL-FER | Best Bid: (0.68, 1093.0) | Best Ask: (Decimal('0.6900'), 485.0)
2026-03-04 23:35:31,040 | INFO | Updated order book for Asset ID: KXUFCFIGHT-26MAR07FERBEL-FER | Best Bid: (0.68, 1093.0) | Best Ask: (Decimal('0.6900'), 485.0)
2026-03-04 23:35:31,040 | INFO | Updated order book for Asset ID: KXUFCFIGHT-26MAR07FERBEL-FER | Best Bid: (0.68, 1093.0) | Best Ask: (Decimal('0.6900'), 485.0)
2026-03-04 23:35:31,082 | INFO | Updated order book for Asset ID: KXUFCFIGHT-26MAR07FERBEL-FER | Best Bid: (0.68, 1104.0) | Best Ask: (Decimal('0.6900'), 485.0)
2026-03-04 23:35:31,082 | INFO | Updated order book for Asset ID: KXUFCFIGHT-26MAR07FERBEL-FER | Best Bid: (0.68, 1104.0) | Best Ask: (Decimal('0.6900'), 485.0)
2026-03-04 23:35:31,086 | INFO | Updated order book for Asset ID: KXUFCFIGHT-26MAR07FERBEL-FER | Best Bid: (0.68, 1104.0) | Best Ask: (Decimal('0.6900'), 485.0)
2026-03-04 23:35:31,086 | INFO | Updated order book for Asset ID: KXUFCFIGHT-26MAR07FERBEL-FER | Best Bid: (0.68, 1104.0) | Best Ask: (Decimal('0.6900'), 485.0)
2026-03-04 23:35:33,642 | INFO | Updated order book for Asset ID: KXUFCFIGHT-26MAR07BORDER-DER | Best Bid: (0.3, 4926.0) | Best Ask: (Decimal('0.3100'), 34852.0)
2026-03-04 23:35:42,840 | INFO | Updated order book for Asset ID: KXUFCFIGHT-26MAR07BORDER-DER | Best Bid: (0.3, 4926.0) | Best Ask: (Decimal('0.3100'), 34852.0)
2026-03-04 23:35:44,796 | INFO | Updated order book for Asset ID: KXUFCFIGHT-26MAR07BOLLEE-BOL | Best Bid: (0.28, 1068.0) | Best Ask: (Decimal('0.2900'), 37323.0)
2026-03-04 23:35:44,799 | INFO | Updated order book for Asset ID: KXUFCFIGHT-26MAR07BOLLEE-LEE | Best Bid: (0.7, 4074.0) | Best Ask: (Decimal('0.7100'), 154.0)
2026-03-04 23:35:44,800 | INFO | Updated order book for Asset ID: KXUFCFIGHT-26MAR07BORDER-DER | Best Bid: (0.3, 4926.0) | Best Ask: (Decimal('0.3100'), 34852.0)
2026-03-04 23:35:50,178 | INFO | Updated order book for Asset ID: KXUFCFIGHT-26MAR07TOBNUR-NUR | Best Bid: (0.34, 540.0) | Best Ask: (Decimal('0.3500'), 85.0)
2026-03-04 23:35:52,699 | INFO | Updated order book for Asset ID: KXUFCFIGHT-26MAR07RODFER-ROD | Best Bid: (0.61, 1776.0) | Best Ask: (Decimal('0.6300'), 1501.0)
2026-03-04 23:35:56,380 | INFO | Updated order book for Asset ID: KXUFCFIGHT-26MAR07MUDSAN-MUD | Best Bid: (0.66, 840.0) | Best Ask: (Decimal('0.6900'), 4083.0)
2026-03-04 23:35:58,671 | INFO | Updated order book for Asset ID: KXUFCFIGHT-26MAR07DURTUM-DUR | Best Bid: (0.41, 2552.0) | Best Ask: (Decimal('0.4300'), 1.0)
2026-03-04 23:36:11,593 | INFO | Updated order book for Asset ID: KXUFCFIGHT-26MAR07TURMON-MON | Best Bid: (0.63, 134.0) | Best Ask: (Decimal('0.6400'), 4790.0)
2026-03-04 23:36:14,413 | INFO | Updated order book for Asset ID: KXUFCFIGHT-26MAR07BORDER-DER | Best Bid: (0.3, 4926.0) | Best Ask: (Decimal('0.3100'), 34849.0)
2026-03-04 23:36:17,063 | INFO | Updated order book for Asset ID: KXUFCFIGHT-26MAR07RODFER-ROD | Best Bid: (0.61, 1776.0) | Best Ask: (Decimal('0.6300'), 1501.0)
2026-03-04 23:36:18,909 | INFO | Updated order book for Asset ID: KXUFCFIGHT-26MAR07BORDER-DER | Best Bid: (0.3, 4926.0) | Best Ask: (Decimal('0.3100'), 34713.0)
2026-03-04 23:36:31,809 | INFO | Updated order book for Asset ID: KXUFCFIGHT-26MAR07DURTUM-DUR | Best Bid: (0.41, 2552.0) | Best Ask: (Decimal('0.4400'), 1152.0)
2026-03-04 23:36:31,809 | INFO | Updated order book for Asset ID: KXUFCFIGHT-26MAR07DURTUM-DUR | Best Bid: (0.41, 2552.0) | Best Ask: (Decimal('0.4400'), 1136.0)
2026-03-04 23:36:32,016 | INFO | Updated order book for Asset ID: KXUFCFIGHT-26MAR07DURTUM-DUR | Best Bid: (0.41, 2552.0) | Best Ask: (Decimal('0.4300'), 70.0)
2026-03-04 23:36:41,356 | INFO | Updated order book for Asset ID: KXUFCFIGHT-26MAR07DURTUM-DUR | Best Bid: (0.41, 2552.0) | Best Ask: (Decimal('0.4300'), 70.0)
2026-03-04 23:36:41,381 | INFO | Updated order book for Asset ID: KXUFCFIGHT-26MAR07DURTUM-DUR | Best Bid: (0.41, 2552.0) | Best Ask: (Decimal('0.4300'), 70.0)
2026-03-04 23:36:41,640 | INFO | Updated order book for Asset ID: KXUFCFIGHT-26MAR07DURTUM-DUR | Best Bid: (0.41, 2552.0) | Best Ask: (Decimal('0.4400'), 1136.0)
2026-03-04 23:36:41,750 | INFO | Updated order book for Asset ID: KXUFCFIGHT-26MAR07DURTUM-DUR | Best Bid: (0.41, 2552.0) | Best Ask: (Decimal('0.4300'), 52.0)
2026-03-04 23:36:41,974 | INFO | Updated order book for Asset ID: KXUFCFIGHT-26MAR07DURTUM-DUR | Best Bid: (0.41, 2552.0) | Best Ask: (Decimal('0.4400'), 1136.0)
2026-03-04 23:36:42,254 | INFO | Updated order book for Asset ID: KXUFCFIGHT-26MAR07DURTUM-DUR | Best Bid: (0.41, 2552.0) | Best Ask: (Decimal('0.4300'), 59.0)
