2026-03-28 12:44:58,361 | INFO | Placing order with data: {'ticker': 'KXATPSETWINNER-26MAR28GALTAB-1-GAL', 'action': 'buy', 'side': 'yes', 'count': 6, 'client_order_id': 'b141899e-7641-4098-a1cf-033e37fbb275', 'yes_price': 1, 'type': 'limit', 'time_in_force': 'fill_or_kill'}
2026-03-28 12:44:58,361 | INFO | Placing order with data: {'ticker': 'KXATPSETWINNER-26MAR28GALTAB-1-TAB', 'action': 'buy', 'side': 'yes', 'count': 6, 'client_order_id': '510392d4-5d0e-4447-a748-ab4c429bfc19', 'yes_price': 97, 'type': 'limit', 'time_in_force': 'fill_or_kill'}
2026-03-28 12:44:58,361 | INFO | Placing order with data: {'ticker': 'KXATPSETWINNER-26MAR28GALTAB-1-TAB', 'action': 'buy', 'side': 'yes', 'count': 6, 'client_order_id': '1bf5ebae-9f31-4ac5-88a8-a1146e96c2d6', 'yes_price': 97, 'type': 'limit', 'time_in_force': 'fill_or_kill'}
2026-03-28 12:44:58,361 | INFO | Placing order with data: {'ticker': 'KXATPSETWINNER-26MAR28GALTAB-1-GAL', 'action': 'buy', 'side': 'yes', 'count': 6, 'client_order_id': '17d28ea5-4a31-48c6-b308-8231c9a83c69', 'yes_price': 1, 'type': 'limit', 'time_in_force': 'fill_or_kill'}
2026-03-28 12:46:30,331 | INFO | Placing order with data: {'ticker': 'KXWTAMATCH-26MAR28VEKVIC-VEK', 'action': 'buy', 'side': 'yes', 'count': 375, 'client_order_id': '2f248f63-b5b6-4f5b-91f3-90736888ad6f', 'yes_price': 93, 'type': 'limit', 'time_in_force': 'fill_or_kill'}
2026-03-28 12:46:30,331 | INFO | Placing order with data: {'ticker': 'KXWTAMATCH-26MAR28VEKVIC-VIC', 'action': 'buy', 'side': 'yes', 'count': 375, 'client_order_id': 'd1bcb7e4-3cc9-4685-aa3b-c45209422c01', 'yes_price': 6, 'type': 'limit', 'time_in_force': 'fill_or_kill'}
2026-03-28 12:46:30,331 | INFO | Placing order with data: {'ticker': 'KXWTAMATCH-26MAR28VEKVIC-VIC', 'action': 'buy', 'side': 'yes', 'count': 375, 'client_order_id': 'd0b80f28-bd0c-4fa6-978a-41ab5e27c7d4', 'yes_price': 6, 'type': 'limit', 'time_in_force': 'fill_or_kill'}
2026-03-28 12:46:30,331 | INFO | Placing order with data: {'ticker': 'KXWTAMATCH-26MAR28VEKVIC-VEK', 'action': 'buy', 'side': 'yes', 'count': 375, 'client_order_id': '0f61f48b-9167-4b6e-a3fc-45cf53da5c7d', 'yes_price': 93, 'type': 'limit', 'time_in_force': 'fill_or_kill'}
2026-03-28 12:47:32,733 | INFO | Placing order with data: {'ticker': 'KXVALORANTMAP-26MAR28UCAMMDR-1-UCAM', 'action': 'buy', 'side': 'no', 'count': 198, 'client_order_id': 'c1b38525-745d-4da6-b109-6a02675abf06', 'no_price': 44, 'type': 'limit', 'time_in_force': 'fill_or_kill'}
2026-03-28 12:47:32,733 | INFO | Placing order with data: {'ticker': 'KXVALORANTMAP-26MAR28UCAMMDR-1-MDR', 'action': 'buy', 'side': 'no', 'count': 198, 'client_order_id': 'c95d3d37-a772-480d-8eb6-5a9f0115f829', 'no_price': 38, 'type': 'limit', 'time_in_force': 'fill_or_kill'}
2026-03-28 12:47:32,733 | INFO | Placing order with data: {'ticker': 'KXVALORANTMAP-26MAR28UCAMMDR-1-MDR', 'action': 'buy', 'side': 'no', 'count': 198, 'client_order_id': '34f79c36-673a-4beb-966f-7bfb0fa0d931', 'no_price': 38, 'type': 'limit', 'time_in_force': 'fill_or_kill'}
2026-03-28 12:47:32,733 | INFO | Placing order with data: {'ticker': 'KXVALORANTMAP-26MAR28UCAMMDR-1-UCAM', 'action': 'buy', 'side': 'no', 'count': 198, 'client_order_id': '3f698d90-e3f5-48a2-97f7-7b1e44746443', 'no_price': 44, 'type': 'limit', 'time_in_force': 'fill_or_kill'}
2026-03-28 13:00:11,701 | INFO | Placing order with data: {'ticker': 'KXSHLGAME-26MAR281015VAXBRY-VAX', 'action': 'buy', 'side': 'no', 'count': 2, 'client_order_id': 'c869ad84-ea91-401b-a338-55c82c7718ce', 'no_price': 95, 'type': 'limit', 'time_in_force': 'fill_or_kill'}
2026-03-28 13:00:11,701 | INFO | Placing order with data: {'ticker': 'KXSHLGAME-26MAR281015VAXBRY-BRY', 'action': 'buy', 'side': 'no', 'count': 2, 'client_order_id': '2dd6d8a4-06f7-470c-ae12-9745445c620a', 'no_price': 1, 'type': 'limit', 'time_in_force': 'fill_or_kill'}
2026-03-28 13:00:11,701 | INFO | Placing order with data: {'ticker': 'KXSHLGAME-26MAR281015VAXBRY-BRY', 'action': 'buy', 'side': 'no', 'count': 2, 'client_order_id': 'bb26e26b-6feb-4c15-8763-837ea1065541', 'no_price': 1, 'type': 'limit', 'time_in_force': 'fill_or_kill'}
2026-03-28 13:00:11,701 | INFO | Placing order with data: {'ticker': 'KXSHLGAME-26MAR281015VAXBRY-VAX', 'action': 'buy', 'side': 'no', 'count': 2, 'client_order_id': '4c1bb81e-a0b0-450f-9e92-14168ccc737f', 'no_price': 95, 'type': 'limit', 'time_in_force': 'fill_or_kill'}
2026-03-28 13:05:25,375 | INFO | Placing order with data: {'ticker': 'KXLOLMAP-26MAR28VITKC-2-VIT', 'action': 'buy', 'side': 'no', 'count': 48, 'client_order_id': 'e8aa34b4-5295-439f-9651-786f3ea2568a', 'no_price': 33, 'type': 'limit', 'time_in_force': 'fill_or_kill'}
2026-03-28 13:05:25,375 | INFO | Placing order with data: {'ticker': 'KXLOLMAP-26MAR28VITKC-2-KC', 'action': 'buy', 'side': 'no', 'count': 48, 'client_order_id': '2d09c5bf-dd83-4e5d-82ea-0087a2cb65d7', 'no_price': 52, 'type': 'limit', 'time_in_force': 'fill_or_kill'}
2026-03-28 13:05:25,375 | INFO | Placing order with data: {'ticker': 'KXLOLMAP-26MAR28VITKC-2-KC', 'action': 'buy', 'side': 'no', 'count': 48, 'client_order_id': 'fadc8c31-a943-4172-a103-034fbd86b6f3', 'no_price': 52, 'type': 'limit', 'time_in_force': 'fill_or_kill'}
2026-03-28 13:05:25,375 | INFO | Placing order with data: {'ticker': 'KXLOLMAP-26MAR28VITKC-2-VIT', 'action': 'buy', 'side': 'no', 'count': 48, 'client_order_id': '23175370-3758-4ea1-8e30-2deb2a141be6', 'no_price': 33, 'type': 'limit', 'time_in_force': 'fill_or_kill'}
2026-03-28 15:46:27,638 | INFO | Placing order with data: {'ticker': 'KXNHLGAME-26MAR28OTTTB-TB', 'action': 'buy', 'side': 'yes', 'count': 1020, 'client_order_id': '7dadf250-243e-4bf6-bdf4-364bba424d40', 'yes_price': 97, 'type': 'limit', 'time_in_force': 'fill_or_kill'}
2026-03-28 15:46:27,638 | INFO | Placing order with data: {'ticker': 'KXNHLGAME-26MAR28OTTTB-OTT', 'action': 'buy', 'side': 'yes', 'count': 1020, 'client_order_id': 'a7664d2e-ab44-4de6-994f-2769beed7ffb', 'yes_price': 2, 'type': 'limit', 'time_in_force': 'fill_or_kill'}
2026-03-28 15:46:27,638 | INFO | Placing order with data: {'ticker': 'KXNHLGAME-26MAR28OTTTB-OTT', 'action': 'buy', 'side': 'yes', 'count': 1020, 'client_order_id': '50680305-b916-43ba-9db3-31f232e96235', 'yes_price': 2, 'type': 'limit', 'time_in_force': 'fill_or_kill'}
2026-03-28 15:46:27,638 | INFO | Placing order with data: {'ticker': 'KXNHLGAME-26MAR28OTTTB-TB', 'action': 'buy', 'side': 'yes', 'count': 1020, 'client_order_id': '965ff6c1-7e8c-4e5a-b704-578c1e6276ef', 'yes_price': 97, 'type': 'limit', 'time_in_force': 'fill_or_kill'}
2026-03-28 15:49:23,074 | INFO | Placing order with data: {'ticker': 'KXLIIGAGAME-26MAR281100PORSAI-POR', 'action': 'buy', 'side': 'yes', 'count': 2, 'client_order_id': '02f34d93-5dd0-4543-8fd4-8372f15ed4f7', 'yes_price': 56, 'type': 'limit', 'time_in_force': 'fill_or_kill'}
2026-03-28 15:49:23,074 | INFO | Placing order with data: {'ticker': 'KXLIIGAGAME-26MAR281100PORSAI-SAI', 'action': 'buy', 'side': 'yes', 'count': 2, 'client_order_id': 'ae40d506-647f-4af5-a8e2-47162a3a1077', 'yes_price': 22, 'type': 'limit', 'time_in_force': 'fill_or_kill'}
2026-03-28 15:49:23,074 | INFO | Placing order with data: {'ticker': 'KXLIIGAGAME-26MAR281100PORSAI-SAI', 'action': 'buy', 'side': 'yes', 'count': 2, 'client_order_id': '5178b29c-94b3-486b-9904-ce5bc5cb755e', 'yes_price': 22, 'type': 'limit', 'time_in_force': 'fill_or_kill'}
2026-03-28 15:49:23,074 | INFO | Placing order with data: {'ticker': 'KXLIIGAGAME-26MAR281100PORSAI-POR', 'action': 'buy', 'side': 'yes', 'count': 2, 'client_order_id': '5764a3d2-e060-4830-9cae-8a94ac410517', 'yes_price': 56, 'type': 'limit', 'time_in_force': 'fill_or_kill'}
2026-03-28 16:00:03,837 | INFO | Placing order with data: {'ticker': 'KXCS2GAME-26MAR29CARACE-CAR', 'action': 'buy', 'side': 'no', 'count': 24, 'client_order_id': '8e62f55c-1c40-4751-a511-065691488713', 'no_price': 63, 'type': 'limit', 'time_in_force': 'fill_or_kill'}
2026-03-28 16:00:03,837 | INFO | Placing order with data: {'ticker': 'KXCS2GAME-26MAR29CARACE-ACE', 'action': 'buy', 'side': 'no', 'count': 24, 'client_order_id': '8d8892a9-ab67-4e06-bc4e-05d110e835f9', 'no_price': 20, 'type': 'limit', 'time_in_force': 'fill_or_kill'}
2026-03-28 16:00:03,838 | INFO | Placing order with data: {'ticker': 'KXCS2GAME-26MAR29CARACE-ACE', 'action': 'buy', 'side': 'no', 'count': 24, 'client_order_id': '818d9ddc-b1a8-4917-8f13-e35b88c788cc', 'no_price': 20, 'type': 'limit', 'time_in_force': 'fill_or_kill'}
2026-03-28 16:00:03,838 | INFO | Placing order with data: {'ticker': 'KXCS2GAME-26MAR29CARACE-CAR', 'action': 'buy', 'side': 'no', 'count': 24, 'client_order_id': 'fc48d915-25c5-4583-bcb9-5ac0ebdf8139', 'no_price': 63, 'type': 'limit', 'time_in_force': 'fill_or_kill'}
2026-03-28 16:21:13,361 | INFO | Placing order with data: {'ticker': 'KXJUDGEMENTDAYGAME-26MAR28NCORKKUT-NCOR', 'action': 'buy', 'side': 'yes', 'count': 20, 'client_order_id': '1c07d53b-2bf0-4e20-8192-3e63fac219ab', 'yes_price': 54, 'type': 'limit', 'time_in_force': 'fill_or_kill'}
2026-03-28 16:21:13,361 | INFO | Placing order with data: {'ticker': 'KXJUDGEMENTDAYGAME-26MAR28NCORKKUT-KKUT', 'action': 'buy', 'side': 'yes', 'count': 20, 'client_order_id': 'dcb63533-f1ab-41dd-abff-ee0110af4235', 'yes_price': 32, 'type': 'limit', 'time_in_force': 'fill_or_kill'}
2026-03-28 16:21:13,361 | INFO | Placing order with data: {'ticker': 'KXJUDGEMENTDAYGAME-26MAR28NCORKKUT-KKUT', 'action': 'buy', 'side': 'yes', 'count': 20, 'client_order_id': 'b9ab8c11-78d7-4933-94b8-8d1f9749b4cd', 'yes_price': 32, 'type': 'limit', 'time_in_force': 'fill_or_kill'}
2026-03-28 16:21:13,361 | INFO | Placing order with data: {'ticker': 'KXJUDGEMENTDAYGAME-26MAR28NCORKKUT-NCOR', 'action': 'buy', 'side': 'yes', 'count': 20, 'client_order_id': 'b3721315-f4a0-4282-886c-2876de56e51e', 'yes_price': 54, 'type': 'limit', 'time_in_force': 'fill_or_kill'}
2026-03-28 16:21:14,360 | INFO | Placing order with data: {'ticker': 'KXJUDGEMENTDAYGAME-26MAR28NCORKKUT-NCOR', 'action': 'buy', 'side': 'yes', 'count': 20, 'client_order_id': 'ca6a0bc4-7810-498a-9040-3bd32ce39ab3', 'yes_price': 54, 'type': 'limit', 'time_in_force': 'fill_or_kill'}
2026-03-28 16:21:14,360 | INFO | Placing order with data: {'ticker': 'KXJUDGEMENTDAYGAME-26MAR28NCORKKUT-KKUT', 'action': 'buy', 'side': 'yes', 'count': 20, 'client_order_id': '8d2210e8-6068-4bf2-a645-595d5b37bc4c', 'yes_price': 32, 'type': 'limit', 'time_in_force': 'fill_or_kill'}
2026-03-28 16:21:14,360 | INFO | Placing order with data: {'ticker': 'KXJUDGEMENTDAYGAME-26MAR28NCORKKUT-KKUT', 'action': 'buy', 'side': 'yes', 'count': 20, 'client_order_id': '39a90f4a-52ec-4f54-9cf1-12e0abf5dea3', 'yes_price': 32, 'type': 'limit', 'time_in_force': 'fill_or_kill'}
2026-03-28 16:21:14,360 | INFO | Placing order with data: {'ticker': 'KXJUDGEMENTDAYGAME-26MAR28NCORKKUT-NCOR', 'action': 'buy', 'side': 'yes', 'count': 20, 'client_order_id': 'ff0e5ec1-466d-40b7-a0d8-62526586e74f', 'yes_price': 54, 'type': 'limit', 'time_in_force': 'fill_or_kill'}
2026-03-28 16:21:15,372 | INFO | Placing order with data: {'ticker': 'KXJUDGEMENTDAYGAME-26MAR28NCORKKUT-NCOR', 'action': 'buy', 'side': 'yes', 'count': 20, 'client_order_id': 'e04b6160-73ee-4dc8-82da-b978ba8736d3', 'yes_price': 54, 'type': 'limit', 'time_in_force': 'fill_or_kill'}
2026-03-28 16:21:15,372 | INFO | Placing order with data: {'ticker': 'KXJUDGEMENTDAYGAME-26MAR28NCORKKUT-KKUT', 'action': 'buy', 'side': 'yes', 'count': 20, 'client_order_id': '12fbf3cc-40a6-47d1-8086-78ce9e2afacb', 'yes_price': 32, 'type': 'limit', 'time_in_force': 'fill_or_kill'}
2026-03-28 16:21:15,372 | INFO | Placing order with data: {'ticker': 'KXJUDGEMENTDAYGAME-26MAR28NCORKKUT-KKUT', 'action': 'buy', 'side': 'yes', 'count': 20, 'client_order_id': 'f0e16179-ba8f-4077-bfe2-cbdac825ebf2', 'yes_price': 32, 'type': 'limit', 'time_in_force': 'fill_or_kill'}
2026-03-28 16:21:15,372 | INFO | Placing order with data: {'ticker': 'KXJUDGEMENTDAYGAME-26MAR28NCORKKUT-NCOR', 'action': 'buy', 'side': 'yes', 'count': 20, 'client_order_id': '80201ed9-cb03-4aa3-ac6e-a5da98ebdc0b', 'yes_price': 54, 'type': 'limit', 'time_in_force': 'fill_or_kill'}
2026-03-28 16:21:16,374 | INFO | Placing order with data: {'ticker': 'KXJUDGEMENTDAYGAME-26MAR28NCORKKUT-NCOR', 'action': 'buy', 'side': 'yes', 'count': 20, 'client_order_id': '6c30c27a-167b-4726-a74c-a040c4b694df', 'yes_price': 54, 'type': 'limit', 'time_in_force': 'fill_or_kill'}
2026-03-28 16:21:16,374 | INFO | Placing order with data: {'ticker': 'KXJUDGEMENTDAYGAME-26MAR28NCORKKUT-KKUT', 'action': 'buy', 'side': 'yes', 'count': 20, 'client_order_id': '7cc898a7-9683-496b-98da-6a278c078e0a', 'yes_price': 32, 'type': 'limit', 'time_in_force': 'fill_or_kill'}
2026-03-28 16:21:16,375 | INFO | Placing order with data: {'ticker': 'KXJUDGEMENTDAYGAME-26MAR28NCORKKUT-KKUT', 'action': 'buy', 'side': 'yes', 'count': 20, 'client_order_id': 'ae255d4a-a5db-48be-96ca-2b0d5d70b3a0', 'yes_price': 32, 'type': 'limit', 'time_in_force': 'fill_or_kill'}
2026-03-28 16:21:16,375 | INFO | Placing order with data: {'ticker': 'KXJUDGEMENTDAYGAME-26MAR28NCORKKUT-NCOR', 'action': 'buy', 'side': 'yes', 'count': 20, 'client_order_id': '75e31990-c16b-417e-8035-3c078f77c9d8', 'yes_price': 54, 'type': 'limit', 'time_in_force': 'fill_or_kill'}
2026-03-28 16:21:17,361 | INFO | Placing order with data: {'ticker': 'KXJUDGEMENTDAYGAME-26MAR28NCORKKUT-NCOR', 'action': 'buy', 'side': 'yes', 'count': 20, 'client_order_id': '7e795e0d-7e75-4412-8201-a643e931a4fb', 'yes_price': 54, 'type': 'limit', 'time_in_force': 'fill_or_kill'}
2026-03-28 16:21:17,361 | INFO | Placing order with data: {'ticker': 'KXJUDGEMENTDAYGAME-26MAR28NCORKKUT-KKUT', 'action': 'buy', 'side': 'yes', 'count': 20, 'client_order_id': '976a87e3-0ef7-4899-8f69-3bac12163b2c', 'yes_price': 32, 'type': 'limit', 'time_in_force': 'fill_or_kill'}
2026-03-28 16:21:17,361 | INFO | Placing order with data: {'ticker': 'KXJUDGEMENTDAYGAME-26MAR28NCORKKUT-KKUT', 'action': 'buy', 'side': 'yes', 'count': 20, 'client_order_id': '2a814abc-fb44-4e37-95b0-068d3fb3f80a', 'yes_price': 32, 'type': 'limit', 'time_in_force': 'fill_or_kill'}
2026-03-28 16:21:17,361 | INFO | Placing order with data: {'ticker': 'KXJUDGEMENTDAYGAME-26MAR28NCORKKUT-NCOR', 'action': 'buy', 'side': 'yes', 'count': 20, 'client_order_id': 'e68319cf-c077-465b-952b-4c4fcca7d11f', 'yes_price': 54, 'type': 'limit', 'time_in_force': 'fill_or_kill'}
2026-03-28 16:24:15,876 | INFO | Placing order with data: {'ticker': 'KXLIIGAGAME-26MAR281100PORSAI-POR', 'action': 'buy', 'side': 'yes', 'count': 3, 'client_order_id': 'f09106a9-8304-4145-a5ba-1cb67bc11f94', 'yes_price': 97, 'type': 'limit', 'time_in_force': 'fill_or_kill'}
2026-03-28 16:24:15,876 | INFO | Placing order with data: {'ticker': 'KXLIIGAGAME-26MAR281100PORSAI-SAI', 'action': 'buy', 'side': 'yes', 'count': 3, 'client_order_id': '99a2bd0d-ea25-4b5b-85c7-48c2348f4d83', 'yes_price': 1, 'type': 'limit', 'time_in_force': 'fill_or_kill'}
2026-03-28 16:24:15,877 | INFO | Placing order with data: {'ticker': 'KXLIIGAGAME-26MAR281100PORSAI-SAI', 'action': 'buy', 'side': 'yes', 'count': 3, 'client_order_id': '33af8fed-a21a-4106-a53c-261718380720', 'yes_price': 1, 'type': 'limit', 'time_in_force': 'fill_or_kill'}
2026-03-28 16:24:15,877 | INFO | Placing order with data: {'ticker': 'KXLIIGAGAME-26MAR281100PORSAI-POR', 'action': 'buy', 'side': 'yes', 'count': 3, 'client_order_id': '0674c279-f99e-48f6-b105-b6afcb7f77e3', 'yes_price': 97, 'type': 'limit', 'time_in_force': 'fill_or_kill'}
2026-03-28 16:24:16,887 | INFO | Placing order with data: {'ticker': 'KXLIIGAGAME-26MAR281100PORSAI-POR', 'action': 'buy', 'side': 'yes', 'count': 3, 'client_order_id': '446feccb-1bdf-40b8-af2f-bba81ba82866', 'yes_price': 97, 'type': 'limit', 'time_in_force': 'fill_or_kill'}
2026-03-28 16:24:16,887 | INFO | Placing order with data: {'ticker': 'KXLIIGAGAME-26MAR281100PORSAI-SAI', 'action': 'buy', 'side': 'yes', 'count': 3, 'client_order_id': 'd29ccb23-8e9d-45e0-9aad-c45a0e6ed696', 'yes_price': 1, 'type': 'limit', 'time_in_force': 'fill_or_kill'}
2026-03-28 16:24:16,887 | INFO | Placing order with data: {'ticker': 'KXLIIGAGAME-26MAR281100PORSAI-SAI', 'action': 'buy', 'side': 'yes', 'count': 3, 'client_order_id': '7a50dda1-be58-431e-9a2d-88f8f6f1267a', 'yes_price': 1, 'type': 'limit', 'time_in_force': 'fill_or_kill'}
2026-03-28 16:24:16,887 | INFO | Placing order with data: {'ticker': 'KXLIIGAGAME-26MAR281100PORSAI-POR', 'action': 'buy', 'side': 'yes', 'count': 3, 'client_order_id': 'f5c429a3-af59-4b10-8b79-84b40087905c', 'yes_price': 97, 'type': 'limit', 'time_in_force': 'fill_or_kill'}
2026-03-28 16:24:17,902 | INFO | Placing order with data: {'ticker': 'KXLIIGAGAME-26MAR281100PORSAI-POR', 'action': 'buy', 'side': 'yes', 'count': 3, 'client_order_id': 'aa8301d3-58ec-403e-9b33-c9ed8a1c2830', 'yes_price': 97, 'type': 'limit', 'time_in_force': 'fill_or_kill'}
2026-03-28 16:24:17,902 | INFO | Placing order with data: {'ticker': 'KXLIIGAGAME-26MAR281100PORSAI-SAI', 'action': 'buy', 'side': 'yes', 'count': 3, 'client_order_id': '31994e3e-f72a-432f-921f-ecd52b1ebab2', 'yes_price': 1, 'type': 'limit', 'time_in_force': 'fill_or_kill'}
2026-03-28 16:24:17,902 | INFO | Placing order with data: {'ticker': 'KXLIIGAGAME-26MAR281100PORSAI-SAI', 'action': 'buy', 'side': 'yes', 'count': 3, 'client_order_id': '381b53c3-cb47-4030-8cd7-d65948e7e3f1', 'yes_price': 1, 'type': 'limit', 'time_in_force': 'fill_or_kill'}
2026-03-28 16:24:17,902 | INFO | Placing order with data: {'ticker': 'KXLIIGAGAME-26MAR281100PORSAI-POR', 'action': 'buy', 'side': 'yes', 'count': 3, 'client_order_id': '73c3aabb-86bc-45f9-a10f-097e4f71f678', 'yes_price': 97, 'type': 'limit', 'time_in_force': 'fill_or_kill'}
2026-03-28 16:24:18,969 | INFO | Placing order with data: {'ticker': 'KXLIIGAGAME-26MAR281100PORSAI-POR', 'action': 'buy', 'side': 'yes', 'count': 3, 'client_order_id': '1b858602-4565-4246-b164-88db3b99da01', 'yes_price': 97, 'type': 'limit', 'time_in_force': 'fill_or_kill'}
2026-03-28 16:24:18,969 | INFO | Placing order with data: {'ticker': 'KXLIIGAGAME-26MAR281100PORSAI-SAI', 'action': 'buy', 'side': 'yes', 'count': 3, 'client_order_id': '052ad3bf-2126-4cc8-8193-4cbf6d5bad7a', 'yes_price': 1, 'type': 'limit', 'time_in_force': 'fill_or_kill'}
2026-03-28 16:24:18,969 | INFO | Placing order with data: {'ticker': 'KXLIIGAGAME-26MAR281100PORSAI-SAI', 'action': 'buy', 'side': 'yes', 'count': 3, 'client_order_id': '20498922-a95e-43a4-8ab1-98352ca1bce3', 'yes_price': 1, 'type': 'limit', 'time_in_force': 'fill_or_kill'}
2026-03-28 16:24:18,969 | INFO | Placing order with data: {'ticker': 'KXLIIGAGAME-26MAR281100PORSAI-POR', 'action': 'buy', 'side': 'yes', 'count': 3, 'client_order_id': 'ec8f2d8f-07ae-4f49-8c07-34408ba2dc9e', 'yes_price': 97, 'type': 'limit', 'time_in_force': 'fill_or_kill'}
2026-03-28 16:24:19,985 | INFO | Placing order with data: {'ticker': 'KXLIIGAGAME-26MAR281100PORSAI-POR', 'action': 'buy', 'side': 'yes', 'count': 3, 'client_order_id': '50a06010-0cae-478b-a4bb-fbced7b372c9', 'yes_price': 97, 'type': 'limit', 'time_in_force': 'fill_or_kill'}
2026-03-28 16:24:19,985 | INFO | Placing order with data: {'ticker': 'KXLIIGAGAME-26MAR281100PORSAI-SAI', 'action': 'buy', 'side': 'yes', 'count': 3, 'client_order_id': 'f64b85e1-911c-4295-91cc-e956f8c35aaa', 'yes_price': 1, 'type': 'limit', 'time_in_force': 'fill_or_kill'}
2026-03-28 16:24:19,985 | INFO | Placing order with data: {'ticker': 'KXLIIGAGAME-26MAR281100PORSAI-SAI', 'action': 'buy', 'side': 'yes', 'count': 3, 'client_order_id': '340bda7a-66bd-47a7-9f20-417ac0498a52', 'yes_price': 1, 'type': 'limit', 'time_in_force': 'fill_or_kill'}
2026-03-28 16:24:19,985 | INFO | Placing order with data: {'ticker': 'KXLIIGAGAME-26MAR281100PORSAI-POR', 'action': 'buy', 'side': 'yes', 'count': 3, 'client_order_id': 'd397cd04-6202-443a-afc4-dbcf3ee882f2', 'yes_price': 97, 'type': 'limit', 'time_in_force': 'fill_or_kill'}
2026-03-28 16:24:21,004 | INFO | Placing order with data: {'ticker': 'KXLIIGAGAME-26MAR281100PORSAI-POR', 'action': 'buy', 'side': 'yes', 'count': 3, 'client_order_id': '740396f9-6062-4c5b-80f4-106014595336', 'yes_price': 97, 'type': 'limit', 'time_in_force': 'fill_or_kill'}
2026-03-28 16:24:21,004 | INFO | Placing order with data: {'ticker': 'KXLIIGAGAME-26MAR281100PORSAI-SAI', 'action': 'buy', 'side': 'yes', 'count': 3, 'client_order_id': '46961b6d-1287-4788-928d-65fd3b81796e', 'yes_price': 1, 'type': 'limit', 'time_in_force': 'fill_or_kill'}
2026-03-28 16:24:21,004 | INFO | Placing order with data: {'ticker': 'KXLIIGAGAME-26MAR281100PORSAI-SAI', 'action': 'buy', 'side': 'yes', 'count': 3, 'client_order_id': '4bfd9b65-c944-449f-8fe7-a28b6525910b', 'yes_price': 1, 'type': 'limit', 'time_in_force': 'fill_or_kill'}
2026-03-28 16:24:21,004 | INFO | Placing order with data: {'ticker': 'KXLIIGAGAME-26MAR281100PORSAI-POR', 'action': 'buy', 'side': 'yes', 'count': 3, 'client_order_id': '19408e50-e1b5-4a11-8685-6c977254384e', 'yes_price': 97, 'type': 'limit', 'time_in_force': 'fill_or_kill'}
2026-03-28 16:24:22,005 | INFO | Placing order with data: {'ticker': 'KXLIIGAGAME-26MAR281100PORSAI-POR', 'action': 'buy', 'side': 'yes', 'count': 3, 'client_order_id': '2e52cede-b284-4ef1-982e-0d910e82694d', 'yes_price': 97, 'type': 'limit', 'time_in_force': 'fill_or_kill'}
2026-03-28 16:24:22,005 | INFO | Placing order with data: {'ticker': 'KXLIIGAGAME-26MAR281100PORSAI-SAI', 'action': 'buy', 'side': 'yes', 'count': 3, 'client_order_id': '107edd7f-69a1-47bf-a125-6e0ad73fad34', 'yes_price': 1, 'type': 'limit', 'time_in_force': 'fill_or_kill'}
2026-03-28 16:24:22,012 | INFO | Placing order with data: {'ticker': 'KXLIIGAGAME-26MAR281100PORSAI-SAI', 'action': 'buy', 'side': 'yes', 'count': 3, 'client_order_id': 'd312acca-5133-48fa-9e87-7ca7914082d4', 'yes_price': 1, 'type': 'limit', 'time_in_force': 'fill_or_kill'}
2026-03-28 16:24:22,012 | INFO | Placing order with data: {'ticker': 'KXLIIGAGAME-26MAR281100PORSAI-POR', 'action': 'buy', 'side': 'yes', 'count': 3, 'client_order_id': '99fcc821-8d2a-4721-9d7f-cb9fcd3091b4', 'yes_price': 97, 'type': 'limit', 'time_in_force': 'fill_or_kill'}
2026-03-28 16:24:23,069 | INFO | Placing order with data: {'ticker': 'KXLIIGAGAME-26MAR281100PORSAI-POR', 'action': 'buy', 'side': 'yes', 'count': 3, 'client_order_id': '0c31c5b6-56cb-4496-84b6-aaace0a49b9f', 'yes_price': 97, 'type': 'limit', 'time_in_force': 'fill_or_kill'}
2026-03-28 16:24:23,069 | INFO | Placing order with data: {'ticker': 'KXLIIGAGAME-26MAR281100PORSAI-SAI', 'action': 'buy', 'side': 'yes', 'count': 3, 'client_order_id': 'f942c079-35f5-4ed0-88b1-11938d818342', 'yes_price': 1, 'type': 'limit', 'time_in_force': 'fill_or_kill'}
2026-03-28 16:24:23,069 | INFO | Placing order with data: {'ticker': 'KXLIIGAGAME-26MAR281100PORSAI-SAI', 'action': 'buy', 'side': 'yes', 'count': 3, 'client_order_id': '1984dca6-8d70-4560-912e-98a2f85dee73', 'yes_price': 1, 'type': 'limit', 'time_in_force': 'fill_or_kill'}
2026-03-28 16:24:23,069 | INFO | Placing order with data: {'ticker': 'KXLIIGAGAME-26MAR281100PORSAI-POR', 'action': 'buy', 'side': 'yes', 'count': 3, 'client_order_id': 'f9ae37fc-1067-4b8f-91c4-20505da6fc16', 'yes_price': 97, 'type': 'limit', 'time_in_force': 'fill_or_kill'}
2026-03-28 16:24:24,077 | INFO | Placing order with data: {'ticker': 'KXLIIGAGAME-26MAR281100PORSAI-POR', 'action': 'buy', 'side': 'yes', 'count': 3, 'client_order_id': '1e848300-cd36-43d2-9284-1c4dbb661412', 'yes_price': 97, 'type': 'limit', 'time_in_force': 'fill_or_kill'}
2026-03-28 16:24:24,077 | INFO | Placing order with data: {'ticker': 'KXLIIGAGAME-26MAR281100PORSAI-SAI', 'action': 'buy', 'side': 'yes', 'count': 3, 'client_order_id': '224de945-4542-4aa3-be30-9621aeb04676', 'yes_price': 1, 'type': 'limit', 'time_in_force': 'fill_or_kill'}
2026-03-28 16:24:24,077 | INFO | Placing order with data: {'ticker': 'KXLIIGAGAME-26MAR281100PORSAI-SAI', 'action': 'buy', 'side': 'yes', 'count': 3, 'client_order_id': 'b209b44e-9d86-4145-b313-68ed3ad56f3e', 'yes_price': 1, 'type': 'limit', 'time_in_force': 'fill_or_kill'}
2026-03-28 16:24:24,078 | INFO | Placing order with data: {'ticker': 'KXLIIGAGAME-26MAR281100PORSAI-POR', 'action': 'buy', 'side': 'yes', 'count': 3, 'client_order_id': '44f93b23-2ddf-4c35-954d-bec7c5aef24c', 'yes_price': 97, 'type': 'limit', 'time_in_force': 'fill_or_kill'}
2026-03-28 16:24:25,076 | INFO | Placing order with data: {'ticker': 'KXLIIGAGAME-26MAR281100PORSAI-POR', 'action': 'buy', 'side': 'yes', 'count': 3, 'client_order_id': 'a38f92fd-4bd9-4e29-b6d1-5f72d5365f7e', 'yes_price': 97, 'type': 'limit', 'time_in_force': 'fill_or_kill'}
2026-03-28 16:24:25,077 | INFO | Placing order with data: {'ticker': 'KXLIIGAGAME-26MAR281100PORSAI-SAI', 'action': 'buy', 'side': 'yes', 'count': 3, 'client_order_id': '1109c989-7bce-4de7-acae-7bec1deda2a4', 'yes_price': 1, 'type': 'limit', 'time_in_force': 'fill_or_kill'}
2026-03-28 16:24:25,077 | INFO | Placing order with data: {'ticker': 'KXLIIGAGAME-26MAR281100PORSAI-SAI', 'action': 'buy', 'side': 'yes', 'count': 3, 'client_order_id': '55c3d96d-b5ad-4250-85da-f7df8850fdbb', 'yes_price': 1, 'type': 'limit', 'time_in_force': 'fill_or_kill'}
2026-03-28 16:24:25,077 | INFO | Placing order with data: {'ticker': 'KXLIIGAGAME-26MAR281100PORSAI-POR', 'action': 'buy', 'side': 'yes', 'count': 3, 'client_order_id': '1ad7ab0c-958a-4efa-9cc9-279ce78d201b', 'yes_price': 97, 'type': 'limit', 'time_in_force': 'fill_or_kill'}
2026-03-28 16:24:26,077 | INFO | Placing order with data: {'ticker': 'KXLIIGAGAME-26MAR281100PORSAI-POR', 'action': 'buy', 'side': 'yes', 'count': 3, 'client_order_id': 'dc06f981-9f0c-4caa-9f32-b1e5de654670', 'yes_price': 97, 'type': 'limit', 'time_in_force': 'fill_or_kill'}
2026-03-28 16:24:26,077 | INFO | Placing order with data: {'ticker': 'KXLIIGAGAME-26MAR281100PORSAI-SAI', 'action': 'buy', 'side': 'yes', 'count': 3, 'client_order_id': 'c02ead28-45ab-4d24-8e4f-bc46c92fa2c5', 'yes_price': 1, 'type': 'limit', 'time_in_force': 'fill_or_kill'}
2026-03-28 16:24:26,077 | INFO | Placing order with data: {'ticker': 'KXLIIGAGAME-26MAR281100PORSAI-SAI', 'action': 'buy', 'side': 'yes', 'count': 3, 'client_order_id': 'f4bbe673-972d-45aa-8d19-2ade42cd45fb', 'yes_price': 1, 'type': 'limit', 'time_in_force': 'fill_or_kill'}
2026-03-28 16:24:26,077 | INFO | Placing order with data: {'ticker': 'KXLIIGAGAME-26MAR281100PORSAI-POR', 'action': 'buy', 'side': 'yes', 'count': 3, 'client_order_id': 'bf8cc2a8-17db-4c99-828c-c1fc927484b2', 'yes_price': 97, 'type': 'limit', 'time_in_force': 'fill_or_kill'}
2026-03-28 16:24:27,082 | INFO | Placing order with data: {'ticker': 'KXLIIGAGAME-26MAR281100PORSAI-POR', 'action': 'buy', 'side': 'yes', 'count': 3, 'client_order_id': '8302464c-64f8-4b4f-9d08-288b377c6665', 'yes_price': 97, 'type': 'limit', 'time_in_force': 'fill_or_kill'}
2026-03-28 16:24:27,082 | INFO | Placing order with data: {'ticker': 'KXLIIGAGAME-26MAR281100PORSAI-SAI', 'action': 'buy', 'side': 'yes', 'count': 3, 'client_order_id': '5f858f66-6b6d-4b82-9f53-96915a6afb5d', 'yes_price': 1, 'type': 'limit', 'time_in_force': 'fill_or_kill'}
2026-03-28 16:24:27,082 | INFO | Placing order with data: {'ticker': 'KXLIIGAGAME-26MAR281100PORSAI-SAI', 'action': 'buy', 'side': 'yes', 'count': 3, 'client_order_id': 'd04b1f3e-0bd4-48db-8181-0209cf53679f', 'yes_price': 1, 'type': 'limit', 'time_in_force': 'fill_or_kill'}
2026-03-28 16:24:27,082 | INFO | Placing order with data: {'ticker': 'KXLIIGAGAME-26MAR281100PORSAI-POR', 'action': 'buy', 'side': 'yes', 'count': 3, 'client_order_id': '484c3182-8f09-47d2-9823-b0cfffaf41cc', 'yes_price': 97, 'type': 'limit', 'time_in_force': 'fill_or_kill'}
2026-03-28 16:24:28,107 | INFO | Placing order with data: {'ticker': 'KXLIIGAGAME-26MAR281100PORSAI-POR', 'action': 'buy', 'side': 'yes', 'count': 3, 'client_order_id': '1b06e909-1edc-4ae7-8cdd-beab14a24db8', 'yes_price': 97, 'type': 'limit', 'time_in_force': 'fill_or_kill'}
2026-03-28 16:24:28,107 | INFO | Placing order with data: {'ticker': 'KXLIIGAGAME-26MAR281100PORSAI-SAI', 'action': 'buy', 'side': 'yes', 'count': 3, 'client_order_id': 'bbb0fc66-3f78-45ef-8472-7a1d568be9f3', 'yes_price': 1, 'type': 'limit', 'time_in_force': 'fill_or_kill'}
2026-03-28 16:24:28,107 | INFO | Placing order with data: {'ticker': 'KXLIIGAGAME-26MAR281100PORSAI-SAI', 'action': 'buy', 'side': 'yes', 'count': 3, 'client_order_id': 'dd18b0ce-5cf4-4c62-9c73-a482cb258f54', 'yes_price': 1, 'type': 'limit', 'time_in_force': 'fill_or_kill'}
2026-03-28 16:24:28,107 | INFO | Placing order with data: {'ticker': 'KXLIIGAGAME-26MAR281100PORSAI-POR', 'action': 'buy', 'side': 'yes', 'count': 3, 'client_order_id': '8604532a-81c3-4f12-ad35-ad03dcf11c50', 'yes_price': 97, 'type': 'limit', 'time_in_force': 'fill_or_kill'}
2026-03-28 16:24:29,117 | INFO | Placing order with data: {'ticker': 'KXLIIGAGAME-26MAR281100PORSAI-POR', 'action': 'buy', 'side': 'yes', 'count': 3, 'client_order_id': 'f8408d50-4edb-459d-b66a-6c3e6a89e0f9', 'yes_price': 97, 'type': 'limit', 'time_in_force': 'fill_or_kill'}
2026-03-28 16:24:29,117 | INFO | Placing order with data: {'ticker': 'KXLIIGAGAME-26MAR281100PORSAI-SAI', 'action': 'buy', 'side': 'yes', 'count': 3, 'client_order_id': '3ec36674-4003-442d-8552-d659f32da200', 'yes_price': 1, 'type': 'limit', 'time_in_force': 'fill_or_kill'}
2026-03-28 16:24:29,117 | INFO | Placing order with data: {'ticker': 'KXLIIGAGAME-26MAR281100PORSAI-SAI', 'action': 'buy', 'side': 'yes', 'count': 3, 'client_order_id': '08782b82-1fa0-4e59-ab04-4663841af7a7', 'yes_price': 1, 'type': 'limit', 'time_in_force': 'fill_or_kill'}
2026-03-28 16:24:29,117 | INFO | Placing order with data: {'ticker': 'KXLIIGAGAME-26MAR281100PORSAI-POR', 'action': 'buy', 'side': 'yes', 'count': 3, 'client_order_id': '3fd181e6-79f5-4ebd-8392-3ebac5610c89', 'yes_price': 97, 'type': 'limit', 'time_in_force': 'fill_or_kill'}
2026-03-28 16:24:30,121 | INFO | Placing order with data: {'ticker': 'KXLIIGAGAME-26MAR281100PORSAI-POR', 'action': 'buy', 'side': 'yes', 'count': 3, 'client_order_id': '3da362e6-3915-4d59-a609-b91b12868567', 'yes_price': 97, 'type': 'limit', 'time_in_force': 'fill_or_kill'}
2026-03-28 16:24:30,121 | INFO | Placing order with data: {'ticker': 'KXLIIGAGAME-26MAR281100PORSAI-SAI', 'action': 'buy', 'side': 'yes', 'count': 3, 'client_order_id': 'c95eee55-2ad9-4516-905e-18e5a72c6316', 'yes_price': 1, 'type': 'limit', 'time_in_force': 'fill_or_kill'}
2026-03-28 16:24:30,121 | INFO | Placing order with data: {'ticker': 'KXLIIGAGAME-26MAR281100PORSAI-SAI', 'action': 'buy', 'side': 'yes', 'count': 3, 'client_order_id': '3a644940-2c97-42f2-a3e0-9f208fc2ceb5', 'yes_price': 1, 'type': 'limit', 'time_in_force': 'fill_or_kill'}
2026-03-28 16:24:30,121 | INFO | Placing order with data: {'ticker': 'KXLIIGAGAME-26MAR281100PORSAI-POR', 'action': 'buy', 'side': 'yes', 'count': 3, 'client_order_id': '6c87e022-7471-434c-8787-61d004f46d20', 'yes_price': 97, 'type': 'limit', 'time_in_force': 'fill_or_kill'}
2026-03-28 16:24:31,128 | INFO | Placing order with data: {'ticker': 'KXLIIGAGAME-26MAR281100PORSAI-POR', 'action': 'buy', 'side': 'yes', 'count': 3, 'client_order_id': 'cda2e2c0-cba3-46c5-8ad3-c86468c19973', 'yes_price': 97, 'type': 'limit', 'time_in_force': 'fill_or_kill'}
2026-03-28 16:24:31,128 | INFO | Placing order with data: {'ticker': 'KXLIIGAGAME-26MAR281100PORSAI-SAI', 'action': 'buy', 'side': 'yes', 'count': 3, 'client_order_id': '52d78758-4c6e-4635-aa9c-71f3b25932ea', 'yes_price': 1, 'type': 'limit', 'time_in_force': 'fill_or_kill'}
2026-03-28 16:24:31,128 | INFO | Placing order with data: {'ticker': 'KXLIIGAGAME-26MAR281100PORSAI-SAI', 'action': 'buy', 'side': 'yes', 'count': 3, 'client_order_id': 'b7d59535-4eb8-42a0-9f77-f327a89b81a8', 'yes_price': 1, 'type': 'limit', 'time_in_force': 'fill_or_kill'}
2026-03-28 16:24:31,128 | INFO | Placing order with data: {'ticker': 'KXLIIGAGAME-26MAR281100PORSAI-POR', 'action': 'buy', 'side': 'yes', 'count': 3, 'client_order_id': 'c0e6d575-e0ed-4f4f-a834-85757425e370', 'yes_price': 97, 'type': 'limit', 'time_in_force': 'fill_or_kill'}
2026-03-28 16:24:32,134 | INFO | Placing order with data: {'ticker': 'KXLIIGAGAME-26MAR281100PORSAI-POR', 'action': 'buy', 'side': 'yes', 'count': 3, 'client_order_id': '99cc246b-dd7b-42ea-aed4-0c24326992ea', 'yes_price': 97, 'type': 'limit', 'time_in_force': 'fill_or_kill'}
2026-03-28 16:24:32,134 | INFO | Placing order with data: {'ticker': 'KXLIIGAGAME-26MAR281100PORSAI-SAI', 'action': 'buy', 'side': 'yes', 'count': 3, 'client_order_id': '5ac42fe7-b98b-435b-8aef-390ec8147698', 'yes_price': 1, 'type': 'limit', 'time_in_force': 'fill_or_kill'}
2026-03-28 16:24:32,134 | INFO | Placing order with data: {'ticker': 'KXLIIGAGAME-26MAR281100PORSAI-SAI', 'action': 'buy', 'side': 'yes', 'count': 3, 'client_order_id': 'a76ab811-0331-449e-80eb-906f7b16bfbc', 'yes_price': 1, 'type': 'limit', 'time_in_force': 'fill_or_kill'}
2026-03-28 16:24:32,134 | INFO | Placing order with data: {'ticker': 'KXLIIGAGAME-26MAR281100PORSAI-POR', 'action': 'buy', 'side': 'yes', 'count': 3, 'client_order_id': '288fb334-f04f-46aa-a636-782c177ae489', 'yes_price': 97, 'type': 'limit', 'time_in_force': 'fill_or_kill'}
2026-03-28 16:24:33,121 | INFO | Placing order with data: {'ticker': 'KXLIIGAGAME-26MAR281100PORSAI-POR', 'action': 'buy', 'side': 'yes', 'count': 3, 'client_order_id': '5ee709e5-74e5-430b-bcaf-09afb237001a', 'yes_price': 97, 'type': 'limit', 'time_in_force': 'fill_or_kill'}
2026-03-28 16:24:33,121 | INFO | Placing order with data: {'ticker': 'KXLIIGAGAME-26MAR281100PORSAI-SAI', 'action': 'buy', 'side': 'yes', 'count': 3, 'client_order_id': 'bc880b26-b617-4421-98c9-de429f7ea88e', 'yes_price': 1, 'type': 'limit', 'time_in_force': 'fill_or_kill'}
2026-03-28 16:24:33,121 | INFO | Placing order with data: {'ticker': 'KXLIIGAGAME-26MAR281100PORSAI-SAI', 'action': 'buy', 'side': 'yes', 'count': 3, 'client_order_id': 'c8bf59fd-fda8-401f-8111-fc7b368a9083', 'yes_price': 1, 'type': 'limit', 'time_in_force': 'fill_or_kill'}
2026-03-28 16:24:33,121 | INFO | Placing order with data: {'ticker': 'KXLIIGAGAME-26MAR281100PORSAI-POR', 'action': 'buy', 'side': 'yes', 'count': 3, 'client_order_id': 'debdade2-7033-47d3-bfa0-5c19d79b2790', 'yes_price': 97, 'type': 'limit', 'time_in_force': 'fill_or_kill'}
2026-03-28 16:24:34,132 | INFO | Placing order with data: {'ticker': 'KXLIIGAGAME-26MAR281100PORSAI-POR', 'action': 'buy', 'side': 'yes', 'count': 3, 'client_order_id': '523409de-e349-423a-8092-db99bcaa2d04', 'yes_price': 97, 'type': 'limit', 'time_in_force': 'fill_or_kill'}
2026-03-28 16:24:34,133 | INFO | Placing order with data: {'ticker': 'KXLIIGAGAME-26MAR281100PORSAI-SAI', 'action': 'buy', 'side': 'yes', 'count': 3, 'client_order_id': '44095208-5614-43dc-bbf6-90e24117ba31', 'yes_price': 1, 'type': 'limit', 'time_in_force': 'fill_or_kill'}
2026-03-28 16:24:34,133 | INFO | Placing order with data: {'ticker': 'KXLIIGAGAME-26MAR281100PORSAI-SAI', 'action': 'buy', 'side': 'yes', 'count': 3, 'client_order_id': '22af6533-7e00-480f-8071-6a93a09b2eb1', 'yes_price': 1, 'type': 'limit', 'time_in_force': 'fill_or_kill'}
2026-03-28 16:24:34,133 | INFO | Placing order with data: {'ticker': 'KXLIIGAGAME-26MAR281100PORSAI-POR', 'action': 'buy', 'side': 'yes', 'count': 3, 'client_order_id': '29c11b7a-4c07-4b94-9a5a-db0cbc22218c', 'yes_price': 97, 'type': 'limit', 'time_in_force': 'fill_or_kill'}
2026-03-28 16:24:35,128 | INFO | Placing order with data: {'ticker': 'KXLIIGAGAME-26MAR281100PORSAI-POR', 'action': 'buy', 'side': 'yes', 'count': 3, 'client_order_id': '320e6a68-f6c7-4d71-a0b9-17f9af5742a8', 'yes_price': 97, 'type': 'limit', 'time_in_force': 'fill_or_kill'}
2026-03-28 16:24:35,128 | INFO | Placing order with data: {'ticker': 'KXLIIGAGAME-26MAR281100PORSAI-SAI', 'action': 'buy', 'side': 'yes', 'count': 3, 'client_order_id': '47e3d93c-3e31-44f7-9457-104b0f23035e', 'yes_price': 1, 'type': 'limit', 'time_in_force': 'fill_or_kill'}
2026-03-28 16:24:35,128 | INFO | Placing order with data: {'ticker': 'KXLIIGAGAME-26MAR281100PORSAI-SAI', 'action': 'buy', 'side': 'yes', 'count': 3, 'client_order_id': '854c2805-0a95-4ddc-a380-a84094ef0602', 'yes_price': 1, 'type': 'limit', 'time_in_force': 'fill_or_kill'}
2026-03-28 16:24:35,128 | INFO | Placing order with data: {'ticker': 'KXLIIGAGAME-26MAR281100PORSAI-POR', 'action': 'buy', 'side': 'yes', 'count': 3, 'client_order_id': '40380bd6-848c-4b78-83e4-12dcb249508e', 'yes_price': 97, 'type': 'limit', 'time_in_force': 'fill_or_kill'}
2026-03-28 16:24:36,119 | INFO | Placing order with data: {'ticker': 'KXLIIGAGAME-26MAR281100PORSAI-POR', 'action': 'buy', 'side': 'yes', 'count': 3, 'client_order_id': 'b7ba5e21-fb2b-4cab-82de-c124af8a0c16', 'yes_price': 97, 'type': 'limit', 'time_in_force': 'fill_or_kill'}
2026-03-28 16:24:36,119 | INFO | Placing order with data: {'ticker': 'KXLIIGAGAME-26MAR281100PORSAI-SAI', 'action': 'buy', 'side': 'yes', 'count': 3, 'client_order_id': '2c5598b1-b2d8-471d-9150-a9d0422faaa4', 'yes_price': 1, 'type': 'limit', 'time_in_force': 'fill_or_kill'}
2026-03-28 16:24:36,119 | INFO | Placing order with data: {'ticker': 'KXLIIGAGAME-26MAR281100PORSAI-SAI', 'action': 'buy', 'side': 'yes', 'count': 3, 'client_order_id': '4bf62f8e-7178-4543-9751-b524e788fb6e', 'yes_price': 1, 'type': 'limit', 'time_in_force': 'fill_or_kill'}
2026-03-28 16:24:36,119 | INFO | Placing order with data: {'ticker': 'KXLIIGAGAME-26MAR281100PORSAI-POR', 'action': 'buy', 'side': 'yes', 'count': 3, 'client_order_id': 'a45b95e8-8bf9-44dc-88a2-da03c608b59b', 'yes_price': 97, 'type': 'limit', 'time_in_force': 'fill_or_kill'}
2026-03-28 16:24:37,135 | INFO | Placing order with data: {'ticker': 'KXLIIGAGAME-26MAR281100PORSAI-POR', 'action': 'buy', 'side': 'yes', 'count': 3, 'client_order_id': '4c3ea253-88d6-4f3d-a306-6cc4e33a5b64', 'yes_price': 97, 'type': 'limit', 'time_in_force': 'fill_or_kill'}
2026-03-28 16:24:37,135 | INFO | Placing order with data: {'ticker': 'KXLIIGAGAME-26MAR281100PORSAI-SAI', 'action': 'buy', 'side': 'yes', 'count': 3, 'client_order_id': '544fd313-1351-4054-bc14-d8f53de7eda6', 'yes_price': 1, 'type': 'limit', 'time_in_force': 'fill_or_kill'}
2026-03-28 16:24:37,135 | INFO | Placing order with data: {'ticker': 'KXLIIGAGAME-26MAR281100PORSAI-SAI', 'action': 'buy', 'side': 'yes', 'count': 3, 'client_order_id': '0d867afc-eedd-4b86-bfe0-8fcb3060e5b3', 'yes_price': 1, 'type': 'limit', 'time_in_force': 'fill_or_kill'}
2026-03-28 16:24:37,135 | INFO | Placing order with data: {'ticker': 'KXLIIGAGAME-26MAR281100PORSAI-POR', 'action': 'buy', 'side': 'yes', 'count': 3, 'client_order_id': '2f3cc58e-0083-4032-b7b4-d3829a6106ad', 'yes_price': 97, 'type': 'limit', 'time_in_force': 'fill_or_kill'}
2026-03-28 16:24:38,161 | INFO | Placing order with data: {'ticker': 'KXLIIGAGAME-26MAR281100PORSAI-POR', 'action': 'buy', 'side': 'yes', 'count': 3, 'client_order_id': '5539e453-46bf-478e-a892-35261e9ddc62', 'yes_price': 97, 'type': 'limit', 'time_in_force': 'fill_or_kill'}
2026-03-28 16:24:38,161 | INFO | Placing order with data: {'ticker': 'KXLIIGAGAME-26MAR281100PORSAI-SAI', 'action': 'buy', 'side': 'yes', 'count': 3, 'client_order_id': '44a29763-9d37-437d-8024-2e56a96f73a4', 'yes_price': 1, 'type': 'limit', 'time_in_force': 'fill_or_kill'}
2026-03-28 16:24:38,161 | INFO | Placing order with data: {'ticker': 'KXLIIGAGAME-26MAR281100PORSAI-SAI', 'action': 'buy', 'side': 'yes', 'count': 3, 'client_order_id': '418ad1ca-790a-4aab-9b82-c7c753b63ab9', 'yes_price': 1, 'type': 'limit', 'time_in_force': 'fill_or_kill'}
2026-03-28 16:24:38,161 | INFO | Placing order with data: {'ticker': 'KXLIIGAGAME-26MAR281100PORSAI-POR', 'action': 'buy', 'side': 'yes', 'count': 3, 'client_order_id': '98553a57-1fb8-44c0-86a8-9e3d0a4a31a9', 'yes_price': 97, 'type': 'limit', 'time_in_force': 'fill_or_kill'}
2026-03-28 16:24:39,163 | INFO | Placing order with data: {'ticker': 'KXLIIGAGAME-26MAR281100PORSAI-POR', 'action': 'buy', 'side': 'yes', 'count': 3, 'client_order_id': 'a09e2877-1417-480a-91ab-e6123df095a2', 'yes_price': 97, 'type': 'limit', 'time_in_force': 'fill_or_kill'}
2026-03-28 16:24:39,163 | INFO | Placing order with data: {'ticker': 'KXLIIGAGAME-26MAR281100PORSAI-SAI', 'action': 'buy', 'side': 'yes', 'count': 3, 'client_order_id': 'ed69658f-cfe4-4b04-bcb6-a0c08cef1886', 'yes_price': 1, 'type': 'limit', 'time_in_force': 'fill_or_kill'}
2026-03-28 16:24:39,163 | INFO | Placing order with data: {'ticker': 'KXLIIGAGAME-26MAR281100PORSAI-SAI', 'action': 'buy', 'side': 'yes', 'count': 3, 'client_order_id': 'a5f09a55-6aab-4928-8b02-2f5ea7a7707d', 'yes_price': 1, 'type': 'limit', 'time_in_force': 'fill_or_kill'}
2026-03-28 16:24:39,163 | INFO | Placing order with data: {'ticker': 'KXLIIGAGAME-26MAR281100PORSAI-POR', 'action': 'buy', 'side': 'yes', 'count': 3, 'client_order_id': '77b43291-6472-4f6e-b94d-5d6d30a80a87', 'yes_price': 97, 'type': 'limit', 'time_in_force': 'fill_or_kill'}
2026-03-28 16:24:40,166 | INFO | Placing order with data: {'ticker': 'KXLIIGAGAME-26MAR281100PORSAI-POR', 'action': 'buy', 'side': 'yes', 'count': 3, 'client_order_id': 'cf7212f0-e274-4b97-a2b9-3389e36e264f', 'yes_price': 97, 'type': 'limit', 'time_in_force': 'fill_or_kill'}
2026-03-28 16:24:40,166 | INFO | Placing order with data: {'ticker': 'KXLIIGAGAME-26MAR281100PORSAI-SAI', 'action': 'buy', 'side': 'yes', 'count': 3, 'client_order_id': 'e8b3cff3-cfe7-4d2e-af79-3ab0b88671fc', 'yes_price': 1, 'type': 'limit', 'time_in_force': 'fill_or_kill'}
2026-03-28 16:24:40,166 | INFO | Placing order with data: {'ticker': 'KXLIIGAGAME-26MAR281100PORSAI-SAI', 'action': 'buy', 'side': 'yes', 'count': 3, 'client_order_id': 'a144fee0-1bca-4460-b144-e255dded2f0c', 'yes_price': 1, 'type': 'limit', 'time_in_force': 'fill_or_kill'}
2026-03-28 16:24:40,166 | INFO | Placing order with data: {'ticker': 'KXLIIGAGAME-26MAR281100PORSAI-POR', 'action': 'buy', 'side': 'yes', 'count': 3, 'client_order_id': '575bda1d-1022-45dc-b4f9-a154b8a3f809', 'yes_price': 97, 'type': 'limit', 'time_in_force': 'fill_or_kill'}
2026-03-28 16:24:41,166 | INFO | Placing order with data: {'ticker': 'KXLIIGAGAME-26MAR281100PORSAI-POR', 'action': 'buy', 'side': 'yes', 'count': 3, 'client_order_id': '4ff85e3b-5224-4e2a-b25e-29f4ebedd5a3', 'yes_price': 97, 'type': 'limit', 'time_in_force': 'fill_or_kill'}
2026-03-28 16:24:41,166 | INFO | Placing order with data: {'ticker': 'KXLIIGAGAME-26MAR281100PORSAI-SAI', 'action': 'buy', 'side': 'yes', 'count': 3, 'client_order_id': 'f18405a4-a263-4a35-a7f5-7cef12fb7e40', 'yes_price': 1, 'type': 'limit', 'time_in_force': 'fill_or_kill'}
2026-03-28 16:24:41,166 | INFO | Placing order with data: {'ticker': 'KXLIIGAGAME-26MAR281100PORSAI-SAI', 'action': 'buy', 'side': 'yes', 'count': 3, 'client_order_id': '61c7d943-3587-4eb9-9580-20a19cbe2cc5', 'yes_price': 1, 'type': 'limit', 'time_in_force': 'fill_or_kill'}
2026-03-28 16:24:41,166 | INFO | Placing order with data: {'ticker': 'KXLIIGAGAME-26MAR281100PORSAI-POR', 'action': 'buy', 'side': 'yes', 'count': 3, 'client_order_id': 'aa539279-345c-4b5d-af43-c7fd84938f15', 'yes_price': 97, 'type': 'limit', 'time_in_force': 'fill_or_kill'}
2026-03-28 16:24:42,167 | INFO | Placing order with data: {'ticker': 'KXLIIGAGAME-26MAR281100PORSAI-POR', 'action': 'buy', 'side': 'yes', 'count': 3, 'client_order_id': '4b4a9613-c7f7-4e65-9fc3-341a8384a56a', 'yes_price': 97, 'type': 'limit', 'time_in_force': 'fill_or_kill'}
2026-03-28 16:24:42,167 | INFO | Placing order with data: {'ticker': 'KXLIIGAGAME-26MAR281100PORSAI-SAI', 'action': 'buy', 'side': 'yes', 'count': 3, 'client_order_id': 'd52d3b23-9d6f-41e7-9d64-633238ba4011', 'yes_price': 1, 'type': 'limit', 'time_in_force': 'fill_or_kill'}
2026-03-28 16:24:42,167 | INFO | Placing order with data: {'ticker': 'KXLIIGAGAME-26MAR281100PORSAI-SAI', 'action': 'buy', 'side': 'yes', 'count': 3, 'client_order_id': 'a773564f-3d73-443c-aae6-6e53ca433e99', 'yes_price': 1, 'type': 'limit', 'time_in_force': 'fill_or_kill'}
2026-03-28 16:24:42,167 | INFO | Placing order with data: {'ticker': 'KXLIIGAGAME-26MAR281100PORSAI-POR', 'action': 'buy', 'side': 'yes', 'count': 3, 'client_order_id': 'f936f7a7-ae09-4e97-845a-f719261df65a', 'yes_price': 97, 'type': 'limit', 'time_in_force': 'fill_or_kill'}
2026-03-28 16:24:43,178 | INFO | Placing order with data: {'ticker': 'KXLIIGAGAME-26MAR281100PORSAI-POR', 'action': 'buy', 'side': 'yes', 'count': 3, 'client_order_id': '938a0b30-c7be-425f-be34-5056347e8a39', 'yes_price': 97, 'type': 'limit', 'time_in_force': 'fill_or_kill'}
2026-03-28 16:24:43,178 | INFO | Placing order with data: {'ticker': 'KXLIIGAGAME-26MAR281100PORSAI-SAI', 'action': 'buy', 'side': 'yes', 'count': 3, 'client_order_id': '47b847db-7810-400d-97f2-b68f2e5a671c', 'yes_price': 1, 'type': 'limit', 'time_in_force': 'fill_or_kill'}
2026-03-28 16:24:43,178 | INFO | Placing order with data: {'ticker': 'KXLIIGAGAME-26MAR281100PORSAI-SAI', 'action': 'buy', 'side': 'yes', 'count': 3, 'client_order_id': 'c5d7717e-f489-46f0-bd29-43d3022ea3a3', 'yes_price': 1, 'type': 'limit', 'time_in_force': 'fill_or_kill'}
2026-03-28 16:24:43,178 | INFO | Placing order with data: {'ticker': 'KXLIIGAGAME-26MAR281100PORSAI-POR', 'action': 'buy', 'side': 'yes', 'count': 3, 'client_order_id': '9a2ed9aa-df26-4817-be30-91a98d5d721e', 'yes_price': 97, 'type': 'limit', 'time_in_force': 'fill_or_kill'}
2026-03-28 16:24:44,169 | INFO | Placing order with data: {'ticker': 'KXLIIGAGAME-26MAR281100PORSAI-POR', 'action': 'buy', 'side': 'yes', 'count': 3, 'client_order_id': 'eff800a6-1b12-40f2-af7e-de578f17a94e', 'yes_price': 97, 'type': 'limit', 'time_in_force': 'fill_or_kill'}
2026-03-28 16:24:44,169 | INFO | Placing order with data: {'ticker': 'KXLIIGAGAME-26MAR281100PORSAI-SAI', 'action': 'buy', 'side': 'yes', 'count': 3, 'client_order_id': 'dd3d7e5c-f72a-4bfb-ab19-63b65eba5fbf', 'yes_price': 1, 'type': 'limit', 'time_in_force': 'fill_or_kill'}
2026-03-28 16:24:44,169 | INFO | Placing order with data: {'ticker': 'KXLIIGAGAME-26MAR281100PORSAI-SAI', 'action': 'buy', 'side': 'yes', 'count': 3, 'client_order_id': '824b3873-7e59-4e2c-b091-f94ce5aa5f6c', 'yes_price': 1, 'type': 'limit', 'time_in_force': 'fill_or_kill'}
2026-03-28 16:24:44,169 | INFO | Placing order with data: {'ticker': 'KXLIIGAGAME-26MAR281100PORSAI-POR', 'action': 'buy', 'side': 'yes', 'count': 3, 'client_order_id': '6cb938d6-e16f-413b-a205-84e6477489c5', 'yes_price': 97, 'type': 'limit', 'time_in_force': 'fill_or_kill'}
2026-03-28 16:24:45,165 | INFO | Placing order with data: {'ticker': 'KXLIIGAGAME-26MAR281100PORSAI-POR', 'action': 'buy', 'side': 'yes', 'count': 3, 'client_order_id': '422ee3c6-3079-4f6b-82db-c39d1a883c10', 'yes_price': 97, 'type': 'limit', 'time_in_force': 'fill_or_kill'}
2026-03-28 16:24:45,165 | INFO | Placing order with data: {'ticker': 'KXLIIGAGAME-26MAR281100PORSAI-SAI', 'action': 'buy', 'side': 'yes', 'count': 3, 'client_order_id': '86080127-85d3-48e1-b26a-6e99cfffdd90', 'yes_price': 1, 'type': 'limit', 'time_in_force': 'fill_or_kill'}
2026-03-28 16:24:45,165 | INFO | Placing order with data: {'ticker': 'KXLIIGAGAME-26MAR281100PORSAI-SAI', 'action': 'buy', 'side': 'yes', 'count': 3, 'client_order_id': '444140db-bb0e-4d65-b973-9b867400855d', 'yes_price': 1, 'type': 'limit', 'time_in_force': 'fill_or_kill'}
2026-03-28 16:24:45,165 | INFO | Placing order with data: {'ticker': 'KXLIIGAGAME-26MAR281100PORSAI-POR', 'action': 'buy', 'side': 'yes', 'count': 3, 'client_order_id': '5ab8ecaa-9016-45f7-8db5-32b5a491a3d7', 'yes_price': 97, 'type': 'limit', 'time_in_force': 'fill_or_kill'}
2026-03-28 16:24:46,182 | INFO | Placing order with data: {'ticker': 'KXLIIGAGAME-26MAR281100PORSAI-POR', 'action': 'buy', 'side': 'yes', 'count': 3, 'client_order_id': '63c8dc36-94a3-4ce6-adb5-6b80b8b4619b', 'yes_price': 97, 'type': 'limit', 'time_in_force': 'fill_or_kill'}
2026-03-28 16:24:46,182 | INFO | Placing order with data: {'ticker': 'KXLIIGAGAME-26MAR281100PORSAI-SAI', 'action': 'buy', 'side': 'yes', 'count': 3, 'client_order_id': 'aecc93ea-5d9d-4119-9e39-8436daa0aa4e', 'yes_price': 1, 'type': 'limit', 'time_in_force': 'fill_or_kill'}
2026-03-28 16:24:46,182 | INFO | Placing order with data: {'ticker': 'KXLIIGAGAME-26MAR281100PORSAI-SAI', 'action': 'buy', 'side': 'yes', 'count': 3, 'client_order_id': '09f9ce14-50c1-4782-a51b-f70177b03e3e', 'yes_price': 1, 'type': 'limit', 'time_in_force': 'fill_or_kill'}
2026-03-28 16:24:46,182 | INFO | Placing order with data: {'ticker': 'KXLIIGAGAME-26MAR281100PORSAI-POR', 'action': 'buy', 'side': 'yes', 'count': 3, 'client_order_id': 'febd476c-02f6-4830-b46b-f78e9f22e720', 'yes_price': 97, 'type': 'limit', 'time_in_force': 'fill_or_kill'}
2026-03-28 16:24:47,196 | INFO | Placing order with data: {'ticker': 'KXLIIGAGAME-26MAR281100PORSAI-POR', 'action': 'buy', 'side': 'yes', 'count': 3, 'client_order_id': 'fc86e767-bf97-4c0f-8e5b-3bb1d5de519c', 'yes_price': 97, 'type': 'limit', 'time_in_force': 'fill_or_kill'}
2026-03-28 16:24:47,196 | INFO | Placing order with data: {'ticker': 'KXLIIGAGAME-26MAR281100PORSAI-SAI', 'action': 'buy', 'side': 'yes', 'count': 3, 'client_order_id': 'f1ceddcb-3c4c-4d1d-a790-3bf204a720d3', 'yes_price': 1, 'type': 'limit', 'time_in_force': 'fill_or_kill'}
2026-03-28 16:24:47,196 | INFO | Placing order with data: {'ticker': 'KXLIIGAGAME-26MAR281100PORSAI-SAI', 'action': 'buy', 'side': 'yes', 'count': 3, 'client_order_id': '18861606-f316-4088-bd72-2b1f708f1702', 'yes_price': 1, 'type': 'limit', 'time_in_force': 'fill_or_kill'}
2026-03-28 16:24:47,196 | INFO | Placing order with data: {'ticker': 'KXLIIGAGAME-26MAR281100PORSAI-POR', 'action': 'buy', 'side': 'yes', 'count': 3, 'client_order_id': '26e286d9-60bf-459d-809e-aa215c17c74c', 'yes_price': 97, 'type': 'limit', 'time_in_force': 'fill_or_kill'}
2026-03-28 16:24:48,214 | INFO | Placing order with data: {'ticker': 'KXLIIGAGAME-26MAR281100PORSAI-POR', 'action': 'buy', 'side': 'yes', 'count': 3, 'client_order_id': '60c8875d-d36e-4b30-ba29-9839ab1f94ae', 'yes_price': 97, 'type': 'limit', 'time_in_force': 'fill_or_kill'}
2026-03-28 16:24:48,214 | INFO | Placing order with data: {'ticker': 'KXLIIGAGAME-26MAR281100PORSAI-SAI', 'action': 'buy', 'side': 'yes', 'count': 3, 'client_order_id': '9f12ae02-80f8-40f8-8596-7e74c0dbf4a3', 'yes_price': 1, 'type': 'limit', 'time_in_force': 'fill_or_kill'}
2026-03-28 16:24:48,214 | INFO | Placing order with data: {'ticker': 'KXLIIGAGAME-26MAR281100PORSAI-SAI', 'action': 'buy', 'side': 'yes', 'count': 3, 'client_order_id': 'fdd902b6-cbe8-43a2-8f7a-0a7ceb7c32d2', 'yes_price': 1, 'type': 'limit', 'time_in_force': 'fill_or_kill'}
2026-03-28 16:24:48,214 | INFO | Placing order with data: {'ticker': 'KXLIIGAGAME-26MAR281100PORSAI-POR', 'action': 'buy', 'side': 'yes', 'count': 3, 'client_order_id': '5aa2a6ad-8dd4-42dc-92ac-76574abb543c', 'yes_price': 97, 'type': 'limit', 'time_in_force': 'fill_or_kill'}
2026-03-28 16:31:51,544 | INFO | Placing order with data: {'ticker': 'KXNCAABBGAME-26MAR281300MSMSHP-MSM', 'action': 'buy', 'side': 'no', 'count': 102, 'client_order_id': '4175aac7-39b0-431f-a306-54efb7502f4a', 'no_price': 98, 'type': 'limit', 'time_in_force': 'fill_or_kill'}
2026-03-28 16:31:51,544 | INFO | Placing order with data: {'ticker': 'KXNCAABBGAME-26MAR281300MSMSHP-SHP', 'action': 'buy', 'side': 'no', 'count': 102, 'client_order_id': '0e64df8f-db1d-4886-9573-9541828599c4', 'no_price': 1, 'type': 'limit', 'time_in_force': 'fill_or_kill'}
2026-03-28 16:31:51,544 | INFO | Placing order with data: {'ticker': 'KXNCAABBGAME-26MAR281300MSMSHP-SHP', 'action': 'buy', 'side': 'no', 'count': 102, 'client_order_id': '4306744c-36e4-4060-90a5-717380c953cf', 'no_price': 1, 'type': 'limit', 'time_in_force': 'fill_or_kill'}
2026-03-28 16:31:51,544 | INFO | Placing order with data: {'ticker': 'KXNCAABBGAME-26MAR281300MSMSHP-MSM', 'action': 'buy', 'side': 'no', 'count': 102, 'client_order_id': '90d5675f-3db7-4d7b-a9d4-7eef14b5ff02', 'no_price': 98, 'type': 'limit', 'time_in_force': 'fill_or_kill'}
2026-03-28 16:32:14,086 | INFO | Placing order with data: {'ticker': 'KXNCAABBGAME-26MAR281300YOUNOR-YOU', 'action': 'buy', 'side': 'yes', 'count': 50, 'client_order_id': 'bdd1b03c-d5c0-4abc-b949-1f0de5bc2b61', 'yes_price': 1, 'type': 'limit', 'time_in_force': 'fill_or_kill'}
2026-03-28 16:32:14,086 | INFO | Placing order with data: {'ticker': 'KXNCAABBGAME-26MAR281300YOUNOR-NOR', 'action': 'buy', 'side': 'yes', 'count': 50, 'client_order_id': '136abb50-ce4a-4d3b-a5fc-6b259c936b8d', 'yes_price': 97, 'type': 'limit', 'time_in_force': 'fill_or_kill'}
2026-03-28 16:32:14,086 | INFO | Placing order with data: {'ticker': 'KXNCAABBGAME-26MAR281300YOUNOR-NOR', 'action': 'buy', 'side': 'yes', 'count': 50, 'client_order_id': '5c7c5f02-3acf-401a-9d8f-f90872614e82', 'yes_price': 97, 'type': 'limit', 'time_in_force': 'fill_or_kill'}
2026-03-28 16:32:14,086 | INFO | Placing order with data: {'ticker': 'KXNCAABBGAME-26MAR281300YOUNOR-YOU', 'action': 'buy', 'side': 'yes', 'count': 50, 'client_order_id': 'b45be1f9-df76-4cf7-9d39-4b2e7ed733fa', 'yes_price': 1, 'type': 'limit', 'time_in_force': 'fill_or_kill'}
2026-03-28 16:32:49,066 | INFO | Placing order with data: {'ticker': 'KXNCAABBGAME-26MAR281300WAGNEW-WAG', 'action': 'buy', 'side': 'no', 'count': 98, 'client_order_id': '40a0a585-fc5f-4ee6-9027-57762acc74c7', 'no_price': 98, 'type': 'limit', 'time_in_force': 'fill_or_kill'}
2026-03-28 16:32:49,066 | INFO | Placing order with data: {'ticker': 'KXNCAABBGAME-26MAR281300WAGNEW-NEW', 'action': 'buy', 'side': 'no', 'count': 98, 'client_order_id': '148e1407-591a-49ef-81fd-f050eb5518db', 'no_price': 1, 'type': 'limit', 'time_in_force': 'fill_or_kill'}
2026-03-28 16:32:49,066 | INFO | Placing order with data: {'ticker': 'KXNCAABBGAME-26MAR281300WAGNEW-NEW', 'action': 'buy', 'side': 'no', 'count': 98, 'client_order_id': '75ab3afb-1ced-4c73-bc80-fef6a6bad134', 'no_price': 1, 'type': 'limit', 'time_in_force': 'fill_or_kill'}
2026-03-28 16:32:49,066 | INFO | Placing order with data: {'ticker': 'KXNCAABBGAME-26MAR281300WAGNEW-WAG', 'action': 'buy', 'side': 'no', 'count': 98, 'client_order_id': 'e461934e-3d33-4d51-933a-45e85bb07422', 'no_price': 98, 'type': 'limit', 'time_in_force': 'fill_or_kill'}
2026-03-28 16:43:17,669 | INFO | Placing order with data: {'ticker': 'KXNCAABBGAME-26MAR281300NEHHOP-NEH', 'action': 'buy', 'side': 'yes', 'count': 1, 'client_order_id': 'eecbb310-0478-4e89-bfa1-5759203897f9', 'yes_price': 94, 'type': 'limit', 'time_in_force': 'fill_or_kill'}
2026-03-28 16:43:17,670 | INFO | Placing order with data: {'ticker': 'KXNCAABBGAME-26MAR281300NEHHOP-HOP', 'action': 'buy', 'side': 'yes', 'count': 1, 'client_order_id': '7ceb62df-bab7-4d3e-b477-cf036db10f93', 'yes_price': 1, 'type': 'limit', 'time_in_force': 'fill_or_kill'}
2026-03-28 16:43:17,670 | INFO | Placing order with data: {'ticker': 'KXNCAABBGAME-26MAR281300NEHHOP-HOP', 'action': 'buy', 'side': 'yes', 'count': 1, 'client_order_id': '2fa92e8c-7e54-4344-96f7-117be0ceb67c', 'yes_price': 1, 'type': 'limit', 'time_in_force': 'fill_or_kill'}
2026-03-28 16:43:17,670 | INFO | Placing order with data: {'ticker': 'KXNCAABBGAME-26MAR281300NEHHOP-NEH', 'action': 'buy', 'side': 'yes', 'count': 1, 'client_order_id': 'f813b43a-bcf0-4af8-a5c4-0ce968d29ee2', 'yes_price': 94, 'type': 'limit', 'time_in_force': 'fill_or_kill'}
