2026-03-29 12:07:55,191 | INFO | Placing order with data: {'ticker': 'KXIPLGAME-26MAR29KKRMI-MI', 'action': 'buy', 'side': 'no', 'count': 180, 'client_order_id': '0404d282-e936-4f39-b825-be603ebadafe', 'no_price': 64, 'type': 'limit', 'time_in_force': 'fill_or_kill'}
2026-03-29 12:07:55,191 | INFO | Placing order with data: {'ticker': 'KXIPLGAME-26MAR29KKRMI-KKR', 'action': 'buy', 'side': 'no', 'count': 180, 'client_order_id': 'ba5d5d2b-6748-4952-bf40-a8af8b640aa0', 'no_price': 32, 'type': 'limit', 'time_in_force': 'fill_or_kill'}
2026-03-29 12:07:55,191 | INFO | Placing order with data: {'ticker': 'KXIPLGAME-26MAR29KKRMI-KKR', 'action': 'buy', 'side': 'no', 'count': 180, 'client_order_id': '52acd0ec-9383-4e78-bd00-567d8344318b', 'no_price': 32, 'type': 'limit', 'time_in_force': 'fill_or_kill'}
2026-03-29 12:07:55,191 | INFO | Placing order with data: {'ticker': 'KXIPLGAME-26MAR29KKRMI-MI', 'action': 'buy', 'side': 'no', 'count': 180, 'client_order_id': 'edbdbec0-4a6e-48a9-ae75-4f03425be7c3', 'no_price': 64, 'type': 'limit', 'time_in_force': 'fill_or_kill'}
2026-03-29 12:44:07,053 | INFO | Placing order with data: {'ticker': 'KXIPLGAME-26MAR29KKRMI-MI', 'action': 'buy', 'side': 'yes', 'count': -300, 'client_order_id': 'adeb502e-924f-487a-a4aa-1f3c9251b7b0', 'yes_price': 89, 'type': 'limit', 'time_in_force': 'fill_or_kill'}
2026-03-29 12:44:07,053 | INFO | Placing order with data: {'ticker': 'KXIPLGAME-26MAR29KKRMI-KKR', 'action': 'buy', 'side': 'yes', 'count': -300, 'client_order_id': '926e11dd-2b61-474d-aae3-e6baa832f8ae', 'yes_price': 12, 'type': 'limit', 'time_in_force': 'fill_or_kill'}
2026-03-29 12:44:07,053 | INFO | Placing order with data: {'ticker': 'KXIPLGAME-26MAR29KKRMI-KKR', 'action': 'buy', 'side': 'yes', 'count': -300, 'client_order_id': 'e40ec023-56e2-40c5-97e0-8b8216a70a83', 'yes_price': 12, 'type': 'limit', 'time_in_force': 'fill_or_kill'}
2026-03-29 12:44:07,053 | INFO | Placing order with data: {'ticker': 'KXIPLGAME-26MAR29KKRMI-MI', 'action': 'buy', 'side': 'yes', 'count': -300, 'client_order_id': '2b3b504f-a6d2-47a0-bf0a-017729b1b085', 'yes_price': 89, 'type': 'limit', 'time_in_force': 'fill_or_kill'}
2026-03-29 12:44:08,075 | INFO | Placing order with data: {'ticker': 'KXIPLGAME-26MAR29KKRMI-MI', 'action': 'buy', 'side': 'yes', 'count': -300, 'client_order_id': '96b4a339-c276-4a0c-8f01-8b78ed810f8b', 'yes_price': 89, 'type': 'limit', 'time_in_force': 'fill_or_kill'}
2026-03-29 12:44:08,075 | INFO | Placing order with data: {'ticker': 'KXIPLGAME-26MAR29KKRMI-KKR', 'action': 'buy', 'side': 'yes', 'count': -300, 'client_order_id': 'b305029f-9432-4dc3-a442-30d0846a7f4e', 'yes_price': 12, 'type': 'limit', 'time_in_force': 'fill_or_kill'}
2026-03-29 12:44:08,092 | INFO | Placing order with data: {'ticker': 'KXIPLGAME-26MAR29KKRMI-KKR', 'action': 'buy', 'side': 'yes', 'count': -300, 'client_order_id': '03a9f21f-007d-4c82-965e-b78a6f11cb7a', 'yes_price': 12, 'type': 'limit', 'time_in_force': 'fill_or_kill'}
2026-03-29 12:44:08,092 | INFO | Placing order with data: {'ticker': 'KXIPLGAME-26MAR29KKRMI-MI', 'action': 'buy', 'side': 'yes', 'count': -300, 'client_order_id': '16069ce1-7189-4dc4-9679-9206f151e545', 'yes_price': 89, 'type': 'limit', 'time_in_force': 'fill_or_kill'}
2026-03-29 12:44:09,094 | INFO | Placing order with data: {'ticker': 'KXIPLGAME-26MAR29KKRMI-MI', 'action': 'buy', 'side': 'yes', 'count': -300, 'client_order_id': '243a71fd-faa0-4c13-ac2f-6ec7e43e3e45', 'yes_price': 89, 'type': 'limit', 'time_in_force': 'fill_or_kill'}
2026-03-29 12:44:09,094 | INFO | Placing order with data: {'ticker': 'KXIPLGAME-26MAR29KKRMI-KKR', 'action': 'buy', 'side': 'yes', 'count': -300, 'client_order_id': '35e62aca-30c6-4b70-9fa8-3d312f070250', 'yes_price': 12, 'type': 'limit', 'time_in_force': 'fill_or_kill'}
2026-03-29 12:44:09,094 | INFO | Placing order with data: {'ticker': 'KXIPLGAME-26MAR29KKRMI-KKR', 'action': 'buy', 'side': 'yes', 'count': -300, 'client_order_id': 'd13e7e2f-27df-4af7-97d7-b15a4b57a214', 'yes_price': 12, 'type': 'limit', 'time_in_force': 'fill_or_kill'}
2026-03-29 12:44:09,094 | INFO | Placing order with data: {'ticker': 'KXIPLGAME-26MAR29KKRMI-MI', 'action': 'buy', 'side': 'yes', 'count': -300, 'client_order_id': 'd396ea6a-9f13-4ee6-8ac6-0fdd9e5214bf', 'yes_price': 89, 'type': 'limit', 'time_in_force': 'fill_or_kill'}
2026-03-29 12:44:10,152 | INFO | Placing order with data: {'ticker': 'KXIPLGAME-26MAR29KKRMI-MI', 'action': 'buy', 'side': 'yes', 'count': -300, 'client_order_id': 'dbfc6c52-408a-490d-957d-36835bbf66ac', 'yes_price': 89, 'type': 'limit', 'time_in_force': 'fill_or_kill'}
2026-03-29 12:44:10,152 | INFO | Placing order with data: {'ticker': 'KXIPLGAME-26MAR29KKRMI-KKR', 'action': 'buy', 'side': 'yes', 'count': -300, 'client_order_id': 'ec9cd375-ac73-485f-a0ca-2901d04c3595', 'yes_price': 12, 'type': 'limit', 'time_in_force': 'fill_or_kill'}
2026-03-29 12:44:10,152 | INFO | Placing order with data: {'ticker': 'KXIPLGAME-26MAR29KKRMI-KKR', 'action': 'buy', 'side': 'yes', 'count': -300, 'client_order_id': '3bbfd4d1-f82f-4f36-b7c8-ac86a5588c43', 'yes_price': 12, 'type': 'limit', 'time_in_force': 'fill_or_kill'}
2026-03-29 12:44:10,152 | INFO | Placing order with data: {'ticker': 'KXIPLGAME-26MAR29KKRMI-MI', 'action': 'buy', 'side': 'yes', 'count': -300, 'client_order_id': 'a6f72a45-715b-498f-adfe-f1809c915107', 'yes_price': 89, 'type': 'limit', 'time_in_force': 'fill_or_kill'}
2026-03-29 12:44:11,179 | INFO | Placing order with data: {'ticker': 'KXIPLGAME-26MAR29KKRMI-MI', 'action': 'buy', 'side': 'yes', 'count': -300, 'client_order_id': 'fa6166a5-dd2b-431d-a48d-44c741555b85', 'yes_price': 89, 'type': 'limit', 'time_in_force': 'fill_or_kill'}
2026-03-29 12:44:11,179 | INFO | Placing order with data: {'ticker': 'KXIPLGAME-26MAR29KKRMI-KKR', 'action': 'buy', 'side': 'yes', 'count': -300, 'client_order_id': '608e6b0d-80a9-492e-b222-c6d8c4c5bbac', 'yes_price': 12, 'type': 'limit', 'time_in_force': 'fill_or_kill'}
2026-03-29 12:44:11,179 | INFO | Placing order with data: {'ticker': 'KXIPLGAME-26MAR29KKRMI-KKR', 'action': 'buy', 'side': 'yes', 'count': -300, 'client_order_id': '0a933f4e-d497-45d3-8682-f028fab07b11', 'yes_price': 12, 'type': 'limit', 'time_in_force': 'fill_or_kill'}
2026-03-29 12:44:11,179 | INFO | Placing order with data: {'ticker': 'KXIPLGAME-26MAR29KKRMI-MI', 'action': 'buy', 'side': 'yes', 'count': -300, 'client_order_id': '258c97a4-68b0-4357-a09a-d9fe930b02e8', 'yes_price': 89, 'type': 'limit', 'time_in_force': 'fill_or_kill'}
2026-03-29 12:44:12,217 | INFO | Placing order with data: {'ticker': 'KXIPLGAME-26MAR29KKRMI-MI', 'action': 'buy', 'side': 'yes', 'count': -300, 'client_order_id': '365262f0-9e5f-4b16-878c-7a221b2a77fe', 'yes_price': 89, 'type': 'limit', 'time_in_force': 'fill_or_kill'}
2026-03-29 12:44:12,217 | INFO | Placing order with data: {'ticker': 'KXIPLGAME-26MAR29KKRMI-KKR', 'action': 'buy', 'side': 'yes', 'count': -300, 'client_order_id': '1f14ab2d-fac9-49bd-b59d-397b84032bd2', 'yes_price': 12, 'type': 'limit', 'time_in_force': 'fill_or_kill'}
2026-03-29 12:44:12,218 | INFO | Placing order with data: {'ticker': 'KXIPLGAME-26MAR29KKRMI-KKR', 'action': 'buy', 'side': 'yes', 'count': -300, 'client_order_id': 'ae58e8a1-5929-41f6-aff8-9dd4508f148c', 'yes_price': 12, 'type': 'limit', 'time_in_force': 'fill_or_kill'}
2026-03-29 12:44:12,218 | INFO | Placing order with data: {'ticker': 'KXIPLGAME-26MAR29KKRMI-MI', 'action': 'buy', 'side': 'yes', 'count': -300, 'client_order_id': '34c71755-3048-4c31-8046-c31f0327cb0b', 'yes_price': 89, 'type': 'limit', 'time_in_force': 'fill_or_kill'}
2026-03-29 12:52:53,278 | INFO | Placing order with data: {'ticker': 'KXIPLGAME-26MAR29KKRMI-MI', 'action': 'buy', 'side': 'yes', 'count': 1800, 'client_order_id': '37c8cf91-e5bb-452a-b003-313296425266', 'yes_price': 90, 'type': 'limit', 'time_in_force': 'fill_or_kill'}
2026-03-29 12:52:53,278 | INFO | Placing order with data: {'ticker': 'KXIPLGAME-26MAR29KKRMI-KKR', 'action': 'buy', 'side': 'yes', 'count': 1800, 'client_order_id': 'bcb01ffc-b493-4bdc-a617-36888d7d0de9', 'yes_price': 8, 'type': 'limit', 'time_in_force': 'fill_or_kill'}
2026-03-29 12:52:53,278 | INFO | Placing order with data: {'ticker': 'KXIPLGAME-26MAR29KKRMI-KKR', 'action': 'buy', 'side': 'yes', 'count': 1800, 'client_order_id': '983206a6-30a9-4f40-98ea-77ade4db1d61', 'yes_price': 8, 'type': 'limit', 'time_in_force': 'fill_or_kill'}
2026-03-29 12:52:53,278 | INFO | Placing order with data: {'ticker': 'KXIPLGAME-26MAR29KKRMI-MI', 'action': 'buy', 'side': 'yes', 'count': 1800, 'client_order_id': '97237d10-9a50-450c-a9c3-71066f725fb0', 'yes_price': 90, 'type': 'limit', 'time_in_force': 'fill_or_kill'}
2026-03-29 12:52:54,332 | INFO | Placing order with data: {'ticker': 'KXIPLGAME-26MAR29KKRMI-MI', 'action': 'buy', 'side': 'yes', 'count': 1800, 'client_order_id': '8f228b08-55dd-41eb-8771-73bc7371dbc3', 'yes_price': 90, 'type': 'limit', 'time_in_force': 'fill_or_kill'}
2026-03-29 12:52:54,333 | INFO | Placing order with data: {'ticker': 'KXIPLGAME-26MAR29KKRMI-KKR', 'action': 'buy', 'side': 'yes', 'count': 1800, 'client_order_id': 'c4a9b33e-db22-4e57-bb68-2f430b792ba6', 'yes_price': 8, 'type': 'limit', 'time_in_force': 'fill_or_kill'}
2026-03-29 12:52:54,333 | INFO | Placing order with data: {'ticker': 'KXIPLGAME-26MAR29KKRMI-KKR', 'action': 'buy', 'side': 'yes', 'count': 1800, 'client_order_id': '37bb404f-a2be-4057-8e18-9278aec51e13', 'yes_price': 8, 'type': 'limit', 'time_in_force': 'fill_or_kill'}
2026-03-29 12:52:54,333 | INFO | Placing order with data: {'ticker': 'KXIPLGAME-26MAR29KKRMI-MI', 'action': 'buy', 'side': 'yes', 'count': 1800, 'client_order_id': 'b47f1ef2-e8be-4f11-9411-9b5d10fb9150', 'yes_price': 90, 'type': 'limit', 'time_in_force': 'fill_or_kill'}
2026-03-29 12:52:55,390 | INFO | Placing order with data: {'ticker': 'KXIPLGAME-26MAR29KKRMI-MI', 'action': 'buy', 'side': 'yes', 'count': 1580, 'client_order_id': 'ea5043db-3fd8-475b-ad8a-ce8588317ff3', 'yes_price': 90, 'type': 'limit', 'time_in_force': 'fill_or_kill'}
2026-03-29 12:52:55,390 | INFO | Placing order with data: {'ticker': 'KXIPLGAME-26MAR29KKRMI-KKR', 'action': 'buy', 'side': 'yes', 'count': 1580, 'client_order_id': '3c37d2a5-0677-4179-8840-4c145848d539', 'yes_price': 8, 'type': 'limit', 'time_in_force': 'fill_or_kill'}
2026-03-29 12:52:55,391 | INFO | Placing order with data: {'ticker': 'KXIPLGAME-26MAR29KKRMI-MI', 'action': 'buy', 'side': 'no', 'count': -18, 'client_order_id': 'b0cd9e64-efe8-4002-a771-7910bb214295', 'no_price': 8, 'type': 'limit', 'time_in_force': 'fill_or_kill'}
2026-03-29 12:52:55,391 | INFO | Placing order with data: {'ticker': 'KXIPLGAME-26MAR29KKRMI-KKR', 'action': 'buy', 'side': 'no', 'count': -18, 'client_order_id': 'ca215c74-d607-482f-9ed5-dc2c29119764', 'no_price': 93, 'type': 'limit', 'time_in_force': 'fill_or_kill'}
2026-03-29 14:22:35,336 | INFO | Placing order with data: {'ticker': 'KXNCAAMBFIRST10-26MAR29TENNMICH-MICH', 'action': 'buy', 'side': 'no', 'count': 8, 'client_order_id': '1068d76f-b216-401c-b0b4-4cc953ba3b12', 'no_price': 55, 'type': 'limit', 'time_in_force': 'fill_or_kill'}
2026-03-29 14:22:35,336 | INFO | Placing order with data: {'ticker': 'KXNCAAMBFIRST10-26MAR29TENNMICH-TENN', 'action': 'buy', 'side': 'no', 'count': 8, 'client_order_id': '96524b35-8ed1-4ce9-b73f-bff5db59b59c', 'no_price': 40, 'type': 'limit', 'time_in_force': 'fill_or_kill'}
2026-03-29 14:22:35,336 | INFO | Placing order with data: {'ticker': 'KXNCAAMBFIRST10-26MAR29TENNMICH-TENN', 'action': 'buy', 'side': 'no', 'count': 8, 'client_order_id': 'ccb0fffb-c38a-42cc-8c2a-52c1648e7fb8', 'no_price': 40, 'type': 'limit', 'time_in_force': 'fill_or_kill'}
2026-03-29 14:22:35,336 | INFO | Placing order with data: {'ticker': 'KXNCAAMBFIRST10-26MAR29TENNMICH-MICH', 'action': 'buy', 'side': 'no', 'count': 8, 'client_order_id': 'c89ec15b-0792-45e6-b400-647ff133b792', 'no_price': 55, 'type': 'limit', 'time_in_force': 'fill_or_kill'}
2026-03-29 14:57:10,961 | INFO | Placing order with data: {'ticker': 'KXMLBGAME-26MAR291410LAAHOU-LAA', 'action': 'buy', 'side': 'no', 'count': 97, 'client_order_id': '82e0dfc1-2778-41f2-b27b-70d3c9b1f2a0', 'no_price': 92, 'type': 'limit', 'time_in_force': 'fill_or_kill'}
2026-03-29 14:57:10,961 | INFO | Placing order with data: {'ticker': 'KXMLBGAME-26MAR291410LAAHOU-HOU', 'action': 'buy', 'side': 'no', 'count': 97, 'client_order_id': '87979415-b151-4e5f-9833-a9260a402003', 'no_price': 7, 'type': 'limit', 'time_in_force': 'fill_or_kill'}
2026-03-29 14:57:10,961 | INFO | Placing order with data: {'ticker': 'KXMLBGAME-26MAR291410LAAHOU-HOU', 'action': 'buy', 'side': 'no', 'count': 97, 'client_order_id': 'ad865cea-7246-4387-8b6a-3ae415c3a31e', 'no_price': 7, 'type': 'limit', 'time_in_force': 'fill_or_kill'}
2026-03-29 14:57:10,961 | INFO | Placing order with data: {'ticker': 'KXMLBGAME-26MAR291410LAAHOU-LAA', 'action': 'buy', 'side': 'no', 'count': 97, 'client_order_id': 'a3b32e8e-0b92-425c-9fa5-e65007ed37e9', 'no_price': 92, 'type': 'limit', 'time_in_force': 'fill_or_kill'}
2026-03-29 14:57:11,996 | INFO | Placing order with data: {'ticker': 'KXMLBGAME-26MAR291410LAAHOU-LAA', 'action': 'buy', 'side': 'no', 'count': 97, 'client_order_id': '65737c61-5045-4acc-ade8-b9e066023d30', 'no_price': 92, 'type': 'limit', 'time_in_force': 'fill_or_kill'}
2026-03-29 14:57:11,996 | INFO | Placing order with data: {'ticker': 'KXMLBGAME-26MAR291410LAAHOU-HOU', 'action': 'buy', 'side': 'no', 'count': 97, 'client_order_id': 'e7d2bbf2-721f-4c12-96f3-2899a70b6826', 'no_price': 7, 'type': 'limit', 'time_in_force': 'fill_or_kill'}
2026-03-29 14:57:11,996 | INFO | Placing order with data: {'ticker': 'KXMLBGAME-26MAR291410LAAHOU-HOU', 'action': 'buy', 'side': 'no', 'count': 97, 'client_order_id': '627df69e-4bf4-4743-af49-c536433cd7c1', 'no_price': 7, 'type': 'limit', 'time_in_force': 'fill_or_kill'}
2026-03-29 14:57:11,996 | INFO | Placing order with data: {'ticker': 'KXMLBGAME-26MAR291410LAAHOU-LAA', 'action': 'buy', 'side': 'no', 'count': 97, 'client_order_id': '28a9ab75-6de9-4de4-8830-bc9b9429647c', 'no_price': 92, 'type': 'limit', 'time_in_force': 'fill_or_kill'}
2026-03-29 14:57:12,999 | INFO | Placing order with data: {'ticker': 'KXMLBGAME-26MAR291410LAAHOU-LAA', 'action': 'buy', 'side': 'no', 'count': 97, 'client_order_id': 'c904af91-d753-4507-9357-74e200d525ee', 'no_price': 92, 'type': 'limit', 'time_in_force': 'fill_or_kill'}
2026-03-29 14:57:12,999 | INFO | Placing order with data: {'ticker': 'KXMLBGAME-26MAR291410LAAHOU-HOU', 'action': 'buy', 'side': 'no', 'count': 97, 'client_order_id': '5a701d8e-b18d-4064-bc86-99a72ea12ce9', 'no_price': 7, 'type': 'limit', 'time_in_force': 'fill_or_kill'}
2026-03-29 14:57:12,999 | INFO | Placing order with data: {'ticker': 'KXMLBGAME-26MAR291410LAAHOU-HOU', 'action': 'buy', 'side': 'no', 'count': 97, 'client_order_id': 'adf33536-0401-414e-b3a4-1e035005c65b', 'no_price': 7, 'type': 'limit', 'time_in_force': 'fill_or_kill'}
2026-03-29 14:57:12,999 | INFO | Placing order with data: {'ticker': 'KXMLBGAME-26MAR291410LAAHOU-LAA', 'action': 'buy', 'side': 'no', 'count': 97, 'client_order_id': 'd2bb03e9-54e0-47bc-bcb5-7ae8e2ba9cae', 'no_price': 92, 'type': 'limit', 'time_in_force': 'fill_or_kill'}
