2026-03-01 17:18:07,800 | INFO | Placing order with data: {'ticker': 'KXNBAGAME-26MAR01MINDEN-MIN', 'action': 'buy', 'side': 'no', 'count': 127.0, 'client_order_id': 'cbeae309-4f47-4a13-804e-9c44dcb5bfa3', 'no_price': 24, 'type': 'limit', 'time_in_force': 'fill_or_kill'}
2026-03-01 17:18:08,816 | INFO | Placing order with data: {'ticker': 'KXNBAGAME-26MAR01MINDEN-MIN', 'action': 'buy', 'side': 'no', 'count': 1.0, 'client_order_id': 'c21e5ddf-7128-48c8-8b6b-935c42c6ccc8', 'no_price': 24, 'type': 'limit', 'time_in_force': 'fill_or_kill'}
2026-03-01 17:18:48,799 | INFO | Placing order with data: {'ticker': 'KXNBAGAME-26MAR01MINDEN-MIN', 'action': 'buy', 'side': 'no', 'count': Decimal('10.000'), 'client_order_id': '248ff33d-aebb-43b5-aaff-96ab520fec69', 'no_price': 21, 'type': 'limit', 'time_in_force': 'fill_or_kill'}
2026-03-01 17:19:20,849 | INFO | Placing order with data: {'ticker': 'KXNBAGAME-26MAR01MINDEN-MIN', 'action': 'buy', 'side': 'no', 'count': 58.0, 'client_order_id': '599a6372-822e-4b4f-8b2c-b7b8f400471e', 'no_price': 21, 'type': 'limit', 'time_in_force': 'fill_or_kill'}
2026-03-01 17:19:21,847 | INFO | Placing order with data: {'ticker': 'KXNBAGAME-26MAR01MINDEN-MIN', 'action': 'buy', 'side': 'no', 'count': Decimal('59.000'), 'client_order_id': 'eca6fa96-285e-448d-a83e-ca626f3184ed', 'no_price': 21, 'type': 'limit', 'time_in_force': 'fill_or_kill'}
2026-03-01 17:21:28,930 | INFO | Placing order with data: {'ticker': 'KXNBAGAME-26MAR01MINDEN-MIN', 'action': 'buy', 'side': 'no', 'count': Decimal('259.000'), 'client_order_id': '3efcf4f0-6406-47ac-a3bd-d5b1b5034007', 'no_price': 24, 'type': 'limit', 'time_in_force': 'fill_or_kill'}
2026-03-01 17:21:29,934 | INFO | Placing order with data: {'ticker': 'KXNBAGAME-26MAR01MINDEN-MIN', 'action': 'buy', 'side': 'no', 'count': Decimal('259.000'), 'client_order_id': '133bd2de-d1c9-4829-88bf-3d38ea7ebeef', 'no_price': 24, 'type': 'limit', 'time_in_force': 'fill_or_kill'}
2026-03-01 17:21:30,933 | INFO | Placing order with data: {'ticker': 'KXNBAGAME-26MAR01MINDEN-MIN', 'action': 'buy', 'side': 'no', 'count': 222.0, 'client_order_id': '855d2c0d-0a32-4674-aadb-c296a83de17d', 'no_price': 24, 'type': 'limit', 'time_in_force': 'fill_or_kill'}
2026-03-01 17:21:31,925 | INFO | Placing order with data: {'ticker': 'KXNBAGAME-26MAR01MINDEN-MIN', 'action': 'buy', 'side': 'no', 'count': 222.0, 'client_order_id': '6bf0293f-4192-44d7-a240-4a100e4ca0fa', 'no_price': 24, 'type': 'limit', 'time_in_force': 'fill_or_kill'}
2026-03-01 17:21:32,927 | INFO | Placing order with data: {'ticker': 'KXNBAGAME-26MAR01MINDEN-MIN', 'action': 'buy', 'side': 'no', 'count': 222.0, 'client_order_id': '4c826bd7-66be-41ff-9a1e-721dab587448', 'no_price': 24, 'type': 'limit', 'time_in_force': 'fill_or_kill'}
2026-03-01 17:21:33,949 | INFO | Placing order with data: {'ticker': 'KXNBAGAME-26MAR01MINDEN-MIN', 'action': 'buy', 'side': 'no', 'count': 222.0, 'client_order_id': 'f4778e07-a2b5-4c70-a8df-d86ce979124a', 'no_price': 24, 'type': 'limit', 'time_in_force': 'fill_or_kill'}
2026-03-01 17:21:34,957 | INFO | Placing order with data: {'ticker': 'KXNBAGAME-26MAR01MINDEN-MIN', 'action': 'buy', 'side': 'no', 'count': Decimal('259.000'), 'client_order_id': '62918240-37f9-4a51-a58c-83c45c5262ff', 'no_price': 24, 'type': 'limit', 'time_in_force': 'fill_or_kill'}
2026-03-01 17:21:35,962 | INFO | Placing order with data: {'ticker': 'KXNBAGAME-26MAR01MINDEN-MIN', 'action': 'buy', 'side': 'no', 'count': Decimal('2000.000'), 'client_order_id': '3aa06e6b-b9b2-4c22-b1eb-60a6feff1d50', 'no_price': 24, 'type': 'limit', 'time_in_force': 'fill_or_kill'}
2026-03-01 17:21:36,955 | INFO | Placing order with data: {'ticker': 'KXNBAGAME-26MAR01MINDEN-MIN', 'action': 'buy', 'side': 'no', 'count': Decimal('2000.000'), 'client_order_id': 'a23a55b4-e794-415f-a872-eea3cfccdf4d', 'no_price': 24, 'type': 'limit', 'time_in_force': 'fill_or_kill'}
2026-03-01 17:21:37,962 | INFO | Placing order with data: {'ticker': 'KXNBAGAME-26MAR01MINDEN-MIN', 'action': 'buy', 'side': 'no', 'count': Decimal('2000.000'), 'client_order_id': '35cda0ff-82a8-4e7a-82a7-7214d4c4d727', 'no_price': 24, 'type': 'limit', 'time_in_force': 'fill_or_kill'}
2026-03-01 17:21:38,964 | INFO | Placing order with data: {'ticker': 'KXNBAGAME-26MAR01MINDEN-MIN', 'action': 'buy', 'side': 'no', 'count': Decimal('2000.000'), 'client_order_id': '7d4b3fae-15ac-49c0-bfd1-8c1aa7eca08a', 'no_price': 24, 'type': 'limit', 'time_in_force': 'fill_or_kill'}
2026-03-01 17:21:39,952 | INFO | Placing order with data: {'ticker': 'KXNBAGAME-26MAR01MINDEN-MIN', 'action': 'buy', 'side': 'no', 'count': Decimal('2000.000'), 'client_order_id': '3a5f477b-5fa8-4025-8715-99201c3f81da', 'no_price': 24, 'type': 'limit', 'time_in_force': 'fill_or_kill'}
2026-03-01 17:21:56,985 | INFO | Placing order with data: {'ticker': 'KXNBAGAME-26MAR01MILCHI-MIL', 'action': 'buy', 'side': 'no', 'count': Decimal('196.000'), 'client_order_id': '1031484e-decb-4c44-a985-f95aa00a2113', 'no_price': 54, 'type': 'limit', 'time_in_force': 'fill_or_kill'}
2026-03-01 17:21:57,974 | INFO | Placing order with data: {'ticker': 'KXNBAGAME-26MAR01MILCHI-MIL', 'action': 'buy', 'side': 'no', 'count': Decimal('196.000'), 'client_order_id': '1b922f04-62c0-4a62-bf25-2cef3f5b4e86', 'no_price': 54, 'type': 'limit', 'time_in_force': 'fill_or_kill'}
2026-03-01 17:21:58,994 | INFO | Placing order with data: {'ticker': 'KXNBAGAME-26MAR01MILCHI-MIL', 'action': 'buy', 'side': 'no', 'count': 107.0, 'client_order_id': 'f1ae2e01-28bd-4445-aeea-992da9c472ef', 'no_price': 54, 'type': 'limit', 'time_in_force': 'fill_or_kill'}
2026-03-01 17:22:00,007 | INFO | Placing order with data: {'ticker': 'KXNBAGAME-26MAR01MILCHI-MIL', 'action': 'buy', 'side': 'no', 'count': 107.0, 'client_order_id': 'e0580df9-53a7-49da-9ef0-aa885e324526', 'no_price': 54, 'type': 'limit', 'time_in_force': 'fill_or_kill'}
2026-03-01 17:27:22,849 | INFO | Placing order with data: {'ticker': 'KXNBAGAME-26MAR01MEMIND-MEM', 'action': 'buy', 'side': 'yes', 'count': 4206, 'client_order_id': 'ee8aaa58-809a-4225-97f6-3b564df27b24', 'yes_price': 48, 'type': 'limit', 'time_in_force': 'fill_or_kill'}
2026-03-01 17:27:22,851 | INFO | Placing order with data: {'ticker': 'KXNBAGAME-26MAR01MEMIND-IND', 'action': 'buy', 'side': 'yes', 'count': 150, 'client_order_id': 'e94c16c5-ff65-4bfd-9a31-b07a1e5fb16d', 'yes_price': 50, 'type': 'limit', 'time_in_force': 'fill_or_kill'}
2026-03-01 17:27:23,867 | INFO | Placing order with data: {'ticker': 'KXNBAGAME-26MAR01MEMIND-MEM', 'action': 'buy', 'side': 'yes', 'count': 2103, 'client_order_id': 'de71983d-bab8-4486-90e1-fd7df6a80337', 'yes_price': 48, 'type': 'limit', 'time_in_force': 'fill_or_kill'}
2026-03-01 17:27:23,867 | INFO | Placing order with data: {'ticker': 'KXNBAGAME-26MAR01MEMIND-IND', 'action': 'buy', 'side': 'yes', 'count': 150, 'client_order_id': 'a5be2320-d7a1-47a1-8a86-76d11f2f3f8e', 'yes_price': 50, 'type': 'limit', 'time_in_force': 'fill_or_kill'}
2026-03-01 17:27:24,844 | INFO | Placing order with data: {'ticker': 'KXNBAGAME-26MAR01MEMIND-MEM', 'action': 'buy', 'side': 'yes', 'count': 4206, 'client_order_id': 'a2247076-075d-4100-ba49-8031afcdc63c', 'yes_price': 48, 'type': 'limit', 'time_in_force': 'fill_or_kill'}
2026-03-01 17:27:24,844 | INFO | Placing order with data: {'ticker': 'KXNBAGAME-26MAR01MEMIND-IND', 'action': 'buy', 'side': 'yes', 'count': 150, 'client_order_id': 'ba5f5faf-1766-412f-b1d8-b2a90952c050', 'yes_price': 50, 'type': 'limit', 'time_in_force': 'fill_or_kill'}
2026-03-01 17:27:33,843 | INFO | Placing order with data: {'ticker': 'KXNBAGAME-26MAR01MINDEN-MIN', 'action': 'buy', 'side': 'no', 'count': Decimal('10.000'), 'client_order_id': '6e569795-bf1c-4a7b-b7b2-4a90d6ae26d9', 'no_price': 18, 'type': 'limit', 'time_in_force': 'fill_or_kill'}
2026-03-01 17:29:05,055 | INFO | Placing order with data: {'ticker': 'KXNBAGAME-26MAR01CLEBKN-BKN', 'action': 'buy', 'side': 'no', 'count': Decimal('500.000'), 'client_order_id': '91d8ee59-5179-4312-914d-517b63210dfb', 'no_price': 73, 'type': 'limit', 'time_in_force': 'fill_or_kill'}
2026-03-01 17:29:18,061 | INFO | Placing order with data: {'ticker': 'KXNBAGAME-26MAR01CLEBKN-CLE', 'action': 'buy', 'side': 'no', 'count': Decimal('175.000'), 'client_order_id': '4c9bf34c-ffb4-47d9-bc40-c50d892af1d2', 'no_price': 24, 'type': 'limit', 'time_in_force': 'fill_or_kill'}
2026-03-01 17:29:19,074 | INFO | Placing order with data: {'ticker': 'KXNBAGAME-26MAR01CLEBKN-CLE', 'action': 'buy', 'side': 'no', 'count': Decimal('175.000'), 'client_order_id': '55e45830-d28f-417f-9dff-c9dabb2124a1', 'no_price': 24, 'type': 'limit', 'time_in_force': 'fill_or_kill'}
2026-03-01 17:29:33,054 | INFO | Placing order with data: {'ticker': 'KXNBAGAME-26MAR01CLEBKN-CLE', 'action': 'buy', 'side': 'no', 'count': 5.0, 'client_order_id': '479da596-e887-4dc9-a83c-3edd9548cd0f', 'no_price': 23, 'type': 'limit', 'time_in_force': 'fill_or_kill'}
2026-03-01 17:29:34,064 | INFO | Placing order with data: {'ticker': 'KXNBAGAME-26MAR01CLEBKN-CLE', 'action': 'buy', 'side': 'no', 'count': 5.0, 'client_order_id': '80c693f9-71f6-4a03-980d-1fa5b8e8521c', 'no_price': 23, 'type': 'limit', 'time_in_force': 'fill_or_kill'}
2026-03-01 17:29:35,045 | INFO | Placing order with data: {'ticker': 'KXNBAGAME-26MAR01CLEBKN-CLE', 'action': 'buy', 'side': 'no', 'count': 5.0, 'client_order_id': 'f3720a9c-06c9-47e5-a82d-2d89d46d02b9', 'no_price': 23, 'type': 'limit', 'time_in_force': 'fill_or_kill'}
2026-03-01 17:29:36,057 | INFO | Placing order with data: {'ticker': 'KXNBAGAME-26MAR01CLEBKN-CLE', 'action': 'buy', 'side': 'no', 'count': 5.0, 'client_order_id': 'db083181-81e1-458e-8e59-54a4f3bb0f51', 'no_price': 23, 'type': 'limit', 'time_in_force': 'fill_or_kill'}
2026-03-01 17:29:37,065 | INFO | Placing order with data: {'ticker': 'KXNBAGAME-26MAR01CLEBKN-CLE', 'action': 'buy', 'side': 'no', 'count': 5.0, 'client_order_id': '9b2a96d7-c9ba-4d8e-9f8a-38b17fdc2f6d', 'no_price': 23, 'type': 'limit', 'time_in_force': 'fill_or_kill'}
2026-03-01 17:29:38,087 | INFO | Placing order with data: {'ticker': 'KXNBAGAME-26MAR01CLEBKN-CLE', 'action': 'buy', 'side': 'no', 'count': 5.0, 'client_order_id': '85a3be6f-371b-4d88-adf3-e77bde3abe87', 'no_price': 23, 'type': 'limit', 'time_in_force': 'fill_or_kill'}
2026-03-01 17:29:39,085 | INFO | Placing order with data: {'ticker': 'KXNBAGAME-26MAR01CLEBKN-CLE', 'action': 'buy', 'side': 'no', 'count': 4.0, 'client_order_id': 'b7ae60a8-8464-4709-88ea-5e580d2ccb32', 'no_price': 23, 'type': 'limit', 'time_in_force': 'fill_or_kill'}
2026-03-01 17:29:53,137 | INFO | Placing order with data: {'ticker': 'KXNBAGAME-26MAR01MINDEN-DEN', 'action': 'buy', 'side': 'no', 'count': Decimal('10.000'), 'client_order_id': '94965d8c-9ba1-47d3-9b5c-ce3f6c10a193', 'no_price': 72, 'type': 'limit', 'time_in_force': 'fill_or_kill'}
2026-03-01 17:31:28,350 | INFO | Placing order with data: {'ticker': 'KXNBAGAME-26MAR01MINDEN-MIN', 'action': 'buy', 'side': 'no', 'count': Decimal('10.000'), 'client_order_id': 'ff030c70-2eb8-4514-bfa9-f6424ea202a1', 'no_price': 36, 'type': 'limit', 'time_in_force': 'fill_or_kill'}
2026-03-01 17:36:26,020 | INFO | Placing order with data: {'ticker': 'KXNBAGAME-26MAR01CLEBKN-BKN', 'action': 'buy', 'side': 'no', 'count': Decimal('44.000'), 'client_order_id': '6a5d6fdf-d222-44dd-b628-0c1c6846f23f', 'no_price': 68, 'type': 'limit', 'time_in_force': 'fill_or_kill'}
2026-03-01 17:36:50,538 | INFO | Placing order with data: {'ticker': 'KXNBAGAME-26MAR01MINDEN-MIN', 'action': 'buy', 'side': 'no', 'count': Decimal('10.000'), 'client_order_id': '13f3465c-5015-4167-bbf6-e2c3ed23248b', 'no_price': 21, 'type': 'limit', 'time_in_force': 'fill_or_kill'}
2026-03-01 17:40:56,346 | INFO | Placing order with data: {'ticker': 'KXNBAGAME-26MAR01MINDEN-DEN', 'action': 'buy', 'side': 'no', 'count': Decimal('454.000'), 'client_order_id': '62c0c02b-3c28-4e9b-9797-cfcae96bf7cc', 'no_price': 81, 'type': 'limit', 'time_in_force': 'fill_or_kill'}
2026-03-01 17:41:10,346 | INFO | Placing order with data: {'ticker': 'KXNBAGAME-26MAR01MEMIND-MEM', 'action': 'buy', 'side': 'yes', 'count': 13535, 'client_order_id': '4422bc8f-55d1-40c3-8800-d2240991b401', 'yes_price': 43, 'type': 'limit', 'time_in_force': 'fill_or_kill'}
2026-03-01 17:41:10,346 | INFO | Placing order with data: {'ticker': 'KXNBAGAME-26MAR01MEMIND-IND', 'action': 'buy', 'side': 'yes', 'count': 4184, 'client_order_id': '3fdb9472-92aa-40e0-b1b5-46633f7fba50', 'yes_price': 55, 'type': 'limit', 'time_in_force': 'fill_or_kill'}
2026-03-01 17:41:11,345 | INFO | Placing order with data: {'ticker': 'KXNBAGAME-26MAR01MEMIND-MEM', 'action': 'buy', 'side': 'yes', 'count': 13535, 'client_order_id': 'dbd75b60-b753-4cff-8bd9-0fad0182f0b0', 'yes_price': 43, 'type': 'limit', 'time_in_force': 'fill_or_kill'}
2026-03-01 17:41:11,345 | INFO | Placing order with data: {'ticker': 'KXNBAGAME-26MAR01MEMIND-IND', 'action': 'buy', 'side': 'yes', 'count': 4002, 'client_order_id': '94078a60-ea28-42b0-9b9b-290d36a327c2', 'yes_price': 55, 'type': 'limit', 'time_in_force': 'fill_or_kill'}
2026-03-01 17:41:12,347 | INFO | Placing order with data: {'ticker': 'KXNBAGAME-26MAR01MEMIND-MEM', 'action': 'buy', 'side': 'yes', 'count': 25811, 'client_order_id': '7629dbfe-a891-4ee1-baac-94621671b776', 'yes_price': 43, 'type': 'limit', 'time_in_force': 'fill_or_kill'}
2026-03-01 17:41:12,347 | INFO | Placing order with data: {'ticker': 'KXNBAGAME-26MAR01MEMIND-IND', 'action': 'buy', 'side': 'yes', 'count': 4002, 'client_order_id': 'f8084140-6fdb-41e3-9013-2da51b3e16b3', 'yes_price': 55, 'type': 'limit', 'time_in_force': 'fill_or_kill'}
2026-03-01 17:41:13,346 | INFO | Placing order with data: {'ticker': 'KXNBAGAME-26MAR01MEMIND-MEM', 'action': 'buy', 'side': 'yes', 'count': 23992, 'client_order_id': 'ccb8f76e-d4f4-47b3-957f-7adbfd48d1f6', 'yes_price': 43, 'type': 'limit', 'time_in_force': 'fill_or_kill'}
2026-03-01 17:41:13,346 | INFO | Placing order with data: {'ticker': 'KXNBAGAME-26MAR01MEMIND-IND', 'action': 'buy', 'side': 'yes', 'count': 4002, 'client_order_id': 'f5f23b91-b7f6-4abb-b991-c8c5bfc8f6d5', 'yes_price': 55, 'type': 'limit', 'time_in_force': 'fill_or_kill'}
2026-03-01 17:43:30,556 | INFO | Placing order with data: {'ticker': 'KXNBAGAME-26MAR01MINDEN-DEN', 'action': 'buy', 'side': 'no', 'count': Decimal('10.000'), 'client_order_id': '12808e33-bb27-461e-bf0d-16a71329e4db', 'no_price': 72, 'type': 'limit', 'time_in_force': 'fill_or_kill'}
2026-03-01 17:47:07,345 | INFO | Placing order with data: {'ticker': 'KXNBAGAME-26MAR01MEMIND-IND', 'action': 'buy', 'side': 'no', 'count': Decimal('1180.000'), 'client_order_id': '1b4d5849-f063-4bd5-89c8-10bc52b745ac', 'no_price': 46, 'type': 'limit', 'time_in_force': 'fill_or_kill'}
2026-03-01 17:47:08,348 | INFO | Placing order with data: {'ticker': 'KXNBAGAME-26MAR01MEMIND-IND', 'action': 'buy', 'side': 'no', 'count': Decimal('847.000'), 'client_order_id': 'd341564c-4ddf-4df5-b27d-0ead5753b673', 'no_price': 46, 'type': 'limit', 'time_in_force': 'fill_or_kill'}
2026-03-01 17:47:09,357 | INFO | Placing order with data: {'ticker': 'KXNBAGAME-26MAR01MEMIND-IND', 'action': 'buy', 'side': 'no', 'count': Decimal('847.000'), 'client_order_id': '11f29b4e-c77c-4555-87e7-dfded2275dc9', 'no_price': 46, 'type': 'limit', 'time_in_force': 'fill_or_kill'}
2026-03-01 17:47:10,345 | INFO | Placing order with data: {'ticker': 'KXNBAGAME-26MAR01MEMIND-MEM', 'action': 'buy', 'side': 'yes', 'count': 847, 'client_order_id': 'f51c3f85-becc-4652-ad6f-bc5387e47fc0', 'yes_price': 45, 'type': 'limit', 'time_in_force': 'fill_or_kill'}
2026-03-01 17:47:10,348 | INFO | Placing order with data: {'ticker': 'KXNBAGAME-26MAR01MEMIND-IND', 'action': 'buy', 'side': 'no', 'count': Decimal('847.000'), 'client_order_id': '6837943c-171a-48bf-8003-0960863b5954', 'no_price': 46, 'type': 'limit', 'time_in_force': 'fill_or_kill'}
2026-03-01 17:47:10,348 | INFO | Placing order with data: {'ticker': 'KXNBAGAME-26MAR01MEMIND-MEM', 'action': 'buy', 'side': 'yes', 'count': 10000, 'client_order_id': 'd49d8294-9f27-4df0-9bd2-a8aaf40be24a', 'yes_price': 45, 'type': 'limit', 'time_in_force': 'fill_or_kill'}
2026-03-01 17:49:07,892 | INFO | Placing order with data: {'ticker': 'KXNBAGAME-26MAR01MEMIND-MEM', 'action': 'buy', 'side': 'yes', 'count': 6, 'client_order_id': 'c328e597-9f53-4874-912f-279a9074a5fc', 'yes_price': 47, 'type': 'limit', 'time_in_force': 'fill_or_kill'}
2026-03-01 17:49:07,892 | INFO | Placing order with data: {'ticker': 'KXNBAGAME-26MAR01MEMIND-IND', 'action': 'buy', 'side': 'yes', 'count': 19274, 'client_order_id': '062c04e6-19d4-4d30-9729-b3c72e6a356c', 'yes_price': 51, 'type': 'limit', 'time_in_force': 'fill_or_kill'}
2026-03-01 17:53:29,431 | INFO | Placing order with data: {'ticker': 'KXNBAGAME-26MAR01MEMIND-IND', 'action': 'buy', 'side': 'no', 'count': Decimal('5.000'), 'client_order_id': 'f60dfe90-9f3a-4f7c-86df-75b4aa427b89', 'no_price': 48, 'type': 'limit', 'time_in_force': 'fill_or_kill'}
2026-03-01 17:53:30,430 | INFO | Placing order with data: {'ticker': 'KXNBAGAME-26MAR01MEMIND-IND', 'action': 'buy', 'side': 'no', 'count': Decimal('5.000'), 'client_order_id': '812fc60d-0253-4f9b-b8ef-54a282dcb61c', 'no_price': 48, 'type': 'limit', 'time_in_force': 'fill_or_kill'}
2026-03-01 17:53:31,441 | INFO | Placing order with data: {'ticker': 'KXNBAGAME-26MAR01MEMIND-IND', 'action': 'buy', 'side': 'no', 'count': Decimal('5.000'), 'client_order_id': 'cd2cb2cd-bcc5-41f1-890c-b221d0d99512', 'no_price': 48, 'type': 'limit', 'time_in_force': 'fill_or_kill'}
2026-03-01 17:53:32,432 | INFO | Placing order with data: {'ticker': 'KXNBAGAME-26MAR01MEMIND-IND', 'action': 'buy', 'side': 'no', 'count': Decimal('5.000'), 'client_order_id': '94bb5aa1-d7f2-4a8b-ac2e-fbfc7af1d3d5', 'no_price': 48, 'type': 'limit', 'time_in_force': 'fill_or_kill'}
2026-03-01 17:53:33,420 | INFO | Placing order with data: {'ticker': 'KXNBAGAME-26MAR01MEMIND-IND', 'action': 'buy', 'side': 'no', 'count': Decimal('5.000'), 'client_order_id': 'fab89b5f-904e-4488-8525-2dce35db012d', 'no_price': 48, 'type': 'limit', 'time_in_force': 'fill_or_kill'}
2026-03-01 17:53:49,506 | INFO | Placing order with data: {'ticker': 'KXNBAGAME-26MAR01MEMIND-IND', 'action': 'buy', 'side': 'no', 'count': Decimal('5.000'), 'client_order_id': 'd7bb8cbd-5b1c-4440-90fd-1ff525d3ffa0', 'no_price': 48, 'type': 'limit', 'time_in_force': 'fill_or_kill'}
2026-03-01 17:53:50,505 | INFO | Placing order with data: {'ticker': 'KXNBAGAME-26MAR01MEMIND-IND', 'action': 'buy', 'side': 'no', 'count': Decimal('5.000'), 'client_order_id': '7ea3d55c-4877-4c69-8de2-7bc4647d0d33', 'no_price': 48, 'type': 'limit', 'time_in_force': 'fill_or_kill'}
2026-03-01 17:53:51,500 | INFO | Placing order with data: {'ticker': 'KXNBAGAME-26MAR01MEMIND-IND', 'action': 'buy', 'side': 'no', 'count': Decimal('5.000'), 'client_order_id': '4076d3d8-45a5-4c35-b5e9-b8cbd3f6d5e9', 'no_price': 48, 'type': 'limit', 'time_in_force': 'fill_or_kill'}
2026-03-01 17:53:52,502 | INFO | Placing order with data: {'ticker': 'KXNBAGAME-26MAR01MEMIND-IND', 'action': 'buy', 'side': 'no', 'count': Decimal('5.000'), 'client_order_id': '2a04a72a-e476-41c7-8cd5-d8f14fdde0ae', 'no_price': 48, 'type': 'limit', 'time_in_force': 'fill_or_kill'}
2026-03-01 17:53:53,503 | INFO | Placing order with data: {'ticker': 'KXNBAGAME-26MAR01MEMIND-IND', 'action': 'buy', 'side': 'no', 'count': Decimal('5.000'), 'client_order_id': '3cda4027-c685-46fe-b5dc-e0c101ccb34e', 'no_price': 48, 'type': 'limit', 'time_in_force': 'fill_or_kill'}
2026-03-01 17:53:54,520 | INFO | Placing order with data: {'ticker': 'KXNBAGAME-26MAR01MEMIND-IND', 'action': 'buy', 'side': 'no', 'count': Decimal('5.000'), 'client_order_id': '713d0596-d09a-4f2f-8d18-f1e3867235ce', 'no_price': 48, 'type': 'limit', 'time_in_force': 'fill_or_kill'}
2026-03-01 17:53:55,500 | INFO | Placing order with data: {'ticker': 'KXNBAGAME-26MAR01MEMIND-IND', 'action': 'buy', 'side': 'no', 'count': Decimal('5.000'), 'client_order_id': 'cc221e67-8740-4f0e-98b3-7b619ecdf61d', 'no_price': 47, 'type': 'limit', 'time_in_force': 'fill_or_kill'}
2026-03-01 17:53:56,502 | INFO | Placing order with data: {'ticker': 'KXNBAGAME-26MAR01MEMIND-IND', 'action': 'buy', 'side': 'no', 'count': Decimal('5.000'), 'client_order_id': '42de4c6c-d996-4f83-a12d-6ea3c33c8b86', 'no_price': 47, 'type': 'limit', 'time_in_force': 'fill_or_kill'}
2026-03-01 17:53:57,510 | INFO | Placing order with data: {'ticker': 'KXNBAGAME-26MAR01MEMIND-IND', 'action': 'buy', 'side': 'no', 'count': Decimal('5.000'), 'client_order_id': 'd5de31db-3e89-4598-9f2d-2c27605590b1', 'no_price': 47, 'type': 'limit', 'time_in_force': 'fill_or_kill'}
2026-03-01 17:56:44,973 | INFO | Placing order with data: {'ticker': 'KXNBAGAME-26MAR01MINDEN-MIN', 'action': 'buy', 'side': 'no', 'count': Decimal('54.000'), 'client_order_id': '27410931-5a46-4221-82ff-62ac407f9c6a', 'no_price': 8, 'type': 'limit', 'time_in_force': 'fill_or_kill'}
