2026-03-01 17:57:33,533 | INFO | Loaded snapshot for Asset ID: aec-nba-cle-bkn-2026-03-01 | Best Bid: (Decimal('0.950'), Decimal('5.000')) | Best Ask: (Decimal('0.970'), Decimal('1031.000'))
2026-03-01 17:57:33,549 | INFO | Loaded snapshot for Asset ID: aec-nba-cle-bkn-2026-03-01-inverse | Best Bid: (Decimal('0.030'), Decimal('1031.000')) | Best Ask: (Decimal('0.050'), Decimal('5.000'))
2026-03-01 17:57:33,610 | INFO | Loaded snapshot for Asset ID: aec-nba-sac-lal-2026-03-01 | Best Bid: (Decimal('0.150'), Decimal('58655.000')) | Best Ask: (Decimal('0.160'), Decimal('69487.000'))
2026-03-01 17:57:33,610 | INFO | Loaded snapshot for Asset ID: aec-nba-sac-lal-2026-03-01-inverse | Best Bid: (Decimal('0.840'), Decimal('69487.000')) | Best Ask: (Decimal('0.850'), Decimal('58655.000'))
2026-03-01 17:57:33,613 | INFO | Loaded snapshot for Asset ID: aec-nba-min-den-2026-03-01 | Best Bid: (Decimal('0.930'), Decimal('400.000')) | Best Ask: (Decimal('0.940'), Decimal('54.000'))
2026-03-01 17:57:33,613 | INFO | Loaded snapshot for Asset ID: aec-nba-min-den-2026-03-01-inverse | Best Bid: (Decimal('0.060'), Decimal('54.000')) | Best Ask: (Decimal('0.070'), Decimal('400.000'))
2026-03-01 17:57:33,644 | INFO | Loaded snapshot for Asset ID: aec-nba-sac-lal-2026-03-01 | Best Bid: (Decimal('0.150'), Decimal('58655.000')) | Best Ask: (Decimal('0.160'), Decimal('69487.000'))
2026-03-01 17:57:33,644 | INFO | Loaded snapshot for Asset ID: aec-nba-sac-lal-2026-03-01-inverse | Best Bid: (Decimal('0.840'), Decimal('69487.000')) | Best Ask: (Decimal('0.850'), Decimal('58655.000'))
2026-03-01 17:57:33,692 | INFO | Loaded snapshot for Asset ID: aec-nba-cle-bkn-2026-03-01 | Best Bid: (Decimal('0.950'), Decimal('5.000')) | Best Ask: (Decimal('0.970'), Decimal('1042.000'))
2026-03-01 17:57:33,692 | INFO | Loaded snapshot for Asset ID: aec-nba-cle-bkn-2026-03-01-inverse | Best Bid: (Decimal('0.030'), Decimal('1042.000')) | Best Ask: (Decimal('0.050'), Decimal('5.000'))
2026-03-01 17:57:33,837 | INFO | Loaded snapshot for Asset ID: aec-nba-sac-lal-2026-03-01 | Best Bid: (Decimal('0.150'), Decimal('58655.000')) | Best Ask: (Decimal('0.160'), Decimal('69487.000'))
2026-03-01 17:57:33,837 | INFO | Loaded snapshot for Asset ID: aec-nba-sac-lal-2026-03-01-inverse | Best Bid: (Decimal('0.840'), Decimal('69487.000')) | Best Ask: (Decimal('0.850'), Decimal('58655.000'))
2026-03-01 17:57:33,870 | INFO | Loaded snapshot for Asset ID: aec-nba-sac-lal-2026-03-01 | Best Bid: (Decimal('0.150'), Decimal('58655.000')) | Best Ask: (Decimal('0.160'), Decimal('69487.000'))
2026-03-01 17:57:33,870 | INFO | Loaded snapshot for Asset ID: aec-nba-sac-lal-2026-03-01-inverse | Best Bid: (Decimal('0.840'), Decimal('69487.000')) | Best Ask: (Decimal('0.850'), Decimal('58655.000'))
2026-03-01 17:57:33,903 | INFO | Loaded snapshot for Asset ID: aec-nba-cle-bkn-2026-03-01 | Best Bid: (Decimal('0.950'), Decimal('5.000')) | Best Ask: (Decimal('0.970'), Decimal('3709.000'))
2026-03-01 17:57:33,903 | INFO | Loaded snapshot for Asset ID: aec-nba-cle-bkn-2026-03-01-inverse | Best Bid: (Decimal('0.030'), Decimal('3709.000')) | Best Ask: (Decimal('0.050'), Decimal('5.000'))
2026-03-01 17:57:34,145 | INFO | Loaded snapshot for Asset ID: aec-nba-sac-lal-2026-03-01 | Best Bid: (Decimal('0.150'), Decimal('58655.000')) | Best Ask: (Decimal('0.160'), Decimal('69487.000'))
2026-03-01 17:57:34,145 | INFO | Loaded snapshot for Asset ID: aec-nba-sac-lal-2026-03-01-inverse | Best Bid: (Decimal('0.840'), Decimal('69487.000')) | Best Ask: (Decimal('0.850'), Decimal('58655.000'))
2026-03-01 17:57:34,360 | INFO | Loaded snapshot for Asset ID: aec-nba-cle-bkn-2026-03-01 | Best Bid: (Decimal('0.950'), Decimal('5.000')) | Best Ask: (Decimal('0.970'), Decimal('3709.000'))
2026-03-01 17:57:34,360 | INFO | Loaded snapshot for Asset ID: aec-nba-cle-bkn-2026-03-01-inverse | Best Bid: (Decimal('0.030'), Decimal('3709.000')) | Best Ask: (Decimal('0.050'), Decimal('5.000'))
2026-03-01 17:57:34,404 | INFO | Loaded snapshot for Asset ID: aec-nba-sac-lal-2026-03-01 | Best Bid: (Decimal('0.150'), Decimal('58655.000')) | Best Ask: (Decimal('0.160'), Decimal('69487.000'))
2026-03-01 17:57:34,404 | INFO | Loaded snapshot for Asset ID: aec-nba-sac-lal-2026-03-01-inverse | Best Bid: (Decimal('0.840'), Decimal('69487.000')) | Best Ask: (Decimal('0.850'), Decimal('58655.000'))
2026-03-01 17:57:34,539 | INFO | Loaded snapshot for Asset ID: aec-nba-mem-ind-2026-03-01 | Best Bid: (Decimal('0.580'), Decimal('407.000')) | Best Ask: (Decimal('0.600'), Decimal('2870.000'))
2026-03-01 17:57:34,539 | INFO | Loaded snapshot for Asset ID: aec-nba-mem-ind-2026-03-01-inverse | Best Bid: (Decimal('0.400'), Decimal('2870.000')) | Best Ask: (Decimal('0.420'), Decimal('407.000'))
2026-03-01 17:57:34,539 | INFO | Loaded snapshot for Asset ID: aec-nba-mem-ind-2026-03-01 | Best Bid: (Decimal('0.580'), Decimal('407.000')) | Best Ask: (Decimal('0.600'), Decimal('2870.000'))
2026-03-01 17:57:34,539 | INFO | Loaded snapshot for Asset ID: aec-nba-mem-ind-2026-03-01-inverse | Best Bid: (Decimal('0.400'), Decimal('2870.000')) | Best Ask: (Decimal('0.420'), Decimal('407.000'))
2026-03-01 17:57:34,555 | INFO | Loaded snapshot for Asset ID: aec-nba-mem-ind-2026-03-01 | Best Bid: (Decimal('0.570'), Decimal('408.000')) | Best Ask: (Decimal('0.600'), Decimal('2870.000'))
2026-03-01 17:57:34,571 | INFO | Loaded snapshot for Asset ID: aec-nba-mem-ind-2026-03-01-inverse | Best Bid: (Decimal('0.400'), Decimal('2870.000')) | Best Ask: (Decimal('0.430'), Decimal('408.000'))
2026-03-01 17:57:34,571 | INFO | Loaded snapshot for Asset ID: aec-nba-mem-ind-2026-03-01 | Best Bid: (Decimal('0.570'), Decimal('408.000')) | Best Ask: (Decimal('0.600'), Decimal('2870.000'))
2026-03-01 17:57:34,571 | INFO | Loaded snapshot for Asset ID: aec-nba-mem-ind-2026-03-01-inverse | Best Bid: (Decimal('0.400'), Decimal('2870.000')) | Best Ask: (Decimal('0.430'), Decimal('408.000'))
2026-03-01 17:57:34,619 | INFO | Loaded snapshot for Asset ID: aec-nba-mem-ind-2026-03-01 | Best Bid: (Decimal('0.570'), Decimal('408.000')) | Best Ask: (Decimal('0.600'), Decimal('2870.000'))
2026-03-01 17:57:34,619 | INFO | Loaded snapshot for Asset ID: aec-nba-mem-ind-2026-03-01-inverse | Best Bid: (Decimal('0.400'), Decimal('2870.000')) | Best Ask: (Decimal('0.430'), Decimal('408.000'))
2026-03-01 17:57:34,653 | INFO | Loaded snapshot for Asset ID: aec-nba-mem-ind-2026-03-01 | Best Bid: (Decimal('0.570'), Decimal('408.000')) | Best Ask: (Decimal('0.600'), Decimal('2870.000'))
2026-03-01 17:57:34,664 | INFO | Loaded snapshot for Asset ID: aec-nba-mem-ind-2026-03-01-inverse | Best Bid: (Decimal('0.400'), Decimal('2870.000')) | Best Ask: (Decimal('0.430'), Decimal('408.000'))
2026-03-01 17:57:34,668 | INFO | Loaded snapshot for Asset ID: aec-nba-sac-lal-2026-03-01 | Best Bid: (Decimal('0.150'), Decimal('58655.000')) | Best Ask: (Decimal('0.160'), Decimal('69487.000'))
2026-03-01 17:57:34,668 | INFO | Loaded snapshot for Asset ID: aec-nba-sac-lal-2026-03-01-inverse | Best Bid: (Decimal('0.840'), Decimal('69487.000')) | Best Ask: (Decimal('0.850'), Decimal('58655.000'))
2026-03-01 17:57:34,668 | INFO | Loaded snapshot for Asset ID: aec-nba-mem-ind-2026-03-01 | Best Bid: (Decimal('0.570'), Decimal('408.000')) | Best Ask: (Decimal('0.600'), Decimal('2870.000'))
2026-03-01 17:57:34,668 | INFO | Loaded snapshot for Asset ID: aec-nba-mem-ind-2026-03-01-inverse | Best Bid: (Decimal('0.400'), Decimal('2870.000')) | Best Ask: (Decimal('0.430'), Decimal('408.000'))
2026-03-01 17:57:34,702 | INFO | Loaded snapshot for Asset ID: aec-nba-cle-bkn-2026-03-01 | Best Bid: (Decimal('0.950'), Decimal('5.000')) | Best Ask: (Decimal('0.970'), Decimal('3709.000'))
2026-03-01 17:57:34,702 | INFO | Loaded snapshot for Asset ID: aec-nba-cle-bkn-2026-03-01-inverse | Best Bid: (Decimal('0.030'), Decimal('3709.000')) | Best Ask: (Decimal('0.050'), Decimal('5.000'))
2026-03-01 17:57:34,716 | INFO | Loaded snapshot for Asset ID: aec-nba-mem-ind-2026-03-01 | Best Bid: (Decimal('0.570'), Decimal('408.000')) | Best Ask: (Decimal('0.600'), Decimal('2870.000'))
2026-03-01 17:57:34,716 | INFO | Loaded snapshot for Asset ID: aec-nba-mem-ind-2026-03-01-inverse | Best Bid: (Decimal('0.400'), Decimal('2870.000')) | Best Ask: (Decimal('0.430'), Decimal('408.000'))
2026-03-01 17:57:34,748 | INFO | Loaded snapshot for Asset ID: aec-nba-mem-ind-2026-03-01 | Best Bid: (Decimal('0.570'), Decimal('408.000')) | Best Ask: (Decimal('0.600'), Decimal('2870.000'))
2026-03-01 17:57:34,748 | INFO | Loaded snapshot for Asset ID: aec-nba-mem-ind-2026-03-01-inverse | Best Bid: (Decimal('0.400'), Decimal('2870.000')) | Best Ask: (Decimal('0.430'), Decimal('408.000'))
2026-03-01 17:57:34,781 | INFO | Loaded snapshot for Asset ID: aec-nba-mem-ind-2026-03-01 | Best Bid: (Decimal('0.570'), Decimal('408.000')) | Best Ask: (Decimal('0.600'), Decimal('2870.000'))
2026-03-01 17:57:34,781 | INFO | Loaded snapshot for Asset ID: aec-nba-mem-ind-2026-03-01-inverse | Best Bid: (Decimal('0.400'), Decimal('2870.000')) | Best Ask: (Decimal('0.430'), Decimal('408.000'))
2026-03-01 17:57:34,802 | INFO | Loaded snapshot for Asset ID: aec-nba-mem-ind-2026-03-01 | Best Bid: (Decimal('0.570'), Decimal('408.000')) | Best Ask: (Decimal('0.600'), Decimal('3123.000'))
2026-03-01 17:57:34,802 | INFO | Loaded snapshot for Asset ID: aec-nba-mem-ind-2026-03-01-inverse | Best Bid: (Decimal('0.400'), Decimal('3123.000')) | Best Ask: (Decimal('0.430'), Decimal('408.000'))
2026-03-01 17:57:34,829 | INFO | Loaded snapshot for Asset ID: aec-nba-mem-ind-2026-03-01 | Best Bid: (Decimal('0.560'), Decimal('3822.000')) | Best Ask: (Decimal('0.600'), Decimal('3123.000'))
2026-03-01 17:57:34,829 | INFO | Loaded snapshot for Asset ID: aec-nba-mem-ind-2026-03-01-inverse | Best Bid: (Decimal('0.400'), Decimal('3123.000')) | Best Ask: (Decimal('0.440'), Decimal('3822.000'))
2026-03-01 17:57:34,845 | INFO | Loaded snapshot for Asset ID: aec-nba-mem-ind-2026-03-01 | Best Bid: (Decimal('0.560'), Decimal('3822.000')) | Best Ask: (Decimal('0.600'), Decimal('3123.000'))
2026-03-01 17:57:34,845 | INFO | Loaded snapshot for Asset ID: aec-nba-mem-ind-2026-03-01-inverse | Best Bid: (Decimal('0.400'), Decimal('3123.000')) | Best Ask: (Decimal('0.440'), Decimal('3822.000'))
2026-03-01 17:57:34,892 | INFO | Loaded snapshot for Asset ID: aec-nba-mem-ind-2026-03-01 | Best Bid: (Decimal('0.560'), Decimal('3822.000')) | Best Ask: (Decimal('0.600'), Decimal('3123.000'))
2026-03-01 17:57:34,895 | INFO | Loaded snapshot for Asset ID: aec-nba-mem-ind-2026-03-01-inverse | Best Bid: (Decimal('0.400'), Decimal('3123.000')) | Best Ask: (Decimal('0.440'), Decimal('3822.000'))
2026-03-01 17:57:34,928 | INFO | Loaded snapshot for Asset ID: aec-nba-sac-lal-2026-03-01 | Best Bid: (Decimal('0.150'), Decimal('58655.000')) | Best Ask: (Decimal('0.160'), Decimal('69487.000'))
2026-03-01 17:57:34,928 | INFO | Loaded snapshot for Asset ID: aec-nba-sac-lal-2026-03-01-inverse | Best Bid: (Decimal('0.840'), Decimal('69487.000')) | Best Ask: (Decimal('0.850'), Decimal('58655.000'))
2026-03-01 17:57:34,941 | INFO | Loaded snapshot for Asset ID: aec-nba-mem-ind-2026-03-01 | Best Bid: (Decimal('0.560'), Decimal('3822.000')) | Best Ask: (Decimal('0.600'), Decimal('3123.000'))
2026-03-01 17:57:34,943 | INFO | Loaded snapshot for Asset ID: aec-nba-mem-ind-2026-03-01-inverse | Best Bid: (Decimal('0.400'), Decimal('3123.000')) | Best Ask: (Decimal('0.440'), Decimal('3822.000'))
2026-03-01 17:57:34,952 | INFO | Loaded snapshot for Asset ID: aec-nba-sac-lal-2026-03-01 | Best Bid: (Decimal('0.150'), Decimal('58655.000')) | Best Ask: (Decimal('0.160'), Decimal('69487.000'))
2026-03-01 17:57:34,952 | INFO | Loaded snapshot for Asset ID: aec-nba-sac-lal-2026-03-01-inverse | Best Bid: (Decimal('0.840'), Decimal('69487.000')) | Best Ask: (Decimal('0.850'), Decimal('58655.000'))
2026-03-01 17:57:34,960 | INFO | Loaded snapshot for Asset ID: aec-nba-mem-ind-2026-03-01 | Best Bid: (Decimal('0.560'), Decimal('3822.000')) | Best Ask: (Decimal('0.600'), Decimal('3123.000'))
2026-03-01 17:57:34,960 | INFO | Loaded snapshot for Asset ID: aec-nba-mem-ind-2026-03-01-inverse | Best Bid: (Decimal('0.400'), Decimal('3123.000')) | Best Ask: (Decimal('0.440'), Decimal('3822.000'))
2026-03-01 17:57:34,974 | INFO | Loaded snapshot for Asset ID: aec-nba-cle-bkn-2026-03-01 | Best Bid: (Decimal('0.950'), Decimal('5.000')) | Best Ask: (Decimal('0.970'), Decimal('3709.000'))
2026-03-01 17:57:34,974 | INFO | Loaded snapshot for Asset ID: aec-nba-cle-bkn-2026-03-01-inverse | Best Bid: (Decimal('0.030'), Decimal('3709.000')) | Best Ask: (Decimal('0.050'), Decimal('5.000'))
2026-03-01 17:57:35,010 | INFO | Loaded snapshot for Asset ID: aec-nba-mem-ind-2026-03-01 | Best Bid: (Decimal('0.560'), Decimal('3822.000')) | Best Ask: (Decimal('0.600'), Decimal('3123.000'))
2026-03-01 17:57:35,010 | INFO | Loaded snapshot for Asset ID: aec-nba-mem-ind-2026-03-01-inverse | Best Bid: (Decimal('0.400'), Decimal('3123.000')) | Best Ask: (Decimal('0.440'), Decimal('3822.000'))
2026-03-01 17:57:35,010 | INFO | Loaded snapshot for Asset ID: aec-nba-mem-ind-2026-03-01 | Best Bid: (Decimal('0.560'), Decimal('3822.000')) | Best Ask: (Decimal('0.600'), Decimal('3123.000'))
2026-03-01 17:57:35,010 | INFO | Loaded snapshot for Asset ID: aec-nba-mem-ind-2026-03-01-inverse | Best Bid: (Decimal('0.400'), Decimal('3123.000')) | Best Ask: (Decimal('0.440'), Decimal('3822.000'))
2026-03-01 17:57:35,059 | INFO | Loaded snapshot for Asset ID: aec-nba-mem-ind-2026-03-01 | Best Bid: (Decimal('0.560'), Decimal('3822.000')) | Best Ask: (Decimal('0.600'), Decimal('4025.000'))
2026-03-01 17:57:35,059 | INFO | Loaded snapshot for Asset ID: aec-nba-mem-ind-2026-03-01-inverse | Best Bid: (Decimal('0.400'), Decimal('4025.000')) | Best Ask: (Decimal('0.440'), Decimal('3822.000'))
2026-03-01 17:57:35,059 | INFO | Loaded snapshot for Asset ID: aec-nba-mem-ind-2026-03-01 | Best Bid: (Decimal('0.560'), Decimal('3822.000')) | Best Ask: (Decimal('0.600'), Decimal('4025.000'))
2026-03-01 17:57:35,059 | INFO | Loaded snapshot for Asset ID: aec-nba-mem-ind-2026-03-01-inverse | Best Bid: (Decimal('0.400'), Decimal('4025.000')) | Best Ask: (Decimal('0.440'), Decimal('3822.000'))
2026-03-01 17:57:35,173 | INFO | Loaded snapshot for Asset ID: aec-nba-sac-lal-2026-03-01 | Best Bid: (Decimal('0.150'), Decimal('58655.000')) | Best Ask: (Decimal('0.160'), Decimal('69487.000'))
2026-03-01 17:57:35,175 | INFO | Loaded snapshot for Asset ID: aec-nba-sac-lal-2026-03-01-inverse | Best Bid: (Decimal('0.840'), Decimal('69487.000')) | Best Ask: (Decimal('0.850'), Decimal('58655.000'))
2026-03-01 17:57:35,175 | INFO | Loaded snapshot for Asset ID: aec-nba-sac-lal-2026-03-01 | Best Bid: (Decimal('0.150'), Decimal('58655.000')) | Best Ask: (Decimal('0.160'), Decimal('69487.000'))
2026-03-01 17:57:35,175 | INFO | Loaded snapshot for Asset ID: aec-nba-sac-lal-2026-03-01-inverse | Best Bid: (Decimal('0.840'), Decimal('69487.000')) | Best Ask: (Decimal('0.850'), Decimal('58655.000'))
2026-03-01 17:57:35,222 | INFO | Loaded snapshot for Asset ID: aec-nba-mem-ind-2026-03-01 | Best Bid: (Decimal('0.560'), Decimal('3822.000')) | Best Ask: (Decimal('0.600'), Decimal('3123.000'))
2026-03-01 17:57:35,222 | INFO | Loaded snapshot for Asset ID: aec-nba-mem-ind-2026-03-01-inverse | Best Bid: (Decimal('0.400'), Decimal('3123.000')) | Best Ask: (Decimal('0.440'), Decimal('3822.000'))
2026-03-01 17:57:35,232 | INFO | Loaded snapshot for Asset ID: aec-nba-mem-ind-2026-03-01 | Best Bid: (Decimal('0.560'), Decimal('3822.000')) | Best Ask: (Decimal('0.600'), Decimal('3123.000'))
2026-03-01 17:57:35,232 | INFO | Loaded snapshot for Asset ID: aec-nba-mem-ind-2026-03-01-inverse | Best Bid: (Decimal('0.400'), Decimal('3123.000')) | Best Ask: (Decimal('0.440'), Decimal('3822.000'))
2026-03-01 17:57:35,255 | INFO | Loaded snapshot for Asset ID: aec-nba-mem-ind-2026-03-01 | Best Bid: (Decimal('0.570'), Decimal('2849.000')) | Best Ask: (Decimal('0.600'), Decimal('3123.000'))
2026-03-01 17:57:35,255 | INFO | Loaded snapshot for Asset ID: aec-nba-mem-ind-2026-03-01-inverse | Best Bid: (Decimal('0.400'), Decimal('3123.000')) | Best Ask: (Decimal('0.430'), Decimal('2849.000'))
2026-03-01 17:57:35,267 | INFO | Loaded snapshot for Asset ID: aec-nba-mem-ind-2026-03-01 | Best Bid: (Decimal('0.570'), Decimal('2849.000')) | Best Ask: (Decimal('0.600'), Decimal('3123.000'))
2026-03-01 17:57:35,267 | INFO | Loaded snapshot for Asset ID: aec-nba-mem-ind-2026-03-01-inverse | Best Bid: (Decimal('0.400'), Decimal('3123.000')) | Best Ask: (Decimal('0.430'), Decimal('2849.000'))
2026-03-01 17:57:35,267 | INFO | Loaded snapshot for Asset ID: aec-nba-mem-ind-2026-03-01 | Best Bid: (Decimal('0.570'), Decimal('2849.000')) | Best Ask: (Decimal('0.600'), Decimal('3123.000'))
2026-03-01 17:57:35,276 | INFO | Loaded snapshot for Asset ID: aec-nba-mem-ind-2026-03-01-inverse | Best Bid: (Decimal('0.400'), Decimal('3123.000')) | Best Ask: (Decimal('0.430'), Decimal('2849.000'))
2026-03-01 17:57:35,299 | INFO | Loaded snapshot for Asset ID: aec-nba-mem-ind-2026-03-01 | Best Bid: (Decimal('0.570'), Decimal('2849.000')) | Best Ask: (Decimal('0.600'), Decimal('3123.000'))
2026-03-01 17:57:35,299 | INFO | Loaded snapshot for Asset ID: aec-nba-mem-ind-2026-03-01-inverse | Best Bid: (Decimal('0.400'), Decimal('3123.000')) | Best Ask: (Decimal('0.430'), Decimal('2849.000'))
2026-03-01 17:57:35,326 | INFO | Loaded snapshot for Asset ID: aec-nba-mem-ind-2026-03-01 | Best Bid: (Decimal('0.570'), Decimal('2849.000')) | Best Ask: (Decimal('0.600'), Decimal('3123.000'))
2026-03-01 17:57:35,326 | INFO | Loaded snapshot for Asset ID: aec-nba-mem-ind-2026-03-01-inverse | Best Bid: (Decimal('0.400'), Decimal('3123.000')) | Best Ask: (Decimal('0.430'), Decimal('2849.000'))
2026-03-01 17:57:35,330 | INFO | Loaded snapshot for Asset ID: aec-nba-mem-ind-2026-03-01 | Best Bid: (Decimal('0.570'), Decimal('2849.000')) | Best Ask: (Decimal('0.600'), Decimal('3123.000'))
2026-03-01 17:57:35,330 | INFO | Loaded snapshot for Asset ID: aec-nba-mem-ind-2026-03-01-inverse | Best Bid: (Decimal('0.400'), Decimal('3123.000')) | Best Ask: (Decimal('0.430'), Decimal('2849.000'))
2026-03-01 17:57:35,369 | INFO | Loaded snapshot for Asset ID: aec-nba-mem-ind-2026-03-01 | Best Bid: (Decimal('0.570'), Decimal('2849.000')) | Best Ask: (Decimal('0.600'), Decimal('3123.000'))
2026-03-01 17:57:35,373 | INFO | Loaded snapshot for Asset ID: aec-nba-mem-ind-2026-03-01-inverse | Best Bid: (Decimal('0.400'), Decimal('3123.000')) | Best Ask: (Decimal('0.430'), Decimal('2849.000'))
2026-03-01 17:57:35,429 | INFO | Loaded snapshot for Asset ID: aec-nba-mem-ind-2026-03-01 | Best Bid: (Decimal('0.570'), Decimal('2849.000')) | Best Ask: (Decimal('0.600'), Decimal('3123.000'))
2026-03-01 17:57:35,429 | INFO | Loaded snapshot for Asset ID: aec-nba-mem-ind-2026-03-01-inverse | Best Bid: (Decimal('0.400'), Decimal('3123.000')) | Best Ask: (Decimal('0.430'), Decimal('2849.000'))
2026-03-01 17:57:35,434 | INFO | Loaded snapshot for Asset ID: aec-nba-sac-lal-2026-03-01 | Best Bid: (Decimal('0.150'), Decimal('58655.000')) | Best Ask: (Decimal('0.160'), Decimal('69487.000'))
2026-03-01 17:57:35,435 | INFO | Loaded snapshot for Asset ID: aec-nba-sac-lal-2026-03-01-inverse | Best Bid: (Decimal('0.840'), Decimal('69487.000')) | Best Ask: (Decimal('0.850'), Decimal('58655.000'))
2026-03-01 17:57:35,454 | INFO | Loaded snapshot for Asset ID: aec-nba-mem-ind-2026-03-01 | Best Bid: (Decimal('0.570'), Decimal('2849.000')) | Best Ask: (Decimal('0.600'), Decimal('3123.000'))
2026-03-01 17:57:35,454 | INFO | Loaded snapshot for Asset ID: aec-nba-mem-ind-2026-03-01-inverse | Best Bid: (Decimal('0.400'), Decimal('3123.000')) | Best Ask: (Decimal('0.430'), Decimal('2849.000'))
2026-03-01 17:57:35,471 | INFO | Loaded snapshot for Asset ID: aec-nba-mem-ind-2026-03-01 | Best Bid: (Decimal('0.570'), Decimal('2849.000')) | Best Ask: (Decimal('0.600'), Decimal('3123.000'))
2026-03-01 17:57:35,471 | INFO | Loaded snapshot for Asset ID: aec-nba-mem-ind-2026-03-01-inverse | Best Bid: (Decimal('0.400'), Decimal('3123.000')) | Best Ask: (Decimal('0.430'), Decimal('2849.000'))
2026-03-01 17:57:35,487 | INFO | Loaded snapshot for Asset ID: aec-nba-sac-lal-2026-03-01 | Best Bid: (Decimal('0.150'), Decimal('58655.000')) | Best Ask: (Decimal('0.160'), Decimal('69487.000'))
2026-03-01 17:57:35,487 | INFO | Loaded snapshot for Asset ID: aec-nba-sac-lal-2026-03-01-inverse | Best Bid: (Decimal('0.840'), Decimal('69487.000')) | Best Ask: (Decimal('0.850'), Decimal('58655.000'))
2026-03-01 17:57:35,487 | INFO | Loaded snapshot for Asset ID: aec-nba-mem-ind-2026-03-01 | Best Bid: (Decimal('0.570'), Decimal('2849.000')) | Best Ask: (Decimal('0.600'), Decimal('3123.000'))
2026-03-01 17:57:35,487 | INFO | Loaded snapshot for Asset ID: aec-nba-mem-ind-2026-03-01-inverse | Best Bid: (Decimal('0.400'), Decimal('3123.000')) | Best Ask: (Decimal('0.430'), Decimal('2849.000'))
2026-03-01 17:57:35,519 | INFO | Loaded snapshot for Asset ID: aec-nba-mem-ind-2026-03-01 | Best Bid: (Decimal('0.570'), Decimal('2849.000')) | Best Ask: (Decimal('0.600'), Decimal('3123.000'))
2026-03-01 17:57:35,519 | INFO | Loaded snapshot for Asset ID: aec-nba-mem-ind-2026-03-01-inverse | Best Bid: (Decimal('0.400'), Decimal('3123.000')) | Best Ask: (Decimal('0.430'), Decimal('2849.000'))
2026-03-01 17:57:35,550 | INFO | Loaded snapshot for Asset ID: aec-nba-mem-ind-2026-03-01 | Best Bid: (Decimal('0.570'), Decimal('3161.000')) | Best Ask: (Decimal('0.600'), Decimal('3123.000'))
2026-03-01 17:57:35,550 | INFO | Loaded snapshot for Asset ID: aec-nba-mem-ind-2026-03-01-inverse | Best Bid: (Decimal('0.400'), Decimal('3123.000')) | Best Ask: (Decimal('0.430'), Decimal('3161.000'))
2026-03-01 17:57:35,550 | INFO | Loaded snapshot for Asset ID: aec-nba-mem-ind-2026-03-01 | Best Bid: (Decimal('0.570'), Decimal('3161.000')) | Best Ask: (Decimal('0.600'), Decimal('3123.000'))
2026-03-01 17:57:35,550 | INFO | Loaded snapshot for Asset ID: aec-nba-mem-ind-2026-03-01-inverse | Best Bid: (Decimal('0.400'), Decimal('3123.000')) | Best Ask: (Decimal('0.430'), Decimal('3161.000'))
2026-03-01 17:57:35,566 | INFO | Loaded snapshot for Asset ID: aec-nba-mem-ind-2026-03-01 | Best Bid: (Decimal('0.570'), Decimal('3161.000')) | Best Ask: (Decimal('0.600'), Decimal('3123.000'))
2026-03-01 17:57:35,566 | INFO | Loaded snapshot for Asset ID: aec-nba-mem-ind-2026-03-01-inverse | Best Bid: (Decimal('0.400'), Decimal('3123.000')) | Best Ask: (Decimal('0.430'), Decimal('3161.000'))
2026-03-01 17:57:35,667 | INFO | Loaded snapshot for Asset ID: aec-nba-mem-ind-2026-03-01 | Best Bid: (Decimal('0.570'), Decimal('3161.000')) | Best Ask: (Decimal('0.600'), Decimal('3123.000'))
2026-03-01 17:57:35,667 | INFO | Loaded snapshot for Asset ID: aec-nba-mem-ind-2026-03-01-inverse | Best Bid: (Decimal('0.400'), Decimal('3123.000')) | Best Ask: (Decimal('0.430'), Decimal('3161.000'))
2026-03-01 17:57:35,711 | INFO | Loaded snapshot for Asset ID: aec-nba-sac-lal-2026-03-01 | Best Bid: (Decimal('0.150'), Decimal('58655.000')) | Best Ask: (Decimal('0.160'), Decimal('69487.000'))
2026-03-01 17:57:35,711 | INFO | Loaded snapshot for Asset ID: aec-nba-sac-lal-2026-03-01-inverse | Best Bid: (Decimal('0.840'), Decimal('69487.000')) | Best Ask: (Decimal('0.850'), Decimal('58655.000'))
2026-03-01 17:57:35,713 | INFO | Loaded snapshot for Asset ID: aec-nba-mem-ind-2026-03-01 | Best Bid: (Decimal('0.570'), Decimal('3161.000')) | Best Ask: (Decimal('0.600'), Decimal('3123.000'))
2026-03-01 17:57:35,713 | INFO | Loaded snapshot for Asset ID: aec-nba-mem-ind-2026-03-01-inverse | Best Bid: (Decimal('0.400'), Decimal('3123.000')) | Best Ask: (Decimal('0.430'), Decimal('3161.000'))
2026-03-01 17:57:35,725 | INFO | Loaded snapshot for Asset ID: aec-nba-mem-ind-2026-03-01 | Best Bid: (Decimal('0.570'), Decimal('3161.000')) | Best Ask: (Decimal('0.600'), Decimal('3123.000'))
2026-03-01 17:57:35,727 | INFO | Loaded snapshot for Asset ID: aec-nba-mem-ind-2026-03-01-inverse | Best Bid: (Decimal('0.400'), Decimal('3123.000')) | Best Ask: (Decimal('0.430'), Decimal('3161.000'))
2026-03-01 17:57:35,741 | INFO | Loaded snapshot for Asset ID: aec-nba-mem-ind-2026-03-01 | Best Bid: (Decimal('0.570'), Decimal('3161.000')) | Best Ask: (Decimal('0.600'), Decimal('3123.000'))
2026-03-01 17:57:35,741 | INFO | Loaded snapshot for Asset ID: aec-nba-mem-ind-2026-03-01-inverse | Best Bid: (Decimal('0.400'), Decimal('3123.000')) | Best Ask: (Decimal('0.430'), Decimal('3161.000'))
2026-03-01 17:57:35,760 | INFO | Loaded snapshot for Asset ID: aec-nba-mem-ind-2026-03-01 | Best Bid: (Decimal('0.570'), Decimal('3161.000')) | Best Ask: (Decimal('0.600'), Decimal('3123.000'))
2026-03-01 17:57:35,760 | INFO | Loaded snapshot for Asset ID: aec-nba-mem-ind-2026-03-01-inverse | Best Bid: (Decimal('0.400'), Decimal('3123.000')) | Best Ask: (Decimal('0.430'), Decimal('3161.000'))
2026-03-01 17:57:35,774 | INFO | Loaded snapshot for Asset ID: aec-nba-mem-ind-2026-03-01 | Best Bid: (Decimal('0.570'), Decimal('3161.000')) | Best Ask: (Decimal('0.600'), Decimal('3123.000'))
2026-03-01 17:57:35,774 | INFO | Loaded snapshot for Asset ID: aec-nba-mem-ind-2026-03-01-inverse | Best Bid: (Decimal('0.400'), Decimal('3123.000')) | Best Ask: (Decimal('0.430'), Decimal('3161.000'))
2026-03-01 17:57:35,788 | INFO | Loaded snapshot for Asset ID: aec-nba-mem-ind-2026-03-01 | Best Bid: (Decimal('0.570'), Decimal('3161.000')) | Best Ask: (Decimal('0.600'), Decimal('3123.000'))
2026-03-01 17:57:35,788 | INFO | Loaded snapshot for Asset ID: aec-nba-mem-ind-2026-03-01-inverse | Best Bid: (Decimal('0.400'), Decimal('3123.000')) | Best Ask: (Decimal('0.430'), Decimal('3161.000'))
2026-03-01 17:57:35,811 | INFO | Loaded snapshot for Asset ID: aec-nba-mem-ind-2026-03-01 | Best Bid: (Decimal('0.570'), Decimal('3161.000')) | Best Ask: (Decimal('0.600'), Decimal('3123.000'))
2026-03-01 17:57:35,811 | INFO | Loaded snapshot for Asset ID: aec-nba-mem-ind-2026-03-01-inverse | Best Bid: (Decimal('0.400'), Decimal('3123.000')) | Best Ask: (Decimal('0.430'), Decimal('3161.000'))
2026-03-01 17:57:35,836 | INFO | Loaded snapshot for Asset ID: aec-nba-mem-ind-2026-03-01 | Best Bid: (Decimal('0.570'), Decimal('3161.000')) | Best Ask: (Decimal('0.600'), Decimal('3621.000'))
2026-03-01 17:57:35,836 | INFO | Loaded snapshot for Asset ID: aec-nba-mem-ind-2026-03-01-inverse | Best Bid: (Decimal('0.400'), Decimal('3621.000')) | Best Ask: (Decimal('0.430'), Decimal('3161.000'))
2026-03-01 17:57:35,854 | INFO | Loaded snapshot for Asset ID: aec-nba-mem-ind-2026-03-01 | Best Bid: (Decimal('0.570'), Decimal('3161.000')) | Best Ask: (Decimal('0.600'), Decimal('3621.000'))
2026-03-01 17:57:35,854 | INFO | Loaded snapshot for Asset ID: aec-nba-mem-ind-2026-03-01-inverse | Best Bid: (Decimal('0.400'), Decimal('3621.000')) | Best Ask: (Decimal('0.430'), Decimal('3161.000'))
2026-03-01 17:57:35,884 | INFO | Loaded snapshot for Asset ID: aec-nba-min-den-2026-03-01 | Best Bid: (Decimal('0.930'), Decimal('400.000')) | Best Ask: (Decimal('0.940'), Decimal('54.000'))
2026-03-01 17:57:35,884 | INFO | Loaded snapshot for Asset ID: aec-nba-min-den-2026-03-01-inverse | Best Bid: (Decimal('0.060'), Decimal('54.000')) | Best Ask: (Decimal('0.070'), Decimal('400.000'))
2026-03-01 17:57:35,968 | INFO | Loaded snapshot for Asset ID: aec-nba-cle-bkn-2026-03-01 | Best Bid: (Decimal('0.950'), Decimal('5.000')) | Best Ask: (Decimal('0.970'), Decimal('3709.000'))
2026-03-01 17:57:35,969 | INFO | Loaded snapshot for Asset ID: aec-nba-cle-bkn-2026-03-01-inverse | Best Bid: (Decimal('0.030'), Decimal('3709.000')) | Best Ask: (Decimal('0.050'), Decimal('5.000'))
2026-03-01 17:57:35,969 | INFO | Loaded snapshot for Asset ID: aec-nba-cle-bkn-2026-03-01 | Best Bid: (Decimal('0.950'), Decimal('5.000')) | Best Ask: (Decimal('0.970'), Decimal('3709.000'))
2026-03-01 17:57:35,969 | INFO | Loaded snapshot for Asset ID: aec-nba-cle-bkn-2026-03-01-inverse | Best Bid: (Decimal('0.030'), Decimal('3709.000')) | Best Ask: (Decimal('0.050'), Decimal('5.000'))
2026-03-01 17:57:35,984 | INFO | Loaded snapshot for Asset ID: aec-nba-sac-lal-2026-03-01 | Best Bid: (Decimal('0.150'), Decimal('58655.000')) | Best Ask: (Decimal('0.160'), Decimal('69487.000'))
2026-03-01 17:57:35,984 | INFO | Loaded snapshot for Asset ID: aec-nba-sac-lal-2026-03-01-inverse | Best Bid: (Decimal('0.840'), Decimal('69487.000')) | Best Ask: (Decimal('0.850'), Decimal('58655.000'))
2026-03-01 17:57:36,034 | INFO | Loaded snapshot for Asset ID: aec-nba-mem-ind-2026-03-01 | Best Bid: (Decimal('0.570'), Decimal('3161.000')) | Best Ask: (Decimal('0.600'), Decimal('3621.000'))
2026-03-01 17:57:36,034 | INFO | Loaded snapshot for Asset ID: aec-nba-mem-ind-2026-03-01-inverse | Best Bid: (Decimal('0.400'), Decimal('3621.000')) | Best Ask: (Decimal('0.430'), Decimal('3161.000'))
2026-03-01 17:57:36,064 | INFO | Loaded snapshot for Asset ID: aec-nba-mem-ind-2026-03-01 | Best Bid: (Decimal('0.570'), Decimal('3161.000')) | Best Ask: (Decimal('0.600'), Decimal('3621.000'))
2026-03-01 17:57:36,064 | INFO | Loaded snapshot for Asset ID: aec-nba-mem-ind-2026-03-01-inverse | Best Bid: (Decimal('0.400'), Decimal('3621.000')) | Best Ask: (Decimal('0.430'), Decimal('3161.000'))
2026-03-01 17:57:36,095 | INFO | Loaded snapshot for Asset ID: aec-nba-mem-ind-2026-03-01 | Best Bid: (Decimal('0.570'), Decimal('3161.000')) | Best Ask: (Decimal('0.600'), Decimal('3621.000'))
2026-03-01 17:57:36,095 | INFO | Loaded snapshot for Asset ID: aec-nba-mem-ind-2026-03-01-inverse | Best Bid: (Decimal('0.400'), Decimal('3621.000')) | Best Ask: (Decimal('0.430'), Decimal('3161.000'))
2026-03-01 17:57:36,105 | INFO | Loaded snapshot for Asset ID: aec-nba-mem-ind-2026-03-01 | Best Bid: (Decimal('0.570'), Decimal('3161.000')) | Best Ask: (Decimal('0.600'), Decimal('3621.000'))
2026-03-01 17:57:36,105 | INFO | Loaded snapshot for Asset ID: aec-nba-mem-ind-2026-03-01-inverse | Best Bid: (Decimal('0.400'), Decimal('3621.000')) | Best Ask: (Decimal('0.430'), Decimal('3161.000'))
2026-03-01 17:57:36,223 | INFO | Loaded snapshot for Asset ID: aec-nba-sac-lal-2026-03-01 | Best Bid: (Decimal('0.150'), Decimal('58655.000')) | Best Ask: (Decimal('0.160'), Decimal('69487.000'))
2026-03-01 17:57:36,223 | INFO | Loaded snapshot for Asset ID: aec-nba-sac-lal-2026-03-01-inverse | Best Bid: (Decimal('0.840'), Decimal('69487.000')) | Best Ask: (Decimal('0.850'), Decimal('58655.000'))
2026-03-01 17:57:36,286 | INFO | Loaded snapshot for Asset ID: aec-nba-mem-ind-2026-03-01 | Best Bid: (Decimal('0.570'), Decimal('3161.000')) | Best Ask: (Decimal('0.600'), Decimal('3621.000'))
2026-03-01 17:57:36,286 | INFO | Loaded snapshot for Asset ID: aec-nba-mem-ind-2026-03-01-inverse | Best Bid: (Decimal('0.400'), Decimal('3621.000')) | Best Ask: (Decimal('0.430'), Decimal('3161.000'))
2026-03-01 17:57:36,318 | INFO | Loaded snapshot for Asset ID: aec-nba-mem-ind-2026-03-01 | Best Bid: (Decimal('0.570'), Decimal('3161.000')) | Best Ask: (Decimal('0.600'), Decimal('3621.000'))
2026-03-01 17:57:36,318 | INFO | Loaded snapshot for Asset ID: aec-nba-mem-ind-2026-03-01-inverse | Best Bid: (Decimal('0.400'), Decimal('3621.000')) | Best Ask: (Decimal('0.430'), Decimal('3161.000'))
2026-03-01 17:57:36,350 | INFO | Loaded snapshot for Asset ID: aec-nba-mem-ind-2026-03-01 | Best Bid: (Decimal('0.570'), Decimal('3161.000')) | Best Ask: (Decimal('0.600'), Decimal('3621.000'))
2026-03-01 17:57:36,350 | INFO | Loaded snapshot for Asset ID: aec-nba-mem-ind-2026-03-01-inverse | Best Bid: (Decimal('0.400'), Decimal('3621.000')) | Best Ask: (Decimal('0.430'), Decimal('3161.000'))
2026-03-01 17:57:36,399 | INFO | Loaded snapshot for Asset ID: aec-nba-min-den-2026-03-01 | Best Bid: (Decimal('0.930'), Decimal('400.000')) | Best Ask: (Decimal('0.950'), Decimal('1318.000'))
2026-03-01 17:57:36,399 | INFO | Loaded snapshot for Asset ID: aec-nba-min-den-2026-03-01-inverse | Best Bid: (Decimal('0.050'), Decimal('1318.000')) | Best Ask: (Decimal('0.070'), Decimal('400.000'))
2026-03-01 17:57:36,435 | INFO | Loaded snapshot for Asset ID: aec-nba-min-den-2026-03-01 | Best Bid: (Decimal('0.930'), Decimal('400.000')) | Best Ask: (Decimal('0.950'), Decimal('1318.000'))
2026-03-01 17:57:36,435 | INFO | Loaded snapshot for Asset ID: aec-nba-min-den-2026-03-01-inverse | Best Bid: (Decimal('0.050'), Decimal('1318.000')) | Best Ask: (Decimal('0.070'), Decimal('400.000'))
2026-03-01 17:57:36,461 | INFO | Loaded snapshot for Asset ID: aec-nba-min-den-2026-03-01 | Best Bid: (Decimal('0.930'), Decimal('400.000')) | Best Ask: (Decimal('0.950'), Decimal('1318.000'))
2026-03-01 17:57:36,461 | INFO | Loaded snapshot for Asset ID: aec-nba-min-den-2026-03-01-inverse | Best Bid: (Decimal('0.050'), Decimal('1318.000')) | Best Ask: (Decimal('0.070'), Decimal('400.000'))
2026-03-01 17:57:36,468 | INFO | Loaded snapshot for Asset ID: aec-nba-mem-ind-2026-03-01 | Best Bid: (Decimal('0.570'), Decimal('3161.000')) | Best Ask: (Decimal('0.600'), Decimal('3621.000'))
2026-03-01 17:57:36,476 | INFO | Loaded snapshot for Asset ID: aec-nba-mem-ind-2026-03-01-inverse | Best Bid: (Decimal('0.400'), Decimal('3621.000')) | Best Ask: (Decimal('0.430'), Decimal('3161.000'))
2026-03-01 17:57:36,508 | INFO | Loaded snapshot for Asset ID: aec-nba-sac-lal-2026-03-01 | Best Bid: (Decimal('0.150'), Decimal('58655.000')) | Best Ask: (Decimal('0.160'), Decimal('69487.000'))
2026-03-01 17:57:36,508 | INFO | Loaded snapshot for Asset ID: aec-nba-sac-lal-2026-03-01-inverse | Best Bid: (Decimal('0.840'), Decimal('69487.000')) | Best Ask: (Decimal('0.850'), Decimal('58655.000'))
2026-03-01 17:57:36,508 | INFO | Loaded snapshot for Asset ID: aec-nba-mem-ind-2026-03-01 | Best Bid: (Decimal('0.570'), Decimal('3161.000')) | Best Ask: (Decimal('0.600'), Decimal('3621.000'))
2026-03-01 17:57:36,508 | INFO | Loaded snapshot for Asset ID: aec-nba-mem-ind-2026-03-01-inverse | Best Bid: (Decimal('0.400'), Decimal('3621.000')) | Best Ask: (Decimal('0.430'), Decimal('3161.000'))
2026-03-01 17:57:36,524 | INFO | Loaded snapshot for Asset ID: aec-nba-sac-lal-2026-03-01 | Best Bid: (Decimal('0.150'), Decimal('58655.000')) | Best Ask: (Decimal('0.160'), Decimal('69487.000'))
2026-03-01 17:57:36,532 | INFO | Loaded snapshot for Asset ID: aec-nba-sac-lal-2026-03-01-inverse | Best Bid: (Decimal('0.840'), Decimal('69487.000')) | Best Ask: (Decimal('0.850'), Decimal('58655.000'))
2026-03-01 17:57:36,532 | INFO | Loaded snapshot for Asset ID: aec-nba-min-den-2026-03-01 | Best Bid: (Decimal('0.930'), Decimal('400.000')) | Best Ask: (Decimal('0.940'), Decimal('54.000'))
2026-03-01 17:57:36,532 | INFO | Loaded snapshot for Asset ID: aec-nba-min-den-2026-03-01-inverse | Best Bid: (Decimal('0.060'), Decimal('54.000')) | Best Ask: (Decimal('0.070'), Decimal('400.000'))
2026-03-01 17:57:36,558 | INFO | Loaded snapshot for Asset ID: aec-nba-mem-ind-2026-03-01 | Best Bid: (Decimal('0.570'), Decimal('3161.000')) | Best Ask: (Decimal('0.600'), Decimal('3621.000'))
2026-03-01 17:57:36,568 | INFO | Loaded snapshot for Asset ID: aec-nba-mem-ind-2026-03-01-inverse | Best Bid: (Decimal('0.400'), Decimal('3621.000')) | Best Ask: (Decimal('0.430'), Decimal('3161.000'))
2026-03-01 17:57:36,606 | INFO | Loaded snapshot for Asset ID: aec-nba-mem-ind-2026-03-01 | Best Bid: (Decimal('0.570'), Decimal('3161.000')) | Best Ask: (Decimal('0.600'), Decimal('3621.000'))
2026-03-01 17:57:36,606 | INFO | Loaded snapshot for Asset ID: aec-nba-mem-ind-2026-03-01-inverse | Best Bid: (Decimal('0.400'), Decimal('3621.000')) | Best Ask: (Decimal('0.430'), Decimal('3161.000'))
2026-03-01 17:57:36,749 | INFO | Loaded snapshot for Asset ID: aec-nba-sac-lal-2026-03-01 | Best Bid: (Decimal('0.150'), Decimal('58655.000')) | Best Ask: (Decimal('0.160'), Decimal('69487.000'))
2026-03-01 17:57:36,749 | INFO | Loaded snapshot for Asset ID: aec-nba-sac-lal-2026-03-01-inverse | Best Bid: (Decimal('0.840'), Decimal('69487.000')) | Best Ask: (Decimal('0.850'), Decimal('58655.000'))
2026-03-01 17:57:36,782 | INFO | Loaded snapshot for Asset ID: aec-nba-sac-lal-2026-03-01 | Best Bid: (Decimal('0.150'), Decimal('58655.000')) | Best Ask: (Decimal('0.160'), Decimal('69487.000'))
2026-03-01 17:57:36,782 | INFO | Loaded snapshot for Asset ID: aec-nba-sac-lal-2026-03-01-inverse | Best Bid: (Decimal('0.840'), Decimal('69487.000')) | Best Ask: (Decimal('0.850'), Decimal('58655.000'))
2026-03-01 17:57:36,813 | INFO | Loaded snapshot for Asset ID: aec-nba-mem-ind-2026-03-01 | Best Bid: (Decimal('0.570'), Decimal('3161.000')) | Best Ask: (Decimal('0.600'), Decimal('3621.000'))
2026-03-01 17:57:36,813 | INFO | Loaded snapshot for Asset ID: aec-nba-mem-ind-2026-03-01-inverse | Best Bid: (Decimal('0.400'), Decimal('3621.000')) | Best Ask: (Decimal('0.430'), Decimal('3161.000'))
2026-03-01 17:57:36,869 | INFO | Loaded snapshot for Asset ID: aec-nba-mem-ind-2026-03-01 | Best Bid: (Decimal('0.570'), Decimal('3161.000')) | Best Ask: (Decimal('0.600'), Decimal('3621.000'))
2026-03-01 17:57:36,869 | INFO | Loaded snapshot for Asset ID: aec-nba-mem-ind-2026-03-01-inverse | Best Bid: (Decimal('0.400'), Decimal('3621.000')) | Best Ask: (Decimal('0.430'), Decimal('3161.000'))
2026-03-01 17:57:36,869 | INFO | Loaded snapshot for Asset ID: aec-nba-cle-bkn-2026-03-01 | Best Bid: (Decimal('0.950'), Decimal('221.000')) | Best Ask: (Decimal('0.970'), Decimal('3709.000'))
2026-03-01 17:57:36,869 | INFO | Loaded snapshot for Asset ID: aec-nba-cle-bkn-2026-03-01-inverse | Best Bid: (Decimal('0.030'), Decimal('3709.000')) | Best Ask: (Decimal('0.050'), Decimal('221.000'))
2026-03-01 17:57:36,936 | INFO | Loaded snapshot for Asset ID: aec-nba-min-den-2026-03-01 | Best Bid: (Decimal('0.930'), Decimal('400.000')) | Best Ask: (Decimal('0.940'), Decimal('54.000'))
2026-03-01 17:57:36,936 | INFO | Loaded snapshot for Asset ID: aec-nba-min-den-2026-03-01-inverse | Best Bid: (Decimal('0.060'), Decimal('54.000')) | Best Ask: (Decimal('0.070'), Decimal('400.000'))
2026-03-01 17:57:37,009 | INFO | Loaded snapshot for Asset ID: aec-nba-sac-lal-2026-03-01 | Best Bid: (Decimal('0.150'), Decimal('58655.000')) | Best Ask: (Decimal('0.160'), Decimal('69487.000'))
2026-03-01 17:57:37,009 | INFO | Loaded snapshot for Asset ID: aec-nba-sac-lal-2026-03-01-inverse | Best Bid: (Decimal('0.840'), Decimal('69487.000')) | Best Ask: (Decimal('0.850'), Decimal('58655.000'))
2026-03-01 17:57:37,009 | INFO | Loaded snapshot for Asset ID: aec-nba-sac-lal-2026-03-01 | Best Bid: (Decimal('0.150'), Decimal('58655.000')) | Best Ask: (Decimal('0.160'), Decimal('69487.000'))
2026-03-01 17:57:37,023 | INFO | Loaded snapshot for Asset ID: aec-nba-sac-lal-2026-03-01-inverse | Best Bid: (Decimal('0.840'), Decimal('69487.000')) | Best Ask: (Decimal('0.850'), Decimal('58655.000'))
2026-03-01 17:57:37,118 | INFO | Loaded snapshot for Asset ID: aec-nba-min-den-2026-03-01 | Best Bid: (Decimal('0.930'), Decimal('400.000')) | Best Ask: (Decimal('0.940'), Decimal('54.000'))
2026-03-01 17:57:37,118 | INFO | Loaded snapshot for Asset ID: aec-nba-min-den-2026-03-01-inverse | Best Bid: (Decimal('0.060'), Decimal('54.000')) | Best Ask: (Decimal('0.070'), Decimal('400.000'))
2026-03-01 17:57:37,134 | INFO | Loaded snapshot for Asset ID: aec-nba-min-den-2026-03-01 | Best Bid: (Decimal('0.930'), Decimal('400.000')) | Best Ask: (Decimal('0.940'), Decimal('54.000'))
2026-03-01 17:57:37,134 | INFO | Loaded snapshot for Asset ID: aec-nba-min-den-2026-03-01-inverse | Best Bid: (Decimal('0.060'), Decimal('54.000')) | Best Ask: (Decimal('0.070'), Decimal('400.000'))
2026-03-01 17:57:37,259 | INFO | Loaded snapshot for Asset ID: aec-nba-sac-lal-2026-03-01 | Best Bid: (Decimal('0.150'), Decimal('58655.000')) | Best Ask: (Decimal('0.160'), Decimal('69487.000'))
2026-03-01 17:57:37,259 | INFO | Loaded snapshot for Asset ID: aec-nba-sac-lal-2026-03-01-inverse | Best Bid: (Decimal('0.840'), Decimal('69487.000')) | Best Ask: (Decimal('0.850'), Decimal('58655.000'))
2026-03-01 17:57:37,287 | INFO | Loaded snapshot for Asset ID: aec-nba-sac-lal-2026-03-01 | Best Bid: (Decimal('0.150'), Decimal('58655.000')) | Best Ask: (Decimal('0.160'), Decimal('69487.000'))
2026-03-01 17:57:37,287 | INFO | Loaded snapshot for Asset ID: aec-nba-sac-lal-2026-03-01-inverse | Best Bid: (Decimal('0.840'), Decimal('69487.000')) | Best Ask: (Decimal('0.850'), Decimal('58655.000'))
2026-03-01 17:57:37,512 | INFO | Loaded snapshot for Asset ID: aec-nba-sac-lal-2026-03-01 | Best Bid: (Decimal('0.150'), Decimal('58655.000')) | Best Ask: (Decimal('0.160'), Decimal('69487.000'))
2026-03-01 17:57:37,512 | INFO | Loaded snapshot for Asset ID: aec-nba-sac-lal-2026-03-01-inverse | Best Bid: (Decimal('0.840'), Decimal('69487.000')) | Best Ask: (Decimal('0.850'), Decimal('58655.000'))
2026-03-01 17:57:37,529 | INFO | Loaded snapshot for Asset ID: aec-nba-sac-lal-2026-03-01 | Best Bid: (Decimal('0.150'), Decimal('58655.000')) | Best Ask: (Decimal('0.160'), Decimal('69487.000'))
2026-03-01 17:57:37,529 | INFO | Loaded snapshot for Asset ID: aec-nba-sac-lal-2026-03-01-inverse | Best Bid: (Decimal('0.840'), Decimal('69487.000')) | Best Ask: (Decimal('0.850'), Decimal('58655.000'))
2026-03-01 17:57:37,745 | INFO | Loaded snapshot for Asset ID: aec-nba-cle-bkn-2026-03-01 | Best Bid: (Decimal('0.950'), Decimal('221.000')) | Best Ask: (Decimal('0.970'), Decimal('3709.000'))
2026-03-01 17:57:37,750 | INFO | Loaded snapshot for Asset ID: aec-nba-cle-bkn-2026-03-01-inverse | Best Bid: (Decimal('0.030'), Decimal('3709.000')) | Best Ask: (Decimal('0.050'), Decimal('221.000'))
2026-03-01 17:57:37,753 | INFO | Loaded snapshot for Asset ID: aec-nba-sac-lal-2026-03-01 | Best Bid: (Decimal('0.150'), Decimal('58655.000')) | Best Ask: (Decimal('0.160'), Decimal('69487.000'))
2026-03-01 17:57:37,753 | INFO | Loaded snapshot for Asset ID: aec-nba-sac-lal-2026-03-01-inverse | Best Bid: (Decimal('0.840'), Decimal('69487.000')) | Best Ask: (Decimal('0.850'), Decimal('58655.000'))
2026-03-01 17:57:37,756 | INFO | Loaded snapshot for Asset ID: aec-nba-cle-bkn-2026-03-01 | Best Bid: (Decimal('0.950'), Decimal('221.000')) | Best Ask: (Decimal('0.970'), Decimal('3709.000'))
2026-03-01 17:57:37,756 | INFO | Loaded snapshot for Asset ID: aec-nba-cle-bkn-2026-03-01-inverse | Best Bid: (Decimal('0.030'), Decimal('3709.000')) | Best Ask: (Decimal('0.050'), Decimal('221.000'))
2026-03-01 17:57:37,811 | INFO | Loaded snapshot for Asset ID: aec-nba-sac-lal-2026-03-01 | Best Bid: (Decimal('0.150'), Decimal('58655.000')) | Best Ask: (Decimal('0.160'), Decimal('69487.000'))
2026-03-01 17:57:37,811 | INFO | Loaded snapshot for Asset ID: aec-nba-sac-lal-2026-03-01-inverse | Best Bid: (Decimal('0.840'), Decimal('69487.000')) | Best Ask: (Decimal('0.850'), Decimal('58655.000'))
2026-03-01 17:57:38,010 | INFO | Loaded snapshot for Asset ID: aec-nba-min-den-2026-03-01 | Best Bid: (Decimal('0.930'), Decimal('400.000')) | Best Ask: (Decimal('0.940'), Decimal('54.000'))
2026-03-01 17:57:38,010 | INFO | Loaded snapshot for Asset ID: aec-nba-min-den-2026-03-01-inverse | Best Bid: (Decimal('0.060'), Decimal('54.000')) | Best Ask: (Decimal('0.070'), Decimal('400.000'))
2026-03-01 17:57:38,026 | INFO | Loaded snapshot for Asset ID: aec-nba-sac-lal-2026-03-01 | Best Bid: (Decimal('0.150'), Decimal('58655.000')) | Best Ask: (Decimal('0.160'), Decimal('69487.000'))
2026-03-01 17:57:38,026 | INFO | Loaded snapshot for Asset ID: aec-nba-sac-lal-2026-03-01-inverse | Best Bid: (Decimal('0.840'), Decimal('69487.000')) | Best Ask: (Decimal('0.850'), Decimal('58655.000'))
2026-03-01 17:57:38,026 | INFO | Loaded snapshot for Asset ID: aec-nba-cle-bkn-2026-03-01 | Best Bid: (Decimal('0.950'), Decimal('221.000')) | Best Ask: (Decimal('0.970'), Decimal('3709.000'))
2026-03-01 17:57:38,026 | INFO | Loaded snapshot for Asset ID: aec-nba-cle-bkn-2026-03-01-inverse | Best Bid: (Decimal('0.030'), Decimal('3709.000')) | Best Ask: (Decimal('0.050'), Decimal('221.000'))
2026-03-01 17:57:38,028 | INFO | Loaded snapshot for Asset ID: aec-nba-min-den-2026-03-01 | Best Bid: (Decimal('0.930'), Decimal('400.000')) | Best Ask: (Decimal('0.940'), Decimal('54.000'))
2026-03-01 17:57:38,028 | INFO | Loaded snapshot for Asset ID: aec-nba-min-den-2026-03-01-inverse | Best Bid: (Decimal('0.060'), Decimal('54.000')) | Best Ask: (Decimal('0.070'), Decimal('400.000'))
2026-03-01 17:57:38,028 | INFO | Loaded snapshot for Asset ID: aec-nba-sac-lal-2026-03-01 | Best Bid: (Decimal('0.150'), Decimal('58655.000')) | Best Ask: (Decimal('0.160'), Decimal('69487.000'))
2026-03-01 17:57:38,028 | INFO | Loaded snapshot for Asset ID: aec-nba-sac-lal-2026-03-01-inverse | Best Bid: (Decimal('0.840'), Decimal('69487.000')) | Best Ask: (Decimal('0.850'), Decimal('58655.000'))
2026-03-01 17:57:38,060 | INFO | Loaded snapshot for Asset ID: aec-nba-min-den-2026-03-01 | Best Bid: (Decimal('0.930'), Decimal('400.000')) | Best Ask: (Decimal('0.940'), Decimal('54.000'))
2026-03-01 17:57:38,060 | INFO | Loaded snapshot for Asset ID: aec-nba-min-den-2026-03-01-inverse | Best Bid: (Decimal('0.060'), Decimal('54.000')) | Best Ask: (Decimal('0.070'), Decimal('400.000'))
2026-03-01 17:57:38,124 | INFO | Loaded snapshot for Asset ID: aec-nba-min-den-2026-03-01 | Best Bid: (Decimal('0.930'), Decimal('400.000')) | Best Ask: (Decimal('0.940'), Decimal('54.000'))
2026-03-01 17:57:38,124 | INFO | Loaded snapshot for Asset ID: aec-nba-min-den-2026-03-01-inverse | Best Bid: (Decimal('0.060'), Decimal('54.000')) | Best Ask: (Decimal('0.070'), Decimal('400.000'))
2026-03-01 17:57:38,145 | INFO | Loaded snapshot for Asset ID: aec-nba-min-den-2026-03-01 | Best Bid: (Decimal('0.930'), Decimal('1100.000')) | Best Ask: (Decimal('0.940'), Decimal('54.000'))
2026-03-01 17:57:38,145 | INFO | Loaded snapshot for Asset ID: aec-nba-min-den-2026-03-01-inverse | Best Bid: (Decimal('0.060'), Decimal('54.000')) | Best Ask: (Decimal('0.070'), Decimal('1100.000'))
2026-03-01 17:57:38,187 | INFO | Loaded snapshot for Asset ID: aec-nba-cle-bkn-2026-03-01 | Best Bid: (Decimal('0.950'), Decimal('221.000')) | Best Ask: (Decimal('0.970'), Decimal('3709.000'))
2026-03-01 17:57:38,187 | INFO | Loaded snapshot for Asset ID: aec-nba-cle-bkn-2026-03-01-inverse | Best Bid: (Decimal('0.030'), Decimal('3709.000')) | Best Ask: (Decimal('0.050'), Decimal('221.000'))
2026-03-01 17:57:38,235 | INFO | Loaded snapshot for Asset ID: aec-nba-min-den-2026-03-01 | Best Bid: (Decimal('0.930'), Decimal('1100.000')) | Best Ask: (Decimal('0.940'), Decimal('54.000'))
2026-03-01 17:57:38,235 | INFO | Loaded snapshot for Asset ID: aec-nba-min-den-2026-03-01-inverse | Best Bid: (Decimal('0.060'), Decimal('54.000')) | Best Ask: (Decimal('0.070'), Decimal('1100.000'))
2026-03-01 17:57:38,251 | INFO | Loaded snapshot for Asset ID: aec-nba-min-den-2026-03-01 | Best Bid: (Decimal('0.930'), Decimal('1100.000')) | Best Ask: (Decimal('0.940'), Decimal('54.000'))
2026-03-01 17:57:38,251 | INFO | Loaded snapshot for Asset ID: aec-nba-min-den-2026-03-01-inverse | Best Bid: (Decimal('0.060'), Decimal('54.000')) | Best Ask: (Decimal('0.070'), Decimal('1100.000'))
2026-03-01 17:57:38,301 | INFO | Loaded snapshot for Asset ID: aec-nba-sac-lal-2026-03-01 | Best Bid: (Decimal('0.150'), Decimal('58655.000')) | Best Ask: (Decimal('0.160'), Decimal('69487.000'))
2026-03-01 17:57:38,301 | INFO | Loaded snapshot for Asset ID: aec-nba-sac-lal-2026-03-01-inverse | Best Bid: (Decimal('0.840'), Decimal('69487.000')) | Best Ask: (Decimal('0.850'), Decimal('58655.000'))
2026-03-01 17:57:38,301 | INFO | Loaded snapshot for Asset ID: aec-nba-sac-lal-2026-03-01 | Best Bid: (Decimal('0.150'), Decimal('58655.000')) | Best Ask: (Decimal('0.160'), Decimal('69487.000'))
2026-03-01 17:57:38,301 | INFO | Loaded snapshot for Asset ID: aec-nba-sac-lal-2026-03-01-inverse | Best Bid: (Decimal('0.840'), Decimal('69487.000')) | Best Ask: (Decimal('0.850'), Decimal('58655.000'))
2026-03-01 17:57:38,315 | INFO | Loaded snapshot for Asset ID: aec-nba-min-den-2026-03-01 | Best Bid: (Decimal('0.930'), Decimal('1638.000')) | Best Ask: (Decimal('0.940'), Decimal('54.000'))
2026-03-01 17:57:38,315 | INFO | Loaded snapshot for Asset ID: aec-nba-min-den-2026-03-01-inverse | Best Bid: (Decimal('0.060'), Decimal('54.000')) | Best Ask: (Decimal('0.070'), Decimal('1638.000'))
2026-03-01 17:57:38,315 | INFO | Loaded snapshot for Asset ID: aec-nba-cle-bkn-2026-03-01 | Best Bid: (Decimal('0.950'), Decimal('221.000')) | Best Ask: (Decimal('0.970'), Decimal('3709.000'))
2026-03-01 17:57:38,315 | INFO | Loaded snapshot for Asset ID: aec-nba-cle-bkn-2026-03-01-inverse | Best Bid: (Decimal('0.030'), Decimal('3709.000')) | Best Ask: (Decimal('0.050'), Decimal('221.000'))
2026-03-01 17:57:38,334 | INFO | Loaded snapshot for Asset ID: aec-nba-min-den-2026-03-01 | Best Bid: (Decimal('0.930'), Decimal('1638.000')) | Best Ask: (Decimal('0.940'), Decimal('54.000'))
2026-03-01 17:57:38,334 | INFO | Loaded snapshot for Asset ID: aec-nba-min-den-2026-03-01-inverse | Best Bid: (Decimal('0.060'), Decimal('54.000')) | Best Ask: (Decimal('0.070'), Decimal('1638.000'))
2026-03-01 17:57:38,379 | INFO | Loaded snapshot for Asset ID: aec-nba-min-den-2026-03-01 | Best Bid: (Decimal('0.930'), Decimal('1648.000')) | Best Ask: (Decimal('0.940'), Decimal('54.000'))
2026-03-01 17:57:38,379 | INFO | Loaded snapshot for Asset ID: aec-nba-min-den-2026-03-01-inverse | Best Bid: (Decimal('0.060'), Decimal('54.000')) | Best Ask: (Decimal('0.070'), Decimal('1648.000'))
2026-03-01 17:57:38,398 | INFO | Loaded snapshot for Asset ID: aec-nba-min-den-2026-03-01 | Best Bid: (Decimal('0.930'), Decimal('1648.000')) | Best Ask: (Decimal('0.940'), Decimal('54.000'))
2026-03-01 17:57:38,398 | INFO | Loaded snapshot for Asset ID: aec-nba-min-den-2026-03-01-inverse | Best Bid: (Decimal('0.060'), Decimal('54.000')) | Best Ask: (Decimal('0.070'), Decimal('1648.000'))
2026-03-01 17:57:38,490 | INFO | Loaded snapshot for Asset ID: aec-nba-min-den-2026-03-01 | Best Bid: (Decimal('0.930'), Decimal('1648.000')) | Best Ask: (Decimal('0.940'), Decimal('44.000'))
2026-03-01 17:57:38,490 | INFO | Loaded snapshot for Asset ID: aec-nba-min-den-2026-03-01-inverse | Best Bid: (Decimal('0.060'), Decimal('44.000')) | Best Ask: (Decimal('0.070'), Decimal('1648.000'))
2026-03-01 17:57:38,522 | INFO | Loaded snapshot for Asset ID: aec-nba-mem-ind-2026-03-01 | Best Bid: (Decimal('0.570'), Decimal('3336.000')) | Best Ask: (Decimal('0.600'), Decimal('3621.000'))
2026-03-01 17:57:38,522 | INFO | Loaded snapshot for Asset ID: aec-nba-mem-ind-2026-03-01-inverse | Best Bid: (Decimal('0.400'), Decimal('3621.000')) | Best Ask: (Decimal('0.430'), Decimal('3336.000'))
2026-03-01 17:57:38,541 | INFO | Loaded snapshot for Asset ID: aec-nba-min-den-2026-03-01 | Best Bid: (Decimal('0.930'), Decimal('1648.000')) | Best Ask: (Decimal('0.940'), Decimal('44.000'))
2026-03-01 17:57:38,541 | INFO | Loaded snapshot for Asset ID: aec-nba-min-den-2026-03-01-inverse | Best Bid: (Decimal('0.060'), Decimal('44.000')) | Best Ask: (Decimal('0.070'), Decimal('1648.000'))
2026-03-01 17:57:38,552 | INFO | Loaded snapshot for Asset ID: aec-nba-sac-lal-2026-03-01 | Best Bid: (Decimal('0.150'), Decimal('58655.000')) | Best Ask: (Decimal('0.160'), Decimal('69487.000'))
2026-03-01 17:57:38,552 | INFO | Loaded snapshot for Asset ID: aec-nba-sac-lal-2026-03-01-inverse | Best Bid: (Decimal('0.840'), Decimal('69487.000')) | Best Ask: (Decimal('0.850'), Decimal('58655.000'))
2026-03-01 17:57:38,592 | INFO | Loaded snapshot for Asset ID: aec-nba-sac-lal-2026-03-01 | Best Bid: (Decimal('0.150'), Decimal('58655.000')) | Best Ask: (Decimal('0.160'), Decimal('69487.000'))
2026-03-01 17:57:38,593 | INFO | Loaded snapshot for Asset ID: aec-nba-sac-lal-2026-03-01-inverse | Best Bid: (Decimal('0.840'), Decimal('69487.000')) | Best Ask: (Decimal('0.850'), Decimal('58655.000'))
2026-03-01 17:57:38,610 | INFO | Loaded snapshot for Asset ID: aec-nba-min-den-2026-03-01 | Best Bid: (Decimal('0.930'), Decimal('1648.000')) | Best Ask: (Decimal('0.940'), Decimal('44.000'))
2026-03-01 17:57:38,611 | INFO | Loaded snapshot for Asset ID: aec-nba-min-den-2026-03-01-inverse | Best Bid: (Decimal('0.060'), Decimal('44.000')) | Best Ask: (Decimal('0.070'), Decimal('1648.000'))
2026-03-01 17:57:38,612 | INFO | Loaded snapshot for Asset ID: aec-nba-min-den-2026-03-01 | Best Bid: (Decimal('0.930'), Decimal('1648.000')) | Best Ask: (Decimal('0.950'), Decimal('54.000'))
2026-03-01 17:57:38,612 | INFO | Loaded snapshot for Asset ID: aec-nba-min-den-2026-03-01-inverse | Best Bid: (Decimal('0.050'), Decimal('54.000')) | Best Ask: (Decimal('0.070'), Decimal('1648.000'))
2026-03-01 17:57:38,671 | INFO | Loaded snapshot for Asset ID: aec-nba-min-den-2026-03-01 | Best Bid: (Decimal('0.930'), Decimal('1648.000')) | Best Ask: (Decimal('0.940'), Decimal('44.000'))
2026-03-01 17:57:38,673 | INFO | Loaded snapshot for Asset ID: aec-nba-min-den-2026-03-01-inverse | Best Bid: (Decimal('0.060'), Decimal('44.000')) | Best Ask: (Decimal('0.070'), Decimal('1648.000'))
2026-03-01 17:57:38,716 | INFO | Loaded snapshot for Asset ID: aec-nba-min-den-2026-03-01 | Best Bid: (Decimal('0.930'), Decimal('1649.000')) | Best Ask: (Decimal('0.940'), Decimal('44.000'))
2026-03-01 17:57:38,719 | INFO | Loaded snapshot for Asset ID: aec-nba-min-den-2026-03-01-inverse | Best Bid: (Decimal('0.060'), Decimal('44.000')) | Best Ask: (Decimal('0.070'), Decimal('1649.000'))
2026-03-01 17:57:38,764 | INFO | Loaded snapshot for Asset ID: aec-nba-min-den-2026-03-01 | Best Bid: (Decimal('0.930'), Decimal('1649.000')) | Best Ask: (Decimal('0.950'), Decimal('10.000'))
2026-03-01 17:57:38,764 | INFO | Loaded snapshot for Asset ID: aec-nba-min-den-2026-03-01-inverse | Best Bid: (Decimal('0.050'), Decimal('10.000')) | Best Ask: (Decimal('0.070'), Decimal('1649.000'))
2026-03-01 17:57:38,764 | INFO | Loaded snapshot for Asset ID: aec-nba-cle-bkn-2026-03-01 | Best Bid: (Decimal('0.950'), Decimal('221.000')) | Best Ask: (Decimal('0.970'), Decimal('2165.000'))
2026-03-01 17:57:38,764 | INFO | Loaded snapshot for Asset ID: aec-nba-cle-bkn-2026-03-01-inverse | Best Bid: (Decimal('0.030'), Decimal('2165.000')) | Best Ask: (Decimal('0.050'), Decimal('221.000'))
2026-03-01 17:57:38,797 | INFO | Loaded snapshot for Asset ID: aec-nba-min-den-2026-03-01 | Best Bid: (Decimal('0.930'), Decimal('1649.000')) | Best Ask: (Decimal('0.950'), Decimal('10.000'))
2026-03-01 17:57:38,797 | INFO | Loaded snapshot for Asset ID: aec-nba-min-den-2026-03-01-inverse | Best Bid: (Decimal('0.050'), Decimal('10.000')) | Best Ask: (Decimal('0.070'), Decimal('1649.000'))
2026-03-01 17:57:38,837 | INFO | Loaded snapshot for Asset ID: aec-nba-sac-lal-2026-03-01 | Best Bid: (Decimal('0.150'), Decimal('58655.000')) | Best Ask: (Decimal('0.160'), Decimal('69487.000'))
2026-03-01 17:57:38,837 | INFO | Loaded snapshot for Asset ID: aec-nba-sac-lal-2026-03-01-inverse | Best Bid: (Decimal('0.840'), Decimal('69487.000')) | Best Ask: (Decimal('0.850'), Decimal('58655.000'))
2026-03-01 17:57:38,844 | INFO | Loaded snapshot for Asset ID: aec-nba-cle-bkn-2026-03-01 | Best Bid: (Decimal('0.950'), Decimal('221.000')) | Best Ask: (Decimal('0.970'), Decimal('2476.000'))
2026-03-01 17:57:38,844 | INFO | Loaded snapshot for Asset ID: aec-nba-cle-bkn-2026-03-01-inverse | Best Bid: (Decimal('0.030'), Decimal('2476.000')) | Best Ask: (Decimal('0.050'), Decimal('221.000'))
2026-03-01 17:57:38,879 | INFO | Loaded snapshot for Asset ID: aec-nba-min-den-2026-03-01 | Best Bid: (Decimal('0.930'), Decimal('1649.000')) | Best Ask: (Decimal('0.950'), Decimal('10.000'))
2026-03-01 17:57:38,879 | INFO | Loaded snapshot for Asset ID: aec-nba-min-den-2026-03-01-inverse | Best Bid: (Decimal('0.050'), Decimal('10.000')) | Best Ask: (Decimal('0.070'), Decimal('1649.000'))
2026-03-01 17:57:38,885 | INFO | Loaded snapshot for Asset ID: aec-nba-cle-bkn-2026-03-01 | Best Bid: (Decimal('0.950'), Decimal('221.000')) | Best Ask: (Decimal('0.970'), Decimal('2476.000'))
2026-03-01 17:57:38,886 | INFO | Loaded snapshot for Asset ID: aec-nba-cle-bkn-2026-03-01-inverse | Best Bid: (Decimal('0.030'), Decimal('2476.000')) | Best Ask: (Decimal('0.050'), Decimal('221.000'))
2026-03-01 17:57:38,922 | INFO | Loaded snapshot for Asset ID: aec-nba-cle-bkn-2026-03-01 | Best Bid: (Decimal('0.950'), Decimal('221.000')) | Best Ask: (Decimal('0.970'), Decimal('2487.000'))
2026-03-01 17:57:38,922 | INFO | Loaded snapshot for Asset ID: aec-nba-cle-bkn-2026-03-01-inverse | Best Bid: (Decimal('0.030'), Decimal('2487.000')) | Best Ask: (Decimal('0.050'), Decimal('221.000'))
2026-03-01 17:57:38,978 | INFO | Loaded snapshot for Asset ID: aec-nba-cle-bkn-2026-03-01 | Best Bid: (Decimal('0.950'), Decimal('221.000')) | Best Ask: (Decimal('0.970'), Decimal('2487.000'))
2026-03-01 17:57:38,986 | INFO | Loaded snapshot for Asset ID: aec-nba-cle-bkn-2026-03-01-inverse | Best Bid: (Decimal('0.030'), Decimal('2487.000')) | Best Ask: (Decimal('0.050'), Decimal('221.000'))
2026-03-01 17:57:39,027 | INFO | Loaded snapshot for Asset ID: aec-nba-min-den-2026-03-01 | Best Bid: (Decimal('0.930'), Decimal('1649.000')) | Best Ask: (Decimal('0.950'), Decimal('10.000'))
2026-03-01 17:57:39,027 | INFO | Loaded snapshot for Asset ID: aec-nba-min-den-2026-03-01-inverse | Best Bid: (Decimal('0.050'), Decimal('10.000')) | Best Ask: (Decimal('0.070'), Decimal('1649.000'))
2026-03-01 17:57:39,059 | INFO | Loaded snapshot for Asset ID: aec-nba-sac-lal-2026-03-01 | Best Bid: (Decimal('0.150'), Decimal('58655.000')) | Best Ask: (Decimal('0.160'), Decimal('69487.000'))
2026-03-01 17:57:39,059 | INFO | Loaded snapshot for Asset ID: aec-nba-sac-lal-2026-03-01-inverse | Best Bid: (Decimal('0.840'), Decimal('69487.000')) | Best Ask: (Decimal('0.850'), Decimal('58655.000'))
2026-03-01 17:57:39,097 | INFO | Loaded snapshot for Asset ID: aec-nba-sac-lal-2026-03-01 | Best Bid: (Decimal('0.150'), Decimal('58655.000')) | Best Ask: (Decimal('0.160'), Decimal('69487.000'))
2026-03-01 17:57:39,097 | INFO | Loaded snapshot for Asset ID: aec-nba-sac-lal-2026-03-01-inverse | Best Bid: (Decimal('0.840'), Decimal('69487.000')) | Best Ask: (Decimal('0.850'), Decimal('58655.000'))
2026-03-01 17:57:39,336 | INFO | Loaded snapshot for Asset ID: aec-nba-sac-lal-2026-03-01 | Best Bid: (Decimal('0.150'), Decimal('58655.000')) | Best Ask: (Decimal('0.160'), Decimal('69487.000'))
2026-03-01 17:57:39,336 | INFO | Loaded snapshot for Asset ID: aec-nba-sac-lal-2026-03-01-inverse | Best Bid: (Decimal('0.840'), Decimal('69487.000')) | Best Ask: (Decimal('0.850'), Decimal('58655.000'))
2026-03-01 17:57:39,363 | INFO | Loaded snapshot for Asset ID: aec-nba-min-den-2026-03-01 | Best Bid: (Decimal('0.930'), Decimal('1649.000')) | Best Ask: (Decimal('0.950'), Decimal('10.000'))
2026-03-01 17:57:39,363 | INFO | Loaded snapshot for Asset ID: aec-nba-min-den-2026-03-01-inverse | Best Bid: (Decimal('0.050'), Decimal('10.000')) | Best Ask: (Decimal('0.070'), Decimal('1649.000'))
2026-03-01 17:57:39,363 | INFO | Loaded snapshot for Asset ID: aec-nba-sac-lal-2026-03-01 | Best Bid: (Decimal('0.150'), Decimal('58655.000')) | Best Ask: (Decimal('0.160'), Decimal('69487.000'))
2026-03-01 17:57:39,363 | INFO | Loaded snapshot for Asset ID: aec-nba-sac-lal-2026-03-01-inverse | Best Bid: (Decimal('0.840'), Decimal('69487.000')) | Best Ask: (Decimal('0.850'), Decimal('58655.000'))
2026-03-01 17:57:39,419 | INFO | Loaded snapshot for Asset ID: aec-nba-mem-ind-2026-03-01 | Best Bid: (Decimal('0.570'), Decimal('3336.000')) | Best Ask: (Decimal('0.600'), Decimal('3621.000'))
2026-03-01 17:57:39,419 | INFO | Loaded snapshot for Asset ID: aec-nba-mem-ind-2026-03-01-inverse | Best Bid: (Decimal('0.400'), Decimal('3621.000')) | Best Ask: (Decimal('0.430'), Decimal('3336.000'))
2026-03-01 17:57:39,419 | INFO | Loaded snapshot for Asset ID: aec-nba-min-den-2026-03-01 | Best Bid: (Decimal('0.930'), Decimal('1649.000')) | Best Ask: (Decimal('0.950'), Decimal('10.000'))
2026-03-01 17:57:39,419 | INFO | Loaded snapshot for Asset ID: aec-nba-min-den-2026-03-01-inverse | Best Bid: (Decimal('0.050'), Decimal('10.000')) | Best Ask: (Decimal('0.070'), Decimal('1649.000'))
2026-03-01 17:57:39,561 | INFO | Loaded snapshot for Asset ID: aec-nba-mem-ind-2026-03-01 | Best Bid: (Decimal('0.570'), Decimal('3336.000')) | Best Ask: (Decimal('0.600'), Decimal('3621.000'))
2026-03-01 17:57:39,561 | INFO | Loaded snapshot for Asset ID: aec-nba-mem-ind-2026-03-01-inverse | Best Bid: (Decimal('0.400'), Decimal('3621.000')) | Best Ask: (Decimal('0.430'), Decimal('3336.000'))
2026-03-01 17:57:39,649 | INFO | Loaded snapshot for Asset ID: aec-nba-min-den-2026-03-01 | Best Bid: (Decimal('0.930'), Decimal('1649.000')) | Best Ask: (Decimal('0.950'), Decimal('10.000'))
2026-03-01 17:57:39,649 | INFO | Loaded snapshot for Asset ID: aec-nba-min-den-2026-03-01-inverse | Best Bid: (Decimal('0.050'), Decimal('10.000')) | Best Ask: (Decimal('0.070'), Decimal('1649.000'))
2026-03-01 17:57:39,649 | INFO | Loaded snapshot for Asset ID: aec-nba-sac-lal-2026-03-01 | Best Bid: (Decimal('0.150'), Decimal('58655.000')) | Best Ask: (Decimal('0.160'), Decimal('69487.000'))
2026-03-01 17:57:39,649 | INFO | Loaded snapshot for Asset ID: aec-nba-sac-lal-2026-03-01-inverse | Best Bid: (Decimal('0.840'), Decimal('69487.000')) | Best Ask: (Decimal('0.850'), Decimal('58655.000'))
2026-03-01 17:57:39,786 | INFO | Loaded snapshot for Asset ID: aec-nba-min-den-2026-03-01 | Best Bid: (Decimal('0.930'), Decimal('1649.000')) | Best Ask: (Decimal('0.950'), Decimal('10.000'))
2026-03-01 17:57:39,786 | INFO | Loaded snapshot for Asset ID: aec-nba-min-den-2026-03-01-inverse | Best Bid: (Decimal('0.050'), Decimal('10.000')) | Best Ask: (Decimal('0.070'), Decimal('1649.000'))
2026-03-01 17:57:39,848 | INFO | Loaded snapshot for Asset ID: aec-nba-sac-lal-2026-03-01 | Best Bid: (Decimal('0.150'), Decimal('58655.000')) | Best Ask: (Decimal('0.160'), Decimal('69487.000'))
2026-03-01 17:57:39,852 | INFO | Loaded snapshot for Asset ID: aec-nba-sac-lal-2026-03-01-inverse | Best Bid: (Decimal('0.840'), Decimal('69487.000')) | Best Ask: (Decimal('0.850'), Decimal('58655.000'))
2026-03-01 17:57:39,869 | INFO | Loaded snapshot for Asset ID: aec-nba-sac-lal-2026-03-01 | Best Bid: (Decimal('0.150'), Decimal('58655.000')) | Best Ask: (Decimal('0.160'), Decimal('69487.000'))
2026-03-01 17:57:39,869 | INFO | Loaded snapshot for Asset ID: aec-nba-sac-lal-2026-03-01-inverse | Best Bid: (Decimal('0.840'), Decimal('69487.000')) | Best Ask: (Decimal('0.850'), Decimal('58655.000'))
